21:17:19.343 [main                     ] DEBUG Logger               - Configured Logger
21:17:19.390 [main                     ] DEBUG GameApplication      - Logging settings
Title: Pizzería
Version: 0.1
Width: 800
Height: 450
Fullscreen: false
Intro: false
Profiling: false
Single step:false
App Mode: DEVELOPER
Menu Key: ESCAPE
Stage Style: DECORATED
Scene Factory: class com.almasb.fxgl.app.scene.SceneFactory

21:17:19.875 [JavaFX Application Thread] DEBUG FXGLApplication      - Initializing FXGL
21:17:19.883 [JavaFX Application Thread] INFO  Engine               - FXGL-17.1 (24.03.2022 17.34) on WINDOWS (J:17.0.9 FX:17.0.2-ea)
21:17:19.884 [JavaFX Application Thread] DEBUG Engine               - JRE Vendor Name: Amazon.com Inc.
21:17:19.885 [JavaFX Application Thread] DEBUG Engine               - Running on OS: Windows 11 version 10.0
21:17:19.885 [JavaFX Application Thread] DEBUG Engine               - Architecture: amd64
21:17:19.885 [JavaFX Application Thread] INFO  Engine               - Source code and latest versions at: https://github.com/AlmasB/FXGL
21:17:19.885 [JavaFX Application Thread] INFO  Engine               -       Ask questions and discuss at: https://github.com/AlmasB/FXGL/discussions
21:17:19.886 [JavaFX Application Thread] INFO  Engine               -              Join the FXGL chat at: https://gitter.im/AlmasB/FXGL
21:17:20.019 [JavaFX Application Thread] DEBUG PrimaryStageWindow   - Creating a JavaFX scene
21:17:20.092 [JavaFX Application Thread] DEBUG PrimaryStageWindow   - Target settings size: 800.0 x 450.0
21:17:20.092 [JavaFX Application Thread] DEBUG PrimaryStageWindow   - Scaled scene size:    800.0 x 450.0
21:17:20.093 [JavaFX Application Thread] DEBUG PrimaryStageWindow   - Scaled ratio: (1.0, 1.0)
21:17:20.094 [JavaFX Application Thread] DEBUG PrimaryStageWindow   - Set initial scene to FXGLStartupScene
21:17:20.105 [JavaFX Application Thread] DEBUG PrimaryStageWindow   - Opening main window
21:17:20.218 [JavaFX Application Thread] DEBUG PrimaryStageWindow   - Window border size: (16.0, 39.0)
21:17:20.218 [JavaFX Application Thread] DEBUG PrimaryStageWindow   - Scaled size: 800.0 x 450.0
21:17:20.219 [JavaFX Application Thread] DEBUG PrimaryStageWindow   - Scaled ratio: (1.0, 1.0)
21:17:20.219 [JavaFX Application Thread] DEBUG PrimaryStageWindow   - Scene size: 800.0 x 450.0
21:17:20.220 [JavaFX Application Thread] DEBUG PrimaryStageWindow   - Stage size: 816.0 x 489.0
21:17:20.232 [FXGL Background Thread 1 ] DEBUG Engine               - Initializing environment variables
21:17:20.289 [FXGL Background Thread 1 ] DEBUG FXGLAssetLoaderServi - User app class for loading assets: class com.example.pizzitas.Main
21:17:20.290 [FXGL Background Thread 1 ] DEBUG GameApplicationServi - Applying CSS: fxgl_dark.css
21:17:20.291 [FXGL Background Thread 1 ] DEBUG FXGLAssetLoaderServi - Loading from file system: jar:file:///C:/Users/larih/.m2/repository/com/github/almasb/fxgl/17.1/fxgl-17.1.jar!/fxglassets/ui/css/fxgl_dark.css
21:17:20.359 [FXGL Background Thread 1 ] DEBUG GameApplicationServi - Initializing application scenes
21:17:20.430 [FXGL Background Thread 1 ] DEBUG GameWorld            - Game world initialized
21:17:20.536 [FXGL Background Thread 1 ] DEBUG PhysicsWorld         - Physics world initialized: appHeight=450, physics.ppm=50.0
21:17:20.537 [FXGL Background Thread 1 ] DEBUG PhysicsWorld         - Using strategy: BRUTE_FORCE
21:17:20.542 [FXGL Background Thread 1 ] DEBUG GameScene            - Game scene initialized: 800x450
21:17:20.558 [FXGL Background Thread 1 ] WARN  FXGL.DefaultMenu     - FXGLDefaultMenu is not designed for resolutions < 800x600
21:17:20.558 [FXGL Background Thread 1 ] DEBUG FXGL.DefaultMenu     - createMenuBodyGameMenu()
21:17:20.575 [FXGL Background Thread 1 ] DEBUG FXGL.DefaultMenu     - createOptionsMenu()
21:17:20.590 [FXGL Background Thread 1 ] DEBUG FXGLAssetLoaderServi - Loading from file system: jar:file:///C:/Users/larih/.m2/repository/com/github/almasb/fxgl/17.1/fxgl-17.1.jar!/fxglassets/textures/particles/smoke.png
21:17:20.744 [FXGL Background Thread 1 ] DEBUG FXGLAssetLoaderServi - Loading from file system: jar:file:///C:/Users/larih/.m2/repository/com/github/almasb/fxgl/17.1/fxgl-17.1.jar!/fxglassets/textures/particles/trace_horizontal.png
21:17:20.803 [FXGL Background Thread 1 ] DEBUG GameApplicationServi - Application scenes initialized
21:17:20.825 [FXGL Background Thread 1 ] DEBUG SystemBundleService  - Loading FXGL system data
21:17:20.835 [FXGL Background Thread 1 ] DEBUG FileSystemAccess     - Reading from: C:\Users\larih\OneDrive\Documentos\Java_Oracle\pizzitas\system\fxgl.bundle
21:17:20.844 [FXGL Background Thread 1 ] DEBUG SystemBundleService  - Bundle FXGL: {}
21:17:20.844 [FXGL Background Thread 1 ] DEBUG UpdaterService       - Checking for updates
21:17:20.849 [FXGL Background Thread 4 ] DEBUG FXGLApplication      - Loading fonts
21:17:20.850 [FXGL Background Thread 1 ] DEBUG FXGLApplication      - Loading default localization
21:17:20.850 [FXGL Background Thread 4 ] DEBUG FXGLAssetLoaderServi - Loading from file system: jar:file:///C:/Users/larih/.m2/repository/com/github/almasb/fxgl/17.1/fxgl-17.1.jar!/fxglassets/ui/fonts/VarelaRound-Regular.ttf
21:17:20.851 [FXGL Background Thread 1 ] DEBUG FXGLAssetLoaderServi - Loading from file system: jar:file:///C:/Users/larih/.m2/repository/com/github/almasb/fxgl/17.1/fxgl-17.1.jar!/fxglassets/languages/english.lang
21:17:20.882 [FXGL Background Thread 1 ] INFO  FXGLApplication      - FXGL initialization took: 0.649 sec
21:17:20.884 [JavaFX Application Thread] DEBUG FXGLAssetLoaderServi - Loading from file system: jar:file:///C:/Users/larih/.m2/repository/com/github/almasb/fxgl/17.1/fxgl-17.1.jar!/fxglassets/textures/fxgl_icon.png
21:17:20.912 [JavaFX Application Thread] DEBUG FXGLAssetLoaderServi - Loading from file system: jar:file:///C:/Users/larih/.m2/repository/com/github/almasb/fxgl/17.1/fxgl-17.1.jar!/fxglassets/textures/fxgl_default_cursor.png
21:17:20.927 [JavaFX Application Thread] DEBUG Input                - Registered new binding: Screenshot - CTRL+8
21:17:20.928 [JavaFX Application Thread] DEBUG Input                - Registered new binding: System info dump - CTRL+9
21:17:20.930 [JavaFX Application Thread] DEBUG Input                - Registered new binding: Restart - CTRL+R
21:17:20.932 [JavaFX Application Thread] DEBUG Input                - Registered new binding: Toggle Debug Camera - CTRL+7
21:17:20.939 [JavaFX Application Thread] DEBUG LoopRunner           - Starting loop
21:17:20.939 [JavaFX Application Thread] DEBUG LoopRunner           - Initializing JavaFX AnimationTimerLoop
21:17:20.944 [JavaFX Application Thread] DEBUG GameApplicationServi - Starting new game
21:17:20.946 [JavaFX Application Thread] DEBUG Input                - Clearing active input actions
21:17:20.962 [JavaFX Application Thread] DEBUG GameApplicationServi - Removing overlay from FXGLStartupScene and adding to FXGLLoadingScene
21:17:20.963 [JavaFX Application Thread] DEBUG PrimaryStageWindow   - FXGLStartupScene -> FXGLLoadingScene
21:17:20.963 [JavaFX Application Thread] DEBUG GameApplicationServi - Clearing previous game
21:17:20.963 [JavaFX Application Thread] DEBUG GameScene            - Clearing game scene
21:17:20.963 [JavaFX Application Thread] DEBUG GameWorld            - Clearing game world
21:17:20.964 [JavaFX Application Thread] DEBUG PhysicsWorld         - Clearing physics world
21:17:20.966 [FXGL Background Thread 1 ] DEBUG FXGLApplication      - Initializing game
21:17:20.974 [FXGL Background Thread 4 ] DEBUG FXGLAssetLoaderServi - Loading from file system: jar:file:///C:/Users/larih/.m2/repository/com/github/almasb/fxgl/17.1/fxgl-17.1.jar!/fxglassets/ui/fonts/Abel-Regular.ttf
21:17:20.993 [FXGL Background Thread 4 ] DEBUG FXGLAssetLoaderServi - Loading from file system: jar:file:///C:/Users/larih/.m2/repository/com/github/almasb/fxgl/17.1/fxgl-17.1.jar!/fxglassets/ui/fonts/TerminalLandMono-Regular.otf
21:17:21.015 [FXGL Background Thread 4 ] DEBUG FXGLAssetLoaderServi - Loading from file system: jar:file:///C:/Users/larih/.m2/repository/com/github/almasb/fxgl/17.1/fxgl-17.1.jar!/fxglassets/ui/fonts/Courier-Prime.ttf
21:17:21.047 [JavaFX Application Thread] DEBUG FXGLApplication      - Registering font factories with UI factory
21:17:21.093 [FXGL Background Thread 1 ] WARN  FXGLAssetLoaderServi - Asset "/assets/textures/recepcionista.png" was not found!
21:17:21.094 [FXGL Background Thread 1 ] WARN  FXGLAssetLoaderServi - Failed to load IMAGE
21:17:21.244 [FXGL Background Thread 1 ] WARN  FXGLAssetLoaderServi - Asset "/assets/textures/assets/textures/bg.jpg" was not found!
21:17:21.245 [FXGL Background Thread 1 ] WARN  FXGLAssetLoaderServi - Failed to load IMAGE
21:17:21.246 [FXGL Background Thread 1 ] INFO  FXGLApplication      - Game initialization took: 0.280 sec
21:17:21.250 [JavaFX Application Thread] DEBUG Input                - Clearing active input actions
21:17:21.261 [JavaFX Application Thread] DEBUG GameApplicationServi - Removing overlay from FXGLLoadingScene and adding to GameScene
21:17:21.262 [JavaFX Application Thread] DEBUG PrimaryStageWindow   - FXGLLoadingScene -> GameScene
21:17:21.598 [FXGL Background Thread 2 ] INFO  UpdaterService       - Your current version:  17.1
21:17:21.598 [FXGL Background Thread 2 ] INFO  UpdaterService       - Latest stable version: 17.3
21:17:21.742 [JavaFX Application Thread] DEBUG FXGLApplication      - Exiting FXGL
21:17:21.742 [JavaFX Application Thread] DEBUG LoopRunner           - Stopping loop
21:17:21.742 [JavaFX Application Thread] DEBUG SystemBundleService  - Saving FXGL system data
21:17:21.746 [JavaFX Application Thread] DEBUG FileSystemAccess     - Writing to: C:\Users\larih\OneDrive\Documentos\Java_Oracle\pizzitas\system\fxgl.bundle
21:17:21.749 [JavaFX Application Thread] DEBUG Async                - Shutting down background threads
21:17:21.750 [JavaFX Application Thread] DEBUG PrimaryStageWindow   - Closing main window
21:17:21.782 [JavaFX Application Thread] DEBUG Logger               - Closing Logger
