13:48:10.271 [main                     ] DEBUG Logger               - Configured Logger
13:48:10.296 [main                     ] DEBUG GameApplication      - Logging settings
Title: Pizzería
Version: 0.0
Width: 800
Height: 450
Fullscreen: false
Intro: false
Profiling: false
Single step:false
App Mode: DEVELOPER
Menu Key: ESCAPE
Stage Style: DECORATED
Scene Factory: class com.almasb.fxgl.app.scene.SceneFactory

13:48:10.625 [JavaFX Application Thread] DEBUG FXGLApplication      - Initializing FXGL
13:48:10.629 [JavaFX Application Thread] INFO  Engine               - FXGL-17.1 (24.03.2022 17.34) on WINDOWS (J:17.0.9 FX:17.0.2-ea)
13:48:10.630 [JavaFX Application Thread] DEBUG Engine               - JRE Vendor Name: Amazon.com Inc.
13:48:10.630 [JavaFX Application Thread] DEBUG Engine               - Running on OS: Windows 11 version 10.0
13:48:10.630 [JavaFX Application Thread] DEBUG Engine               - Architecture: amd64
13:48:10.630 [JavaFX Application Thread] INFO  Engine               - Source code and latest versions at: https://github.com/AlmasB/FXGL
13:48:10.630 [JavaFX Application Thread] INFO  Engine               -       Ask questions and discuss at: https://github.com/AlmasB/FXGL/discussions
13:48:10.630 [JavaFX Application Thread] INFO  Engine               -              Join the FXGL chat at: https://gitter.im/AlmasB/FXGL
13:48:10.711 [JavaFX Application Thread] DEBUG PrimaryStageWindow   - Creating a JavaFX scene
13:48:10.752 [JavaFX Application Thread] DEBUG PrimaryStageWindow   - Target settings size: 800.0 x 450.0
13:48:10.752 [JavaFX Application Thread] DEBUG PrimaryStageWindow   - Scaled scene size:    800.0 x 450.0
13:48:10.753 [JavaFX Application Thread] DEBUG PrimaryStageWindow   - Scaled ratio: (1.0, 1.0)
13:48:10.753 [JavaFX Application Thread] DEBUG PrimaryStageWindow   - Set initial scene to FXGLStartupScene
13:48:10.761 [JavaFX Application Thread] DEBUG PrimaryStageWindow   - Opening main window
13:48:10.833 [JavaFX Application Thread] DEBUG PrimaryStageWindow   - Window border size: (16.0, 39.0)
13:48:10.833 [JavaFX Application Thread] DEBUG PrimaryStageWindow   - Scaled size: 800.0 x 450.0
13:48:10.833 [JavaFX Application Thread] DEBUG PrimaryStageWindow   - Scaled ratio: (1.0, 1.0)
13:48:10.834 [JavaFX Application Thread] DEBUG PrimaryStageWindow   - Scene size: 800.0 x 450.0
13:48:10.834 [JavaFX Application Thread] DEBUG PrimaryStageWindow   - Stage size: 816.0 x 489.0
13:48:10.841 [FXGL Background Thread 1 ] DEBUG Engine               - Initializing environment variables
13:48:10.870 [FXGL Background Thread 1 ] DEBUG FXGLAssetLoaderServi - User app class for loading assets: class com.example.pizzitas.Main
13:48:10.871 [FXGL Background Thread 1 ] DEBUG GameApplicationServi - Applying CSS: fxgl_dark.css
13:48:10.872 [FXGL Background Thread 1 ] DEBUG FXGLAssetLoaderServi - Loading from file system: jar:file:///C:/Users/larih/.m2/repository/com/github/almasb/fxgl/17.1/fxgl-17.1.jar!/fxglassets/ui/css/fxgl_dark.css
13:48:10.919 [FXGL Background Thread 1 ] DEBUG GameApplicationServi - Initializing application scenes
13:48:10.958 [FXGL Background Thread 1 ] DEBUG GameWorld            - Game world initialized
13:48:11.012 [FXGL Background Thread 1 ] DEBUG PhysicsWorld         - Physics world initialized: appHeight=450, physics.ppm=50.0
13:48:11.012 [FXGL Background Thread 1 ] DEBUG PhysicsWorld         - Using strategy: BRUTE_FORCE
13:48:11.016 [FXGL Background Thread 1 ] DEBUG GameScene            - Game scene initialized: 800x450
13:48:11.031 [FXGL Background Thread 1 ] WARN  FXGL.DefaultMenu     - FXGLDefaultMenu is not designed for resolutions < 800x600
13:48:11.031 [FXGL Background Thread 1 ] DEBUG FXGL.DefaultMenu     - createMenuBodyGameMenu()
13:48:11.043 [FXGL Background Thread 1 ] DEBUG FXGL.DefaultMenu     - createOptionsMenu()
13:48:11.051 [FXGL Background Thread 1 ] DEBUG FXGLAssetLoaderServi - Loading from file system: jar:file:///C:/Users/larih/.m2/repository/com/github/almasb/fxgl/17.1/fxgl-17.1.jar!/fxglassets/textures/particles/smoke.png
13:48:11.131 [FXGL Background Thread 1 ] DEBUG FXGLAssetLoaderServi - Loading from file system: jar:file:///C:/Users/larih/.m2/repository/com/github/almasb/fxgl/17.1/fxgl-17.1.jar!/fxglassets/textures/particles/trace_horizontal.png
13:48:11.156 [FXGL Background Thread 1 ] DEBUG GameApplicationServi - Application scenes initialized
13:48:11.166 [FXGL Background Thread 1 ] DEBUG SystemBundleService  - Loading FXGL system data
13:48:11.171 [FXGL Background Thread 1 ] DEBUG FileSystemAccess     - Reading from: C:\Users\larih\OneDrive\Documentos\Java_Oracle\pizzitas\system\fxgl.bundle
13:48:11.179 [FXGL Background Thread 1 ] DEBUG SystemBundleService  - Bundle FXGL: {}
13:48:11.179 [FXGL Background Thread 1 ] DEBUG UpdaterService       - Checking for updates
13:48:11.182 [FXGL Background Thread 4 ] DEBUG FXGLApplication      - Loading fonts
13:48:11.182 [FXGL Background Thread 1 ] DEBUG FXGLApplication      - Loading default localization
13:48:11.182 [FXGL Background Thread 4 ] DEBUG FXGLAssetLoaderServi - Loading from file system: jar:file:///C:/Users/larih/.m2/repository/com/github/almasb/fxgl/17.1/fxgl-17.1.jar!/fxglassets/ui/fonts/VarelaRound-Regular.ttf
13:48:11.182 [FXGL Background Thread 1 ] DEBUG FXGLAssetLoaderServi - Loading from file system: jar:file:///C:/Users/larih/.m2/repository/com/github/almasb/fxgl/17.1/fxgl-17.1.jar!/fxglassets/languages/english.lang
13:48:11.201 [FXGL Background Thread 1 ] INFO  FXGLApplication      - FXGL initialization took: 0.360 sec
13:48:11.202 [JavaFX Application Thread] DEBUG FXGLAssetLoaderServi - Loading from file system: jar:file:///C:/Users/larih/.m2/repository/com/github/almasb/fxgl/17.1/fxgl-17.1.jar!/fxglassets/textures/fxgl_icon.png
13:48:11.219 [JavaFX Application Thread] DEBUG FXGLAssetLoaderServi - Loading from file system: jar:file:///C:/Users/larih/.m2/repository/com/github/almasb/fxgl/17.1/fxgl-17.1.jar!/fxglassets/textures/fxgl_default_cursor.png
13:48:11.231 [JavaFX Application Thread] DEBUG Input                - Registered new binding: Screenshot - CTRL+8
13:48:11.232 [JavaFX Application Thread] DEBUG Input                - Registered new binding: System info dump - CTRL+9
13:48:11.232 [JavaFX Application Thread] DEBUG Input                - Registered new binding: Restart - CTRL+R
13:48:11.233 [JavaFX Application Thread] DEBUG Input                - Registered new binding: Toggle Debug Camera - CTRL+7
13:48:11.235 [JavaFX Application Thread] DEBUG LoopRunner           - Starting loop
13:48:11.235 [JavaFX Application Thread] DEBUG LoopRunner           - Initializing JavaFX AnimationTimerLoop
13:48:11.236 [JavaFX Application Thread] DEBUG GameApplicationServi - Starting new game
13:48:11.237 [JavaFX Application Thread] DEBUG Input                - Clearing active input actions
13:48:11.239 [FXGL Background Thread 4 ] DEBUG FXGLAssetLoaderServi - Loading from file system: jar:file:///C:/Users/larih/.m2/repository/com/github/almasb/fxgl/17.1/fxgl-17.1.jar!/fxglassets/ui/fonts/Abel-Regular.ttf
13:48:11.247 [JavaFX Application Thread] DEBUG GameApplicationServi - Removing overlay from FXGLStartupScene and adding to FXGLLoadingScene
13:48:11.247 [JavaFX Application Thread] DEBUG PrimaryStageWindow   - FXGLStartupScene -> FXGLLoadingScene
13:48:11.248 [JavaFX Application Thread] DEBUG GameApplicationServi - Clearing previous game
13:48:11.248 [JavaFX Application Thread] DEBUG GameScene            - Clearing game scene
13:48:11.248 [JavaFX Application Thread] DEBUG GameWorld            - Clearing game world
13:48:11.248 [JavaFX Application Thread] DEBUG PhysicsWorld         - Clearing physics world
13:48:11.250 [FXGL Background Thread 1 ] DEBUG FXGLApplication      - Initializing game
13:48:11.250 [FXGL Background Thread 4 ] DEBUG FXGLAssetLoaderServi - Loading from file system: jar:file:///C:/Users/larih/.m2/repository/com/github/almasb/fxgl/17.1/fxgl-17.1.jar!/fxglassets/ui/fonts/TerminalLandMono-Regular.otf
13:48:11.262 [FXGL Background Thread 4 ] DEBUG FXGLAssetLoaderServi - Loading from file system: jar:file:///C:/Users/larih/.m2/repository/com/github/almasb/fxgl/17.1/fxgl-17.1.jar!/fxglassets/ui/fonts/Courier-Prime.ttf
13:48:11.294 [JavaFX Application Thread] DEBUG FXGLApplication      - Registering font factories with UI factory
13:48:11.317 [FXGL Background Thread 1 ] DEBUG FXGLAssetLoaderServi - Loading from file system: file:/C:/Users/larih/OneDrive/Documentos/Java_Oracle/pizzitas/target/classes/assets/textures/recepcionista.png
13:48:11.328 [FXGL Background Thread 1 ] DEBUG FXGLAssetLoaderServi - Loading from file system: file:/C:/Users/larih/OneDrive/Documentos/Java_Oracle/pizzitas/target/classes/assets/textures/mesero.png
13:48:11.331 [FXGL Background Thread 1 ] WARN  GameWorld            - Entity is already attached to world
13:48:11.333 [FXGL Background Thread 1 ] WARN  GameWorld            - Entity is already attached to world
13:48:11.333 [FXGL Background Thread 1 ] WARN  GameWorld            - Entity is already attached to world
13:48:11.334 [FXGL Background Thread 1 ] WARN  GameWorld            - Entity is already attached to world
13:48:11.335 [FXGL Background Thread 1 ] WARN  GameWorld            - Entity is already attached to world
13:48:11.336 [FXGL Background Thread 1 ] WARN  GameWorld            - Entity is already attached to world
13:48:11.337 [FXGL Background Thread 1 ] WARN  GameWorld            - Entity is already attached to world
13:48:11.345 [FXGL Background Thread 1 ] DEBUG FXGLAssetLoaderServi - Loading from file system: file:/C:/Users/larih/OneDrive/Documentos/Java_Oracle/pizzitas/target/classes/assets/textures/bg.jpg
13:48:11.361 [FXGL Background Thread 1 ] INFO  FXGLApplication      - Game initialization took: 0.110 sec
13:48:11.366 [JavaFX Application Thread] DEBUG Input                - Clearing active input actions
13:48:11.373 [JavaFX Application Thread] DEBUG GameApplicationServi - Removing overlay from FXGLLoadingScene and adding to GameScene
13:48:11.374 [JavaFX Application Thread] DEBUG PrimaryStageWindow   - FXGLLoadingScene -> GameScene
13:48:13.275 [FXGL Background Thread 2 ] INFO  UpdaterService       - Your current version:  17.1
13:48:13.275 [FXGL Background Thread 2 ] INFO  UpdaterService       - Latest stable version: 17.3
13:48:14.182 [FXGL Background Thread 3 ] DEBUG Engine               - Logging environment variables
13:48:14.183 [FXGL Background Thread 3 ] DEBUG Engine               - achievements: []
13:48:14.183 [FXGL Background Thread 3 ] DEBUG Engine               - actualHeight: 450.0
13:48:14.183 [FXGL Background Thread 3 ] DEBUG Engine               - actualHeightProperty: ReadOnlyDoubleProperty [value: 450.0]
13:48:14.183 [FXGL Background Thread 3 ] DEBUG Engine               - actualWidth: 800.0
13:48:14.183 [FXGL Background Thread 3 ] DEBUG Engine               - actualWidthProperty: ReadOnlyDoubleProperty [value: 800.0]
13:48:14.183 [FXGL Background Thread 3 ] DEBUG Engine               - appIcon: fxgl_icon.png
13:48:14.183 [FXGL Background Thread 3 ] DEBUG Engine               - applicationMode: DEVELOPER
13:48:14.183 [FXGL Background Thread 3 ] DEBUG Engine               - cSSList: [fxgl_dark.css]
13:48:14.183 [FXGL Background Thread 3 ] DEBUG Engine               - collisionDetectionStrategy: BRUTE_FORCE
13:48:14.183 [FXGL Background Thread 3 ] DEBUG Engine               - configClass: Optional.empty
13:48:14.183 [FXGL Background Thread 3 ] DEBUG Engine               - credits: []
13:48:14.184 [FXGL Background Thread 3 ] DEBUG Engine               - defaultCursor: CursorInfo(imageName=fxgl_default_cursor.png, hotspotX=7.0, hotspotY=6.0)
13:48:14.184 [FXGL Background Thread 3 ] DEBUG Engine               - devBBoxColorProperty: ObjectProperty [value: 0xff0000ff]
13:48:14.184 [FXGL Background Thread 3 ] DEBUG Engine               - devEnableDebugCameraProperty: BooleanProperty [value: false]
13:48:14.184 [FXGL Background Thread 3 ] DEBUG Engine               - devSensorColorProperty: ObjectProperty [value: 0xffff00ff]
13:48:14.184 [FXGL Background Thread 3 ] DEBUG Engine               - devShowBBoxProperty: BooleanProperty [value: false]
13:48:14.184 [FXGL Background Thread 3 ] DEBUG Engine               - devShowPositionProperty: BooleanProperty [value: false]
13:48:14.184 [FXGL Background Thread 3 ] DEBUG Engine               - enabledMenuItems: []
13:48:14.184 [FXGL Background Thread 3 ] DEBUG Engine               - engineServices: [class com.almasb.fxgl.app.services.FXGLAssetLoaderService, class com.almasb.fxgl.app.FXGLApplication$GameApplicationService, class com.almasb.fxgl.app.services.FXGLDialogService, class com.almasb.fxgl.app.services.IOTaskExecutorService, class com.almasb.fxgl.io.FileSystemService, class com.almasb.fxgl.localization.LocalizationService, class com.almasb.fxgl.app.services.SystemBundleService, class com.almasb.fxgl.profile.SaveLoadService, class com.almasb.fxgl.ui.FXGLUIFactoryServiceProvider, class com.almasb.fxgl.ui.FXGLDialogFactoryServiceProvider, class com.almasb.fxgl.audio.AudioPlayer, class com.almasb.fxgl.notification.impl.NotificationServiceProvider, class com.almasb.fxgl.achievement.AchievementService, class com.almasb.fxgl.cutscene.CutsceneService, class com.almasb.fxgl.minigames.MiniGameService, class com.almasb.fxgl.net.NetService, class com.almasb.fxgl.app.services.UpdaterService, class com.almasb.fxgl.dev.DevService]
13:48:14.184 [FXGL Background Thread 3 ] DEBUG Engine               - fontGame: Abel-Regular.ttf
13:48:14.184 [FXGL Background Thread 3 ] DEBUG Engine               - fontMono: TerminalLandMono-Regular.otf
13:48:14.184 [FXGL Background Thread 3 ] DEBUG Engine               - fontText: Courier-Prime.ttf
13:48:14.184 [FXGL Background Thread 3 ] DEBUG Engine               - fontUI: VarelaRound-Regular.ttf
13:48:14.184 [FXGL Background Thread 3 ] DEBUG Engine               - fullScreen: BooleanProperty [value: false]
13:48:14.184 [FXGL Background Thread 3 ] DEBUG Engine               - gameDifficulty: MEDIUM
13:48:14.184 [FXGL Background Thread 3 ] DEBUG Engine               - gameDifficultyProperty: ObjectProperty [value: MEDIUM]
13:48:14.184 [FXGL Background Thread 3 ] DEBUG Engine               - globalMusicVolume: 0.5
13:48:14.184 [FXGL Background Thread 3 ] DEBUG Engine               - globalMusicVolumeProperty: DoubleProperty [value: 0.5]
13:48:14.184 [FXGL Background Thread 3 ] DEBUG Engine               - globalSoundVolume: 0.5
13:48:14.184 [FXGL Background Thread 3 ] DEBUG Engine               - globalSoundVolumeProperty: DoubleProperty [value: 0.5]
13:48:14.185 [FXGL Background Thread 3 ] DEBUG Engine               - height: 450
13:48:14.185 [FXGL Background Thread 3 ] DEBUG Engine               - is3D: false
13:48:14.185 [FXGL Background Thread 3 ] DEBUG Engine               - isAndroid: false
13:48:14.185 [FXGL Background Thread 3 ] DEBUG Engine               - isBrowser: false
13:48:14.185 [FXGL Background Thread 3 ] DEBUG Engine               - isClickFeedbackEnabled: false
13:48:14.185 [FXGL Background Thread 3 ] DEBUG Engine               - isCloseConfirmation: false
13:48:14.185 [FXGL Background Thread 3 ] DEBUG Engine               - isDesktop: true
13:48:14.185 [FXGL Background Thread 3 ] DEBUG Engine               - isDeveloperMenuEnabled: false
13:48:14.185 [FXGL Background Thread 3 ] DEBUG Engine               - isEmbedded: false
13:48:14.185 [FXGL Background Thread 3 ] DEBUG Engine               - isEntityPreloadEnabled: true
13:48:14.185 [FXGL Background Thread 3 ] DEBUG Engine               - isExperimentalTiledLargeMap: false
13:48:14.185 [FXGL Background Thread 3 ] DEBUG Engine               - isFileSystemWriteAllowed: true
13:48:14.185 [FXGL Background Thread 3 ] DEBUG Engine               - isFullScreenAllowed: false
13:48:14.185 [FXGL Background Thread 3 ] DEBUG Engine               - isFullScreenFromStart: false
13:48:14.185 [FXGL Background Thread 3 ] DEBUG Engine               - isGameMenuEnabled: true
13:48:14.185 [FXGL Background Thread 3 ] DEBUG Engine               - isIOS: false
13:48:14.185 [FXGL Background Thread 3 ] DEBUG Engine               - isIntroEnabled: false
13:48:14.185 [FXGL Background Thread 3 ] DEBUG Engine               - isLinux: false
13:48:14.185 [FXGL Background Thread 3 ] DEBUG Engine               - isMac: false
13:48:14.185 [FXGL Background Thread 3 ] DEBUG Engine               - isMainMenuEnabled: false
13:48:14.185 [FXGL Background Thread 3 ] DEBUG Engine               - isManualResizeEnabled: false
13:48:14.185 [FXGL Background Thread 3 ] DEBUG Engine               - isMobile: false
13:48:14.185 [FXGL Background Thread 3 ] DEBUG Engine               - isNative: false
13:48:14.186 [FXGL Background Thread 3 ] DEBUG Engine               - isPauseMusicWhenMinimized: true
13:48:14.186 [FXGL Background Thread 3 ] DEBUG Engine               - isPreserveResizeRatio: false
13:48:14.186 [FXGL Background Thread 3 ] DEBUG Engine               - isProfilingEnabled: false
13:48:14.186 [FXGL Background Thread 3 ] DEBUG Engine               - isScaleAffectedOnResize: true
13:48:14.186 [FXGL Background Thread 3 ] DEBUG Engine               - isSingleStep: false
13:48:14.186 [FXGL Background Thread 3 ] DEBUG Engine               - isUserProfileEnabled: false
13:48:14.186 [FXGL Background Thread 3 ] DEBUG Engine               - isWindows: true
13:48:14.186 [FXGL Background Thread 3 ] DEBUG Engine               - language: ObjectProperty [value: ENGLISH]
13:48:14.186 [FXGL Background Thread 3 ] DEBUG Engine               - menuKey: ESCAPE
13:48:14.186 [FXGL Background Thread 3 ] DEBUG Engine               - mouseSensitivity: 0.2
13:48:14.186 [FXGL Background Thread 3 ] DEBUG Engine               - notificationViewClass: class com.almasb.fxgl.notification.view.XboxNotificationView
13:48:14.186 [FXGL Background Thread 3 ] DEBUG Engine               - pixelsPerMeter: 50.0
13:48:14.186 [FXGL Background Thread 3 ] DEBUG Engine               - platform: WINDOWS
13:48:14.186 [FXGL Background Thread 3 ] DEBUG Engine               - prefHeightProperty: ReadOnlyDoubleProperty [value: 450.0]
13:48:14.186 [FXGL Background Thread 3 ] DEBUG Engine               - prefWidthProperty: ReadOnlyDoubleProperty [value: 800.0]
13:48:14.186 [FXGL Background Thread 3 ] DEBUG Engine               - profileDir: profiles/
13:48:14.186 [FXGL Background Thread 3 ] DEBUG Engine               - profileName: StringProperty [value: DEFAULT]
13:48:14.186 [FXGL Background Thread 3 ] DEBUG Engine               - randomSeed: -1
13:48:14.186 [FXGL Background Thread 3 ] DEBUG Engine               - runtimeInfo: RuntimeInfo(platform=WINDOWS, version=17.1, build=24.03.2022 17.34)
13:48:14.186 [FXGL Background Thread 3 ] DEBUG Engine               - saveFileExt: sav
13:48:14.186 [FXGL Background Thread 3 ] DEBUG Engine               - scaledHeightProp$fxgl: DoubleProperty [bound, value: 450.0]
13:48:14.187 [FXGL Background Thread 3 ] DEBUG Engine               - scaledWidthProp$fxgl: DoubleProperty [bound, value: 800.0]
13:48:14.187 [FXGL Background Thread 3 ] DEBUG Engine               - sceneFactory: com.almasb.fxgl.app.scene.SceneFactory@6e71af69
13:48:14.187 [FXGL Background Thread 3 ] DEBUG Engine               - secondsIn24h: 60
13:48:14.187 [FXGL Background Thread 3 ] DEBUG Engine               - soundMenuBack: menu/back.wav
13:48:14.187 [FXGL Background Thread 3 ] DEBUG Engine               - soundMenuPress: menu/press.wav
13:48:14.187 [FXGL Background Thread 3 ] DEBUG Engine               - soundMenuSelect: menu/select.wav
13:48:14.187 [FXGL Background Thread 3 ] DEBUG Engine               - soundNotification: core/notification.wav
13:48:14.187 [FXGL Background Thread 3 ] DEBUG Engine               - stageStyle: DECORATED
13:48:14.187 [FXGL Background Thread 3 ] DEBUG Engine               - supportedLanguages: [ENGLISH, FRENCH, GERMAN, HUNGARIAN, RUSSIAN]
13:48:14.187 [FXGL Background Thread 3 ] DEBUG Engine               - ticksPerSecond: -1
13:48:14.187 [FXGL Background Thread 3 ] DEBUG Engine               - title: Pizzería
13:48:14.187 [FXGL Background Thread 3 ] DEBUG Engine               - urlGithub: https://github.com/AlmasB/FXGL
13:48:14.187 [FXGL Background Thread 3 ] DEBUG Engine               - urlLeaderboard: http://fxgl-top.herokuapp.com/
13:48:14.187 [FXGL Background Thread 3 ] DEBUG Engine               - urlPOM: https://raw.githubusercontent.com/AlmasB/FXGL/release/README.md
13:48:14.187 [FXGL Background Thread 3 ] DEBUG Engine               - userAppClass: class com.example.pizzitas.Main
13:48:14.187 [FXGL Background Thread 3 ] DEBUG Engine               - version: 0.0
13:48:14.187 [FXGL Background Thread 3 ] DEBUG Engine               - versionCheckDays: 7
13:48:14.187 [FXGL Background Thread 3 ] DEBUG Engine               - width: 800
13:48:14.187 [FXGL Background Thread 3 ] DEBUG Engine               - Logging services
13:48:14.187 [FXGL Background Thread 3 ] DEBUG Engine               - class com.almasb.fxgl.app.services.FXGLAssetLoaderService
13:48:14.187 [FXGL Background Thread 3 ] DEBUG Engine               - class com.almasb.fxgl.app.FXGLApplication$GameApplicationService
13:48:14.187 [FXGL Background Thread 3 ] DEBUG Engine               - class com.almasb.fxgl.app.services.FXGLDialogService
13:48:14.187 [FXGL Background Thread 3 ] DEBUG Engine               - class com.almasb.fxgl.app.services.IOTaskExecutorService
13:48:14.187 [FXGL Background Thread 3 ] DEBUG Engine               - class com.almasb.fxgl.io.FileSystemService
13:48:14.187 [FXGL Background Thread 3 ] DEBUG Engine               - class com.almasb.fxgl.localization.LocalizationService
13:48:14.187 [FXGL Background Thread 3 ] DEBUG Engine               - class com.almasb.fxgl.app.services.SystemBundleService
13:48:14.188 [FXGL Background Thread 3 ] DEBUG Engine               - class com.almasb.fxgl.profile.SaveLoadService
13:48:14.188 [FXGL Background Thread 3 ] DEBUG Engine               - class com.almasb.fxgl.ui.FXGLUIFactoryServiceProvider
13:48:14.188 [FXGL Background Thread 3 ] DEBUG Engine               - class com.almasb.fxgl.ui.FXGLDialogFactoryServiceProvider
13:48:14.188 [FXGL Background Thread 3 ] DEBUG Engine               - class com.almasb.fxgl.audio.AudioPlayer
13:48:14.188 [FXGL Background Thread 3 ] DEBUG Engine               - class com.almasb.fxgl.notification.impl.NotificationServiceProvider
13:48:14.188 [FXGL Background Thread 3 ] DEBUG Engine               - class com.almasb.fxgl.achievement.AchievementService
13:48:14.188 [FXGL Background Thread 3 ] DEBUG Engine               - class com.almasb.fxgl.cutscene.CutsceneService
13:48:14.188 [FXGL Background Thread 3 ] DEBUG Engine               - class com.almasb.fxgl.minigames.MiniGameService
13:48:14.188 [FXGL Background Thread 3 ] DEBUG Engine               - class com.almasb.fxgl.net.NetService
13:48:14.188 [FXGL Background Thread 3 ] DEBUG Engine               - class com.almasb.fxgl.app.services.UpdaterService
13:48:14.188 [FXGL Background Thread 3 ] DEBUG Engine               - class com.almasb.fxgl.dev.DevService
13:48:16.760 [JavaFX Application Thread] DEBUG FXGLAssetLoaderServi - Loading from file system: file:/C:/Users/larih/OneDrive/Documentos/Java_Oracle/pizzitas/target/classes/assets/textures/nino.png
13:48:16.761 [JavaFX Application Thread] WARN  GameWorld            - Entity is already attached to world
13:48:16.762 [JavaFX Application Thread] DEBUG FXGLAssetLoaderServi - Loading from file system: file:/C:/Users/larih/OneDrive/Documentos/Java_Oracle/pizzitas/target/classes/assets/textures/pizza.png
13:48:16.763 [JavaFX Application Thread] WARN  GameWorld            - Entity is already attached to world
13:48:17.255 [JavaFX Application Thread] WARN  GameWorld            - Entity is already attached to world
13:48:17.256 [JavaFX Application Thread] WARN  GameWorld            - Entity is already attached to world
13:48:18.920 [JavaFX Application Thread] WARN  GameWorld            - Entity is already attached to world
13:48:18.920 [JavaFX Application Thread] WARN  GameWorld            - Entity is already attached to world
13:48:20.039 [JavaFX Application Thread] WARN  GameWorld            - Entity is already attached to world
13:48:20.040 [JavaFX Application Thread] WARN  GameWorld            - Entity is already attached to world
13:48:21.159 [JavaFX Application Thread] WARN  GameWorld            - Entity is already attached to world
13:48:21.159 [JavaFX Application Thread] WARN  GameWorld            - Entity is already attached to world
13:48:21.944 [JavaFX Application Thread] WARN  GameWorld            - Entity is already attached to world
13:48:21.945 [JavaFX Application Thread] WARN  GameWorld            - Entity is already attached to world
13:48:22.551 [JavaFX Application Thread] WARN  GameWorld            - Entity is already attached to world
13:48:22.552 [JavaFX Application Thread] WARN  GameWorld            - Entity is already attached to world
13:48:23.512 [JavaFX Application Thread] WARN  GameWorld            - Entity is already attached to world
13:48:23.513 [JavaFX Application Thread] WARN  GameWorld            - Entity is already attached to world
13:48:24.264 [JavaFX Application Thread] WARN  GameWorld            - Entity is already attached to world
13:48:24.264 [JavaFX Application Thread] WARN  GameWorld            - Entity is already attached to world
13:48:25.991 [JavaFX Application Thread] WARN  GameWorld            - Entity is already attached to world
13:48:25.992 [JavaFX Application Thread] WARN  GameWorld            - Entity is already attached to world
13:48:26.488 [JavaFX Application Thread] WARN  GameWorld            - Entity is already attached to world
13:48:26.489 [JavaFX Application Thread] WARN  GameWorld            - Entity is already attached to world
13:48:27.992 [JavaFX Application Thread] WARN  GameWorld            - Entity is already attached to world
13:48:27.992 [JavaFX Application Thread] WARN  GameWorld            - Entity is already attached to world
13:48:28.760 [JavaFX Application Thread] WARN  GameWorld            - Entity is already attached to world
13:48:28.760 [JavaFX Application Thread] WARN  GameWorld            - Entity is already attached to world
13:48:29.768 [JavaFX Application Thread] WARN  GameWorld            - Entity is already attached to world
13:48:29.769 [JavaFX Application Thread] WARN  GameWorld            - Entity is already attached to world
13:48:30.248 [JavaFX Application Thread] WARN  GameWorld            - Entity is already attached to world
13:48:30.248 [JavaFX Application Thread] WARN  GameWorld            - Entity is already attached to world
13:48:32.024 [JavaFX Application Thread] WARN  GameWorld            - Entity is already attached to world
13:48:32.026 [JavaFX Application Thread] WARN  GameWorld            - Entity is already attached to world
13:48:32.505 [JavaFX Application Thread] WARN  GameWorld            - Entity is already attached to world
13:48:32.506 [JavaFX Application Thread] WARN  GameWorld            - Entity is already attached to world
13:48:33.544 [JavaFX Application Thread] WARN  GameWorld            - Entity is already attached to world
13:48:33.545 [JavaFX Application Thread] WARN  GameWorld            - Entity is already attached to world
13:48:34.984 [JavaFX Application Thread] WARN  GameWorld            - Entity is already attached to world
13:48:34.985 [JavaFX Application Thread] WARN  GameWorld            - Entity is already attached to world
13:48:35.735 [JavaFX Application Thread] WARN  GameWorld            - Entity is already attached to world
13:48:35.735 [JavaFX Application Thread] WARN  GameWorld            - Entity is already attached to world
13:48:36.024 [JavaFX Application Thread] WARN  GameWorld            - Entity is already attached to world
13:48:36.024 [JavaFX Application Thread] WARN  GameWorld            - Entity is already attached to world
13:48:37.769 [JavaFX Application Thread] WARN  GameWorld            - Entity is already attached to world
13:48:37.769 [JavaFX Application Thread] WARN  GameWorld            - Entity is already attached to world
13:48:38.135 [JavaFX Application Thread] WARN  GameWorld            - Entity is already attached to world
13:48:38.136 [JavaFX Application Thread] WARN  GameWorld            - Entity is already attached to world
13:48:42.636 [JavaFX Application Thread] WARN  GameWorld            - Entity is already attached to world
13:48:42.636 [JavaFX Application Thread] WARN  GameWorld            - Entity is already attached to world
13:48:43.226 [JavaFX Application Thread] WARN  GameWorld            - Entity is already attached to world
13:48:43.227 [JavaFX Application Thread] WARN  GameWorld            - Entity is already attached to world
13:48:44.411 [JavaFX Application Thread] WARN  GameWorld            - Entity is already attached to world
13:48:44.411 [JavaFX Application Thread] WARN  GameWorld            - Entity is already attached to world
13:48:45.434 [JavaFX Application Thread] WARN  GameWorld            - Entity is already attached to world
13:48:45.435 [JavaFX Application Thread] WARN  GameWorld            - Entity is already attached to world
13:48:46.266 [JavaFX Application Thread] DEBUG FXGLApplication      - Exiting FXGL
13:48:46.266 [JavaFX Application Thread] DEBUG LoopRunner           - Stopping loop
13:48:46.266 [JavaFX Application Thread] DEBUG SystemBundleService  - Saving FXGL system data
13:48:46.269 [JavaFX Application Thread] DEBUG FileSystemAccess     - Writing to: C:\Users\larih\OneDrive\Documentos\Java_Oracle\pizzitas\system\fxgl.bundle
13:48:46.270 [JavaFX Application Thread] DEBUG Async                - Shutting down background threads
13:48:46.270 [JavaFX Application Thread] DEBUG PrimaryStageWindow   - Closing main window
13:48:46.283 [JavaFX Application Thread] DEBUG Logger               - Closing Logger
