20:57:52.573 [main                     ] DEBUG Logger               - Configured Logger
20:57:52.617 [main                     ] DEBUG GameApplication      - Logging settings
Title: Pizzería
Version: 0.1
Width: 800
Height: 450
Fullscreen: false
Intro: false
Profiling: false
Single step:false
App Mode: DEVELOPER
Menu Key: ESCAPE
Stage Style: DECORATED
Scene Factory: class com.almasb.fxgl.app.scene.SceneFactory

20:57:53.198 [JavaFX Application Thread] DEBUG FXGLApplication      - Initializing FXGL
20:57:53.207 [JavaFX Application Thread] INFO  Engine               - FXGL-17.1 (24.03.2022 17.34) on WINDOWS (J:17.0.9 FX:17.0.2-ea)
20:57:53.208 [JavaFX Application Thread] DEBUG Engine               - JRE Vendor Name: Amazon.com Inc.
20:57:53.208 [JavaFX Application Thread] DEBUG Engine               - Running on OS: Windows 11 version 10.0
20:57:53.208 [JavaFX Application Thread] DEBUG Engine               - Architecture: amd64
20:57:53.208 [JavaFX Application Thread] INFO  Engine               - Source code and latest versions at: https://github.com/AlmasB/FXGL
20:57:53.209 [JavaFX Application Thread] INFO  Engine               -       Ask questions and discuss at: https://github.com/AlmasB/FXGL/discussions
20:57:53.209 [JavaFX Application Thread] INFO  Engine               -              Join the FXGL chat at: https://gitter.im/AlmasB/FXGL
20:57:53.369 [JavaFX Application Thread] DEBUG PrimaryStageWindow   - Creating a JavaFX scene
20:57:53.460 [JavaFX Application Thread] DEBUG PrimaryStageWindow   - Target settings size: 800.0 x 450.0
20:57:53.460 [JavaFX Application Thread] DEBUG PrimaryStageWindow   - Scaled scene size:    800.0 x 450.0
20:57:53.461 [JavaFX Application Thread] DEBUG PrimaryStageWindow   - Scaled ratio: (1.0, 1.0)
20:57:53.462 [JavaFX Application Thread] DEBUG PrimaryStageWindow   - Set initial scene to FXGLStartupScene
20:57:53.472 [JavaFX Application Thread] DEBUG PrimaryStageWindow   - Opening main window
20:57:53.604 [JavaFX Application Thread] DEBUG PrimaryStageWindow   - Window border size: (16.0, 39.0)
20:57:53.604 [JavaFX Application Thread] DEBUG PrimaryStageWindow   - Scaled size: 800.0 x 450.0
20:57:53.605 [JavaFX Application Thread] DEBUG PrimaryStageWindow   - Scaled ratio: (1.0, 1.0)
20:57:53.605 [JavaFX Application Thread] DEBUG PrimaryStageWindow   - Scene size: 800.0 x 450.0
20:57:53.605 [JavaFX Application Thread] DEBUG PrimaryStageWindow   - Stage size: 816.0 x 489.0
20:57:53.618 [FXGL Background Thread 1 ] DEBUG Engine               - Initializing environment variables
20:57:53.678 [FXGL Background Thread 1 ] DEBUG FXGLAssetLoaderServi - User app class for loading assets: class com.example.pizzitas.Main
20:57:53.678 [FXGL Background Thread 1 ] DEBUG GameApplicationServi - Applying CSS: fxgl_dark.css
20:57:53.680 [FXGL Background Thread 1 ] DEBUG FXGLAssetLoaderServi - Loading from file system: jar:file:///C:/Users/larih/.m2/repository/com/github/almasb/fxgl/17.1/fxgl-17.1.jar!/fxglassets/ui/css/fxgl_dark.css
20:57:53.745 [FXGL Background Thread 1 ] DEBUG GameApplicationServi - Initializing application scenes
20:57:53.827 [FXGL Background Thread 1 ] DEBUG GameWorld            - Game world initialized
20:57:53.941 [FXGL Background Thread 1 ] DEBUG PhysicsWorld         - Physics world initialized: appHeight=450, physics.ppm=50.0
20:57:53.941 [FXGL Background Thread 1 ] DEBUG PhysicsWorld         - Using strategy: BRUTE_FORCE
20:57:53.948 [FXGL Background Thread 1 ] DEBUG GameScene            - Game scene initialized: 800x450
20:57:53.966 [FXGL Background Thread 1 ] WARN  FXGL.DefaultMenu     - FXGLDefaultMenu is not designed for resolutions < 800x600
20:57:53.966 [FXGL Background Thread 1 ] DEBUG FXGL.DefaultMenu     - createMenuBodyGameMenu()
20:57:53.990 [FXGL Background Thread 1 ] DEBUG FXGL.DefaultMenu     - createOptionsMenu()
20:57:54.011 [FXGL Background Thread 1 ] DEBUG FXGLAssetLoaderServi - Loading from file system: jar:file:///C:/Users/larih/.m2/repository/com/github/almasb/fxgl/17.1/fxgl-17.1.jar!/fxglassets/textures/particles/smoke.png
20:57:54.169 [FXGL Background Thread 1 ] DEBUG FXGLAssetLoaderServi - Loading from file system: jar:file:///C:/Users/larih/.m2/repository/com/github/almasb/fxgl/17.1/fxgl-17.1.jar!/fxglassets/textures/particles/trace_horizontal.png
20:57:54.228 [FXGL Background Thread 1 ] DEBUG GameApplicationServi - Application scenes initialized
20:57:54.250 [FXGL Background Thread 1 ] DEBUG SystemBundleService  - Loading FXGL system data
20:57:54.262 [FXGL Background Thread 1 ] DEBUG FileSystemAccess     - Reading from: C:\Users\larih\OneDrive\Documentos\Java_Oracle\pizzitas\system\fxgl.bundle
20:57:54.275 [FXGL Background Thread 1 ] DEBUG SystemBundleService  - Bundle FXGL: {}
20:57:54.275 [FXGL Background Thread 1 ] DEBUG UpdaterService       - Checking for updates
20:57:54.282 [FXGL Background Thread 4 ] DEBUG FXGLApplication      - Loading fonts
20:57:54.282 [FXGL Background Thread 1 ] DEBUG FXGLApplication      - Loading default localization
20:57:54.283 [FXGL Background Thread 4 ] DEBUG FXGLAssetLoaderServi - Loading from file system: jar:file:///C:/Users/larih/.m2/repository/com/github/almasb/fxgl/17.1/fxgl-17.1.jar!/fxglassets/ui/fonts/VarelaRound-Regular.ttf
20:57:54.283 [FXGL Background Thread 1 ] DEBUG FXGLAssetLoaderServi - Loading from file system: jar:file:///C:/Users/larih/.m2/repository/com/github/almasb/fxgl/17.1/fxgl-17.1.jar!/fxglassets/languages/english.lang
20:57:54.319 [FXGL Background Thread 1 ] INFO  FXGLApplication      - FXGL initialization took: 0.700 sec
20:57:54.321 [JavaFX Application Thread] DEBUG FXGLAssetLoaderServi - Loading from file system: jar:file:///C:/Users/larih/.m2/repository/com/github/almasb/fxgl/17.1/fxgl-17.1.jar!/fxglassets/textures/fxgl_icon.png
20:57:54.351 [JavaFX Application Thread] DEBUG FXGLAssetLoaderServi - Loading from file system: jar:file:///C:/Users/larih/.m2/repository/com/github/almasb/fxgl/17.1/fxgl-17.1.jar!/fxglassets/textures/fxgl_default_cursor.png
20:57:54.372 [JavaFX Application Thread] DEBUG Input                - Registered new binding: Screenshot - CTRL+8
20:57:54.373 [JavaFX Application Thread] DEBUG Input                - Registered new binding: System info dump - CTRL+9
20:57:54.373 [JavaFX Application Thread] DEBUG Input                - Registered new binding: Restart - CTRL+R
20:57:54.374 [JavaFX Application Thread] DEBUG Input                - Registered new binding: Toggle Debug Camera - CTRL+7
20:57:54.382 [JavaFX Application Thread] DEBUG LoopRunner           - Starting loop
20:57:54.383 [JavaFX Application Thread] DEBUG LoopRunner           - Initializing JavaFX AnimationTimerLoop
20:57:54.386 [JavaFX Application Thread] DEBUG GameApplicationServi - Starting new game
20:57:54.386 [JavaFX Application Thread] DEBUG Input                - Clearing active input actions
20:57:54.415 [JavaFX Application Thread] DEBUG GameApplicationServi - Removing overlay from FXGLStartupScene and adding to FXGLLoadingScene
20:57:54.416 [JavaFX Application Thread] DEBUG PrimaryStageWindow   - FXGLStartupScene -> FXGLLoadingScene
20:57:54.416 [JavaFX Application Thread] DEBUG GameApplicationServi - Clearing previous game
20:57:54.416 [JavaFX Application Thread] DEBUG GameScene            - Clearing game scene
20:57:54.416 [JavaFX Application Thread] DEBUG GameWorld            - Clearing game world
20:57:54.417 [JavaFX Application Thread] DEBUG PhysicsWorld         - Clearing physics world
20:57:54.419 [FXGL Background Thread 1 ] DEBUG FXGLApplication      - Initializing game
20:57:54.433 [FXGL Background Thread 4 ] DEBUG FXGLAssetLoaderServi - Loading from file system: jar:file:///C:/Users/larih/.m2/repository/com/github/almasb/fxgl/17.1/fxgl-17.1.jar!/fxglassets/ui/fonts/Abel-Regular.ttf
20:57:54.451 [FXGL Background Thread 4 ] DEBUG FXGLAssetLoaderServi - Loading from file system: jar:file:///C:/Users/larih/.m2/repository/com/github/almasb/fxgl/17.1/fxgl-17.1.jar!/fxglassets/ui/fonts/TerminalLandMono-Regular.otf
20:57:54.470 [FXGL Background Thread 4 ] DEBUG FXGLAssetLoaderServi - Loading from file system: jar:file:///C:/Users/larih/.m2/repository/com/github/almasb/fxgl/17.1/fxgl-17.1.jar!/fxglassets/ui/fonts/Courier-Prime.ttf
20:57:54.497 [JavaFX Application Thread] DEBUG FXGLApplication      - Registering font factories with UI factory
20:57:54.540 [FXGL Background Thread 1 ] WARN  FXGLAssetLoaderServi - Asset "/assets/textures/recepcionista.png" was not found!
20:57:54.541 [FXGL Background Thread 1 ] WARN  FXGLAssetLoaderServi - Failed to load IMAGE
20:57:54.722 [FXGL Background Thread 1 ] WARN  FXGLAssetLoaderServi - Asset "/assets/textures/assets/textures/bg.jpg" was not found!
20:57:54.723 [FXGL Background Thread 1 ] WARN  FXGLAssetLoaderServi - Failed to load IMAGE
20:57:54.724 [FXGL Background Thread 1 ] INFO  FXGLApplication      - Game initialization took: 0.305 sec
20:57:54.730 [JavaFX Application Thread] DEBUG Input                - Clearing active input actions
20:57:54.740 [JavaFX Application Thread] DEBUG GameApplicationServi - Removing overlay from FXGLLoadingScene and adding to GameScene
20:57:54.741 [JavaFX Application Thread] DEBUG PrimaryStageWindow   - FXGLLoadingScene -> GameScene
20:57:55.237 [FXGL Background Thread 2 ] INFO  UpdaterService       - Your current version:  17.1
20:57:55.238 [FXGL Background Thread 2 ] INFO  UpdaterService       - Latest stable version: 17.3
20:57:57.281 [FXGL Background Thread 3 ] DEBUG Engine               - Logging environment variables
20:57:57.283 [FXGL Background Thread 3 ] DEBUG Engine               - achievements: []
20:57:57.283 [FXGL Background Thread 3 ] DEBUG Engine               - actualHeight: 450.0
20:57:57.284 [FXGL Background Thread 3 ] DEBUG Engine               - actualHeightProperty: ReadOnlyDoubleProperty [value: 450.0]
20:57:57.284 [FXGL Background Thread 3 ] DEBUG Engine               - actualWidth: 800.0
20:57:57.284 [FXGL Background Thread 3 ] DEBUG Engine               - actualWidthProperty: ReadOnlyDoubleProperty [value: 800.0]
20:57:57.284 [FXGL Background Thread 3 ] DEBUG Engine               - appIcon: fxgl_icon.png
20:57:57.285 [FXGL Background Thread 3 ] DEBUG Engine               - applicationMode: DEVELOPER
20:57:57.285 [FXGL Background Thread 3 ] DEBUG Engine               - cSSList: [fxgl_dark.css]
20:57:57.285 [FXGL Background Thread 3 ] DEBUG Engine               - collisionDetectionStrategy: BRUTE_FORCE
20:57:57.285 [FXGL Background Thread 3 ] DEBUG Engine               - configClass: Optional.empty
20:57:57.286 [FXGL Background Thread 3 ] DEBUG Engine               - credits: []
20:57:57.287 [FXGL Background Thread 3 ] DEBUG Engine               - defaultCursor: CursorInfo(imageName=fxgl_default_cursor.png, hotspotX=7.0, hotspotY=6.0)
20:57:57.287 [FXGL Background Thread 3 ] DEBUG Engine               - devBBoxColorProperty: ObjectProperty [value: 0xff0000ff]
20:57:57.288 [FXGL Background Thread 3 ] DEBUG Engine               - devEnableDebugCameraProperty: BooleanProperty [value: false]
20:57:57.288 [FXGL Background Thread 3 ] DEBUG Engine               - devSensorColorProperty: ObjectProperty [value: 0xffff00ff]
20:57:57.288 [FXGL Background Thread 3 ] DEBUG Engine               - devShowBBoxProperty: BooleanProperty [value: false]
20:57:57.289 [FXGL Background Thread 3 ] DEBUG Engine               - devShowPositionProperty: BooleanProperty [value: false]
20:57:57.289 [FXGL Background Thread 3 ] DEBUG Engine               - enabledMenuItems: []
20:57:57.289 [FXGL Background Thread 3 ] DEBUG Engine               - engineServices: [class com.almasb.fxgl.app.services.FXGLAssetLoaderService, class com.almasb.fxgl.app.FXGLApplication$GameApplicationService, class com.almasb.fxgl.app.services.FXGLDialogService, class com.almasb.fxgl.app.services.IOTaskExecutorService, class com.almasb.fxgl.io.FileSystemService, class com.almasb.fxgl.localization.LocalizationService, class com.almasb.fxgl.app.services.SystemBundleService, class com.almasb.fxgl.profile.SaveLoadService, class com.almasb.fxgl.ui.FXGLUIFactoryServiceProvider, class com.almasb.fxgl.ui.FXGLDialogFactoryServiceProvider, class com.almasb.fxgl.audio.AudioPlayer, class com.almasb.fxgl.notification.impl.NotificationServiceProvider, class com.almasb.fxgl.achievement.AchievementService, class com.almasb.fxgl.cutscene.CutsceneService, class com.almasb.fxgl.minigames.MiniGameService, class com.almasb.fxgl.net.NetService, class com.almasb.fxgl.app.services.UpdaterService, class com.almasb.fxgl.dev.DevService]
20:57:57.289 [FXGL Background Thread 3 ] DEBUG Engine               - fontGame: Abel-Regular.ttf
20:57:57.290 [FXGL Background Thread 3 ] DEBUG Engine               - fontMono: TerminalLandMono-Regular.otf
20:57:57.290 [FXGL Background Thread 3 ] DEBUG Engine               - fontText: Courier-Prime.ttf
20:57:57.290 [FXGL Background Thread 3 ] DEBUG Engine               - fontUI: VarelaRound-Regular.ttf
20:57:57.290 [FXGL Background Thread 3 ] DEBUG Engine               - fullScreen: BooleanProperty [value: false]
20:57:57.290 [FXGL Background Thread 3 ] DEBUG Engine               - gameDifficulty: MEDIUM
20:57:57.291 [FXGL Background Thread 3 ] DEBUG Engine               - gameDifficultyProperty: ObjectProperty [value: MEDIUM]
20:57:57.291 [FXGL Background Thread 3 ] DEBUG Engine               - globalMusicVolume: 0.5
20:57:57.292 [FXGL Background Thread 3 ] DEBUG Engine               - globalMusicVolumeProperty: DoubleProperty [value: 0.5]
20:57:57.292 [FXGL Background Thread 3 ] DEBUG Engine               - globalSoundVolume: 0.5
20:57:57.293 [FXGL Background Thread 3 ] DEBUG Engine               - globalSoundVolumeProperty: DoubleProperty [value: 0.5]
20:57:57.293 [FXGL Background Thread 3 ] DEBUG Engine               - height: 450
20:57:57.293 [FXGL Background Thread 3 ] DEBUG Engine               - is3D: false
20:57:57.294 [FXGL Background Thread 3 ] DEBUG Engine               - isAndroid: false
20:57:57.294 [FXGL Background Thread 3 ] DEBUG Engine               - isBrowser: false
20:57:57.294 [FXGL Background Thread 3 ] DEBUG Engine               - isClickFeedbackEnabled: false
20:57:57.294 [FXGL Background Thread 3 ] DEBUG Engine               - isCloseConfirmation: false
20:57:57.294 [FXGL Background Thread 3 ] DEBUG Engine               - isDesktop: true
20:57:57.295 [FXGL Background Thread 3 ] DEBUG Engine               - isDeveloperMenuEnabled: false
20:57:57.295 [FXGL Background Thread 3 ] DEBUG Engine               - isEmbedded: false
20:57:57.295 [FXGL Background Thread 3 ] DEBUG Engine               - isEntityPreloadEnabled: true
20:57:57.295 [FXGL Background Thread 3 ] DEBUG Engine               - isExperimentalTiledLargeMap: false
20:57:57.295 [FXGL Background Thread 3 ] DEBUG Engine               - isFileSystemWriteAllowed: true
20:57:57.295 [FXGL Background Thread 3 ] DEBUG Engine               - isFullScreenAllowed: false
20:57:57.295 [FXGL Background Thread 3 ] DEBUG Engine               - isFullScreenFromStart: false
20:57:57.296 [FXGL Background Thread 3 ] DEBUG Engine               - isGameMenuEnabled: true
20:57:57.296 [FXGL Background Thread 3 ] DEBUG Engine               - isIOS: false
20:57:57.296 [FXGL Background Thread 3 ] DEBUG Engine               - isIntroEnabled: false
20:57:57.296 [FXGL Background Thread 3 ] DEBUG Engine               - isLinux: false
20:57:57.296 [FXGL Background Thread 3 ] DEBUG Engine               - isMac: false
20:57:57.296 [FXGL Background Thread 3 ] DEBUG Engine               - isMainMenuEnabled: false
20:57:57.297 [FXGL Background Thread 3 ] DEBUG Engine               - isManualResizeEnabled: false
20:57:57.297 [FXGL Background Thread 3 ] DEBUG Engine               - isMobile: false
20:57:57.297 [FXGL Background Thread 3 ] DEBUG Engine               - isNative: false
20:57:57.297 [FXGL Background Thread 3 ] DEBUG Engine               - isPauseMusicWhenMinimized: true
20:57:57.297 [FXGL Background Thread 3 ] DEBUG Engine               - isPreserveResizeRatio: false
20:57:57.297 [FXGL Background Thread 3 ] DEBUG Engine               - isProfilingEnabled: false
20:57:57.297 [FXGL Background Thread 3 ] DEBUG Engine               - isScaleAffectedOnResize: true
20:57:57.298 [FXGL Background Thread 3 ] DEBUG Engine               - isSingleStep: false
20:57:57.298 [FXGL Background Thread 3 ] DEBUG Engine               - isUserProfileEnabled: false
20:57:57.298 [FXGL Background Thread 3 ] DEBUG Engine               - isWindows: true
20:57:57.298 [FXGL Background Thread 3 ] DEBUG Engine               - language: ObjectProperty [value: ENGLISH]
20:57:57.298 [FXGL Background Thread 3 ] DEBUG Engine               - menuKey: ESCAPE
20:57:57.298 [FXGL Background Thread 3 ] DEBUG Engine               - mouseSensitivity: 0.2
20:57:57.298 [FXGL Background Thread 3 ] DEBUG Engine               - notificationViewClass: class com.almasb.fxgl.notification.view.XboxNotificationView
20:57:57.299 [FXGL Background Thread 3 ] DEBUG Engine               - pixelsPerMeter: 50.0
20:57:57.299 [FXGL Background Thread 3 ] DEBUG Engine               - platform: WINDOWS
20:57:57.299 [FXGL Background Thread 3 ] DEBUG Engine               - prefHeightProperty: ReadOnlyDoubleProperty [value: 450.0]
20:57:57.299 [FXGL Background Thread 3 ] DEBUG Engine               - prefWidthProperty: ReadOnlyDoubleProperty [value: 800.0]
20:57:57.299 [FXGL Background Thread 3 ] DEBUG Engine               - profileDir: profiles/
20:57:57.299 [FXGL Background Thread 3 ] DEBUG Engine               - profileName: StringProperty [value: DEFAULT]
20:57:57.299 [FXGL Background Thread 3 ] DEBUG Engine               - randomSeed: -1
20:57:57.300 [FXGL Background Thread 3 ] DEBUG Engine               - runtimeInfo: RuntimeInfo(platform=WINDOWS, version=17.1, build=24.03.2022 17.34)
20:57:57.300 [FXGL Background Thread 3 ] DEBUG Engine               - saveFileExt: sav
20:57:57.300 [FXGL Background Thread 3 ] DEBUG Engine               - scaledHeightProp$fxgl: DoubleProperty [bound, value: 450.0]
20:57:57.301 [FXGL Background Thread 3 ] DEBUG Engine               - scaledWidthProp$fxgl: DoubleProperty [bound, value: 800.0]
20:57:57.301 [FXGL Background Thread 3 ] DEBUG Engine               - sceneFactory: com.almasb.fxgl.app.scene.SceneFactory@16531a5c
20:57:57.301 [FXGL Background Thread 3 ] DEBUG Engine               - secondsIn24h: 60
20:57:57.301 [FXGL Background Thread 3 ] DEBUG Engine               - soundMenuBack: menu/back.wav
20:57:57.301 [FXGL Background Thread 3 ] DEBUG Engine               - soundMenuPress: menu/press.wav
20:57:57.301 [FXGL Background Thread 3 ] DEBUG Engine               - soundMenuSelect: menu/select.wav
20:57:57.301 [FXGL Background Thread 3 ] DEBUG Engine               - soundNotification: core/notification.wav
20:57:57.301 [FXGL Background Thread 3 ] DEBUG Engine               - stageStyle: DECORATED
20:57:57.302 [FXGL Background Thread 3 ] DEBUG Engine               - supportedLanguages: [ENGLISH, FRENCH, GERMAN, HUNGARIAN, RUSSIAN]
20:57:57.302 [FXGL Background Thread 3 ] DEBUG Engine               - ticksPerSecond: -1
20:57:57.302 [FXGL Background Thread 3 ] DEBUG Engine               - title: Pizzería
20:57:57.302 [FXGL Background Thread 3 ] DEBUG Engine               - urlGithub: https://github.com/AlmasB/FXGL
20:57:57.302 [FXGL Background Thread 3 ] DEBUG Engine               - urlLeaderboard: http://fxgl-top.herokuapp.com/
20:57:57.302 [FXGL Background Thread 3 ] DEBUG Engine               - urlPOM: https://raw.githubusercontent.com/AlmasB/FXGL/release/README.md
20:57:57.302 [FXGL Background Thread 3 ] DEBUG Engine               - userAppClass: class com.example.pizzitas.Main
20:57:57.302 [FXGL Background Thread 3 ] DEBUG Engine               - version: 0.1
20:57:57.303 [FXGL Background Thread 3 ] DEBUG Engine               - versionCheckDays: 7
20:57:57.303 [FXGL Background Thread 3 ] DEBUG Engine               - width: 800
20:57:57.303 [FXGL Background Thread 3 ] DEBUG Engine               - Logging services
20:57:57.303 [FXGL Background Thread 3 ] DEBUG Engine               - class com.almasb.fxgl.app.services.FXGLAssetLoaderService
20:57:57.303 [FXGL Background Thread 3 ] DEBUG Engine               - class com.almasb.fxgl.app.FXGLApplication$GameApplicationService
20:57:57.303 [FXGL Background Thread 3 ] DEBUG Engine               - class com.almasb.fxgl.app.services.FXGLDialogService
20:57:57.304 [FXGL Background Thread 3 ] DEBUG Engine               - class com.almasb.fxgl.app.services.IOTaskExecutorService
20:57:57.304 [FXGL Background Thread 3 ] DEBUG Engine               - class com.almasb.fxgl.io.FileSystemService
20:57:57.304 [FXGL Background Thread 3 ] DEBUG Engine               - class com.almasb.fxgl.localization.LocalizationService
20:57:57.304 [FXGL Background Thread 3 ] DEBUG Engine               - class com.almasb.fxgl.app.services.SystemBundleService
20:57:57.304 [FXGL Background Thread 3 ] DEBUG Engine               - class com.almasb.fxgl.profile.SaveLoadService
20:57:57.304 [FXGL Background Thread 3 ] DEBUG Engine               - class com.almasb.fxgl.ui.FXGLUIFactoryServiceProvider
20:57:57.304 [FXGL Background Thread 3 ] DEBUG Engine               - class com.almasb.fxgl.ui.FXGLDialogFactoryServiceProvider
20:57:57.304 [FXGL Background Thread 3 ] DEBUG Engine               - class com.almasb.fxgl.audio.AudioPlayer
20:57:57.304 [FXGL Background Thread 3 ] DEBUG Engine               - class com.almasb.fxgl.notification.impl.NotificationServiceProvider
20:57:57.305 [FXGL Background Thread 3 ] DEBUG Engine               - class com.almasb.fxgl.achievement.AchievementService
20:57:57.305 [FXGL Background Thread 3 ] DEBUG Engine               - class com.almasb.fxgl.cutscene.CutsceneService
20:57:57.305 [FXGL Background Thread 3 ] DEBUG Engine               - class com.almasb.fxgl.minigames.MiniGameService
20:57:57.305 [FXGL Background Thread 3 ] DEBUG Engine               - class com.almasb.fxgl.net.NetService
20:57:57.305 [FXGL Background Thread 3 ] DEBUG Engine               - class com.almasb.fxgl.app.services.UpdaterService
20:57:57.305 [FXGL Background Thread 3 ] DEBUG Engine               - class com.almasb.fxgl.dev.DevService
20:57:58.431 [JavaFX Application Thread] WARN  FXGLAssetLoaderServi - Asset "/assets/textures/nino.png" was not found!
20:57:58.431 [JavaFX Application Thread] WARN  FXGLAssetLoaderServi - Failed to load IMAGE
20:57:58.438 [JavaFX Application Thread] WARN  GameWorld            - Entity is already attached to world
20:57:59.612 [JavaFX Application Thread] WARN  FXGLAssetLoaderServi - Asset "/assets/textures/nino.png" was not found!
20:57:59.613 [JavaFX Application Thread] WARN  FXGLAssetLoaderServi - Failed to load IMAGE
20:57:59.614 [JavaFX Application Thread] WARN  GameWorld            - Entity is already attached to world
20:58:00.604 [JavaFX Application Thread] WARN  FXGLAssetLoaderServi - Asset "/assets/textures/nino.png" was not found!
20:58:00.605 [JavaFX Application Thread] WARN  FXGLAssetLoaderServi - Failed to load IMAGE
20:58:00.606 [JavaFX Application Thread] WARN  GameWorld            - Entity is already attached to world
20:58:00.876 [JavaFX Application Thread] WARN  FXGLAssetLoaderServi - Asset "/assets/textures/nino.png" was not found!
20:58:00.876 [JavaFX Application Thread] WARN  FXGLAssetLoaderServi - Failed to load IMAGE
20:58:00.877 [JavaFX Application Thread] WARN  GameWorld            - Entity is already attached to world
20:58:04.012 [JavaFX Application Thread] WARN  FXGLAssetLoaderServi - Asset "/assets/textures/nino.png" was not found!
20:58:04.013 [JavaFX Application Thread] WARN  FXGLAssetLoaderServi - Failed to load IMAGE
20:58:04.014 [JavaFX Application Thread] WARN  GameWorld            - Entity is already attached to world
20:58:04.684 [JavaFX Application Thread] WARN  FXGLAssetLoaderServi - Asset "/assets/textures/nino.png" was not found!
20:58:04.686 [JavaFX Application Thread] WARN  FXGLAssetLoaderServi - Failed to load IMAGE
20:58:04.688 [JavaFX Application Thread] WARN  GameWorld            - Entity is already attached to world
20:58:05.164 [JavaFX Application Thread] WARN  FXGLAssetLoaderServi - Asset "/assets/textures/nino.png" was not found!
20:58:05.165 [JavaFX Application Thread] WARN  FXGLAssetLoaderServi - Failed to load IMAGE
20:58:05.166 [JavaFX Application Thread] WARN  GameWorld            - Entity is already attached to world
20:58:05.181 [JavaFX Application Thread] WARN  FXGLAssetLoaderServi - Asset "/assets/textures/nino.png" was not found!
20:58:05.182 [JavaFX Application Thread] WARN  FXGLAssetLoaderServi - Failed to load IMAGE
20:58:05.183 [JavaFX Application Thread] WARN  GameWorld            - Entity is already attached to world
20:58:06.956 [JavaFX Application Thread] WARN  FXGLAssetLoaderServi - Asset "/assets/textures/nino.png" was not found!
20:58:06.957 [JavaFX Application Thread] WARN  FXGLAssetLoaderServi - Failed to load IMAGE
20:58:06.958 [JavaFX Application Thread] WARN  GameWorld            - Entity is already attached to world
20:58:07.869 [JavaFX Application Thread] WARN  FXGLAssetLoaderServi - Asset "/assets/textures/nino.png" was not found!
20:58:07.870 [JavaFX Application Thread] WARN  FXGLAssetLoaderServi - Failed to load IMAGE
20:58:07.870 [JavaFX Application Thread] WARN  GameWorld            - Entity is already attached to world
20:58:10.364 [JavaFX Application Thread] WARN  FXGLAssetLoaderServi - Asset "/assets/textures/nino.png" was not found!
20:58:10.364 [JavaFX Application Thread] WARN  FXGLAssetLoaderServi - Failed to load IMAGE
20:58:10.365 [JavaFX Application Thread] WARN  GameWorld            - Entity is already attached to world
20:58:10.844 [JavaFX Application Thread] WARN  FXGLAssetLoaderServi - Asset "/assets/textures/nino.png" was not found!
20:58:10.845 [JavaFX Application Thread] WARN  FXGLAssetLoaderServi - Failed to load IMAGE
20:58:10.846 [JavaFX Application Thread] WARN  GameWorld            - Entity is already attached to world
20:58:10.892 [JavaFX Application Thread] WARN  FXGLAssetLoaderServi - Asset "/assets/textures/nino.png" was not found!
20:58:10.893 [JavaFX Application Thread] WARN  FXGLAssetLoaderServi - Failed to load IMAGE
20:58:10.894 [JavaFX Application Thread] WARN  GameWorld            - Entity is already attached to world
20:58:11.228 [JavaFX Application Thread] WARN  FXGLAssetLoaderServi - Asset "/assets/textures/nino.png" was not found!
20:58:11.228 [JavaFX Application Thread] WARN  FXGLAssetLoaderServi - Failed to load IMAGE
20:58:11.229 [JavaFX Application Thread] WARN  GameWorld            - Entity is already attached to world
20:58:11.964 [JavaFX Application Thread] WARN  FXGLAssetLoaderServi - Asset "/assets/textures/nino.png" was not found!
20:58:11.964 [JavaFX Application Thread] WARN  FXGLAssetLoaderServi - Failed to load IMAGE
20:58:11.965 [JavaFX Application Thread] WARN  GameWorld            - Entity is already attached to world
20:58:12.556 [JavaFX Application Thread] WARN  FXGLAssetLoaderServi - Asset "/assets/textures/nino.png" was not found!
20:58:12.557 [JavaFX Application Thread] WARN  FXGLAssetLoaderServi - Failed to load IMAGE
20:58:12.558 [JavaFX Application Thread] WARN  GameWorld            - Entity is already attached to world
20:58:15.741 [JavaFX Application Thread] WARN  FXGLAssetLoaderServi - Asset "/assets/textures/nino.png" was not found!
20:58:15.742 [JavaFX Application Thread] WARN  FXGLAssetLoaderServi - Failed to load IMAGE
20:58:15.742 [JavaFX Application Thread] WARN  GameWorld            - Entity is already attached to world
20:58:15.836 [JavaFX Application Thread] WARN  FXGLAssetLoaderServi - Asset "/assets/textures/nino.png" was not found!
20:58:15.836 [JavaFX Application Thread] WARN  FXGLAssetLoaderServi - Failed to load IMAGE
20:58:15.837 [JavaFX Application Thread] WARN  GameWorld            - Entity is already attached to world
20:58:15.981 [JavaFX Application Thread] WARN  FXGLAssetLoaderServi - Asset "/assets/textures/nino.png" was not found!
20:58:15.981 [JavaFX Application Thread] WARN  FXGLAssetLoaderServi - Failed to load IMAGE
20:58:15.982 [JavaFX Application Thread] WARN  GameWorld            - Entity is already attached to world
20:58:17.292 [JavaFX Application Thread] WARN  FXGLAssetLoaderServi - Asset "/assets/textures/nino.png" was not found!
20:58:17.292 [JavaFX Application Thread] WARN  FXGLAssetLoaderServi - Failed to load IMAGE
20:58:17.293 [JavaFX Application Thread] WARN  GameWorld            - Entity is already attached to world
20:58:18.381 [JavaFX Application Thread] DEBUG FXGLApplication      - Exiting FXGL
20:58:18.381 [JavaFX Application Thread] DEBUG LoopRunner           - Stopping loop
20:58:18.381 [JavaFX Application Thread] DEBUG SystemBundleService  - Saving FXGL system data
20:58:18.391 [JavaFX Application Thread] DEBUG FileSystemAccess     - Writing to: C:\Users\larih\OneDrive\Documentos\Java_Oracle\pizzitas\system\fxgl.bundle
20:58:18.397 [JavaFX Application Thread] DEBUG Async                - Shutting down background threads
20:58:18.397 [JavaFX Application Thread] DEBUG PrimaryStageWindow   - Closing main window
20:58:18.473 [JavaFX Application Thread] DEBUG Logger               - Closing Logger
