08:50:03.149 [main                     ] DEBUG Logger               - Configured Logger
08:50:03.193 [main                     ] DEBUG GameApplication      - Logging settings
Title: Pizzería
Version: 0.0
Width: 800
Height: 450
Fullscreen: false
Intro: false
Profiling: false
Single step:false
App Mode: DEVELOPER
Menu Key: ESCAPE
Stage Style: DECORATED
Scene Factory: class com.almasb.fxgl.app.scene.SceneFactory

08:50:03.615 [JavaFX Application Thread] DEBUG FXGLApplication      - Initializing FXGL
08:50:03.625 [JavaFX Application Thread] INFO  Engine               - FXGL-17.1 (24.03.2022 17.34) on WINDOWS (J:17.0.9 FX:17.0.2-ea)
08:50:03.626 [JavaFX Application Thread] DEBUG Engine               - JRE Vendor Name: Amazon.com Inc.
08:50:03.627 [JavaFX Application Thread] DEBUG Engine               - Running on OS: Windows 11 version 10.0
08:50:03.627 [JavaFX Application Thread] DEBUG Engine               - Architecture: amd64
08:50:03.627 [JavaFX Application Thread] INFO  Engine               - Source code and latest versions at: https://github.com/AlmasB/FXGL
08:50:03.627 [JavaFX Application Thread] INFO  Engine               -       Ask questions and discuss at: https://github.com/AlmasB/FXGL/discussions
08:50:03.627 [JavaFX Application Thread] INFO  Engine               -              Join the FXGL chat at: https://gitter.im/AlmasB/FXGL
08:50:03.736 [JavaFX Application Thread] DEBUG PrimaryStageWindow   - Creating a JavaFX scene
08:50:03.793 [JavaFX Application Thread] DEBUG PrimaryStageWindow   - Target settings size: 800.0 x 450.0
08:50:03.794 [JavaFX Application Thread] DEBUG PrimaryStageWindow   - Scaled scene size:    800.0 x 450.0
08:50:03.794 [JavaFX Application Thread] DEBUG PrimaryStageWindow   - Scaled ratio: (1.0, 1.0)
08:50:03.796 [JavaFX Application Thread] DEBUG PrimaryStageWindow   - Set initial scene to FXGLStartupScene
08:50:03.804 [JavaFX Application Thread] DEBUG PrimaryStageWindow   - Opening main window
08:50:03.933 [JavaFX Application Thread] DEBUG PrimaryStageWindow   - Window border size: (16.0, 39.0)
08:50:03.933 [JavaFX Application Thread] DEBUG PrimaryStageWindow   - Scaled size: 800.0 x 450.0
08:50:03.934 [JavaFX Application Thread] DEBUG PrimaryStageWindow   - Scaled ratio: (1.0, 1.0)
08:50:03.934 [JavaFX Application Thread] DEBUG PrimaryStageWindow   - Scene size: 800.0 x 450.0
08:50:03.934 [JavaFX Application Thread] DEBUG PrimaryStageWindow   - Stage size: 816.0 x 489.0
08:50:03.947 [FXGL Background Thread 1 ] DEBUG Engine               - Initializing environment variables
08:50:04.006 [FXGL Background Thread 1 ] DEBUG FXGLAssetLoaderServi - User app class for loading assets: class com.example.pizzitas.Main
08:50:04.007 [FXGL Background Thread 1 ] DEBUG GameApplicationServi - Applying CSS: fxgl_dark.css
08:50:04.008 [FXGL Background Thread 1 ] DEBUG FXGLAssetLoaderServi - Loading from file system: jar:file:///C:/Users/larih/.m2/repository/com/github/almasb/fxgl/17.1/fxgl-17.1.jar!/fxglassets/ui/css/fxgl_dark.css
08:50:04.068 [FXGL Background Thread 1 ] DEBUG GameApplicationServi - Initializing application scenes
08:50:04.126 [FXGL Background Thread 1 ] DEBUG GameWorld            - Game world initialized
08:50:04.230 [FXGL Background Thread 1 ] DEBUG PhysicsWorld         - Physics world initialized: appHeight=450, physics.ppm=50.0
08:50:04.231 [FXGL Background Thread 1 ] DEBUG PhysicsWorld         - Using strategy: BRUTE_FORCE
08:50:04.237 [FXGL Background Thread 1 ] DEBUG GameScene            - Game scene initialized: 800x450
08:50:04.253 [FXGL Background Thread 1 ] WARN  FXGL.DefaultMenu     - FXGLDefaultMenu is not designed for resolutions < 800x600
08:50:04.253 [FXGL Background Thread 1 ] DEBUG FXGL.DefaultMenu     - createMenuBodyGameMenu()
08:50:04.276 [FXGL Background Thread 1 ] DEBUG FXGL.DefaultMenu     - createOptionsMenu()
08:50:04.290 [FXGL Background Thread 1 ] DEBUG FXGLAssetLoaderServi - Loading from file system: jar:file:///C:/Users/larih/.m2/repository/com/github/almasb/fxgl/17.1/fxgl-17.1.jar!/fxglassets/textures/particles/smoke.png
08:50:04.417 [FXGL Background Thread 1 ] DEBUG FXGLAssetLoaderServi - Loading from file system: jar:file:///C:/Users/larih/.m2/repository/com/github/almasb/fxgl/17.1/fxgl-17.1.jar!/fxglassets/textures/particles/trace_horizontal.png
08:50:04.454 [FXGL Background Thread 1 ] DEBUG GameApplicationServi - Application scenes initialized
08:50:04.472 [FXGL Background Thread 1 ] DEBUG SystemBundleService  - Loading FXGL system data
08:50:04.478 [FXGL Background Thread 1 ] DEBUG FileSystemAccess     - Reading from: C:\Users\larih\OneDrive\Documentos\Java_Oracle\pizzitas\system\fxgl.bundle
08:50:04.489 [FXGL Background Thread 1 ] DEBUG SystemBundleService  - Bundle FXGL: {}
08:50:04.489 [FXGL Background Thread 1 ] DEBUG UpdaterService       - Checking for updates
08:50:04.494 [FXGL Background Thread 4 ] DEBUG FXGLApplication      - Loading fonts
08:50:04.495 [FXGL Background Thread 1 ] DEBUG FXGLApplication      - Loading default localization
08:50:04.495 [FXGL Background Thread 4 ] DEBUG FXGLAssetLoaderServi - Loading from file system: jar:file:///C:/Users/larih/.m2/repository/com/github/almasb/fxgl/17.1/fxgl-17.1.jar!/fxglassets/ui/fonts/VarelaRound-Regular.ttf
08:50:04.495 [FXGL Background Thread 1 ] DEBUG FXGLAssetLoaderServi - Loading from file system: jar:file:///C:/Users/larih/.m2/repository/com/github/almasb/fxgl/17.1/fxgl-17.1.jar!/fxglassets/languages/english.lang
08:50:04.529 [FXGL Background Thread 1 ] INFO  FXGLApplication      - FXGL initialization took: 0.581 sec
08:50:04.533 [JavaFX Application Thread] DEBUG FXGLAssetLoaderServi - Loading from file system: jar:file:///C:/Users/larih/.m2/repository/com/github/almasb/fxgl/17.1/fxgl-17.1.jar!/fxglassets/textures/fxgl_icon.png
08:50:04.570 [JavaFX Application Thread] DEBUG FXGLAssetLoaderServi - Loading from file system: jar:file:///C:/Users/larih/.m2/repository/com/github/almasb/fxgl/17.1/fxgl-17.1.jar!/fxglassets/textures/fxgl_default_cursor.png
08:50:04.594 [JavaFX Application Thread] DEBUG Input                - Registered new binding: Screenshot - CTRL+8
08:50:04.599 [JavaFX Application Thread] DEBUG Input                - Registered new binding: System info dump - CTRL+9
08:50:04.601 [JavaFX Application Thread] DEBUG Input                - Registered new binding: Restart - CTRL+R
08:50:04.602 [JavaFX Application Thread] DEBUG Input                - Registered new binding: Toggle Debug Camera - CTRL+7
08:50:04.606 [JavaFX Application Thread] DEBUG LoopRunner           - Starting loop
08:50:04.607 [JavaFX Application Thread] DEBUG LoopRunner           - Initializing JavaFX AnimationTimerLoop
08:50:04.609 [JavaFX Application Thread] DEBUG GameApplicationServi - Starting new game
08:50:04.610 [JavaFX Application Thread] DEBUG Input                - Clearing active input actions
08:50:04.623 [FXGL Background Thread 4 ] DEBUG FXGLAssetLoaderServi - Loading from file system: jar:file:///C:/Users/larih/.m2/repository/com/github/almasb/fxgl/17.1/fxgl-17.1.jar!/fxglassets/ui/fonts/Abel-Regular.ttf
08:50:04.638 [JavaFX Application Thread] DEBUG GameApplicationServi - Removing overlay from FXGLStartupScene and adding to FXGLLoadingScene
08:50:04.639 [JavaFX Application Thread] DEBUG PrimaryStageWindow   - FXGLStartupScene -> FXGLLoadingScene
08:50:04.639 [JavaFX Application Thread] DEBUG GameApplicationServi - Clearing previous game
08:50:04.639 [JavaFX Application Thread] DEBUG GameScene            - Clearing game scene
08:50:04.639 [JavaFX Application Thread] DEBUG GameWorld            - Clearing game world
08:50:04.640 [JavaFX Application Thread] DEBUG PhysicsWorld         - Clearing physics world
08:50:04.642 [FXGL Background Thread 1 ] DEBUG FXGLApplication      - Initializing game
08:50:04.645 [FXGL Background Thread 4 ] DEBUG FXGLAssetLoaderServi - Loading from file system: jar:file:///C:/Users/larih/.m2/repository/com/github/almasb/fxgl/17.1/fxgl-17.1.jar!/fxglassets/ui/fonts/TerminalLandMono-Regular.otf
08:50:04.664 [FXGL Background Thread 4 ] DEBUG FXGLAssetLoaderServi - Loading from file system: jar:file:///C:/Users/larih/.m2/repository/com/github/almasb/fxgl/17.1/fxgl-17.1.jar!/fxglassets/ui/fonts/Courier-Prime.ttf
08:50:04.728 [JavaFX Application Thread] DEBUG FXGLApplication      - Registering font factories with UI factory
08:50:04.786 [FXGL Background Thread 1 ] DEBUG FXGLAssetLoaderServi - Loading from file system: file:/C:/Users/larih/OneDrive/Documentos/Java_Oracle/pizzitas/target/classes/assets/textures/recepcionista.png
08:50:04.807 [FXGL Background Thread 1 ] DEBUG FXGLAssetLoaderServi - Loading from file system: file:/C:/Users/larih/OneDrive/Documentos/Java_Oracle/pizzitas/target/classes/assets/textures/mesero.png
08:50:04.815 [FXGL Background Thread 1 ] WARN  GameWorld            - Entity is already attached to world
08:50:04.818 [FXGL Background Thread 1 ] WARN  GameWorld            - Entity is already attached to world
08:50:04.820 [FXGL Background Thread 1 ] WARN  GameWorld            - Entity is already attached to world
08:50:04.821 [FXGL Background Thread 1 ] WARN  GameWorld            - Entity is already attached to world
08:50:04.823 [FXGL Background Thread 1 ] WARN  GameWorld            - Entity is already attached to world
08:50:04.824 [FXGL Background Thread 1 ] WARN  GameWorld            - Entity is already attached to world
08:50:04.826 [FXGL Background Thread 1 ] WARN  GameWorld            - Entity is already attached to world
08:50:04.832 [FXGL Background Thread 1 ] DEBUG FXGLAssetLoaderServi - Loading from file system: file:/C:/Users/larih/OneDrive/Documentos/Java_Oracle/pizzitas/target/classes/assets/textures/bg.jpg
08:50:04.859 [FXGL Background Thread 1 ] INFO  FXGLApplication      - Game initialization took: 0.217 sec
08:50:04.879 [JavaFX Application Thread] DEBUG Input                - Clearing active input actions
08:50:04.897 [JavaFX Application Thread] DEBUG GameApplicationServi - Removing overlay from FXGLLoadingScene and adding to GameScene
08:50:04.897 [JavaFX Application Thread] DEBUG PrimaryStageWindow   - FXGLLoadingScene -> GameScene
08:50:05.250 [FXGL Background Thread 2 ] INFO  UpdaterService       - Your current version:  17.1
08:50:05.250 [FXGL Background Thread 2 ] INFO  UpdaterService       - Latest stable version: 17.3
08:50:07.493 [FXGL Background Thread 3 ] DEBUG Engine               - Logging environment variables
08:50:07.495 [FXGL Background Thread 3 ] DEBUG Engine               - achievements: []
08:50:07.495 [FXGL Background Thread 3 ] DEBUG Engine               - actualHeight: 450.0
08:50:07.496 [FXGL Background Thread 3 ] DEBUG Engine               - actualHeightProperty: ReadOnlyDoubleProperty [value: 450.0]
08:50:07.496 [FXGL Background Thread 3 ] DEBUG Engine               - actualWidth: 800.0
08:50:07.496 [FXGL Background Thread 3 ] DEBUG Engine               - actualWidthProperty: ReadOnlyDoubleProperty [value: 800.0]
08:50:07.497 [FXGL Background Thread 3 ] DEBUG Engine               - appIcon: fxgl_icon.png
08:50:07.497 [FXGL Background Thread 3 ] DEBUG Engine               - applicationMode: DEVELOPER
08:50:07.497 [FXGL Background Thread 3 ] DEBUG Engine               - cSSList: [fxgl_dark.css]
08:50:07.497 [FXGL Background Thread 3 ] DEBUG Engine               - collisionDetectionStrategy: BRUTE_FORCE
08:50:07.498 [FXGL Background Thread 3 ] DEBUG Engine               - configClass: Optional.empty
08:50:07.498 [FXGL Background Thread 3 ] DEBUG Engine               - credits: []
08:50:07.499 [FXGL Background Thread 3 ] DEBUG Engine               - defaultCursor: CursorInfo(imageName=fxgl_default_cursor.png, hotspotX=7.0, hotspotY=6.0)
08:50:07.499 [FXGL Background Thread 3 ] DEBUG Engine               - devBBoxColorProperty: ObjectProperty [value: 0xff0000ff]
08:50:07.500 [FXGL Background Thread 3 ] DEBUG Engine               - devEnableDebugCameraProperty: BooleanProperty [value: false]
08:50:07.500 [FXGL Background Thread 3 ] DEBUG Engine               - devSensorColorProperty: ObjectProperty [value: 0xffff00ff]
08:50:07.500 [FXGL Background Thread 3 ] DEBUG Engine               - devShowBBoxProperty: BooleanProperty [value: false]
08:50:07.501 [FXGL Background Thread 3 ] DEBUG Engine               - devShowPositionProperty: BooleanProperty [value: false]
08:50:07.501 [FXGL Background Thread 3 ] DEBUG Engine               - enabledMenuItems: []
08:50:07.501 [FXGL Background Thread 3 ] DEBUG Engine               - engineServices: [class com.almasb.fxgl.app.services.FXGLAssetLoaderService, class com.almasb.fxgl.app.FXGLApplication$GameApplicationService, class com.almasb.fxgl.app.services.FXGLDialogService, class com.almasb.fxgl.app.services.IOTaskExecutorService, class com.almasb.fxgl.io.FileSystemService, class com.almasb.fxgl.localization.LocalizationService, class com.almasb.fxgl.app.services.SystemBundleService, class com.almasb.fxgl.profile.SaveLoadService, class com.almasb.fxgl.ui.FXGLUIFactoryServiceProvider, class com.almasb.fxgl.ui.FXGLDialogFactoryServiceProvider, class com.almasb.fxgl.audio.AudioPlayer, class com.almasb.fxgl.notification.impl.NotificationServiceProvider, class com.almasb.fxgl.achievement.AchievementService, class com.almasb.fxgl.cutscene.CutsceneService, class com.almasb.fxgl.minigames.MiniGameService, class com.almasb.fxgl.net.NetService, class com.almasb.fxgl.app.services.UpdaterService, class com.almasb.fxgl.dev.DevService]
08:50:07.501 [FXGL Background Thread 3 ] DEBUG Engine               - fontGame: Abel-Regular.ttf
08:50:07.502 [FXGL Background Thread 3 ] DEBUG Engine               - fontMono: TerminalLandMono-Regular.otf
08:50:07.502 [FXGL Background Thread 3 ] DEBUG Engine               - fontText: Courier-Prime.ttf
08:50:07.502 [FXGL Background Thread 3 ] DEBUG Engine               - fontUI: VarelaRound-Regular.ttf
08:50:07.502 [FXGL Background Thread 3 ] DEBUG Engine               - fullScreen: BooleanProperty [value: false]
08:50:07.502 [FXGL Background Thread 3 ] DEBUG Engine               - gameDifficulty: MEDIUM
08:50:07.502 [FXGL Background Thread 3 ] DEBUG Engine               - gameDifficultyProperty: ObjectProperty [value: MEDIUM]
08:50:07.503 [FXGL Background Thread 3 ] DEBUG Engine               - globalMusicVolume: 0.5
08:50:07.503 [FXGL Background Thread 3 ] DEBUG Engine               - globalMusicVolumeProperty: DoubleProperty [value: 0.5]
08:50:07.503 [FXGL Background Thread 3 ] DEBUG Engine               - globalSoundVolume: 0.5
08:50:07.503 [FXGL Background Thread 3 ] DEBUG Engine               - globalSoundVolumeProperty: DoubleProperty [value: 0.5]
08:50:07.504 [FXGL Background Thread 3 ] DEBUG Engine               - height: 450
08:50:07.504 [FXGL Background Thread 3 ] DEBUG Engine               - is3D: false
08:50:07.504 [FXGL Background Thread 3 ] DEBUG Engine               - isAndroid: false
08:50:07.504 [FXGL Background Thread 3 ] DEBUG Engine               - isBrowser: false
08:50:07.505 [FXGL Background Thread 3 ] DEBUG Engine               - isClickFeedbackEnabled: false
08:50:07.505 [FXGL Background Thread 3 ] DEBUG Engine               - isCloseConfirmation: false
08:50:07.505 [FXGL Background Thread 3 ] DEBUG Engine               - isDesktop: true
08:50:07.505 [FXGL Background Thread 3 ] DEBUG Engine               - isDeveloperMenuEnabled: false
08:50:07.505 [FXGL Background Thread 3 ] DEBUG Engine               - isEmbedded: false
08:50:07.505 [FXGL Background Thread 3 ] DEBUG Engine               - isEntityPreloadEnabled: true
08:50:07.506 [FXGL Background Thread 3 ] DEBUG Engine               - isExperimentalTiledLargeMap: false
08:50:07.506 [FXGL Background Thread 3 ] DEBUG Engine               - isFileSystemWriteAllowed: true
08:50:07.506 [FXGL Background Thread 3 ] DEBUG Engine               - isFullScreenAllowed: false
08:50:07.506 [FXGL Background Thread 3 ] DEBUG Engine               - isFullScreenFromStart: false
08:50:07.507 [FXGL Background Thread 3 ] DEBUG Engine               - isGameMenuEnabled: true
08:50:07.507 [FXGL Background Thread 3 ] DEBUG Engine               - isIOS: false
08:50:07.507 [FXGL Background Thread 3 ] DEBUG Engine               - isIntroEnabled: false
08:50:07.507 [FXGL Background Thread 3 ] DEBUG Engine               - isLinux: false
08:50:07.507 [FXGL Background Thread 3 ] DEBUG Engine               - isMac: false
08:50:07.507 [FXGL Background Thread 3 ] DEBUG Engine               - isMainMenuEnabled: false
08:50:07.508 [FXGL Background Thread 3 ] DEBUG Engine               - isManualResizeEnabled: false
08:50:07.508 [FXGL Background Thread 3 ] DEBUG Engine               - isMobile: false
08:50:07.508 [FXGL Background Thread 3 ] DEBUG Engine               - isNative: false
08:50:07.508 [FXGL Background Thread 3 ] DEBUG Engine               - isPauseMusicWhenMinimized: true
08:50:07.508 [FXGL Background Thread 3 ] DEBUG Engine               - isPreserveResizeRatio: false
08:50:07.508 [FXGL Background Thread 3 ] DEBUG Engine               - isProfilingEnabled: false
08:50:07.509 [FXGL Background Thread 3 ] DEBUG Engine               - isScaleAffectedOnResize: true
08:50:07.509 [FXGL Background Thread 3 ] DEBUG Engine               - isSingleStep: false
08:50:07.509 [FXGL Background Thread 3 ] DEBUG Engine               - isUserProfileEnabled: false
08:50:07.509 [FXGL Background Thread 3 ] DEBUG Engine               - isWindows: true
08:50:07.509 [FXGL Background Thread 3 ] DEBUG Engine               - language: ObjectProperty [value: ENGLISH]
08:50:07.509 [FXGL Background Thread 3 ] DEBUG Engine               - menuKey: ESCAPE
08:50:07.509 [FXGL Background Thread 3 ] DEBUG Engine               - mouseSensitivity: 0.2
08:50:07.510 [FXGL Background Thread 3 ] DEBUG Engine               - notificationViewClass: class com.almasb.fxgl.notification.view.XboxNotificationView
08:50:07.510 [FXGL Background Thread 3 ] DEBUG Engine               - pixelsPerMeter: 50.0
08:50:07.510 [FXGL Background Thread 3 ] DEBUG Engine               - platform: WINDOWS
08:50:07.510 [FXGL Background Thread 3 ] DEBUG Engine               - prefHeightProperty: ReadOnlyDoubleProperty [value: 450.0]
08:50:07.510 [FXGL Background Thread 3 ] DEBUG Engine               - prefWidthProperty: ReadOnlyDoubleProperty [value: 800.0]
08:50:07.510 [FXGL Background Thread 3 ] DEBUG Engine               - profileDir: profiles/
08:50:07.511 [FXGL Background Thread 3 ] DEBUG Engine               - profileName: StringProperty [value: DEFAULT]
08:50:07.511 [FXGL Background Thread 3 ] DEBUG Engine               - randomSeed: -1
08:50:07.511 [FXGL Background Thread 3 ] DEBUG Engine               - runtimeInfo: RuntimeInfo(platform=WINDOWS, version=17.1, build=24.03.2022 17.34)
08:50:07.512 [FXGL Background Thread 3 ] DEBUG Engine               - saveFileExt: sav
08:50:07.512 [FXGL Background Thread 3 ] DEBUG Engine               - scaledHeightProp$fxgl: DoubleProperty [bound, value: 450.0]
08:50:07.512 [FXGL Background Thread 3 ] DEBUG Engine               - scaledWidthProp$fxgl: DoubleProperty [bound, value: 800.0]
08:50:07.512 [FXGL Background Thread 3 ] DEBUG Engine               - sceneFactory: com.almasb.fxgl.app.scene.SceneFactory@7ae2ab6d
08:50:07.512 [FXGL Background Thread 3 ] DEBUG Engine               - secondsIn24h: 60
08:50:07.513 [FXGL Background Thread 3 ] DEBUG Engine               - soundMenuBack: menu/back.wav
08:50:07.513 [FXGL Background Thread 3 ] DEBUG Engine               - soundMenuPress: menu/press.wav
08:50:07.513 [FXGL Background Thread 3 ] DEBUG Engine               - soundMenuSelect: menu/select.wav
08:50:07.513 [FXGL Background Thread 3 ] DEBUG Engine               - soundNotification: core/notification.wav
08:50:07.513 [FXGL Background Thread 3 ] DEBUG Engine               - stageStyle: DECORATED
08:50:07.514 [FXGL Background Thread 3 ] DEBUG Engine               - supportedLanguages: [ENGLISH, FRENCH, GERMAN, HUNGARIAN, RUSSIAN]
08:50:07.514 [FXGL Background Thread 3 ] DEBUG Engine               - ticksPerSecond: -1
08:50:07.514 [FXGL Background Thread 3 ] DEBUG Engine               - title: Pizzería
08:50:07.514 [FXGL Background Thread 3 ] DEBUG Engine               - urlGithub: https://github.com/AlmasB/FXGL
08:50:07.514 [FXGL Background Thread 3 ] DEBUG Engine               - urlLeaderboard: http://fxgl-top.herokuapp.com/
08:50:07.514 [FXGL Background Thread 3 ] DEBUG Engine               - urlPOM: https://raw.githubusercontent.com/AlmasB/FXGL/release/README.md
08:50:07.515 [FXGL Background Thread 3 ] DEBUG Engine               - userAppClass: class com.example.pizzitas.Main
08:50:07.515 [FXGL Background Thread 3 ] DEBUG Engine               - version: 0.0
08:50:07.515 [FXGL Background Thread 3 ] DEBUG Engine               - versionCheckDays: 7
08:50:07.515 [FXGL Background Thread 3 ] DEBUG Engine               - width: 800
08:50:07.515 [FXGL Background Thread 3 ] DEBUG Engine               - Logging services
08:50:07.516 [FXGL Background Thread 3 ] DEBUG Engine               - class com.almasb.fxgl.app.services.FXGLAssetLoaderService
08:50:07.516 [FXGL Background Thread 3 ] DEBUG Engine               - class com.almasb.fxgl.app.FXGLApplication$GameApplicationService
08:50:07.516 [FXGL Background Thread 3 ] DEBUG Engine               - class com.almasb.fxgl.app.services.FXGLDialogService
08:50:07.517 [FXGL Background Thread 3 ] DEBUG Engine               - class com.almasb.fxgl.app.services.IOTaskExecutorService
08:50:07.517 [FXGL Background Thread 3 ] DEBUG Engine               - class com.almasb.fxgl.io.FileSystemService
08:50:07.517 [FXGL Background Thread 3 ] DEBUG Engine               - class com.almasb.fxgl.localization.LocalizationService
08:50:07.517 [FXGL Background Thread 3 ] DEBUG Engine               - class com.almasb.fxgl.app.services.SystemBundleService
08:50:07.517 [FXGL Background Thread 3 ] DEBUG Engine               - class com.almasb.fxgl.profile.SaveLoadService
08:50:07.517 [FXGL Background Thread 3 ] DEBUG Engine               - class com.almasb.fxgl.ui.FXGLUIFactoryServiceProvider
08:50:07.517 [FXGL Background Thread 3 ] DEBUG Engine               - class com.almasb.fxgl.ui.FXGLDialogFactoryServiceProvider
08:50:07.517 [FXGL Background Thread 3 ] DEBUG Engine               - class com.almasb.fxgl.audio.AudioPlayer
08:50:07.518 [FXGL Background Thread 3 ] DEBUG Engine               - class com.almasb.fxgl.notification.impl.NotificationServiceProvider
08:50:07.518 [FXGL Background Thread 3 ] DEBUG Engine               - class com.almasb.fxgl.achievement.AchievementService
08:50:07.518 [FXGL Background Thread 3 ] DEBUG Engine               - class com.almasb.fxgl.cutscene.CutsceneService
08:50:07.518 [FXGL Background Thread 3 ] DEBUG Engine               - class com.almasb.fxgl.minigames.MiniGameService
08:50:07.518 [FXGL Background Thread 3 ] DEBUG Engine               - class com.almasb.fxgl.net.NetService
08:50:07.518 [FXGL Background Thread 3 ] DEBUG Engine               - class com.almasb.fxgl.app.services.UpdaterService
08:50:07.519 [FXGL Background Thread 3 ] DEBUG Engine               - class com.almasb.fxgl.dev.DevService
08:50:09.876 [JavaFX Application Thread] DEBUG FXGLAssetLoaderServi - Loading from file system: file:/C:/Users/larih/OneDrive/Documentos/Java_Oracle/pizzitas/target/classes/assets/textures/nino.png
08:50:09.880 [JavaFX Application Thread] WARN  GameWorld            - Entity is already attached to world
08:50:09.883 [JavaFX Application Thread] DEBUG FXGLAssetLoaderServi - Loading from file system: file:/C:/Users/larih/OneDrive/Documentos/Java_Oracle/pizzitas/target/classes/assets/textures/pizza.png
08:50:09.888 [JavaFX Application Thread] WARN  GameWorld            - Entity is already attached to world
08:50:10.677 [JavaFX Application Thread] WARN  GameWorld            - Entity is already attached to world
08:50:10.684 [JavaFX Application Thread] WARN  GameWorld            - Entity is already attached to world
08:50:11.732 [JavaFX Application Thread] WARN  GameWorld            - Entity is already attached to world
08:50:11.736 [JavaFX Application Thread] WARN  GameWorld            - Entity is already attached to world
08:50:12.980 [JavaFX Application Thread] WARN  GameWorld            - Entity is already attached to world
08:50:12.984 [JavaFX Application Thread] WARN  GameWorld            - Entity is already attached to world
08:50:14.388 [JavaFX Application Thread] WARN  GameWorld            - Entity is already attached to world
08:50:14.390 [JavaFX Application Thread] WARN  GameWorld            - Entity is already attached to world
08:50:14.948 [JavaFX Application Thread] WARN  GameWorld            - Entity is already attached to world
08:50:14.951 [JavaFX Application Thread] WARN  GameWorld            - Entity is already attached to world
08:50:15.556 [JavaFX Application Thread] WARN  GameWorld            - Entity is already attached to world
08:50:15.558 [JavaFX Application Thread] WARN  GameWorld            - Entity is already attached to world
08:50:17.380 [JavaFX Application Thread] WARN  GameWorld            - Entity is already attached to world
08:50:17.382 [JavaFX Application Thread] WARN  GameWorld            - Entity is already attached to world
08:50:17.588 [JavaFX Application Thread] WARN  GameWorld            - Entity is already attached to world
08:50:17.591 [JavaFX Application Thread] WARN  GameWorld            - Entity is already attached to world
08:50:19.333 [JavaFX Application Thread] WARN  GameWorld            - Entity is already attached to world
08:50:19.336 [JavaFX Application Thread] WARN  GameWorld            - Entity is already attached to world
08:50:20.212 [JavaFX Application Thread] WARN  GameWorld            - Entity is already attached to world
08:50:20.214 [JavaFX Application Thread] WARN  GameWorld            - Entity is already attached to world
08:50:21.285 [JavaFX Application Thread] WARN  GameWorld            - Entity is already attached to world
08:50:21.288 [JavaFX Application Thread] WARN  GameWorld            - Entity is already attached to world
08:50:21.715 [JavaFX Application Thread] WARN  GameWorld            - Entity is already attached to world
08:50:21.716 [JavaFX Application Thread] WARN  GameWorld            - Entity is already attached to world
08:50:22.771 [JavaFX Application Thread] WARN  GameWorld            - Entity is already attached to world
08:50:22.773 [JavaFX Application Thread] WARN  GameWorld            - Entity is already attached to world
08:50:23.571 [JavaFX Application Thread] WARN  GameWorld            - Entity is already attached to world
08:50:23.573 [JavaFX Application Thread] WARN  GameWorld            - Entity is already attached to world
08:50:24.965 [JavaFX Application Thread] WARN  GameWorld            - Entity is already attached to world
08:50:24.969 [JavaFX Application Thread] WARN  GameWorld            - Entity is already attached to world
08:50:25.829 [JavaFX Application Thread] WARN  GameWorld            - Entity is already attached to world
08:50:25.831 [JavaFX Application Thread] WARN  GameWorld            - Entity is already attached to world
08:50:26.483 [JavaFX Application Thread] WARN  GameWorld            - Entity is already attached to world
08:50:26.485 [JavaFX Application Thread] WARN  GameWorld            - Entity is already attached to world
08:50:27.736 [JavaFX Application Thread] WARN  GameWorld            - Entity is already attached to world
08:50:27.739 [JavaFX Application Thread] WARN  GameWorld            - Entity is already attached to world
08:50:28.788 [JavaFX Application Thread] WARN  GameWorld            - Entity is already attached to world
08:50:28.791 [JavaFX Application Thread] WARN  GameWorld            - Entity is already attached to world
08:50:30.180 [JavaFX Application Thread] WARN  GameWorld            - Entity is already attached to world
08:50:30.182 [JavaFX Application Thread] WARN  GameWorld            - Entity is already attached to world
08:50:31.316 [JavaFX Application Thread] WARN  GameWorld            - Entity is already attached to world
08:50:31.318 [JavaFX Application Thread] WARN  GameWorld            - Entity is already attached to world
08:50:31.379 [JavaFX Application Thread] WARN  GameWorld            - Entity is already attached to world
08:50:31.382 [JavaFX Application Thread] WARN  GameWorld            - Entity is already attached to world
08:50:32.627 [JavaFX Application Thread] WARN  GameWorld            - Entity is already attached to world
08:50:32.630 [JavaFX Application Thread] WARN  GameWorld            - Entity is already attached to world
08:50:33.987 [JavaFX Application Thread] WARN  GameWorld            - Entity is already attached to world
08:50:33.989 [JavaFX Application Thread] WARN  GameWorld            - Entity is already attached to world
08:50:34.338 [JavaFX Application Thread] DEBUG LoopRunner           - Stopping loop
08:50:34.342 [JavaFX Application Thread] FATAL FXGLApplication      - Uncaught Exception:
java.lang.IndexOutOfBoundsException: Index -1 out of bounds for length 8
	at java.base/jdk.internal.util.Preconditions.outOfBounds(Preconditions.java:64)
	at java.base/jdk.internal.util.Preconditions.outOfBoundsCheckIndex(Preconditions.java:70)
	at java.base/jdk.internal.util.Preconditions.checkIndex(Preconditions.java:266)
	at java.base/java.util.Objects.checkIndex(Objects.java:361)
	at java.base/java.util.ArrayList.get(ArrayList.java:427)
	at javafx.graphics/javafx.scene.Parent.updateCachedBounds(Parent.java:1704)
	at javafx.graphics/javafx.scene.Parent.recomputeBounds(Parent.java:1648)
	at javafx.graphics/javafx.scene.Parent.doComputeGeomBounds(Parent.java:1501)
	at javafx.graphics/javafx.scene.Parent$1.doComputeGeomBounds(Parent.java:115)
	at javafx.graphics/com.sun.javafx.scene.ParentHelper.computeGeomBoundsImpl(ParentHelper.java:84)
	at javafx.graphics/com.sun.javafx.scene.NodeHelper.computeGeomBounds(NodeHelper.java:116)
	at javafx.graphics/javafx.scene.Node.updateGeomBounds(Node.java:3813)
	at javafx.graphics/javafx.scene.Node.getGeomBounds(Node.java:3775)
	at javafx.graphics/javafx.scene.Node.doComputeLayoutBounds(Node.java:3623)
	at javafx.graphics/javafx.scene.Node$1.doComputeLayoutBounds(Node.java:449)
	at javafx.graphics/com.sun.javafx.scene.NodeHelper.computeLayoutBoundsImpl(NodeHelper.java:167)
	at javafx.graphics/com.sun.javafx.scene.GroupHelper.computeLayoutBoundsImpl(GroupHelper.java:63)
	at javafx.graphics/com.sun.javafx.scene.NodeHelper.computeLayoutBounds(NodeHelper.java:107)
	at javafx.graphics/javafx.scene.Node$13.computeBounds(Node.java:3475)
	at javafx.graphics/javafx.scene.Node$LazyBoundsProperty.get(Node.java:9691)
	at javafx.graphics/javafx.scene.Node$LazyBoundsProperty.get(Node.java:9661)
	at javafx.graphics/javafx.scene.Node.getLayoutBounds(Node.java:3490)
	at javafx.graphics/javafx.scene.Parent.computePrefWidth(Parent.java:1090)
	at javafx.graphics/javafx.scene.layout.Region.computePrefWidth(Region.java:1684)
	at javafx.graphics/javafx.scene.Parent.prefWidth(Parent.java:1020)
	at javafx.graphics/javafx.scene.layout.Region.prefWidth(Region.java:1589)
	at javafx.graphics/javafx.scene.Node.autosize(Node.java:3136)
	at javafx.graphics/javafx.scene.Parent.layoutChildren(Parent.java:1238)
	at javafx.graphics/javafx.scene.Parent.layout(Parent.java:1207)
	at javafx.graphics/javafx.scene.Scene.doLayoutPass(Scene.java:579)
	at javafx.graphics/javafx.scene.Scene$ScenePulseListener.pulse(Scene.java:2515)
	at javafx.graphics/com.sun.javafx.tk.Toolkit.lambda$runPulse$2(Toolkit.java:421)
	at java.base/java.security.AccessController.doPrivileged(AccessController.java:399)
	at javafx.graphics/com.sun.javafx.tk.Toolkit.runPulse(Toolkit.java:420)
	at javafx.graphics/com.sun.javafx.tk.Toolkit.firePulse(Toolkit.java:450)
	at javafx.graphics/com.sun.javafx.tk.quantum.QuantumToolkit.pulse(QuantumToolkit.java:575)
	at javafx.graphics/com.sun.javafx.tk.quantum.QuantumToolkit.pulse(QuantumToolkit.java:555)
	at javafx.graphics/com.sun.javafx.tk.quantum.QuantumToolkit.pulseFromQueue(QuantumToolkit.java:548)
	at javafx.graphics/com.sun.javafx.tk.quantum.QuantumToolkit.lambda$runToolkit$11(QuantumToolkit.java:353)
	at javafx.graphics/com.sun.glass.ui.InvokeLaterDispatcher$Future.run(InvokeLaterDispatcher.java:96)
	at javafx.graphics/com.sun.glass.ui.win.WinApplication._runLoop(Native Method)
	at javafx.graphics/com.sun.glass.ui.win.WinApplication.lambda$runLoop$3(WinApplication.java:184)
	at java.base/java.lang.Thread.run(Thread.java:840)

08:50:34.342 [JavaFX Application Thread] FATAL FXGLApplication      - Application will now exit
08:50:34.377 [JavaFX Application Thread] DEBUG PrimaryStageWindow   - Push state: ErrorSubScene
08:50:34.377 [JavaFX Application Thread] DEBUG Input                - Clearing active input actions
08:50:34.381 [JavaFX Application Thread] DEBUG GameApplicationServi - Removing overlay from GameScene and adding to ErrorSubScene
08:50:34.381 [JavaFX Application Thread] DEBUG PrimaryStageWindow   - GameScene -> ErrorSubScene
08:50:35.438 [JavaFX Application Thread] DEBUG FXGLApplication      - Exiting FXGL
08:50:35.438 [JavaFX Application Thread] DEBUG Async                - Shutting down background threads
08:50:35.438 [JavaFX Application Thread] DEBUG PrimaryStageWindow   - Closing main window
08:50:35.500 [JavaFX Application Thread] DEBUG Logger               - Closing Logger
