13:50:00.192 [main                     ] DEBUG Logger               - Configured Logger
13:50:00.239 [main                     ] DEBUG GameApplication      - Logging settings
Title: Pizzería
Version: 0.0
Width: 800
Height: 450
Fullscreen: false
Intro: false
Profiling: false
Single step:false
App Mode: DEVELOPER
Menu Key: ESCAPE
Stage Style: DECORATED
Scene Factory: class com.almasb.fxgl.app.scene.SceneFactory

13:50:00.783 [JavaFX Application Thread] DEBUG FXGLApplication      - Initializing FXGL
13:50:00.793 [JavaFX Application Thread] INFO  Engine               - FXGL-17.1 (24.03.2022 17.34) on WINDOWS (J:17.0.9 FX:17.0.2-ea)
13:50:00.794 [JavaFX Application Thread] DEBUG Engine               - JRE Vendor Name: Amazon.com Inc.
13:50:00.794 [JavaFX Application Thread] DEBUG Engine               - Running on OS: Windows 11 version 10.0
13:50:00.795 [JavaFX Application Thread] DEBUG Engine               - Architecture: amd64
13:50:00.795 [JavaFX Application Thread] INFO  Engine               - Source code and latest versions at: https://github.com/AlmasB/FXGL
13:50:00.795 [JavaFX Application Thread] INFO  Engine               -       Ask questions and discuss at: https://github.com/AlmasB/FXGL/discussions
13:50:00.796 [JavaFX Application Thread] INFO  Engine               -              Join the FXGL chat at: https://gitter.im/AlmasB/FXGL
13:50:00.924 [JavaFX Application Thread] DEBUG PrimaryStageWindow   - Creating a JavaFX scene
13:50:00.982 [JavaFX Application Thread] DEBUG PrimaryStageWindow   - Target settings size: 800.0 x 450.0
13:50:00.982 [JavaFX Application Thread] DEBUG PrimaryStageWindow   - Scaled scene size:    800.0 x 450.0
13:50:00.982 [JavaFX Application Thread] DEBUG PrimaryStageWindow   - Scaled ratio: (1.0, 1.0)
13:50:00.985 [JavaFX Application Thread] DEBUG PrimaryStageWindow   - Set initial scene to FXGLStartupScene
13:50:00.997 [JavaFX Application Thread] DEBUG PrimaryStageWindow   - Opening main window
13:50:01.155 [JavaFX Application Thread] DEBUG PrimaryStageWindow   - Window border size: (16.0, 39.0)
13:50:01.156 [JavaFX Application Thread] DEBUG PrimaryStageWindow   - Scaled size: 800.0 x 450.0
13:50:01.156 [JavaFX Application Thread] DEBUG PrimaryStageWindow   - Scaled ratio: (1.0, 1.0)
13:50:01.157 [JavaFX Application Thread] DEBUG PrimaryStageWindow   - Scene size: 800.0 x 450.0
13:50:01.157 [JavaFX Application Thread] DEBUG PrimaryStageWindow   - Stage size: 816.0 x 489.0
13:50:01.170 [FXGL Background Thread 1 ] DEBUG Engine               - Initializing environment variables
13:50:01.220 [FXGL Background Thread 1 ] DEBUG FXGLAssetLoaderServi - User app class for loading assets: class com.example.pizzitas.Main
13:50:01.220 [FXGL Background Thread 1 ] DEBUG GameApplicationServi - Applying CSS: fxgl_dark.css
13:50:01.221 [FXGL Background Thread 1 ] DEBUG FXGLAssetLoaderServi - Loading from file system: jar:file:///C:/Users/larih/.m2/repository/com/github/almasb/fxgl/17.1/fxgl-17.1.jar!/fxglassets/ui/css/fxgl_dark.css
13:50:01.303 [FXGL Background Thread 1 ] DEBUG GameApplicationServi - Initializing application scenes
13:50:01.381 [FXGL Background Thread 1 ] DEBUG GameWorld            - Game world initialized
13:50:01.502 [FXGL Background Thread 1 ] DEBUG PhysicsWorld         - Physics world initialized: appHeight=450, physics.ppm=50.0
13:50:01.503 [FXGL Background Thread 1 ] DEBUG PhysicsWorld         - Using strategy: BRUTE_FORCE
13:50:01.508 [FXGL Background Thread 1 ] DEBUG GameScene            - Game scene initialized: 800x450
13:50:01.521 [FXGL Background Thread 1 ] WARN  FXGL.DefaultMenu     - FXGLDefaultMenu is not designed for resolutions < 800x600
13:50:01.522 [FXGL Background Thread 1 ] DEBUG FXGL.DefaultMenu     - createMenuBodyGameMenu()
13:50:01.544 [FXGL Background Thread 1 ] DEBUG FXGL.DefaultMenu     - createOptionsMenu()
13:50:01.559 [FXGL Background Thread 1 ] DEBUG FXGLAssetLoaderServi - Loading from file system: jar:file:///C:/Users/larih/.m2/repository/com/github/almasb/fxgl/17.1/fxgl-17.1.jar!/fxglassets/textures/particles/smoke.png
13:50:01.680 [FXGL Background Thread 1 ] DEBUG FXGLAssetLoaderServi - Loading from file system: jar:file:///C:/Users/larih/.m2/repository/com/github/almasb/fxgl/17.1/fxgl-17.1.jar!/fxglassets/textures/particles/trace_horizontal.png
13:50:01.727 [FXGL Background Thread 1 ] DEBUG GameApplicationServi - Application scenes initialized
13:50:01.743 [FXGL Background Thread 1 ] DEBUG SystemBundleService  - Loading FXGL system data
13:50:01.750 [FXGL Background Thread 1 ] DEBUG FileSystemAccess     - Reading from: C:\Users\larih\OneDrive\Documentos\Java_Oracle\pizzitas\system\fxgl.bundle
13:50:01.762 [FXGL Background Thread 1 ] DEBUG SystemBundleService  - Bundle FXGL: {}
13:50:01.762 [FXGL Background Thread 1 ] DEBUG UpdaterService       - Checking for updates
13:50:01.769 [FXGL Background Thread 4 ] DEBUG FXGLApplication      - Loading fonts
13:50:01.769 [FXGL Background Thread 1 ] DEBUG FXGLApplication      - Loading default localization
13:50:01.769 [FXGL Background Thread 4 ] DEBUG FXGLAssetLoaderServi - Loading from file system: jar:file:///C:/Users/larih/.m2/repository/com/github/almasb/fxgl/17.1/fxgl-17.1.jar!/fxglassets/ui/fonts/VarelaRound-Regular.ttf
13:50:01.770 [FXGL Background Thread 1 ] DEBUG FXGLAssetLoaderServi - Loading from file system: jar:file:///C:/Users/larih/.m2/repository/com/github/almasb/fxgl/17.1/fxgl-17.1.jar!/fxglassets/languages/english.lang
13:50:01.804 [FXGL Background Thread 1 ] INFO  FXGLApplication      - FXGL initialization took: 0.634 sec
13:50:01.805 [JavaFX Application Thread] DEBUG FXGLAssetLoaderServi - Loading from file system: jar:file:///C:/Users/larih/.m2/repository/com/github/almasb/fxgl/17.1/fxgl-17.1.jar!/fxglassets/textures/fxgl_icon.png
13:50:01.840 [JavaFX Application Thread] DEBUG FXGLAssetLoaderServi - Loading from file system: jar:file:///C:/Users/larih/.m2/repository/com/github/almasb/fxgl/17.1/fxgl-17.1.jar!/fxglassets/textures/fxgl_default_cursor.png
13:50:01.861 [JavaFX Application Thread] DEBUG Input                - Registered new binding: Screenshot - CTRL+8
13:50:01.863 [JavaFX Application Thread] DEBUG Input                - Registered new binding: System info dump - CTRL+9
13:50:01.865 [JavaFX Application Thread] DEBUG Input                - Registered new binding: Restart - CTRL+R
13:50:01.868 [JavaFX Application Thread] DEBUG Input                - Registered new binding: Toggle Debug Camera - CTRL+7
13:50:01.874 [JavaFX Application Thread] DEBUG LoopRunner           - Starting loop
13:50:01.874 [JavaFX Application Thread] DEBUG LoopRunner           - Initializing JavaFX AnimationTimerLoop
13:50:01.877 [JavaFX Application Thread] DEBUG GameApplicationServi - Starting new game
13:50:01.878 [JavaFX Application Thread] DEBUG Input                - Clearing active input actions
13:50:01.886 [FXGL Background Thread 4 ] DEBUG FXGLAssetLoaderServi - Loading from file system: jar:file:///C:/Users/larih/.m2/repository/com/github/almasb/fxgl/17.1/fxgl-17.1.jar!/fxglassets/ui/fonts/Abel-Regular.ttf
13:50:01.895 [JavaFX Application Thread] DEBUG GameApplicationServi - Removing overlay from FXGLStartupScene and adding to FXGLLoadingScene
13:50:01.895 [JavaFX Application Thread] DEBUG PrimaryStageWindow   - FXGLStartupScene -> FXGLLoadingScene
13:50:01.896 [JavaFX Application Thread] DEBUG GameApplicationServi - Clearing previous game
13:50:01.896 [JavaFX Application Thread] DEBUG GameScene            - Clearing game scene
13:50:01.896 [JavaFX Application Thread] DEBUG GameWorld            - Clearing game world
13:50:01.896 [JavaFX Application Thread] DEBUG PhysicsWorld         - Clearing physics world
13:50:01.900 [FXGL Background Thread 1 ] DEBUG FXGLApplication      - Initializing game
13:50:01.904 [FXGL Background Thread 4 ] DEBUG FXGLAssetLoaderServi - Loading from file system: jar:file:///C:/Users/larih/.m2/repository/com/github/almasb/fxgl/17.1/fxgl-17.1.jar!/fxglassets/ui/fonts/TerminalLandMono-Regular.otf
13:50:01.920 [FXGL Background Thread 4 ] DEBUG FXGLAssetLoaderServi - Loading from file system: jar:file:///C:/Users/larih/.m2/repository/com/github/almasb/fxgl/17.1/fxgl-17.1.jar!/fxglassets/ui/fonts/Courier-Prime.ttf
13:50:01.979 [JavaFX Application Thread] DEBUG FXGLApplication      - Registering font factories with UI factory
13:50:02.032 [FXGL Background Thread 1 ] DEBUG FXGLAssetLoaderServi - Loading from file system: file:/C:/Users/larih/OneDrive/Documentos/Java_Oracle/pizzitas/target/classes/assets/textures/recepcionista.png
13:50:02.066 [FXGL Background Thread 1 ] DEBUG FXGLAssetLoaderServi - Loading from file system: file:/C:/Users/larih/OneDrive/Documentos/Java_Oracle/pizzitas/target/classes/assets/textures/mesero.png
13:50:02.074 [FXGL Background Thread 1 ] WARN  GameWorld            - Entity is already attached to world
13:50:02.076 [FXGL Background Thread 1 ] WARN  GameWorld            - Entity is already attached to world
13:50:02.077 [FXGL Background Thread 1 ] WARN  GameWorld            - Entity is already attached to world
13:50:02.079 [FXGL Background Thread 1 ] WARN  GameWorld            - Entity is already attached to world
13:50:02.081 [FXGL Background Thread 1 ] WARN  GameWorld            - Entity is already attached to world
13:50:02.083 [FXGL Background Thread 1 ] WARN  GameWorld            - Entity is already attached to world
13:50:02.084 [FXGL Background Thread 1 ] WARN  GameWorld            - Entity is already attached to world
13:50:02.088 [FXGL Background Thread 1 ] DEBUG FXGLAssetLoaderServi - Loading from file system: file:/C:/Users/larih/OneDrive/Documentos/Java_Oracle/pizzitas/target/classes/assets/textures/bg.jpg
13:50:02.114 [FXGL Background Thread 1 ] INFO  FXGLApplication      - Game initialization took: 0.213 sec
13:50:02.148 [JavaFX Application Thread] DEBUG Input                - Clearing active input actions
13:50:02.158 [JavaFX Application Thread] DEBUG GameApplicationServi - Removing overlay from FXGLLoadingScene and adding to GameScene
13:50:02.159 [JavaFX Application Thread] DEBUG PrimaryStageWindow   - FXGLLoadingScene -> GameScene
13:50:02.544 [FXGL Background Thread 2 ] INFO  UpdaterService       - Your current version:  17.1
13:50:02.545 [FXGL Background Thread 2 ] INFO  UpdaterService       - Latest stable version: 17.3
13:50:04.767 [FXGL Background Thread 3 ] DEBUG Engine               - Logging environment variables
13:50:04.768 [FXGL Background Thread 3 ] DEBUG Engine               - achievements: []
13:50:04.769 [FXGL Background Thread 3 ] DEBUG Engine               - actualHeight: 450.0
13:50:04.769 [FXGL Background Thread 3 ] DEBUG Engine               - actualHeightProperty: ReadOnlyDoubleProperty [value: 450.0]
13:50:04.769 [FXGL Background Thread 3 ] DEBUG Engine               - actualWidth: 800.0
13:50:04.770 [FXGL Background Thread 3 ] DEBUG Engine               - actualWidthProperty: ReadOnlyDoubleProperty [value: 800.0]
13:50:04.770 [FXGL Background Thread 3 ] DEBUG Engine               - appIcon: fxgl_icon.png
13:50:04.770 [FXGL Background Thread 3 ] DEBUG Engine               - applicationMode: DEVELOPER
13:50:04.770 [FXGL Background Thread 3 ] DEBUG Engine               - cSSList: [fxgl_dark.css]
13:50:04.770 [FXGL Background Thread 3 ] DEBUG Engine               - collisionDetectionStrategy: BRUTE_FORCE
13:50:04.770 [FXGL Background Thread 3 ] DEBUG Engine               - configClass: Optional.empty
13:50:04.771 [FXGL Background Thread 3 ] DEBUG Engine               - credits: []
13:50:04.771 [FXGL Background Thread 3 ] DEBUG Engine               - defaultCursor: CursorInfo(imageName=fxgl_default_cursor.png, hotspotX=7.0, hotspotY=6.0)
13:50:04.772 [FXGL Background Thread 3 ] DEBUG Engine               - devBBoxColorProperty: ObjectProperty [value: 0xff0000ff]
13:50:04.772 [FXGL Background Thread 3 ] DEBUG Engine               - devEnableDebugCameraProperty: BooleanProperty [value: false]
13:50:04.773 [FXGL Background Thread 3 ] DEBUG Engine               - devSensorColorProperty: ObjectProperty [value: 0xffff00ff]
13:50:04.773 [FXGL Background Thread 3 ] DEBUG Engine               - devShowBBoxProperty: BooleanProperty [value: false]
13:50:04.773 [FXGL Background Thread 3 ] DEBUG Engine               - devShowPositionProperty: BooleanProperty [value: false]
13:50:04.774 [FXGL Background Thread 3 ] DEBUG Engine               - enabledMenuItems: []
13:50:04.774 [FXGL Background Thread 3 ] DEBUG Engine               - engineServices: [class com.almasb.fxgl.app.services.FXGLAssetLoaderService, class com.almasb.fxgl.app.FXGLApplication$GameApplicationService, class com.almasb.fxgl.app.services.FXGLDialogService, class com.almasb.fxgl.app.services.IOTaskExecutorService, class com.almasb.fxgl.io.FileSystemService, class com.almasb.fxgl.localization.LocalizationService, class com.almasb.fxgl.app.services.SystemBundleService, class com.almasb.fxgl.profile.SaveLoadService, class com.almasb.fxgl.ui.FXGLUIFactoryServiceProvider, class com.almasb.fxgl.ui.FXGLDialogFactoryServiceProvider, class com.almasb.fxgl.audio.AudioPlayer, class com.almasb.fxgl.notification.impl.NotificationServiceProvider, class com.almasb.fxgl.achievement.AchievementService, class com.almasb.fxgl.cutscene.CutsceneService, class com.almasb.fxgl.minigames.MiniGameService, class com.almasb.fxgl.net.NetService, class com.almasb.fxgl.app.services.UpdaterService, class com.almasb.fxgl.dev.DevService]
13:50:04.774 [FXGL Background Thread 3 ] DEBUG Engine               - fontGame: Abel-Regular.ttf
13:50:04.775 [FXGL Background Thread 3 ] DEBUG Engine               - fontMono: TerminalLandMono-Regular.otf
13:50:04.775 [FXGL Background Thread 3 ] DEBUG Engine               - fontText: Courier-Prime.ttf
13:50:04.775 [FXGL Background Thread 3 ] DEBUG Engine               - fontUI: VarelaRound-Regular.ttf
13:50:04.775 [FXGL Background Thread 3 ] DEBUG Engine               - fullScreen: BooleanProperty [value: false]
13:50:04.776 [FXGL Background Thread 3 ] DEBUG Engine               - gameDifficulty: MEDIUM
13:50:04.776 [FXGL Background Thread 3 ] DEBUG Engine               - gameDifficultyProperty: ObjectProperty [value: MEDIUM]
13:50:04.776 [FXGL Background Thread 3 ] DEBUG Engine               - globalMusicVolume: 0.5
13:50:04.776 [FXGL Background Thread 3 ] DEBUG Engine               - globalMusicVolumeProperty: DoubleProperty [value: 0.5]
13:50:04.777 [FXGL Background Thread 3 ] DEBUG Engine               - globalSoundVolume: 0.5
13:50:04.777 [FXGL Background Thread 3 ] DEBUG Engine               - globalSoundVolumeProperty: DoubleProperty [value: 0.5]
13:50:04.777 [FXGL Background Thread 3 ] DEBUG Engine               - height: 450
13:50:04.777 [FXGL Background Thread 3 ] DEBUG Engine               - is3D: false
13:50:04.778 [FXGL Background Thread 3 ] DEBUG Engine               - isAndroid: false
13:50:04.778 [FXGL Background Thread 3 ] DEBUG Engine               - isBrowser: false
13:50:04.778 [FXGL Background Thread 3 ] DEBUG Engine               - isClickFeedbackEnabled: false
13:50:04.778 [FXGL Background Thread 3 ] DEBUG Engine               - isCloseConfirmation: false
13:50:04.779 [FXGL Background Thread 3 ] DEBUG Engine               - isDesktop: true
13:50:04.779 [FXGL Background Thread 3 ] DEBUG Engine               - isDeveloperMenuEnabled: false
13:50:04.779 [FXGL Background Thread 3 ] DEBUG Engine               - isEmbedded: false
13:50:04.779 [FXGL Background Thread 3 ] DEBUG Engine               - isEntityPreloadEnabled: true
13:50:04.779 [FXGL Background Thread 3 ] DEBUG Engine               - isExperimentalTiledLargeMap: false
13:50:04.779 [FXGL Background Thread 3 ] DEBUG Engine               - isFileSystemWriteAllowed: true
13:50:04.781 [FXGL Background Thread 3 ] DEBUG Engine               - isFullScreenAllowed: false
13:50:04.781 [FXGL Background Thread 3 ] DEBUG Engine               - isFullScreenFromStart: false
13:50:04.781 [FXGL Background Thread 3 ] DEBUG Engine               - isGameMenuEnabled: true
13:50:04.781 [FXGL Background Thread 3 ] DEBUG Engine               - isIOS: false
13:50:04.782 [FXGL Background Thread 3 ] DEBUG Engine               - isIntroEnabled: false
13:50:04.782 [FXGL Background Thread 3 ] DEBUG Engine               - isLinux: false
13:50:04.782 [FXGL Background Thread 3 ] DEBUG Engine               - isMac: false
13:50:04.782 [FXGL Background Thread 3 ] DEBUG Engine               - isMainMenuEnabled: false
13:50:04.782 [FXGL Background Thread 3 ] DEBUG Engine               - isManualResizeEnabled: false
13:50:04.783 [FXGL Background Thread 3 ] DEBUG Engine               - isMobile: false
13:50:04.783 [FXGL Background Thread 3 ] DEBUG Engine               - isNative: false
13:50:04.783 [FXGL Background Thread 3 ] DEBUG Engine               - isPauseMusicWhenMinimized: true
13:50:04.783 [FXGL Background Thread 3 ] DEBUG Engine               - isPreserveResizeRatio: false
13:50:04.783 [FXGL Background Thread 3 ] DEBUG Engine               - isProfilingEnabled: false
13:50:04.784 [FXGL Background Thread 3 ] DEBUG Engine               - isScaleAffectedOnResize: true
13:50:04.784 [FXGL Background Thread 3 ] DEBUG Engine               - isSingleStep: false
13:50:04.784 [FXGL Background Thread 3 ] DEBUG Engine               - isUserProfileEnabled: false
13:50:04.784 [FXGL Background Thread 3 ] DEBUG Engine               - isWindows: true
13:50:04.784 [FXGL Background Thread 3 ] DEBUG Engine               - language: ObjectProperty [value: ENGLISH]
13:50:04.784 [FXGL Background Thread 3 ] DEBUG Engine               - menuKey: ESCAPE
13:50:04.784 [FXGL Background Thread 3 ] DEBUG Engine               - mouseSensitivity: 0.2
13:50:04.785 [FXGL Background Thread 3 ] DEBUG Engine               - notificationViewClass: class com.almasb.fxgl.notification.view.XboxNotificationView
13:50:04.785 [FXGL Background Thread 3 ] DEBUG Engine               - pixelsPerMeter: 50.0
13:50:04.785 [FXGL Background Thread 3 ] DEBUG Engine               - platform: WINDOWS
13:50:04.785 [FXGL Background Thread 3 ] DEBUG Engine               - prefHeightProperty: ReadOnlyDoubleProperty [value: 450.0]
13:50:04.785 [FXGL Background Thread 3 ] DEBUG Engine               - prefWidthProperty: ReadOnlyDoubleProperty [value: 800.0]
13:50:04.785 [FXGL Background Thread 3 ] DEBUG Engine               - profileDir: profiles/
13:50:04.787 [FXGL Background Thread 3 ] DEBUG Engine               - profileName: StringProperty [value: DEFAULT]
13:50:04.787 [FXGL Background Thread 3 ] DEBUG Engine               - randomSeed: -1
13:50:04.788 [FXGL Background Thread 3 ] DEBUG Engine               - runtimeInfo: RuntimeInfo(platform=WINDOWS, version=17.1, build=24.03.2022 17.34)
13:50:04.788 [FXGL Background Thread 3 ] DEBUG Engine               - saveFileExt: sav
13:50:04.789 [FXGL Background Thread 3 ] DEBUG Engine               - scaledHeightProp$fxgl: DoubleProperty [bound, value: 450.0]
13:50:04.789 [FXGL Background Thread 3 ] DEBUG Engine               - scaledWidthProp$fxgl: DoubleProperty [bound, value: 800.0]
13:50:04.789 [FXGL Background Thread 3 ] DEBUG Engine               - sceneFactory: com.almasb.fxgl.app.scene.SceneFactory@445eb60d
13:50:04.789 [FXGL Background Thread 3 ] DEBUG Engine               - secondsIn24h: 60
13:50:04.790 [FXGL Background Thread 3 ] DEBUG Engine               - soundMenuBack: menu/back.wav
13:50:04.790 [FXGL Background Thread 3 ] DEBUG Engine               - soundMenuPress: menu/press.wav
13:50:04.790 [FXGL Background Thread 3 ] DEBUG Engine               - soundMenuSelect: menu/select.wav
13:50:04.790 [FXGL Background Thread 3 ] DEBUG Engine               - soundNotification: core/notification.wav
13:50:04.790 [FXGL Background Thread 3 ] DEBUG Engine               - stageStyle: DECORATED
13:50:04.790 [FXGL Background Thread 3 ] DEBUG Engine               - supportedLanguages: [ENGLISH, FRENCH, GERMAN, HUNGARIAN, RUSSIAN]
13:50:04.790 [FXGL Background Thread 3 ] DEBUG Engine               - ticksPerSecond: -1
13:50:04.790 [FXGL Background Thread 3 ] DEBUG Engine               - title: Pizzería
13:50:04.791 [FXGL Background Thread 3 ] DEBUG Engine               - urlGithub: https://github.com/AlmasB/FXGL
13:50:04.791 [FXGL Background Thread 3 ] DEBUG Engine               - urlLeaderboard: http://fxgl-top.herokuapp.com/
13:50:04.791 [FXGL Background Thread 3 ] DEBUG Engine               - urlPOM: https://raw.githubusercontent.com/AlmasB/FXGL/release/README.md
13:50:04.791 [FXGL Background Thread 3 ] DEBUG Engine               - userAppClass: class com.example.pizzitas.Main
13:50:04.791 [FXGL Background Thread 3 ] DEBUG Engine               - version: 0.0
13:50:04.791 [FXGL Background Thread 3 ] DEBUG Engine               - versionCheckDays: 7
13:50:04.791 [FXGL Background Thread 3 ] DEBUG Engine               - width: 800
13:50:04.791 [FXGL Background Thread 3 ] DEBUG Engine               - Logging services
13:50:04.791 [FXGL Background Thread 3 ] DEBUG Engine               - class com.almasb.fxgl.app.services.FXGLAssetLoaderService
13:50:04.791 [FXGL Background Thread 3 ] DEBUG Engine               - class com.almasb.fxgl.app.FXGLApplication$GameApplicationService
13:50:04.792 [FXGL Background Thread 3 ] DEBUG Engine               - class com.almasb.fxgl.app.services.FXGLDialogService
13:50:04.792 [FXGL Background Thread 3 ] DEBUG Engine               - class com.almasb.fxgl.app.services.IOTaskExecutorService
13:50:04.792 [FXGL Background Thread 3 ] DEBUG Engine               - class com.almasb.fxgl.io.FileSystemService
13:50:04.792 [FXGL Background Thread 3 ] DEBUG Engine               - class com.almasb.fxgl.localization.LocalizationService
13:50:04.792 [FXGL Background Thread 3 ] DEBUG Engine               - class com.almasb.fxgl.app.services.SystemBundleService
13:50:04.792 [FXGL Background Thread 3 ] DEBUG Engine               - class com.almasb.fxgl.profile.SaveLoadService
13:50:04.792 [FXGL Background Thread 3 ] DEBUG Engine               - class com.almasb.fxgl.ui.FXGLUIFactoryServiceProvider
13:50:04.792 [FXGL Background Thread 3 ] DEBUG Engine               - class com.almasb.fxgl.ui.FXGLDialogFactoryServiceProvider
13:50:04.792 [FXGL Background Thread 3 ] DEBUG Engine               - class com.almasb.fxgl.audio.AudioPlayer
13:50:04.792 [FXGL Background Thread 3 ] DEBUG Engine               - class com.almasb.fxgl.notification.impl.NotificationServiceProvider
13:50:04.792 [FXGL Background Thread 3 ] DEBUG Engine               - class com.almasb.fxgl.achievement.AchievementService
13:50:04.792 [FXGL Background Thread 3 ] DEBUG Engine               - class com.almasb.fxgl.cutscene.CutsceneService
13:50:04.792 [FXGL Background Thread 3 ] DEBUG Engine               - class com.almasb.fxgl.minigames.MiniGameService
13:50:04.792 [FXGL Background Thread 3 ] DEBUG Engine               - class com.almasb.fxgl.net.NetService
13:50:04.793 [FXGL Background Thread 3 ] DEBUG Engine               - class com.almasb.fxgl.app.services.UpdaterService
13:50:04.793 [FXGL Background Thread 3 ] DEBUG Engine               - class com.almasb.fxgl.dev.DevService
13:50:07.070 [JavaFX Application Thread] DEBUG FXGLAssetLoaderServi - Loading from file system: file:/C:/Users/larih/OneDrive/Documentos/Java_Oracle/pizzitas/target/classes/assets/textures/nino.png
13:50:07.074 [JavaFX Application Thread] WARN  GameWorld            - Entity is already attached to world
13:50:07.076 [JavaFX Application Thread] DEBUG FXGLAssetLoaderServi - Loading from file system: file:/C:/Users/larih/OneDrive/Documentos/Java_Oracle/pizzitas/target/classes/assets/textures/pizza.png
13:50:07.081 [JavaFX Application Thread] WARN  GameWorld            - Entity is already attached to world
13:50:08.141 [JavaFX Application Thread] WARN  GameWorld            - Entity is already attached to world
13:50:08.144 [JavaFX Application Thread] WARN  GameWorld            - Entity is already attached to world
13:50:09.246 [JavaFX Application Thread] WARN  GameWorld            - Entity is already attached to world
13:50:09.248 [JavaFX Application Thread] WARN  GameWorld            - Entity is already attached to world
13:50:10.735 [JavaFX Application Thread] WARN  GameWorld            - Entity is already attached to world
13:50:10.739 [JavaFX Application Thread] WARN  GameWorld            - Entity is already attached to world
13:50:11.613 [JavaFX Application Thread] WARN  GameWorld            - Entity is already attached to world
13:50:11.615 [JavaFX Application Thread] WARN  GameWorld            - Entity is already attached to world
13:50:12.382 [JavaFX Application Thread] WARN  GameWorld            - Entity is already attached to world
13:50:12.385 [JavaFX Application Thread] WARN  GameWorld            - Entity is already attached to world
13:50:13.373 [JavaFX Application Thread] WARN  GameWorld            - Entity is already attached to world
13:50:13.376 [JavaFX Application Thread] WARN  GameWorld            - Entity is already attached to world
13:50:14.126 [JavaFX Application Thread] WARN  GameWorld            - Entity is already attached to world
13:50:14.128 [JavaFX Application Thread] WARN  GameWorld            - Entity is already attached to world
13:50:15.261 [JavaFX Application Thread] WARN  GameWorld            - Entity is already attached to world
13:50:15.264 [JavaFX Application Thread] WARN  GameWorld            - Entity is already attached to world
13:50:16.205 [JavaFX Application Thread] WARN  GameWorld            - Entity is already attached to world
13:50:16.208 [JavaFX Application Thread] WARN  GameWorld            - Entity is already attached to world
13:50:16.990 [JavaFX Application Thread] WARN  GameWorld            - Entity is already attached to world
13:50:16.992 [JavaFX Application Thread] WARN  GameWorld            - Entity is already attached to world
13:50:18.717 [JavaFX Application Thread] WARN  GameWorld            - Entity is already attached to world
13:50:18.721 [JavaFX Application Thread] WARN  GameWorld            - Entity is already attached to world
13:50:18.797 [JavaFX Application Thread] WARN  GameWorld            - Entity is already attached to world
13:50:18.800 [JavaFX Application Thread] WARN  GameWorld            - Entity is already attached to world
13:50:19.725 [JavaFX Application Thread] WARN  GameWorld            - Entity is already attached to world
13:50:19.728 [JavaFX Application Thread] WARN  GameWorld            - Entity is already attached to world
13:50:20.862 [JavaFX Application Thread] WARN  GameWorld            - Entity is already attached to world
13:50:20.864 [JavaFX Application Thread] WARN  GameWorld            - Entity is already attached to world
13:50:22.335 [JavaFX Application Thread] WARN  GameWorld            - Entity is already attached to world
13:50:22.339 [JavaFX Application Thread] WARN  GameWorld            - Entity is already attached to world
13:50:22.783 [JavaFX Application Thread] WARN  GameWorld            - Entity is already attached to world
13:50:22.785 [JavaFX Application Thread] WARN  GameWorld            - Entity is already attached to world
13:50:24.287 [JavaFX Application Thread] WARN  GameWorld            - Entity is already attached to world
13:50:24.290 [JavaFX Application Thread] WARN  GameWorld            - Entity is already attached to world
13:50:25.229 [JavaFX Application Thread] WARN  GameWorld            - Entity is already attached to world
13:50:25.230 [JavaFX Application Thread] WARN  GameWorld            - Entity is already attached to world
13:50:25.804 [JavaFX Application Thread] DEBUG LoopRunner           - Stopping loop
13:50:25.807 [JavaFX Application Thread] FATAL FXGLApplication      - Uncaught Exception:
java.lang.IndexOutOfBoundsException: Index -1 out of bounds for length 8
	at java.base/jdk.internal.util.Preconditions.outOfBounds(Preconditions.java:64)
	at java.base/jdk.internal.util.Preconditions.outOfBoundsCheckIndex(Preconditions.java:70)
	at java.base/jdk.internal.util.Preconditions.checkIndex(Preconditions.java:266)
	at java.base/java.util.Objects.checkIndex(Objects.java:361)
	at java.base/java.util.ArrayList.get(ArrayList.java:427)
	at javafx.graphics/javafx.scene.Parent.updateCachedBounds(Parent.java:1704)
	at javafx.graphics/javafx.scene.Parent.recomputeBounds(Parent.java:1648)
	at javafx.graphics/javafx.scene.Parent.doComputeGeomBounds(Parent.java:1501)
	at javafx.graphics/javafx.scene.Parent$1.doComputeGeomBounds(Parent.java:115)
	at javafx.graphics/com.sun.javafx.scene.ParentHelper.computeGeomBoundsImpl(ParentHelper.java:84)
	at javafx.graphics/com.sun.javafx.scene.NodeHelper.computeGeomBounds(NodeHelper.java:116)
	at javafx.graphics/javafx.scene.Node.updateGeomBounds(Node.java:3813)
	at javafx.graphics/javafx.scene.Node.getGeomBounds(Node.java:3775)
	at javafx.graphics/javafx.scene.Node.doComputeLayoutBounds(Node.java:3623)
	at javafx.graphics/javafx.scene.Node$1.doComputeLayoutBounds(Node.java:449)
	at javafx.graphics/com.sun.javafx.scene.NodeHelper.computeLayoutBoundsImpl(NodeHelper.java:167)
	at javafx.graphics/com.sun.javafx.scene.GroupHelper.computeLayoutBoundsImpl(GroupHelper.java:63)
	at javafx.graphics/com.sun.javafx.scene.NodeHelper.computeLayoutBounds(NodeHelper.java:107)
	at javafx.graphics/javafx.scene.Node$13.computeBounds(Node.java:3475)
	at javafx.graphics/javafx.scene.Node$LazyBoundsProperty.get(Node.java:9691)
	at javafx.graphics/javafx.scene.Node$LazyBoundsProperty.get(Node.java:9661)
	at javafx.graphics/javafx.scene.Node.getLayoutBounds(Node.java:3490)
	at javafx.graphics/javafx.scene.Parent.computePrefWidth(Parent.java:1090)
	at javafx.graphics/javafx.scene.layout.Region.computePrefWidth(Region.java:1684)
	at javafx.graphics/javafx.scene.Parent.prefWidth(Parent.java:1020)
	at javafx.graphics/javafx.scene.layout.Region.prefWidth(Region.java:1589)
	at javafx.graphics/javafx.scene.Node.autosize(Node.java:3136)
	at javafx.graphics/javafx.scene.Parent.layoutChildren(Parent.java:1238)
	at javafx.graphics/javafx.scene.Parent.layout(Parent.java:1207)
	at javafx.graphics/javafx.scene.Scene.doLayoutPass(Scene.java:579)
	at javafx.graphics/javafx.scene.Scene$ScenePulseListener.pulse(Scene.java:2515)
	at javafx.graphics/com.sun.javafx.tk.Toolkit.lambda$runPulse$2(Toolkit.java:421)
	at java.base/java.security.AccessController.doPrivileged(AccessController.java:399)
	at javafx.graphics/com.sun.javafx.tk.Toolkit.runPulse(Toolkit.java:420)
	at javafx.graphics/com.sun.javafx.tk.Toolkit.firePulse(Toolkit.java:450)
	at javafx.graphics/com.sun.javafx.tk.quantum.QuantumToolkit.pulse(QuantumToolkit.java:575)
	at javafx.graphics/com.sun.javafx.tk.quantum.QuantumToolkit.pulse(QuantumToolkit.java:555)
	at javafx.graphics/com.sun.javafx.tk.quantum.QuantumToolkit.pulseFromQueue(QuantumToolkit.java:548)
	at javafx.graphics/com.sun.javafx.tk.quantum.QuantumToolkit.lambda$runToolkit$11(QuantumToolkit.java:353)
	at javafx.graphics/com.sun.glass.ui.InvokeLaterDispatcher$Future.run(InvokeLaterDispatcher.java:96)
	at javafx.graphics/com.sun.glass.ui.win.WinApplication._runLoop(Native Method)
	at javafx.graphics/com.sun.glass.ui.win.WinApplication.lambda$runLoop$3(WinApplication.java:184)
	at java.base/java.lang.Thread.run(Thread.java:840)

13:50:25.808 [JavaFX Application Thread] FATAL FXGLApplication      - Application will now exit
13:50:25.856 [JavaFX Application Thread] DEBUG PrimaryStageWindow   - Push state: ErrorSubScene
13:50:25.856 [JavaFX Application Thread] DEBUG Input                - Clearing active input actions
13:50:25.875 [JavaFX Application Thread] DEBUG GameApplicationServi - Removing overlay from GameScene and adding to ErrorSubScene
13:50:25.876 [JavaFX Application Thread] DEBUG PrimaryStageWindow   - GameScene -> ErrorSubScene
13:50:35.912 [JavaFX Application Thread] DEBUG FXGLApplication      - Exiting FXGL
13:50:35.912 [JavaFX Application Thread] DEBUG Async                - Shutting down background threads
13:50:35.913 [JavaFX Application Thread] DEBUG PrimaryStageWindow   - Closing main window
13:50:35.986 [JavaFX Application Thread] DEBUG Logger               - Closing Logger
