08:47:32.923 [main                     ] DEBUG Logger               - Configured Logger
08:47:32.972 [main                     ] DEBUG GameApplication      - Logging settings
Title: Pizzería
Version: 0.0
Width: 800
Height: 450
Fullscreen: false
Intro: false
Profiling: false
Single step:false
App Mode: DEVELOPER
Menu Key: ESCAPE
Stage Style: DECORATED
Scene Factory: class com.almasb.fxgl.app.scene.SceneFactory

08:47:33.394 [JavaFX Application Thread] DEBUG FXGLApplication      - Initializing FXGL
08:47:33.402 [JavaFX Application Thread] INFO  Engine               - FXGL-17.1 (24.03.2022 17.34) on WINDOWS (J:17.0.9 FX:17.0.2-ea)
08:47:33.403 [JavaFX Application Thread] DEBUG Engine               - JRE Vendor Name: Amazon.com Inc.
08:47:33.404 [JavaFX Application Thread] DEBUG Engine               - Running on OS: Windows 11 version 10.0
08:47:33.404 [JavaFX Application Thread] DEBUG Engine               - Architecture: amd64
08:47:33.404 [JavaFX Application Thread] INFO  Engine               - Source code and latest versions at: https://github.com/AlmasB/FXGL
08:47:33.404 [JavaFX Application Thread] INFO  Engine               -       Ask questions and discuss at: https://github.com/AlmasB/FXGL/discussions
08:47:33.404 [JavaFX Application Thread] INFO  Engine               -              Join the FXGL chat at: https://gitter.im/AlmasB/FXGL
08:47:33.506 [JavaFX Application Thread] DEBUG PrimaryStageWindow   - Creating a JavaFX scene
08:47:33.561 [JavaFX Application Thread] DEBUG PrimaryStageWindow   - Target settings size: 800.0 x 450.0
08:47:33.561 [JavaFX Application Thread] DEBUG PrimaryStageWindow   - Scaled scene size:    800.0 x 450.0
08:47:33.562 [JavaFX Application Thread] DEBUG PrimaryStageWindow   - Scaled ratio: (1.0, 1.0)
08:47:33.564 [JavaFX Application Thread] DEBUG PrimaryStageWindow   - Set initial scene to FXGLStartupScene
08:47:33.572 [JavaFX Application Thread] DEBUG PrimaryStageWindow   - Opening main window
08:47:33.692 [JavaFX Application Thread] DEBUG PrimaryStageWindow   - Window border size: (16.0, 39.0)
08:47:33.692 [JavaFX Application Thread] DEBUG PrimaryStageWindow   - Scaled size: 800.0 x 450.0
08:47:33.693 [JavaFX Application Thread] DEBUG PrimaryStageWindow   - Scaled ratio: (1.0, 1.0)
08:47:33.693 [JavaFX Application Thread] DEBUG PrimaryStageWindow   - Scene size: 800.0 x 450.0
08:47:33.693 [JavaFX Application Thread] DEBUG PrimaryStageWindow   - Stage size: 816.0 x 489.0
08:47:33.702 [FXGL Background Thread 1 ] DEBUG Engine               - Initializing environment variables
08:47:33.764 [FXGL Background Thread 1 ] DEBUG FXGLAssetLoaderServi - User app class for loading assets: class com.example.pizzitas.Main
08:47:33.765 [FXGL Background Thread 1 ] DEBUG GameApplicationServi - Applying CSS: fxgl_dark.css
08:47:33.766 [FXGL Background Thread 1 ] DEBUG FXGLAssetLoaderServi - Loading from file system: jar:file:///C:/Users/larih/.m2/repository/com/github/almasb/fxgl/17.1/fxgl-17.1.jar!/fxglassets/ui/css/fxgl_dark.css
08:47:33.825 [FXGL Background Thread 1 ] DEBUG GameApplicationServi - Initializing application scenes
08:47:33.886 [FXGL Background Thread 1 ] DEBUG GameWorld            - Game world initialized
08:47:34.003 [FXGL Background Thread 1 ] DEBUG PhysicsWorld         - Physics world initialized: appHeight=450, physics.ppm=50.0
08:47:34.004 [FXGL Background Thread 1 ] DEBUG PhysicsWorld         - Using strategy: BRUTE_FORCE
08:47:34.011 [FXGL Background Thread 1 ] DEBUG GameScene            - Game scene initialized: 800x450
08:47:34.030 [FXGL Background Thread 1 ] WARN  FXGL.DefaultMenu     - FXGLDefaultMenu is not designed for resolutions < 800x600
08:47:34.031 [FXGL Background Thread 1 ] DEBUG FXGL.DefaultMenu     - createMenuBodyGameMenu()
08:47:34.049 [FXGL Background Thread 1 ] DEBUG FXGL.DefaultMenu     - createOptionsMenu()
08:47:34.069 [FXGL Background Thread 1 ] DEBUG FXGLAssetLoaderServi - Loading from file system: jar:file:///C:/Users/larih/.m2/repository/com/github/almasb/fxgl/17.1/fxgl-17.1.jar!/fxglassets/textures/particles/smoke.png
08:47:34.198 [FXGL Background Thread 1 ] DEBUG FXGLAssetLoaderServi - Loading from file system: jar:file:///C:/Users/larih/.m2/repository/com/github/almasb/fxgl/17.1/fxgl-17.1.jar!/fxglassets/textures/particles/trace_horizontal.png
08:47:34.249 [FXGL Background Thread 1 ] DEBUG GameApplicationServi - Application scenes initialized
08:47:34.272 [FXGL Background Thread 1 ] DEBUG SystemBundleService  - Loading FXGL system data
08:47:34.341 [FXGL Background Thread 1 ] DEBUG FileSystemAccess     - Reading from: C:\Users\larih\OneDrive\Documentos\Java_Oracle\pizzitas\system\fxgl.bundle
08:47:34.355 [FXGL Background Thread 1 ] DEBUG SystemBundleService  - Bundle FXGL: {}
08:47:34.355 [FXGL Background Thread 1 ] DEBUG UpdaterService       - Checking for updates
08:47:34.364 [FXGL Background Thread 4 ] DEBUG FXGLApplication      - Loading fonts
08:47:34.364 [FXGL Background Thread 1 ] DEBUG FXGLApplication      - Loading default localization
08:47:34.365 [FXGL Background Thread 4 ] DEBUG FXGLAssetLoaderServi - Loading from file system: jar:file:///C:/Users/larih/.m2/repository/com/github/almasb/fxgl/17.1/fxgl-17.1.jar!/fxglassets/ui/fonts/VarelaRound-Regular.ttf
08:47:34.366 [FXGL Background Thread 1 ] DEBUG FXGLAssetLoaderServi - Loading from file system: jar:file:///C:/Users/larih/.m2/repository/com/github/almasb/fxgl/17.1/fxgl-17.1.jar!/fxglassets/languages/english.lang
08:47:34.392 [FXGL Background Thread 1 ] INFO  FXGLApplication      - FXGL initialization took: 0.689 sec
08:47:34.394 [JavaFX Application Thread] DEBUG FXGLAssetLoaderServi - Loading from file system: jar:file:///C:/Users/larih/.m2/repository/com/github/almasb/fxgl/17.1/fxgl-17.1.jar!/fxglassets/textures/fxgl_icon.png
08:47:34.424 [JavaFX Application Thread] DEBUG FXGLAssetLoaderServi - Loading from file system: jar:file:///C:/Users/larih/.m2/repository/com/github/almasb/fxgl/17.1/fxgl-17.1.jar!/fxglassets/textures/fxgl_default_cursor.png
08:47:34.446 [JavaFX Application Thread] DEBUG Input                - Registered new binding: Screenshot - CTRL+8
08:47:34.447 [JavaFX Application Thread] DEBUG Input                - Registered new binding: System info dump - CTRL+9
08:47:34.447 [JavaFX Application Thread] DEBUG Input                - Registered new binding: Restart - CTRL+R
08:47:34.449 [JavaFX Application Thread] DEBUG Input                - Registered new binding: Toggle Debug Camera - CTRL+7
08:47:34.452 [JavaFX Application Thread] DEBUG LoopRunner           - Starting loop
08:47:34.452 [JavaFX Application Thread] DEBUG LoopRunner           - Initializing JavaFX AnimationTimerLoop
08:47:34.456 [JavaFX Application Thread] DEBUG GameApplicationServi - Starting new game
08:47:34.457 [JavaFX Application Thread] DEBUG Input                - Clearing active input actions
08:47:34.475 [JavaFX Application Thread] DEBUG GameApplicationServi - Removing overlay from FXGLStartupScene and adding to FXGLLoadingScene
08:47:34.475 [JavaFX Application Thread] DEBUG PrimaryStageWindow   - FXGLStartupScene -> FXGLLoadingScene
08:47:34.476 [JavaFX Application Thread] DEBUG GameApplicationServi - Clearing previous game
08:47:34.476 [JavaFX Application Thread] DEBUG GameScene            - Clearing game scene
08:47:34.476 [JavaFX Application Thread] DEBUG GameWorld            - Clearing game world
08:47:34.476 [JavaFX Application Thread] DEBUG PhysicsWorld         - Clearing physics world
08:47:34.479 [FXGL Background Thread 1 ] DEBUG FXGLApplication      - Initializing game
08:47:34.489 [FXGL Background Thread 4 ] DEBUG FXGLAssetLoaderServi - Loading from file system: jar:file:///C:/Users/larih/.m2/repository/com/github/almasb/fxgl/17.1/fxgl-17.1.jar!/fxglassets/ui/fonts/Abel-Regular.ttf
08:47:34.506 [FXGL Background Thread 4 ] DEBUG FXGLAssetLoaderServi - Loading from file system: jar:file:///C:/Users/larih/.m2/repository/com/github/almasb/fxgl/17.1/fxgl-17.1.jar!/fxglassets/ui/fonts/TerminalLandMono-Regular.otf
08:47:34.522 [FXGL Background Thread 4 ] DEBUG FXGLAssetLoaderServi - Loading from file system: jar:file:///C:/Users/larih/.m2/repository/com/github/almasb/fxgl/17.1/fxgl-17.1.jar!/fxglassets/ui/fonts/Courier-Prime.ttf
08:47:34.547 [JavaFX Application Thread] DEBUG FXGLApplication      - Registering font factories with UI factory
08:47:34.599 [FXGL Background Thread 1 ] DEBUG FXGLAssetLoaderServi - Loading from file system: file:/C:/Users/larih/OneDrive/Documentos/Java_Oracle/pizzitas/target/classes/assets/textures/recepcionista.png
08:47:34.634 [FXGL Background Thread 1 ] DEBUG FXGLAssetLoaderServi - Loading from file system: file:/C:/Users/larih/OneDrive/Documentos/Java_Oracle/pizzitas/target/classes/assets/textures/mesero.png
08:47:34.642 [FXGL Background Thread 1 ] WARN  GameWorld            - Entity is already attached to world
08:47:34.644 [FXGL Background Thread 1 ] WARN  GameWorld            - Entity is already attached to world
08:47:34.645 [FXGL Background Thread 1 ] WARN  GameWorld            - Entity is already attached to world
08:47:34.647 [FXGL Background Thread 1 ] WARN  GameWorld            - Entity is already attached to world
08:47:34.648 [FXGL Background Thread 1 ] WARN  GameWorld            - Entity is already attached to world
08:47:34.650 [FXGL Background Thread 1 ] WARN  GameWorld            - Entity is already attached to world
08:47:34.652 [FXGL Background Thread 1 ] WARN  GameWorld            - Entity is already attached to world
08:47:34.656 [FXGL Background Thread 1 ] DEBUG FXGLAssetLoaderServi - Loading from file system: file:/C:/Users/larih/OneDrive/Documentos/Java_Oracle/pizzitas/target/classes/assets/textures/bg.jpg
08:47:34.680 [FXGL Background Thread 1 ] INFO  FXGLApplication      - Game initialization took: 0.201 sec
08:47:34.707 [JavaFX Application Thread] DEBUG Input                - Clearing active input actions
08:47:34.720 [JavaFX Application Thread] DEBUG GameApplicationServi - Removing overlay from FXGLLoadingScene and adding to GameScene
08:47:34.721 [JavaFX Application Thread] DEBUG PrimaryStageWindow   - FXGLLoadingScene -> GameScene
08:47:36.601 [FXGL Background Thread 2 ] INFO  UpdaterService       - Your current version:  17.1
08:47:36.602 [FXGL Background Thread 2 ] INFO  UpdaterService       - Latest stable version: 17.3
08:47:37.361 [FXGL Background Thread 3 ] DEBUG Engine               - Logging environment variables
08:47:37.368 [FXGL Background Thread 3 ] DEBUG Engine               - achievements: []
08:47:37.368 [FXGL Background Thread 3 ] DEBUG Engine               - actualHeight: 450.0
08:47:37.369 [FXGL Background Thread 3 ] DEBUG Engine               - actualHeightProperty: ReadOnlyDoubleProperty [value: 450.0]
08:47:37.369 [FXGL Background Thread 3 ] DEBUG Engine               - actualWidth: 800.0
08:47:37.370 [FXGL Background Thread 3 ] DEBUG Engine               - actualWidthProperty: ReadOnlyDoubleProperty [value: 800.0]
08:47:37.370 [FXGL Background Thread 3 ] DEBUG Engine               - appIcon: fxgl_icon.png
08:47:37.370 [FXGL Background Thread 3 ] DEBUG Engine               - applicationMode: DEVELOPER
08:47:37.370 [FXGL Background Thread 3 ] DEBUG Engine               - cSSList: [fxgl_dark.css]
08:47:37.370 [FXGL Background Thread 3 ] DEBUG Engine               - collisionDetectionStrategy: BRUTE_FORCE
08:47:37.371 [FXGL Background Thread 3 ] DEBUG Engine               - configClass: Optional.empty
08:47:37.371 [FXGL Background Thread 3 ] DEBUG Engine               - credits: []
08:47:37.372 [FXGL Background Thread 3 ] DEBUG Engine               - defaultCursor: CursorInfo(imageName=fxgl_default_cursor.png, hotspotX=7.0, hotspotY=6.0)
08:47:37.372 [FXGL Background Thread 3 ] DEBUG Engine               - devBBoxColorProperty: ObjectProperty [value: 0xff0000ff]
08:47:37.372 [FXGL Background Thread 3 ] DEBUG Engine               - devEnableDebugCameraProperty: BooleanProperty [value: false]
08:47:37.373 [FXGL Background Thread 3 ] DEBUG Engine               - devSensorColorProperty: ObjectProperty [value: 0xffff00ff]
08:47:37.373 [FXGL Background Thread 3 ] DEBUG Engine               - devShowBBoxProperty: BooleanProperty [value: false]
08:47:37.373 [FXGL Background Thread 3 ] DEBUG Engine               - devShowPositionProperty: BooleanProperty [value: false]
08:47:37.374 [FXGL Background Thread 3 ] DEBUG Engine               - enabledMenuItems: []
08:47:37.374 [FXGL Background Thread 3 ] DEBUG Engine               - engineServices: [class com.almasb.fxgl.app.services.FXGLAssetLoaderService, class com.almasb.fxgl.app.FXGLApplication$GameApplicationService, class com.almasb.fxgl.app.services.FXGLDialogService, class com.almasb.fxgl.app.services.IOTaskExecutorService, class com.almasb.fxgl.io.FileSystemService, class com.almasb.fxgl.localization.LocalizationService, class com.almasb.fxgl.app.services.SystemBundleService, class com.almasb.fxgl.profile.SaveLoadService, class com.almasb.fxgl.ui.FXGLUIFactoryServiceProvider, class com.almasb.fxgl.ui.FXGLDialogFactoryServiceProvider, class com.almasb.fxgl.audio.AudioPlayer, class com.almasb.fxgl.notification.impl.NotificationServiceProvider, class com.almasb.fxgl.achievement.AchievementService, class com.almasb.fxgl.cutscene.CutsceneService, class com.almasb.fxgl.minigames.MiniGameService, class com.almasb.fxgl.net.NetService, class com.almasb.fxgl.app.services.UpdaterService, class com.almasb.fxgl.dev.DevService]
08:47:37.375 [FXGL Background Thread 3 ] DEBUG Engine               - fontGame: Abel-Regular.ttf
08:47:37.375 [FXGL Background Thread 3 ] DEBUG Engine               - fontMono: TerminalLandMono-Regular.otf
08:47:37.375 [FXGL Background Thread 3 ] DEBUG Engine               - fontText: Courier-Prime.ttf
08:47:37.375 [FXGL Background Thread 3 ] DEBUG Engine               - fontUI: VarelaRound-Regular.ttf
08:47:37.375 [FXGL Background Thread 3 ] DEBUG Engine               - fullScreen: BooleanProperty [value: false]
08:47:37.376 [FXGL Background Thread 3 ] DEBUG Engine               - gameDifficulty: MEDIUM
08:47:37.376 [FXGL Background Thread 3 ] DEBUG Engine               - gameDifficultyProperty: ObjectProperty [value: MEDIUM]
08:47:37.376 [FXGL Background Thread 3 ] DEBUG Engine               - globalMusicVolume: 0.5
08:47:37.377 [FXGL Background Thread 3 ] DEBUG Engine               - globalMusicVolumeProperty: DoubleProperty [value: 0.5]
08:47:37.377 [FXGL Background Thread 3 ] DEBUG Engine               - globalSoundVolume: 0.5
08:47:37.378 [FXGL Background Thread 3 ] DEBUG Engine               - globalSoundVolumeProperty: DoubleProperty [value: 0.5]
08:47:37.378 [FXGL Background Thread 3 ] DEBUG Engine               - height: 450
08:47:37.378 [FXGL Background Thread 3 ] DEBUG Engine               - is3D: false
08:47:37.378 [FXGL Background Thread 3 ] DEBUG Engine               - isAndroid: false
08:47:37.379 [FXGL Background Thread 3 ] DEBUG Engine               - isBrowser: false
08:47:37.379 [FXGL Background Thread 3 ] DEBUG Engine               - isClickFeedbackEnabled: false
08:47:37.379 [FXGL Background Thread 3 ] DEBUG Engine               - isCloseConfirmation: false
08:47:37.379 [FXGL Background Thread 3 ] DEBUG Engine               - isDesktop: true
08:47:37.379 [FXGL Background Thread 3 ] DEBUG Engine               - isDeveloperMenuEnabled: false
08:47:37.380 [FXGL Background Thread 3 ] DEBUG Engine               - isEmbedded: false
08:47:37.380 [FXGL Background Thread 3 ] DEBUG Engine               - isEntityPreloadEnabled: true
08:47:37.380 [FXGL Background Thread 3 ] DEBUG Engine               - isExperimentalTiledLargeMap: false
08:47:37.380 [FXGL Background Thread 3 ] DEBUG Engine               - isFileSystemWriteAllowed: true
08:47:37.381 [FXGL Background Thread 3 ] DEBUG Engine               - isFullScreenAllowed: false
08:47:37.381 [FXGL Background Thread 3 ] DEBUG Engine               - isFullScreenFromStart: false
08:47:37.381 [FXGL Background Thread 3 ] DEBUG Engine               - isGameMenuEnabled: true
08:47:37.381 [FXGL Background Thread 3 ] DEBUG Engine               - isIOS: false
08:47:37.381 [FXGL Background Thread 3 ] DEBUG Engine               - isIntroEnabled: false
08:47:37.382 [FXGL Background Thread 3 ] DEBUG Engine               - isLinux: false
08:47:37.382 [FXGL Background Thread 3 ] DEBUG Engine               - isMac: false
08:47:37.382 [FXGL Background Thread 3 ] DEBUG Engine               - isMainMenuEnabled: false
08:47:37.382 [FXGL Background Thread 3 ] DEBUG Engine               - isManualResizeEnabled: false
08:47:37.383 [FXGL Background Thread 3 ] DEBUG Engine               - isMobile: false
08:47:37.383 [FXGL Background Thread 3 ] DEBUG Engine               - isNative: false
08:47:37.383 [FXGL Background Thread 3 ] DEBUG Engine               - isPauseMusicWhenMinimized: true
08:47:37.383 [FXGL Background Thread 3 ] DEBUG Engine               - isPreserveResizeRatio: false
08:47:37.383 [FXGL Background Thread 3 ] DEBUG Engine               - isProfilingEnabled: false
08:47:37.384 [FXGL Background Thread 3 ] DEBUG Engine               - isScaleAffectedOnResize: true
08:47:37.384 [FXGL Background Thread 3 ] DEBUG Engine               - isSingleStep: false
08:47:37.384 [FXGL Background Thread 3 ] DEBUG Engine               - isUserProfileEnabled: false
08:47:37.384 [FXGL Background Thread 3 ] DEBUG Engine               - isWindows: true
08:47:37.384 [FXGL Background Thread 3 ] DEBUG Engine               - language: ObjectProperty [value: ENGLISH]
08:47:37.384 [FXGL Background Thread 3 ] DEBUG Engine               - menuKey: ESCAPE
08:47:37.385 [FXGL Background Thread 3 ] DEBUG Engine               - mouseSensitivity: 0.2
08:47:37.385 [FXGL Background Thread 3 ] DEBUG Engine               - notificationViewClass: class com.almasb.fxgl.notification.view.XboxNotificationView
08:47:37.385 [FXGL Background Thread 3 ] DEBUG Engine               - pixelsPerMeter: 50.0
08:47:37.385 [FXGL Background Thread 3 ] DEBUG Engine               - platform: WINDOWS
08:47:37.385 [FXGL Background Thread 3 ] DEBUG Engine               - prefHeightProperty: ReadOnlyDoubleProperty [value: 450.0]
08:47:37.386 [FXGL Background Thread 3 ] DEBUG Engine               - prefWidthProperty: ReadOnlyDoubleProperty [value: 800.0]
08:47:37.386 [FXGL Background Thread 3 ] DEBUG Engine               - profileDir: profiles/
08:47:37.386 [FXGL Background Thread 3 ] DEBUG Engine               - profileName: StringProperty [value: DEFAULT]
08:47:37.386 [FXGL Background Thread 3 ] DEBUG Engine               - randomSeed: -1
08:47:37.387 [FXGL Background Thread 3 ] DEBUG Engine               - runtimeInfo: RuntimeInfo(platform=WINDOWS, version=17.1, build=24.03.2022 17.34)
08:47:37.387 [FXGL Background Thread 3 ] DEBUG Engine               - saveFileExt: sav
08:47:37.388 [FXGL Background Thread 3 ] DEBUG Engine               - scaledHeightProp$fxgl: DoubleProperty [bound, value: 450.0]
08:47:37.388 [FXGL Background Thread 3 ] DEBUG Engine               - scaledWidthProp$fxgl: DoubleProperty [bound, value: 800.0]
08:47:37.388 [FXGL Background Thread 3 ] DEBUG Engine               - sceneFactory: com.almasb.fxgl.app.scene.SceneFactory@4797fc48
08:47:37.388 [FXGL Background Thread 3 ] DEBUG Engine               - secondsIn24h: 60
08:47:37.388 [FXGL Background Thread 3 ] DEBUG Engine               - soundMenuBack: menu/back.wav
08:47:37.388 [FXGL Background Thread 3 ] DEBUG Engine               - soundMenuPress: menu/press.wav
08:47:37.389 [FXGL Background Thread 3 ] DEBUG Engine               - soundMenuSelect: menu/select.wav
08:47:37.389 [FXGL Background Thread 3 ] DEBUG Engine               - soundNotification: core/notification.wav
08:47:37.389 [FXGL Background Thread 3 ] DEBUG Engine               - stageStyle: DECORATED
08:47:37.389 [FXGL Background Thread 3 ] DEBUG Engine               - supportedLanguages: [ENGLISH, FRENCH, GERMAN, HUNGARIAN, RUSSIAN]
08:47:37.389 [FXGL Background Thread 3 ] DEBUG Engine               - ticksPerSecond: -1
08:47:37.389 [FXGL Background Thread 3 ] DEBUG Engine               - title: Pizzería
08:47:37.390 [FXGL Background Thread 3 ] DEBUG Engine               - urlGithub: https://github.com/AlmasB/FXGL
08:47:37.390 [FXGL Background Thread 3 ] DEBUG Engine               - urlLeaderboard: http://fxgl-top.herokuapp.com/
08:47:37.390 [FXGL Background Thread 3 ] DEBUG Engine               - urlPOM: https://raw.githubusercontent.com/AlmasB/FXGL/release/README.md
08:47:37.390 [FXGL Background Thread 3 ] DEBUG Engine               - userAppClass: class com.example.pizzitas.Main
08:47:37.390 [FXGL Background Thread 3 ] DEBUG Engine               - version: 0.0
08:47:37.390 [FXGL Background Thread 3 ] DEBUG Engine               - versionCheckDays: 7
08:47:37.390 [FXGL Background Thread 3 ] DEBUG Engine               - width: 800
08:47:37.391 [FXGL Background Thread 3 ] DEBUG Engine               - Logging services
08:47:37.391 [FXGL Background Thread 3 ] DEBUG Engine               - class com.almasb.fxgl.app.services.FXGLAssetLoaderService
08:47:37.391 [FXGL Background Thread 3 ] DEBUG Engine               - class com.almasb.fxgl.app.FXGLApplication$GameApplicationService
08:47:37.391 [FXGL Background Thread 3 ] DEBUG Engine               - class com.almasb.fxgl.app.services.FXGLDialogService
08:47:37.391 [FXGL Background Thread 3 ] DEBUG Engine               - class com.almasb.fxgl.app.services.IOTaskExecutorService
08:47:37.391 [FXGL Background Thread 3 ] DEBUG Engine               - class com.almasb.fxgl.io.FileSystemService
08:47:37.391 [FXGL Background Thread 3 ] DEBUG Engine               - class com.almasb.fxgl.localization.LocalizationService
08:47:37.391 [FXGL Background Thread 3 ] DEBUG Engine               - class com.almasb.fxgl.app.services.SystemBundleService
08:47:37.392 [FXGL Background Thread 3 ] DEBUG Engine               - class com.almasb.fxgl.profile.SaveLoadService
08:47:37.392 [FXGL Background Thread 3 ] DEBUG Engine               - class com.almasb.fxgl.ui.FXGLUIFactoryServiceProvider
08:47:37.392 [FXGL Background Thread 3 ] DEBUG Engine               - class com.almasb.fxgl.ui.FXGLDialogFactoryServiceProvider
08:47:37.392 [FXGL Background Thread 3 ] DEBUG Engine               - class com.almasb.fxgl.audio.AudioPlayer
08:47:37.392 [FXGL Background Thread 3 ] DEBUG Engine               - class com.almasb.fxgl.notification.impl.NotificationServiceProvider
08:47:37.392 [FXGL Background Thread 3 ] DEBUG Engine               - class com.almasb.fxgl.achievement.AchievementService
08:47:37.393 [FXGL Background Thread 3 ] DEBUG Engine               - class com.almasb.fxgl.cutscene.CutsceneService
08:47:37.393 [FXGL Background Thread 3 ] DEBUG Engine               - class com.almasb.fxgl.minigames.MiniGameService
08:47:37.393 [FXGL Background Thread 3 ] DEBUG Engine               - class com.almasb.fxgl.net.NetService
08:47:37.393 [FXGL Background Thread 3 ] DEBUG Engine               - class com.almasb.fxgl.app.services.UpdaterService
08:47:37.393 [FXGL Background Thread 3 ] DEBUG Engine               - class com.almasb.fxgl.dev.DevService
08:47:40.099 [JavaFX Application Thread] DEBUG FXGLAssetLoaderServi - Loading from file system: file:/C:/Users/larih/OneDrive/Documentos/Java_Oracle/pizzitas/target/classes/assets/textures/nino.png
08:47:40.104 [JavaFX Application Thread] WARN  GameWorld            - Entity is already attached to world
08:47:40.106 [JavaFX Application Thread] DEBUG FXGLAssetLoaderServi - Loading from file system: file:/C:/Users/larih/OneDrive/Documentos/Java_Oracle/pizzitas/target/classes/assets/textures/pizza.png
08:47:40.109 [JavaFX Application Thread] WARN  GameWorld            - Entity is already attached to world
08:47:41.140 [JavaFX Application Thread] WARN  GameWorld            - Entity is already attached to world
08:47:41.143 [JavaFX Application Thread] WARN  GameWorld            - Entity is already attached to world
08:47:42.083 [JavaFX Application Thread] WARN  GameWorld            - Entity is already attached to world
08:47:42.085 [JavaFX Application Thread] WARN  GameWorld            - Entity is already attached to world
08:47:43.140 [JavaFX Application Thread] WARN  GameWorld            - Entity is already attached to world
08:47:43.143 [JavaFX Application Thread] WARN  GameWorld            - Entity is already attached to world
08:47:43.891 [JavaFX Application Thread] WARN  GameWorld            - Entity is already attached to world
08:47:43.893 [JavaFX Application Thread] WARN  GameWorld            - Entity is already attached to world
08:47:44.564 [JavaFX Application Thread] WARN  GameWorld            - Entity is already attached to world
08:47:44.566 [JavaFX Application Thread] WARN  GameWorld            - Entity is already attached to world
08:47:45.252 [JavaFX Application Thread] WARN  GameWorld            - Entity is already attached to world
08:47:45.256 [JavaFX Application Thread] WARN  GameWorld            - Entity is already attached to world
08:47:46.226 [JavaFX Application Thread] WARN  GameWorld            - Entity is already attached to world
08:47:46.229 [JavaFX Application Thread] WARN  GameWorld            - Entity is already attached to world
08:47:47.890 [JavaFX Application Thread] WARN  GameWorld            - Entity is already attached to world
08:47:47.893 [JavaFX Application Thread] WARN  GameWorld            - Entity is already attached to world
08:47:48.709 [JavaFX Application Thread] WARN  GameWorld            - Entity is already attached to world
08:47:48.712 [JavaFX Application Thread] WARN  GameWorld            - Entity is already attached to world
08:47:49.204 [JavaFX Application Thread] DEBUG FXGLApplication      - Exiting FXGL
08:47:49.204 [JavaFX Application Thread] DEBUG LoopRunner           - Stopping loop
08:47:49.204 [JavaFX Application Thread] DEBUG SystemBundleService  - Saving FXGL system data
08:47:49.210 [JavaFX Application Thread] DEBUG FileSystemAccess     - Writing to: C:\Users\larih\OneDrive\Documentos\Java_Oracle\pizzitas\system\fxgl.bundle
08:47:49.218 [JavaFX Application Thread] DEBUG Async                - Shutting down background threads
08:47:49.219 [JavaFX Application Thread] DEBUG PrimaryStageWindow   - Closing main window
08:47:49.256 [JavaFX Application Thread] DEBUG Logger               - Closing Logger
