19:32:52.071 [main                     ] DEBUG Logger               - Configured Logger
19:32:52.096 [main                     ] DEBUG GameApplication      - Logging settings
Title: Pizzería
Version: 0.1
Width: 800
Height: 450
Fullscreen: false
Intro: false
Profiling: false
Single step:false
App Mode: DEVELOPER
Menu Key: ESCAPE
Stage Style: DECORATED
Scene Factory: class com.almasb.fxgl.app.scene.SceneFactory

19:32:52.407 [JavaFX Application Thread] DEBUG FXGLApplication      - Initializing FXGL
19:32:52.412 [JavaFX Application Thread] INFO  Engine               - FXGL-17.1 (24.03.2022 17.34) on WINDOWS (J:17.0.9 FX:17.0.2-ea)
19:32:52.413 [JavaFX Application Thread] DEBUG Engine               - JRE Vendor Name: Amazon.com Inc.
19:32:52.413 [JavaFX Application Thread] DEBUG Engine               - Running on OS: Windows 11 version 10.0
19:32:52.413 [JavaFX Application Thread] DEBUG Engine               - Architecture: amd64
19:32:52.413 [JavaFX Application Thread] INFO  Engine               - Source code and latest versions at: https://github.com/AlmasB/FXGL
19:32:52.413 [JavaFX Application Thread] INFO  Engine               -       Ask questions and discuss at: https://github.com/AlmasB/FXGL/discussions
19:32:52.413 [JavaFX Application Thread] INFO  Engine               -              Join the FXGL chat at: https://gitter.im/AlmasB/FXGL
19:32:52.478 [JavaFX Application Thread] DEBUG PrimaryStageWindow   - Creating a JavaFX scene
19:32:52.511 [JavaFX Application Thread] DEBUG PrimaryStageWindow   - Target settings size: 800.0 x 450.0
19:32:52.511 [JavaFX Application Thread] DEBUG PrimaryStageWindow   - Scaled scene size:    800.0 x 450.0
19:32:52.511 [JavaFX Application Thread] DEBUG PrimaryStageWindow   - Scaled ratio: (1.0, 1.0)
19:32:52.512 [JavaFX Application Thread] DEBUG PrimaryStageWindow   - Set initial scene to FXGLStartupScene
19:32:52.518 [JavaFX Application Thread] DEBUG PrimaryStageWindow   - Opening main window
19:32:52.586 [JavaFX Application Thread] DEBUG PrimaryStageWindow   - Window border size: (16.0, 39.0)
19:32:52.586 [JavaFX Application Thread] DEBUG PrimaryStageWindow   - Scaled size: 800.0 x 450.0
19:32:52.586 [JavaFX Application Thread] DEBUG PrimaryStageWindow   - Scaled ratio: (1.0, 1.0)
19:32:52.586 [JavaFX Application Thread] DEBUG PrimaryStageWindow   - Scene size: 800.0 x 450.0
19:32:52.587 [JavaFX Application Thread] DEBUG PrimaryStageWindow   - Stage size: 816.0 x 489.0
19:32:52.594 [FXGL Background Thread 1 ] DEBUG Engine               - Initializing environment variables
19:32:52.626 [FXGL Background Thread 1 ] DEBUG FXGLAssetLoaderServi - User app class for loading assets: class com.example.pizzitas.Main
19:32:52.627 [FXGL Background Thread 1 ] DEBUG GameApplicationServi - Applying CSS: fxgl_dark.css
19:32:52.628 [FXGL Background Thread 1 ] DEBUG FXGLAssetLoaderServi - Loading from file system: jar:file:///C:/Users/larih/.m2/repository/com/github/almasb/fxgl/17.1/fxgl-17.1.jar!/fxglassets/ui/css/fxgl_dark.css
19:32:52.661 [FXGL Background Thread 1 ] DEBUG GameApplicationServi - Initializing application scenes
19:32:52.699 [FXGL Background Thread 1 ] DEBUG GameWorld            - Game world initialized
19:32:52.754 [FXGL Background Thread 1 ] DEBUG PhysicsWorld         - Physics world initialized: appHeight=450, physics.ppm=50.0
19:32:52.754 [FXGL Background Thread 1 ] DEBUG PhysicsWorld         - Using strategy: BRUTE_FORCE
19:32:52.759 [FXGL Background Thread 1 ] DEBUG GameScene            - Game scene initialized: 800x450
19:32:52.771 [FXGL Background Thread 1 ] WARN  FXGL.DefaultMenu     - FXGLDefaultMenu is not designed for resolutions < 800x600
19:32:52.771 [FXGL Background Thread 1 ] DEBUG FXGL.DefaultMenu     - createMenuBodyGameMenu()
19:32:52.784 [FXGL Background Thread 1 ] DEBUG FXGL.DefaultMenu     - createOptionsMenu()
19:32:52.791 [FXGL Background Thread 1 ] DEBUG FXGLAssetLoaderServi - Loading from file system: jar:file:///C:/Users/larih/.m2/repository/com/github/almasb/fxgl/17.1/fxgl-17.1.jar!/fxglassets/textures/particles/smoke.png
19:32:52.854 [FXGL Background Thread 1 ] DEBUG FXGLAssetLoaderServi - Loading from file system: jar:file:///C:/Users/larih/.m2/repository/com/github/almasb/fxgl/17.1/fxgl-17.1.jar!/fxglassets/textures/particles/trace_horizontal.png
19:32:52.877 [FXGL Background Thread 1 ] DEBUG GameApplicationServi - Application scenes initialized
19:32:52.884 [FXGL Background Thread 1 ] DEBUG SystemBundleService  - Loading FXGL system data
19:32:52.888 [FXGL Background Thread 1 ] DEBUG FileSystemAccess     - Reading from: C:\Users\larih\OneDrive\Documentos\Java_Oracle\pizzitas\system\fxgl.bundle
19:32:52.894 [FXGL Background Thread 1 ] DEBUG SystemBundleService  - Bundle FXGL: {}
19:32:52.894 [FXGL Background Thread 1 ] DEBUG UpdaterService       - Checking for updates
19:32:52.897 [FXGL Background Thread 4 ] DEBUG FXGLApplication      - Loading fonts
19:32:52.897 [FXGL Background Thread 1 ] DEBUG FXGLApplication      - Loading default localization
19:32:52.897 [FXGL Background Thread 4 ] DEBUG FXGLAssetLoaderServi - Loading from file system: jar:file:///C:/Users/larih/.m2/repository/com/github/almasb/fxgl/17.1/fxgl-17.1.jar!/fxglassets/ui/fonts/VarelaRound-Regular.ttf
19:32:52.897 [FXGL Background Thread 1 ] DEBUG FXGLAssetLoaderServi - Loading from file system: jar:file:///C:/Users/larih/.m2/repository/com/github/almasb/fxgl/17.1/fxgl-17.1.jar!/fxglassets/languages/english.lang
19:32:52.916 [FXGL Background Thread 1 ] INFO  FXGLApplication      - FXGL initialization took: 0.321 sec
19:32:52.917 [JavaFX Application Thread] DEBUG FXGLAssetLoaderServi - Loading from file system: jar:file:///C:/Users/larih/.m2/repository/com/github/almasb/fxgl/17.1/fxgl-17.1.jar!/fxglassets/textures/fxgl_icon.png
19:32:52.928 [JavaFX Application Thread] DEBUG FXGLAssetLoaderServi - Loading from file system: jar:file:///C:/Users/larih/.m2/repository/com/github/almasb/fxgl/17.1/fxgl-17.1.jar!/fxglassets/textures/fxgl_default_cursor.png
19:32:52.935 [JavaFX Application Thread] DEBUG Input                - Registered new binding: Screenshot - CTRL+8
19:32:52.936 [JavaFX Application Thread] DEBUG Input                - Registered new binding: System info dump - CTRL+9
19:32:52.936 [JavaFX Application Thread] DEBUG Input                - Registered new binding: Restart - CTRL+R
19:32:52.936 [JavaFX Application Thread] DEBUG Input                - Registered new binding: Toggle Debug Camera - CTRL+7
19:32:52.938 [JavaFX Application Thread] DEBUG LoopRunner           - Starting loop
19:32:52.938 [JavaFX Application Thread] DEBUG LoopRunner           - Initializing JavaFX AnimationTimerLoop
19:32:52.939 [JavaFX Application Thread] DEBUG GameApplicationServi - Starting new game
19:32:52.939 [JavaFX Application Thread] DEBUG Input                - Clearing active input actions
19:32:52.946 [JavaFX Application Thread] DEBUG GameApplicationServi - Removing overlay from FXGLStartupScene and adding to FXGLLoadingScene
19:32:52.947 [JavaFX Application Thread] DEBUG PrimaryStageWindow   - FXGLStartupScene -> FXGLLoadingScene
19:32:52.947 [JavaFX Application Thread] DEBUG GameApplicationServi - Clearing previous game
19:32:52.947 [JavaFX Application Thread] DEBUG GameScene            - Clearing game scene
19:32:52.947 [JavaFX Application Thread] DEBUG GameWorld            - Clearing game world
19:32:52.947 [JavaFX Application Thread] DEBUG PhysicsWorld         - Clearing physics world
19:32:52.948 [FXGL Background Thread 1 ] DEBUG FXGLApplication      - Initializing game
19:32:52.951 [FXGL Background Thread 4 ] DEBUG FXGLAssetLoaderServi - Loading from file system: jar:file:///C:/Users/larih/.m2/repository/com/github/almasb/fxgl/17.1/fxgl-17.1.jar!/fxglassets/ui/fonts/Abel-Regular.ttf
19:32:52.960 [FXGL Background Thread 4 ] DEBUG FXGLAssetLoaderServi - Loading from file system: jar:file:///C:/Users/larih/.m2/repository/com/github/almasb/fxgl/17.1/fxgl-17.1.jar!/fxglassets/ui/fonts/TerminalLandMono-Regular.otf
19:32:52.969 [FXGL Background Thread 4 ] DEBUG FXGLAssetLoaderServi - Loading from file system: jar:file:///C:/Users/larih/.m2/repository/com/github/almasb/fxgl/17.1/fxgl-17.1.jar!/fxglassets/ui/fonts/Courier-Prime.ttf
19:32:52.987 [JavaFX Application Thread] DEBUG FXGLApplication      - Registering font factories with UI factory
19:32:52.998 [FXGL Background Thread 1 ] WARN  FXGLAssetLoaderServi - Asset "/assets/textures/recepcionista.png" was not found!
19:32:52.999 [FXGL Background Thread 1 ] WARN  FXGLAssetLoaderServi - Failed to load IMAGE
19:32:53.087 [FXGL Background Thread 1 ] WARN  FXGLAssetLoaderServi - Asset "/assets/textures/bg.jpg" was not found!
19:32:53.087 [FXGL Background Thread 1 ] WARN  FXGLAssetLoaderServi - Failed to load IMAGE
19:32:53.088 [FXGL Background Thread 1 ] INFO  FXGLApplication      - Game initialization took: 0.139 sec
19:32:53.088 [JavaFX Application Thread] DEBUG Input                - Clearing active input actions
19:32:53.093 [JavaFX Application Thread] DEBUG GameApplicationServi - Removing overlay from FXGLLoadingScene and adding to GameScene
19:32:53.093 [JavaFX Application Thread] DEBUG PrimaryStageWindow   - FXGLLoadingScene -> GameScene
19:32:53.363 [FXGL Background Thread 2 ] INFO  UpdaterService       - Your current version:  17.1
19:32:53.363 [FXGL Background Thread 2 ] INFO  UpdaterService       - Latest stable version: 17.3
19:32:55.343 [JavaFX Application Thread] DEBUG FXGLApplication      - Exiting FXGL
19:32:55.343 [JavaFX Application Thread] DEBUG LoopRunner           - Stopping loop
19:32:55.343 [JavaFX Application Thread] DEBUG SystemBundleService  - Saving FXGL system data
19:32:55.345 [JavaFX Application Thread] DEBUG FileSystemAccess     - Writing to: C:\Users\larih\OneDrive\Documentos\Java_Oracle\pizzitas\system\fxgl.bundle
19:32:55.346 [JavaFX Application Thread] DEBUG Async                - Shutting down background threads
19:32:55.347 [JavaFX Application Thread] DEBUG PrimaryStageWindow   - Closing main window
19:32:55.358 [JavaFX Application Thread] DEBUG Logger               - Closing Logger
