14:42:58.455 [main                     ] DEBUG Logger               - Configured Logger
14:42:58.498 [main                     ] DEBUG GameApplication      - Logging settings
Title: Pizzería
Version: 0.0
Width: 800
Height: 450
Fullscreen: false
Intro: false
Profiling: false
Single step:false
App Mode: DEVELOPER
Menu Key: ESCAPE
Stage Style: DECORATED
Scene Factory: class com.almasb.fxgl.app.scene.SceneFactory

14:42:58.930 [JavaFX Application Thread] DEBUG FXGLApplication      - Initializing FXGL
14:42:58.938 [JavaFX Application Thread] INFO  Engine               - FXGL-17.1 (24.03.2022 17.34) on WINDOWS (J:17.0.9 FX:17.0.2-ea)
14:42:58.939 [JavaFX Application Thread] DEBUG Engine               - JRE Vendor Name: Amazon.com Inc.
14:42:58.939 [JavaFX Application Thread] DEBUG Engine               - Running on OS: Windows 11 version 10.0
14:42:58.939 [JavaFX Application Thread] DEBUG Engine               - Architecture: amd64
14:42:58.939 [JavaFX Application Thread] INFO  Engine               - Source code and latest versions at: https://github.com/AlmasB/FXGL
14:42:58.940 [JavaFX Application Thread] INFO  Engine               -       Ask questions and discuss at: https://github.com/AlmasB/FXGL/discussions
14:42:58.940 [JavaFX Application Thread] INFO  Engine               -              Join the FXGL chat at: https://gitter.im/AlmasB/FXGL
14:42:59.055 [JavaFX Application Thread] DEBUG PrimaryStageWindow   - Creating a JavaFX scene
14:42:59.117 [JavaFX Application Thread] DEBUG PrimaryStageWindow   - Target settings size: 800.0 x 450.0
14:42:59.118 [JavaFX Application Thread] DEBUG PrimaryStageWindow   - Scaled scene size:    800.0 x 450.0
14:42:59.118 [JavaFX Application Thread] DEBUG PrimaryStageWindow   - Scaled ratio: (1.0, 1.0)
14:42:59.120 [JavaFX Application Thread] DEBUG PrimaryStageWindow   - Set initial scene to FXGLStartupScene
14:42:59.129 [JavaFX Application Thread] DEBUG PrimaryStageWindow   - Opening main window
14:42:59.249 [JavaFX Application Thread] DEBUG PrimaryStageWindow   - Window border size: (16.0, 39.0)
14:42:59.250 [JavaFX Application Thread] DEBUG PrimaryStageWindow   - Scaled size: 800.0 x 450.0
14:42:59.250 [JavaFX Application Thread] DEBUG PrimaryStageWindow   - Scaled ratio: (1.0, 1.0)
14:42:59.251 [JavaFX Application Thread] DEBUG PrimaryStageWindow   - Scene size: 800.0 x 450.0
14:42:59.251 [JavaFX Application Thread] DEBUG PrimaryStageWindow   - Stage size: 816.0 x 489.0
14:42:59.262 [FXGL Background Thread 1 ] DEBUG Engine               - Initializing environment variables
14:42:59.317 [FXGL Background Thread 1 ] DEBUG FXGLAssetLoaderServi - User app class for loading assets: class com.example.pizzitas.Main
14:42:59.318 [FXGL Background Thread 1 ] DEBUG GameApplicationServi - Applying CSS: fxgl_dark.css
14:42:59.319 [FXGL Background Thread 1 ] DEBUG FXGLAssetLoaderServi - Loading from file system: jar:file:///C:/Users/larih/.m2/repository/com/github/almasb/fxgl/17.1/fxgl-17.1.jar!/fxglassets/ui/css/fxgl_dark.css
14:42:59.387 [FXGL Background Thread 1 ] DEBUG GameApplicationServi - Initializing application scenes
14:42:59.450 [FXGL Background Thread 1 ] DEBUG GameWorld            - Game world initialized
14:42:59.546 [FXGL Background Thread 1 ] DEBUG PhysicsWorld         - Physics world initialized: appHeight=450, physics.ppm=50.0
14:42:59.547 [FXGL Background Thread 1 ] DEBUG PhysicsWorld         - Using strategy: BRUTE_FORCE
14:42:59.554 [FXGL Background Thread 1 ] DEBUG GameScene            - Game scene initialized: 800x450
14:42:59.569 [FXGL Background Thread 1 ] WARN  FXGL.DefaultMenu     - FXGLDefaultMenu is not designed for resolutions < 800x600
14:42:59.570 [FXGL Background Thread 1 ] DEBUG FXGL.DefaultMenu     - createMenuBodyMainMenu()
14:42:59.589 [FXGL Background Thread 1 ] DEBUG FXGL.DefaultMenu     - createOptionsMenu()
14:42:59.602 [FXGL Background Thread 1 ] DEBUG FXGLAssetLoaderServi - Loading from file system: jar:file:///C:/Users/larih/.m2/repository/com/github/almasb/fxgl/17.1/fxgl-17.1.jar!/fxglassets/textures/particles/smoke.png
14:42:59.721 [FXGL Background Thread 1 ] DEBUG FXGLAssetLoaderServi - Loading from file system: jar:file:///C:/Users/larih/.m2/repository/com/github/almasb/fxgl/17.1/fxgl-17.1.jar!/fxglassets/textures/particles/trace_horizontal.png
14:42:59.770 [FXGL Background Thread 1 ] WARN  FXGL.DefaultMenu     - FXGLDefaultMenu is not designed for resolutions < 800x600
14:42:59.770 [FXGL Background Thread 1 ] DEBUG FXGL.DefaultMenu     - createMenuBodyGameMenu()
14:42:59.773 [FXGL Background Thread 1 ] DEBUG FXGL.DefaultMenu     - createOptionsMenu()
14:42:59.792 [FXGL Background Thread 1 ] DEBUG GameApplicationServi - Application scenes initialized
14:42:59.811 [FXGL Background Thread 1 ] DEBUG SystemBundleService  - Loading FXGL system data
14:42:59.822 [FXGL Background Thread 1 ] DEBUG FileSystemAccess     - Reading from: C:\Users\larih\OneDrive\Documentos\Java_Oracle\pizzitas\system\fxgl.bundle
14:42:59.835 [FXGL Background Thread 1 ] DEBUG SystemBundleService  - Bundle FXGL: {}
14:42:59.836 [FXGL Background Thread 1 ] DEBUG UpdaterService       - Checking for updates
14:42:59.845 [FXGL Background Thread 4 ] DEBUG FXGLApplication      - Loading fonts
14:42:59.846 [FXGL Background Thread 1 ] DEBUG FXGLApplication      - Loading default localization
14:42:59.846 [FXGL Background Thread 4 ] DEBUG FXGLAssetLoaderServi - Loading from file system: jar:file:///C:/Users/larih/.m2/repository/com/github/almasb/fxgl/17.1/fxgl-17.1.jar!/fxglassets/ui/fonts/VarelaRound-Regular.ttf
14:42:59.847 [FXGL Background Thread 1 ] DEBUG FXGLAssetLoaderServi - Loading from file system: jar:file:///C:/Users/larih/.m2/repository/com/github/almasb/fxgl/17.1/fxgl-17.1.jar!/fxglassets/languages/english.lang
14:42:59.891 [FXGL Background Thread 1 ] INFO  FXGLApplication      - FXGL initialization took: 0.628 sec
14:42:59.892 [JavaFX Application Thread] DEBUG FXGLAssetLoaderServi - Loading from file system: jar:file:///C:/Users/larih/.m2/repository/com/github/almasb/fxgl/17.1/fxgl-17.1.jar!/fxglassets/textures/fxgl_icon.png
14:42:59.920 [JavaFX Application Thread] DEBUG FXGLAssetLoaderServi - Loading from file system: jar:file:///C:/Users/larih/.m2/repository/com/github/almasb/fxgl/17.1/fxgl-17.1.jar!/fxglassets/textures/fxgl_default_cursor.png
14:42:59.954 [JavaFX Application Thread] DEBUG Input                - Registered new binding: Screenshot - CTRL+8
14:42:59.955 [JavaFX Application Thread] DEBUG Input                - Registered new binding: System info dump - CTRL+9
14:42:59.955 [JavaFX Application Thread] DEBUG Input                - Registered new binding: Restart - CTRL+R
14:42:59.958 [JavaFX Application Thread] DEBUG Input                - Registered new binding: Toggle Debug Camera - CTRL+7
14:42:59.963 [JavaFX Application Thread] DEBUG LoopRunner           - Starting loop
14:42:59.963 [JavaFX Application Thread] DEBUG LoopRunner           - Initializing JavaFX AnimationTimerLoop
14:42:59.968 [JavaFX Application Thread] DEBUG Input                - Clearing active input actions
14:42:59.971 [FXGL Background Thread 4 ] DEBUG FXGLAssetLoaderServi - Loading from file system: jar:file:///C:/Users/larih/.m2/repository/com/github/almasb/fxgl/17.1/fxgl-17.1.jar!/fxglassets/ui/fonts/Abel-Regular.ttf
14:42:59.980 [JavaFX Application Thread] DEBUG GameApplicationServi - Removing overlay from FXGLStartupScene and adding to FXGLMainMenuDummyScene
14:42:59.980 [JavaFX Application Thread] DEBUG PrimaryStageWindow   - FXGLStartupScene -> FXGLMainMenuDummyScene
14:42:59.981 [JavaFX Application Thread] DEBUG PrimaryStageWindow   - Push state: FXGLDefaultMenu
14:42:59.987 [FXGL Background Thread 4 ] DEBUG FXGLAssetLoaderServi - Loading from file system: jar:file:///C:/Users/larih/.m2/repository/com/github/almasb/fxgl/17.1/fxgl-17.1.jar!/fxglassets/ui/fonts/TerminalLandMono-Regular.otf
14:43:00.002 [FXGL Background Thread 4 ] DEBUG FXGLAssetLoaderServi - Loading from file system: jar:file:///C:/Users/larih/.m2/repository/com/github/almasb/fxgl/17.1/fxgl-17.1.jar!/fxglassets/ui/fonts/Courier-Prime.ttf
14:43:00.007 [JavaFX Application Thread] DEBUG Input                - Clearing active input actions
14:43:00.023 [JavaFX Application Thread] DEBUG GameApplicationServi - Removing overlay from FXGLMainMenuDummyScene and adding to FXGLDefaultMenu
14:43:00.024 [JavaFX Application Thread] DEBUG PrimaryStageWindow   - FXGLMainMenuDummyScene -> FXGLDefaultMenu
14:43:00.126 [JavaFX Application Thread] DEBUG FXGLApplication      - Registering font factories with UI factory
14:43:00.958 [FXGL Background Thread 2 ] INFO  UpdaterService       - Your current version:  17.1
14:43:00.959 [FXGL Background Thread 2 ] INFO  UpdaterService       - Latest stable version: 17.3
14:43:02.158 [JavaFX Application Thread] DEBUG Menu                 - fireNewGame()
14:43:02.159 [JavaFX Application Thread] DEBUG GameApplicationServi - Starting new game
14:43:02.162 [JavaFX Application Thread] DEBUG PrimaryStageWindow   - Pop state: FXGLDefaultMenu
14:43:02.162 [JavaFX Application Thread] DEBUG Input                - Clearing active input actions
14:43:02.163 [JavaFX Application Thread] DEBUG GameApplicationServi - Removing overlay from FXGLDefaultMenu and adding to FXGLMainMenuDummyScene
14:43:02.164 [JavaFX Application Thread] DEBUG PrimaryStageWindow   - FXGLMainMenuDummyScene <- FXGLDefaultMenu
14:43:02.165 [JavaFX Application Thread] DEBUG Input                - Clearing active input actions
14:43:02.179 [JavaFX Application Thread] DEBUG GameApplicationServi - Removing overlay from FXGLMainMenuDummyScene and adding to FXGLLoadingScene
14:43:02.179 [JavaFX Application Thread] DEBUG PrimaryStageWindow   - FXGLMainMenuDummyScene -> FXGLLoadingScene
14:43:02.179 [JavaFX Application Thread] DEBUG GameApplicationServi - Clearing previous game
14:43:02.179 [JavaFX Application Thread] DEBUG GameScene            - Clearing game scene
14:43:02.180 [JavaFX Application Thread] DEBUG GameWorld            - Clearing game world
14:43:02.180 [JavaFX Application Thread] DEBUG PhysicsWorld         - Clearing physics world
14:43:02.182 [FXGL Background Thread 2 ] DEBUG FXGLApplication      - Initializing game
14:43:02.260 [FXGL Background Thread 2 ] DEBUG FXGLAssetLoaderServi - Loading from file system: file:/C:/Users/larih/OneDrive/Documentos/Java_Oracle/pizzitas/target/classes/assets/textures/recepcionista.png
14:43:02.273 [FXGL Background Thread 2 ] DEBUG FXGLAssetLoaderServi - Loading from file system: file:/C:/Users/larih/OneDrive/Documentos/Java_Oracle/pizzitas/target/classes/assets/textures/mesero.png
14:43:02.279 [FXGL Background Thread 2 ] WARN  GameWorld            - Entity is already attached to world
14:43:02.281 [FXGL Background Thread 2 ] WARN  GameWorld            - Entity is already attached to world
14:43:02.283 [FXGL Background Thread 2 ] WARN  GameWorld            - Entity is already attached to world
14:43:02.284 [FXGL Background Thread 2 ] WARN  GameWorld            - Entity is already attached to world
14:43:02.285 [FXGL Background Thread 2 ] WARN  GameWorld            - Entity is already attached to world
14:43:02.286 [FXGL Background Thread 2 ] WARN  GameWorld            - Entity is already attached to world
14:43:02.287 [FXGL Background Thread 2 ] WARN  GameWorld            - Entity is already attached to world
14:43:02.289 [FXGL Background Thread 2 ] DEBUG FXGLAssetLoaderServi - Loading from file system: file:/C:/Users/larih/OneDrive/Documentos/Java_Oracle/pizzitas/target/classes/assets/textures/bg.jpg
14:43:02.307 [FXGL Background Thread 2 ] INFO  FXGLApplication      - Game initialization took: 0.126 sec
14:43:02.316 [JavaFX Application Thread] DEBUG Input                - Clearing active input actions
14:43:02.321 [JavaFX Application Thread] DEBUG GameApplicationServi - Removing overlay from FXGLLoadingScene and adding to GameScene
14:43:02.322 [JavaFX Application Thread] DEBUG PrimaryStageWindow   - FXGLLoadingScene -> GameScene
14:43:02.842 [FXGL Background Thread 3 ] DEBUG Engine               - Logging environment variables
14:43:02.844 [FXGL Background Thread 3 ] DEBUG Engine               - achievements: []
14:43:02.844 [FXGL Background Thread 3 ] DEBUG Engine               - actualHeight: 450.0
14:43:02.845 [FXGL Background Thread 3 ] DEBUG Engine               - actualHeightProperty: ReadOnlyDoubleProperty [value: 450.0]
14:43:02.845 [FXGL Background Thread 3 ] DEBUG Engine               - actualWidth: 800.0
14:43:02.845 [FXGL Background Thread 3 ] DEBUG Engine               - actualWidthProperty: ReadOnlyDoubleProperty [value: 800.0]
14:43:02.845 [FXGL Background Thread 3 ] DEBUG Engine               - appIcon: fxgl_icon.png
14:43:02.845 [FXGL Background Thread 3 ] DEBUG Engine               - applicationMode: DEVELOPER
14:43:02.846 [FXGL Background Thread 3 ] DEBUG Engine               - cSSList: [fxgl_dark.css]
14:43:02.846 [FXGL Background Thread 3 ] DEBUG Engine               - collisionDetectionStrategy: BRUTE_FORCE
14:43:02.846 [FXGL Background Thread 3 ] DEBUG Engine               - configClass: Optional.empty
14:43:02.846 [FXGL Background Thread 3 ] DEBUG Engine               - credits: []
14:43:02.847 [FXGL Background Thread 3 ] DEBUG Engine               - defaultCursor: CursorInfo(imageName=fxgl_default_cursor.png, hotspotX=7.0, hotspotY=6.0)
14:43:02.847 [FXGL Background Thread 3 ] DEBUG Engine               - devBBoxColorProperty: ObjectProperty [value: 0xff0000ff]
14:43:02.847 [FXGL Background Thread 3 ] DEBUG Engine               - devEnableDebugCameraProperty: BooleanProperty [value: false]
14:43:02.848 [FXGL Background Thread 3 ] DEBUG Engine               - devSensorColorProperty: ObjectProperty [value: 0xffff00ff]
14:43:02.848 [FXGL Background Thread 3 ] DEBUG Engine               - devShowBBoxProperty: BooleanProperty [value: false]
14:43:02.848 [FXGL Background Thread 3 ] DEBUG Engine               - devShowPositionProperty: BooleanProperty [value: false]
14:43:02.848 [FXGL Background Thread 3 ] DEBUG Engine               - enabledMenuItems: []
14:43:02.848 [FXGL Background Thread 3 ] DEBUG Engine               - engineServices: [class com.almasb.fxgl.app.services.FXGLAssetLoaderService, class com.almasb.fxgl.app.FXGLApplication$GameApplicationService, class com.almasb.fxgl.app.services.FXGLDialogService, class com.almasb.fxgl.app.services.IOTaskExecutorService, class com.almasb.fxgl.io.FileSystemService, class com.almasb.fxgl.localization.LocalizationService, class com.almasb.fxgl.app.services.SystemBundleService, class com.almasb.fxgl.profile.SaveLoadService, class com.almasb.fxgl.ui.FXGLUIFactoryServiceProvider, class com.almasb.fxgl.ui.FXGLDialogFactoryServiceProvider, class com.almasb.fxgl.audio.AudioPlayer, class com.almasb.fxgl.notification.impl.NotificationServiceProvider, class com.almasb.fxgl.achievement.AchievementService, class com.almasb.fxgl.cutscene.CutsceneService, class com.almasb.fxgl.minigames.MiniGameService, class com.almasb.fxgl.net.NetService, class com.almasb.fxgl.app.services.UpdaterService, class com.almasb.fxgl.dev.DevService]
14:43:02.848 [FXGL Background Thread 3 ] DEBUG Engine               - fontGame: Abel-Regular.ttf
14:43:02.849 [FXGL Background Thread 3 ] DEBUG Engine               - fontMono: TerminalLandMono-Regular.otf
14:43:02.849 [FXGL Background Thread 3 ] DEBUG Engine               - fontText: Courier-Prime.ttf
14:43:02.849 [FXGL Background Thread 3 ] DEBUG Engine               - fontUI: VarelaRound-Regular.ttf
14:43:02.849 [FXGL Background Thread 3 ] DEBUG Engine               - fullScreen: BooleanProperty [value: false]
14:43:02.849 [FXGL Background Thread 3 ] DEBUG Engine               - gameDifficulty: MEDIUM
14:43:02.849 [FXGL Background Thread 3 ] DEBUG Engine               - gameDifficultyProperty: ObjectProperty [value: MEDIUM]
14:43:02.850 [FXGL Background Thread 3 ] DEBUG Engine               - globalMusicVolume: 0.5
14:43:02.850 [FXGL Background Thread 3 ] DEBUG Engine               - globalMusicVolumeProperty: DoubleProperty [value: 0.5]
14:43:02.850 [FXGL Background Thread 3 ] DEBUG Engine               - globalSoundVolume: 0.5
14:43:02.850 [FXGL Background Thread 3 ] DEBUG Engine               - globalSoundVolumeProperty: DoubleProperty [value: 0.5]
14:43:02.850 [FXGL Background Thread 3 ] DEBUG Engine               - height: 450
14:43:02.850 [FXGL Background Thread 3 ] DEBUG Engine               - is3D: false
14:43:02.851 [FXGL Background Thread 3 ] DEBUG Engine               - isAndroid: false
14:43:02.851 [FXGL Background Thread 3 ] DEBUG Engine               - isBrowser: false
14:43:02.851 [FXGL Background Thread 3 ] DEBUG Engine               - isClickFeedbackEnabled: false
14:43:02.851 [FXGL Background Thread 3 ] DEBUG Engine               - isCloseConfirmation: false
14:43:02.851 [FXGL Background Thread 3 ] DEBUG Engine               - isDesktop: true
14:43:02.851 [FXGL Background Thread 3 ] DEBUG Engine               - isDeveloperMenuEnabled: false
14:43:02.851 [FXGL Background Thread 3 ] DEBUG Engine               - isEmbedded: false
14:43:02.852 [FXGL Background Thread 3 ] DEBUG Engine               - isEntityPreloadEnabled: true
14:43:02.852 [FXGL Background Thread 3 ] DEBUG Engine               - isExperimentalTiledLargeMap: false
14:43:02.852 [FXGL Background Thread 3 ] DEBUG Engine               - isFileSystemWriteAllowed: true
14:43:02.852 [FXGL Background Thread 3 ] DEBUG Engine               - isFullScreenAllowed: false
14:43:02.852 [FXGL Background Thread 3 ] DEBUG Engine               - isFullScreenFromStart: false
14:43:02.852 [FXGL Background Thread 3 ] DEBUG Engine               - isGameMenuEnabled: true
14:43:02.852 [FXGL Background Thread 3 ] DEBUG Engine               - isIOS: false
14:43:02.853 [FXGL Background Thread 3 ] DEBUG Engine               - isIntroEnabled: false
14:43:02.853 [FXGL Background Thread 3 ] DEBUG Engine               - isLinux: false
14:43:02.853 [FXGL Background Thread 3 ] DEBUG Engine               - isMac: false
14:43:02.853 [FXGL Background Thread 3 ] DEBUG Engine               - isMainMenuEnabled: true
14:43:02.853 [FXGL Background Thread 3 ] DEBUG Engine               - isManualResizeEnabled: false
14:43:02.853 [FXGL Background Thread 3 ] DEBUG Engine               - isMobile: false
14:43:02.853 [FXGL Background Thread 3 ] DEBUG Engine               - isNative: false
14:43:02.854 [FXGL Background Thread 3 ] DEBUG Engine               - isPauseMusicWhenMinimized: true
14:43:02.854 [FXGL Background Thread 3 ] DEBUG Engine               - isPreserveResizeRatio: false
14:43:02.854 [FXGL Background Thread 3 ] DEBUG Engine               - isProfilingEnabled: false
14:43:02.854 [FXGL Background Thread 3 ] DEBUG Engine               - isScaleAffectedOnResize: true
14:43:02.854 [FXGL Background Thread 3 ] DEBUG Engine               - isSingleStep: false
14:43:02.854 [FXGL Background Thread 3 ] DEBUG Engine               - isUserProfileEnabled: false
14:43:02.854 [FXGL Background Thread 3 ] DEBUG Engine               - isWindows: true
14:43:02.854 [FXGL Background Thread 3 ] DEBUG Engine               - language: ObjectProperty [value: ENGLISH]
14:43:02.855 [FXGL Background Thread 3 ] DEBUG Engine               - menuKey: ESCAPE
14:43:02.855 [FXGL Background Thread 3 ] DEBUG Engine               - mouseSensitivity: 0.2
14:43:02.855 [FXGL Background Thread 3 ] DEBUG Engine               - notificationViewClass: class com.almasb.fxgl.notification.view.XboxNotificationView
14:43:02.855 [FXGL Background Thread 3 ] DEBUG Engine               - pixelsPerMeter: 50.0
14:43:02.855 [FXGL Background Thread 3 ] DEBUG Engine               - platform: WINDOWS
14:43:02.855 [FXGL Background Thread 3 ] DEBUG Engine               - prefHeightProperty: ReadOnlyDoubleProperty [value: 450.0]
14:43:02.855 [FXGL Background Thread 3 ] DEBUG Engine               - prefWidthProperty: ReadOnlyDoubleProperty [value: 800.0]
14:43:02.856 [FXGL Background Thread 3 ] DEBUG Engine               - profileDir: profiles/
14:43:02.856 [FXGL Background Thread 3 ] DEBUG Engine               - profileName: StringProperty [value: DEFAULT]
14:43:02.856 [FXGL Background Thread 3 ] DEBUG Engine               - randomSeed: -1
14:43:02.857 [FXGL Background Thread 3 ] DEBUG Engine               - runtimeInfo: RuntimeInfo(platform=WINDOWS, version=17.1, build=24.03.2022 17.34)
14:43:02.857 [FXGL Background Thread 3 ] DEBUG Engine               - saveFileExt: sav
14:43:02.857 [FXGL Background Thread 3 ] DEBUG Engine               - scaledHeightProp$fxgl: DoubleProperty [bound, value: 450.0]
14:43:02.857 [FXGL Background Thread 3 ] DEBUG Engine               - scaledWidthProp$fxgl: DoubleProperty [bound, value: 800.0]
14:43:02.857 [FXGL Background Thread 3 ] DEBUG Engine               - sceneFactory: com.almasb.fxgl.app.scene.SceneFactory@5eddd5ac
14:43:02.857 [FXGL Background Thread 3 ] DEBUG Engine               - secondsIn24h: 60
14:43:02.857 [FXGL Background Thread 3 ] DEBUG Engine               - soundMenuBack: menu/back.wav
14:43:02.858 [FXGL Background Thread 3 ] DEBUG Engine               - soundMenuPress: menu/press.wav
14:43:02.858 [FXGL Background Thread 3 ] DEBUG Engine               - soundMenuSelect: menu/select.wav
14:43:02.858 [FXGL Background Thread 3 ] DEBUG Engine               - soundNotification: core/notification.wav
14:43:02.858 [FXGL Background Thread 3 ] DEBUG Engine               - stageStyle: DECORATED
14:43:02.858 [FXGL Background Thread 3 ] DEBUG Engine               - supportedLanguages: [ENGLISH, FRENCH, GERMAN, HUNGARIAN, RUSSIAN]
14:43:02.858 [FXGL Background Thread 3 ] DEBUG Engine               - ticksPerSecond: -1
14:43:02.858 [FXGL Background Thread 3 ] DEBUG Engine               - title: Pizzería
14:43:02.858 [FXGL Background Thread 3 ] DEBUG Engine               - urlGithub: https://github.com/AlmasB/FXGL
14:43:02.859 [FXGL Background Thread 3 ] DEBUG Engine               - urlLeaderboard: http://fxgl-top.herokuapp.com/
14:43:02.859 [FXGL Background Thread 3 ] DEBUG Engine               - urlPOM: https://raw.githubusercontent.com/AlmasB/FXGL/release/README.md
14:43:02.859 [FXGL Background Thread 3 ] DEBUG Engine               - userAppClass: class com.example.pizzitas.Main
14:43:02.859 [FXGL Background Thread 3 ] DEBUG Engine               - version: 0.0
14:43:02.859 [FXGL Background Thread 3 ] DEBUG Engine               - versionCheckDays: 7
14:43:02.859 [FXGL Background Thread 3 ] DEBUG Engine               - width: 800
14:43:02.860 [FXGL Background Thread 3 ] DEBUG Engine               - Logging services
14:43:02.860 [FXGL Background Thread 3 ] DEBUG Engine               - class com.almasb.fxgl.app.services.FXGLAssetLoaderService
14:43:02.860 [FXGL Background Thread 3 ] DEBUG Engine               - class com.almasb.fxgl.app.FXGLApplication$GameApplicationService
14:43:02.860 [FXGL Background Thread 3 ] DEBUG Engine               - class com.almasb.fxgl.app.services.FXGLDialogService
14:43:02.860 [FXGL Background Thread 3 ] DEBUG Engine               - class com.almasb.fxgl.app.services.IOTaskExecutorService
14:43:02.860 [FXGL Background Thread 3 ] DEBUG Engine               - class com.almasb.fxgl.io.FileSystemService
14:43:02.860 [FXGL Background Thread 3 ] DEBUG Engine               - class com.almasb.fxgl.localization.LocalizationService
14:43:02.860 [FXGL Background Thread 3 ] DEBUG Engine               - class com.almasb.fxgl.app.services.SystemBundleService
14:43:02.860 [FXGL Background Thread 3 ] DEBUG Engine               - class com.almasb.fxgl.profile.SaveLoadService
14:43:02.861 [FXGL Background Thread 3 ] DEBUG Engine               - class com.almasb.fxgl.ui.FXGLUIFactoryServiceProvider
14:43:02.861 [FXGL Background Thread 3 ] DEBUG Engine               - class com.almasb.fxgl.ui.FXGLDialogFactoryServiceProvider
14:43:02.861 [FXGL Background Thread 3 ] DEBUG Engine               - class com.almasb.fxgl.audio.AudioPlayer
14:43:02.861 [FXGL Background Thread 3 ] DEBUG Engine               - class com.almasb.fxgl.notification.impl.NotificationServiceProvider
14:43:02.861 [FXGL Background Thread 3 ] DEBUG Engine               - class com.almasb.fxgl.achievement.AchievementService
14:43:02.861 [FXGL Background Thread 3 ] DEBUG Engine               - class com.almasb.fxgl.cutscene.CutsceneService
14:43:02.861 [FXGL Background Thread 3 ] DEBUG Engine               - class com.almasb.fxgl.minigames.MiniGameService
14:43:02.861 [FXGL Background Thread 3 ] DEBUG Engine               - class com.almasb.fxgl.net.NetService
14:43:02.862 [FXGL Background Thread 3 ] DEBUG Engine               - class com.almasb.fxgl.app.services.UpdaterService
14:43:02.862 [FXGL Background Thread 3 ] DEBUG Engine               - class com.almasb.fxgl.dev.DevService
14:43:07.238 [JavaFX Application Thread] DEBUG FXGLAssetLoaderServi - Loading from file system: file:/C:/Users/larih/OneDrive/Documentos/Java_Oracle/pizzitas/target/classes/assets/textures/nino.png
14:43:07.243 [JavaFX Application Thread] WARN  GameWorld            - Entity is already attached to world
14:43:07.245 [JavaFX Application Thread] DEBUG FXGLAssetLoaderServi - Loading from file system: file:/C:/Users/larih/OneDrive/Documentos/Java_Oracle/pizzitas/target/classes/assets/textures/pizza.png
14:43:07.249 [JavaFX Application Thread] WARN  GameWorld            - Entity is already attached to world
14:43:08.886 [JavaFX Application Thread] WARN  GameWorld            - Entity is already attached to world
14:43:08.888 [JavaFX Application Thread] WARN  GameWorld            - Entity is already attached to world
14:43:09.798 [JavaFX Application Thread] WARN  GameWorld            - Entity is already attached to world
14:43:09.800 [JavaFX Application Thread] WARN  GameWorld            - Entity is already attached to world
14:43:10.774 [JavaFX Application Thread] WARN  GameWorld            - Entity is already attached to world
14:43:10.782 [JavaFX Application Thread] WARN  GameWorld            - Entity is already attached to world
14:43:11.685 [JavaFX Application Thread] WARN  GameWorld            - Entity is already attached to world
14:43:11.686 [JavaFX Application Thread] WARN  GameWorld            - Entity is already attached to world
14:43:11.895 [JavaFX Application Thread] WARN  GameWorld            - Entity is already attached to world
14:43:11.897 [JavaFX Application Thread] WARN  GameWorld            - Entity is already attached to world
14:43:13.847 [JavaFX Application Thread] WARN  GameWorld            - Entity is already attached to world
14:43:13.849 [JavaFX Application Thread] WARN  GameWorld            - Entity is already attached to world
14:43:14.070 [JavaFX Application Thread] WARN  GameWorld            - Entity is already attached to world
14:43:14.074 [JavaFX Application Thread] WARN  GameWorld            - Entity is already attached to world
14:43:15.352 [JavaFX Application Thread] WARN  GameWorld            - Entity is already attached to world
14:43:15.354 [JavaFX Application Thread] WARN  GameWorld            - Entity is already attached to world
14:43:15.898 [JavaFX Application Thread] WARN  GameWorld            - Entity is already attached to world
14:43:15.900 [JavaFX Application Thread] WARN  GameWorld            - Entity is already attached to world
14:43:17.159 [JavaFX Application Thread] WARN  GameWorld            - Entity is already attached to world
14:43:17.161 [JavaFX Application Thread] WARN  GameWorld            - Entity is already attached to world
14:43:18.197 [JavaFX Application Thread] WARN  GameWorld            - Entity is already attached to world
14:43:18.198 [JavaFX Application Thread] WARN  GameWorld            - Entity is already attached to world
14:43:19.318 [JavaFX Application Thread] WARN  GameWorld            - Entity is already attached to world
14:43:19.320 [JavaFX Application Thread] WARN  GameWorld            - Entity is already attached to world
14:43:20.407 [JavaFX Application Thread] WARN  GameWorld            - Entity is already attached to world
14:43:20.409 [JavaFX Application Thread] WARN  GameWorld            - Entity is already attached to world
14:43:21.432 [JavaFX Application Thread] WARN  GameWorld            - Entity is already attached to world
14:43:21.434 [JavaFX Application Thread] WARN  GameWorld            - Entity is already attached to world
14:43:22.331 [JavaFX Application Thread] WARN  GameWorld            - Entity is already attached to world
14:43:22.334 [JavaFX Application Thread] WARN  GameWorld            - Entity is already attached to world
14:43:22.982 [JavaFX Application Thread] WARN  GameWorld            - Entity is already attached to world
14:43:22.985 [JavaFX Application Thread] WARN  GameWorld            - Entity is already attached to world
14:43:23.894 [JavaFX Application Thread] WARN  GameWorld            - Entity is already attached to world
14:43:23.896 [JavaFX Application Thread] WARN  GameWorld            - Entity is already attached to world
14:43:24.790 [JavaFX Application Thread] WARN  GameWorld            - Entity is already attached to world
14:43:24.792 [JavaFX Application Thread] WARN  GameWorld            - Entity is already attached to world
14:43:26.183 [JavaFX Application Thread] WARN  GameWorld            - Entity is already attached to world
14:43:26.184 [JavaFX Application Thread] WARN  GameWorld            - Entity is already attached to world
14:43:26.742 [JavaFX Application Thread] WARN  GameWorld            - Entity is already attached to world
14:43:26.745 [JavaFX Application Thread] WARN  GameWorld            - Entity is already attached to world
14:43:27.817 [JavaFX Application Thread] WARN  GameWorld            - Entity is already attached to world
14:43:27.819 [JavaFX Application Thread] WARN  GameWorld            - Entity is already attached to world
14:43:29.430 [JavaFX Application Thread] WARN  GameWorld            - Entity is already attached to world
14:43:29.432 [JavaFX Application Thread] WARN  GameWorld            - Entity is already attached to world
14:43:30.663 [JavaFX Application Thread] WARN  GameWorld            - Entity is already attached to world
14:43:30.664 [JavaFX Application Thread] WARN  GameWorld            - Entity is already attached to world
14:43:31.607 [JavaFX Application Thread] WARN  GameWorld            - Entity is already attached to world
14:43:31.607 [JavaFX Application Thread] WARN  GameWorld            - Entity is already attached to world
14:43:31.750 [JavaFX Application Thread] WARN  GameWorld            - Entity is already attached to world
14:43:31.752 [JavaFX Application Thread] WARN  GameWorld            - Entity is already attached to world
14:43:33.768 [JavaFX Application Thread] WARN  GameWorld            - Entity is already attached to world
14:43:33.770 [JavaFX Application Thread] WARN  GameWorld            - Entity is already attached to world
14:43:34.407 [JavaFX Application Thread] WARN  GameWorld            - Entity is already attached to world
14:43:34.409 [JavaFX Application Thread] WARN  GameWorld            - Entity is already attached to world
14:43:35.193 [JavaFX Application Thread] WARN  GameWorld            - Entity is already attached to world
14:43:35.195 [JavaFX Application Thread] WARN  GameWorld            - Entity is already attached to world
14:43:35.751 [JavaFX Application Thread] WARN  GameWorld            - Entity is already attached to world
14:43:35.753 [JavaFX Application Thread] WARN  GameWorld            - Entity is already attached to world
14:43:37.764 [JavaFX Application Thread] DEBUG LoopRunner           - Stopping loop
14:43:37.768 [JavaFX Application Thread] FATAL FXGLApplication      - Uncaught Exception:
java.lang.IndexOutOfBoundsException: Index -1 out of bounds for length 7
	at java.base/jdk.internal.util.Preconditions.outOfBounds(Preconditions.java:64)
	at java.base/jdk.internal.util.Preconditions.outOfBoundsCheckIndex(Preconditions.java:70)
	at java.base/jdk.internal.util.Preconditions.checkIndex(Preconditions.java:266)
	at java.base/java.util.Objects.checkIndex(Objects.java:361)
	at java.base/java.util.ArrayList.get(ArrayList.java:427)
	at javafx.graphics/javafx.scene.Parent.updateCachedBounds(Parent.java:1704)
	at javafx.graphics/javafx.scene.Parent.recomputeBounds(Parent.java:1648)
	at javafx.graphics/javafx.scene.Parent.doComputeGeomBounds(Parent.java:1501)
	at javafx.graphics/javafx.scene.Parent$1.doComputeGeomBounds(Parent.java:115)
	at javafx.graphics/com.sun.javafx.scene.ParentHelper.computeGeomBoundsImpl(ParentHelper.java:84)
	at javafx.graphics/com.sun.javafx.scene.NodeHelper.computeGeomBounds(NodeHelper.java:116)
	at javafx.graphics/javafx.scene.Node.updateGeomBounds(Node.java:3813)
	at javafx.graphics/javafx.scene.Node.getGeomBounds(Node.java:3775)
	at javafx.graphics/javafx.scene.Node.doComputeLayoutBounds(Node.java:3623)
	at javafx.graphics/javafx.scene.Node$1.doComputeLayoutBounds(Node.java:449)
	at javafx.graphics/com.sun.javafx.scene.NodeHelper.computeLayoutBoundsImpl(NodeHelper.java:167)
	at javafx.graphics/com.sun.javafx.scene.GroupHelper.computeLayoutBoundsImpl(GroupHelper.java:63)
	at javafx.graphics/com.sun.javafx.scene.NodeHelper.computeLayoutBounds(NodeHelper.java:107)
	at javafx.graphics/javafx.scene.Node$13.computeBounds(Node.java:3475)
	at javafx.graphics/javafx.scene.Node$LazyBoundsProperty.get(Node.java:9691)
	at javafx.graphics/javafx.scene.Node$LazyBoundsProperty.get(Node.java:9661)
	at javafx.graphics/javafx.scene.Node.getLayoutBounds(Node.java:3490)
	at javafx.graphics/javafx.scene.Parent.computePrefWidth(Parent.java:1090)
	at javafx.graphics/javafx.scene.layout.Region.computePrefWidth(Region.java:1684)
	at javafx.graphics/javafx.scene.Parent.prefWidth(Parent.java:1020)
	at javafx.graphics/javafx.scene.layout.Region.prefWidth(Region.java:1589)
	at javafx.graphics/javafx.scene.Node.autosize(Node.java:3136)
	at javafx.graphics/javafx.scene.Parent.layoutChildren(Parent.java:1238)
	at javafx.graphics/javafx.scene.Parent.layout(Parent.java:1207)
	at javafx.graphics/javafx.scene.Scene.doLayoutPass(Scene.java:579)
	at javafx.graphics/javafx.scene.Scene$ScenePulseListener.pulse(Scene.java:2515)
	at javafx.graphics/com.sun.javafx.tk.Toolkit.lambda$runPulse$2(Toolkit.java:421)
	at java.base/java.security.AccessController.doPrivileged(AccessController.java:399)
	at javafx.graphics/com.sun.javafx.tk.Toolkit.runPulse(Toolkit.java:420)
	at javafx.graphics/com.sun.javafx.tk.Toolkit.firePulse(Toolkit.java:450)
	at javafx.graphics/com.sun.javafx.tk.quantum.QuantumToolkit.pulse(QuantumToolkit.java:575)
	at javafx.graphics/com.sun.javafx.tk.quantum.QuantumToolkit.pulse(QuantumToolkit.java:555)
	at javafx.graphics/com.sun.javafx.tk.quantum.QuantumToolkit.pulseFromQueue(QuantumToolkit.java:548)
	at javafx.graphics/com.sun.javafx.tk.quantum.QuantumToolkit.lambda$runToolkit$11(QuantumToolkit.java:353)
	at javafx.graphics/com.sun.glass.ui.InvokeLaterDispatcher$Future.run(InvokeLaterDispatcher.java:96)
	at javafx.graphics/com.sun.glass.ui.win.WinApplication._runLoop(Native Method)
	at javafx.graphics/com.sun.glass.ui.win.WinApplication.lambda$runLoop$3(WinApplication.java:184)
	at java.base/java.lang.Thread.run(Thread.java:840)

14:43:37.768 [JavaFX Application Thread] FATAL FXGLApplication      - Application will now exit
14:43:37.811 [JavaFX Application Thread] DEBUG PrimaryStageWindow   - Push state: ErrorSubScene
14:43:37.811 [JavaFX Application Thread] DEBUG Input                - Clearing active input actions
14:43:37.814 [JavaFX Application Thread] DEBUG GameApplicationServi - Removing overlay from GameScene and adding to ErrorSubScene
14:43:37.814 [JavaFX Application Thread] DEBUG PrimaryStageWindow   - GameScene -> ErrorSubScene
14:44:04.383 [JavaFX Application Thread] DEBUG LoopRunner           - Pausing loop
14:44:06.421 [JavaFX Application Thread] DEBUG LoopRunner           - Resuming loop
14:44:10.554 [JavaFX Application Thread] DEBUG LoopRunner           - Pausing loop
14:44:48.880 [JavaFX Application Thread] DEBUG LoopRunner           - Resuming loop
14:44:49.989 [JavaFX Application Thread] DEBUG FXGLApplication      - Exiting FXGL
14:44:49.989 [JavaFX Application Thread] DEBUG Async                - Shutting down background threads
14:44:49.989 [JavaFX Application Thread] DEBUG PrimaryStageWindow   - Closing main window
14:44:50.049 [JavaFX Application Thread] DEBUG Logger               - Closing Logger
