08:49:04.729 [main                     ] DEBUG Logger               - Configured Logger
08:49:04.769 [main                     ] DEBUG GameApplication      - Logging settings
Title: Pizzería
Version: 0.0
Width: 800
Height: 450
Fullscreen: false
Intro: false
Profiling: false
Single step:false
App Mode: DEVELOPER
Menu Key: ESCAPE
Stage Style: DECORATED
Scene Factory: class com.almasb.fxgl.app.scene.SceneFactory

08:49:05.167 [JavaFX Application Thread] DEBUG FXGLApplication      - Initializing FXGL
08:49:05.175 [JavaFX Application Thread] INFO  Engine               - FXGL-17.1 (24.03.2022 17.34) on WINDOWS (J:17.0.9 FX:17.0.2-ea)
08:49:05.176 [JavaFX Application Thread] DEBUG Engine               - JRE Vendor Name: Amazon.com Inc.
08:49:05.176 [JavaFX Application Thread] DEBUG Engine               - Running on OS: Windows 11 version 10.0
08:49:05.177 [JavaFX Application Thread] DEBUG Engine               - Architecture: amd64
08:49:05.177 [JavaFX Application Thread] INFO  Engine               - Source code and latest versions at: https://github.com/AlmasB/FXGL
08:49:05.177 [JavaFX Application Thread] INFO  Engine               -       Ask questions and discuss at: https://github.com/AlmasB/FXGL/discussions
08:49:05.177 [JavaFX Application Thread] INFO  Engine               -              Join the FXGL chat at: https://gitter.im/AlmasB/FXGL
08:49:05.283 [JavaFX Application Thread] DEBUG PrimaryStageWindow   - Creating a JavaFX scene
08:49:05.337 [JavaFX Application Thread] DEBUG PrimaryStageWindow   - Target settings size: 800.0 x 450.0
08:49:05.337 [JavaFX Application Thread] DEBUG PrimaryStageWindow   - Scaled scene size:    800.0 x 450.0
08:49:05.338 [JavaFX Application Thread] DEBUG PrimaryStageWindow   - Scaled ratio: (1.0, 1.0)
08:49:05.339 [JavaFX Application Thread] DEBUG PrimaryStageWindow   - Set initial scene to FXGLStartupScene
08:49:05.346 [JavaFX Application Thread] DEBUG PrimaryStageWindow   - Opening main window
08:49:05.497 [JavaFX Application Thread] DEBUG PrimaryStageWindow   - Window border size: (16.0, 39.0)
08:49:05.498 [JavaFX Application Thread] DEBUG PrimaryStageWindow   - Scaled size: 800.0 x 450.0
08:49:05.498 [JavaFX Application Thread] DEBUG PrimaryStageWindow   - Scaled ratio: (1.0, 1.0)
08:49:05.499 [JavaFX Application Thread] DEBUG PrimaryStageWindow   - Scene size: 800.0 x 450.0
08:49:05.499 [JavaFX Application Thread] DEBUG PrimaryStageWindow   - Stage size: 816.0 x 489.0
08:49:05.519 [FXGL Background Thread 1 ] DEBUG Engine               - Initializing environment variables
08:49:05.601 [FXGL Background Thread 1 ] DEBUG FXGLAssetLoaderServi - User app class for loading assets: class com.example.pizzitas.Main
08:49:05.601 [FXGL Background Thread 1 ] DEBUG GameApplicationServi - Applying CSS: fxgl_dark.css
08:49:05.603 [FXGL Background Thread 1 ] DEBUG FXGLAssetLoaderServi - Loading from file system: jar:file:///C:/Users/larih/.m2/repository/com/github/almasb/fxgl/17.1/fxgl-17.1.jar!/fxglassets/ui/css/fxgl_dark.css
08:49:05.687 [FXGL Background Thread 1 ] DEBUG GameApplicationServi - Initializing application scenes
08:49:05.776 [FXGL Background Thread 1 ] DEBUG GameWorld            - Game world initialized
08:49:05.909 [FXGL Background Thread 1 ] DEBUG PhysicsWorld         - Physics world initialized: appHeight=450, physics.ppm=50.0
08:49:05.909 [FXGL Background Thread 1 ] DEBUG PhysicsWorld         - Using strategy: BRUTE_FORCE
08:49:05.916 [FXGL Background Thread 1 ] DEBUG GameScene            - Game scene initialized: 800x450
08:49:05.934 [FXGL Background Thread 1 ] WARN  FXGL.DefaultMenu     - FXGLDefaultMenu is not designed for resolutions < 800x600
08:49:05.935 [FXGL Background Thread 1 ] DEBUG FXGL.DefaultMenu     - createMenuBodyGameMenu()
08:49:05.965 [FXGL Background Thread 1 ] DEBUG FXGL.DefaultMenu     - createOptionsMenu()
08:49:05.986 [FXGL Background Thread 1 ] DEBUG FXGLAssetLoaderServi - Loading from file system: jar:file:///C:/Users/larih/.m2/repository/com/github/almasb/fxgl/17.1/fxgl-17.1.jar!/fxglassets/textures/particles/smoke.png
08:49:06.111 [FXGL Background Thread 1 ] DEBUG FXGLAssetLoaderServi - Loading from file system: jar:file:///C:/Users/larih/.m2/repository/com/github/almasb/fxgl/17.1/fxgl-17.1.jar!/fxglassets/textures/particles/trace_horizontal.png
08:49:06.175 [FXGL Background Thread 1 ] DEBUG GameApplicationServi - Application scenes initialized
08:49:06.206 [FXGL Background Thread 1 ] DEBUG SystemBundleService  - Loading FXGL system data
08:49:06.215 [FXGL Background Thread 1 ] DEBUG FileSystemAccess     - Reading from: C:\Users\larih\OneDrive\Documentos\Java_Oracle\pizzitas\system\fxgl.bundle
08:49:06.227 [FXGL Background Thread 1 ] DEBUG SystemBundleService  - Bundle FXGL: {}
08:49:06.227 [FXGL Background Thread 1 ] DEBUG UpdaterService       - Checking for updates
08:49:06.233 [FXGL Background Thread 4 ] DEBUG FXGLApplication      - Loading fonts
08:49:06.234 [FXGL Background Thread 1 ] DEBUG FXGLApplication      - Loading default localization
08:49:06.234 [FXGL Background Thread 4 ] DEBUG FXGLAssetLoaderServi - Loading from file system: jar:file:///C:/Users/larih/.m2/repository/com/github/almasb/fxgl/17.1/fxgl-17.1.jar!/fxglassets/ui/fonts/VarelaRound-Regular.ttf
08:49:06.235 [FXGL Background Thread 1 ] DEBUG FXGLAssetLoaderServi - Loading from file system: jar:file:///C:/Users/larih/.m2/repository/com/github/almasb/fxgl/17.1/fxgl-17.1.jar!/fxglassets/languages/english.lang
08:49:06.266 [FXGL Background Thread 1 ] INFO  FXGLApplication      - FXGL initialization took: 0.746 sec
08:49:06.268 [JavaFX Application Thread] DEBUG FXGLAssetLoaderServi - Loading from file system: jar:file:///C:/Users/larih/.m2/repository/com/github/almasb/fxgl/17.1/fxgl-17.1.jar!/fxglassets/textures/fxgl_icon.png
08:49:06.302 [JavaFX Application Thread] DEBUG FXGLAssetLoaderServi - Loading from file system: jar:file:///C:/Users/larih/.m2/repository/com/github/almasb/fxgl/17.1/fxgl-17.1.jar!/fxglassets/textures/fxgl_default_cursor.png
08:49:06.323 [JavaFX Application Thread] DEBUG Input                - Registered new binding: Screenshot - CTRL+8
08:49:06.324 [JavaFX Application Thread] DEBUG Input                - Registered new binding: System info dump - CTRL+9
08:49:06.325 [JavaFX Application Thread] DEBUG Input                - Registered new binding: Restart - CTRL+R
08:49:06.325 [JavaFX Application Thread] DEBUG Input                - Registered new binding: Toggle Debug Camera - CTRL+7
08:49:06.331 [JavaFX Application Thread] DEBUG LoopRunner           - Starting loop
08:49:06.331 [JavaFX Application Thread] DEBUG LoopRunner           - Initializing JavaFX AnimationTimerLoop
08:49:06.336 [JavaFX Application Thread] DEBUG GameApplicationServi - Starting new game
08:49:06.337 [JavaFX Application Thread] DEBUG Input                - Clearing active input actions
08:49:06.351 [FXGL Background Thread 4 ] DEBUG FXGLAssetLoaderServi - Loading from file system: jar:file:///C:/Users/larih/.m2/repository/com/github/almasb/fxgl/17.1/fxgl-17.1.jar!/fxglassets/ui/fonts/Abel-Regular.ttf
08:49:06.354 [JavaFX Application Thread] DEBUG GameApplicationServi - Removing overlay from FXGLStartupScene and adding to FXGLLoadingScene
08:49:06.355 [JavaFX Application Thread] DEBUG PrimaryStageWindow   - FXGLStartupScene -> FXGLLoadingScene
08:49:06.355 [JavaFX Application Thread] DEBUG GameApplicationServi - Clearing previous game
08:49:06.355 [JavaFX Application Thread] DEBUG GameScene            - Clearing game scene
08:49:06.355 [JavaFX Application Thread] DEBUG GameWorld            - Clearing game world
08:49:06.355 [JavaFX Application Thread] DEBUG PhysicsWorld         - Clearing physics world
08:49:06.358 [FXGL Background Thread 1 ] DEBUG FXGLApplication      - Initializing game
08:49:06.369 [FXGL Background Thread 4 ] DEBUG FXGLAssetLoaderServi - Loading from file system: jar:file:///C:/Users/larih/.m2/repository/com/github/almasb/fxgl/17.1/fxgl-17.1.jar!/fxglassets/ui/fonts/TerminalLandMono-Regular.otf
08:49:06.385 [FXGL Background Thread 4 ] DEBUG FXGLAssetLoaderServi - Loading from file system: jar:file:///C:/Users/larih/.m2/repository/com/github/almasb/fxgl/17.1/fxgl-17.1.jar!/fxglassets/ui/fonts/Courier-Prime.ttf
08:49:06.426 [JavaFX Application Thread] DEBUG FXGLApplication      - Registering font factories with UI factory
08:49:06.486 [FXGL Background Thread 1 ] DEBUG FXGLAssetLoaderServi - Loading from file system: file:/C:/Users/larih/OneDrive/Documentos/Java_Oracle/pizzitas/target/classes/assets/textures/recepcionista.png
08:49:06.543 [FXGL Background Thread 1 ] DEBUG FXGLAssetLoaderServi - Loading from file system: file:/C:/Users/larih/OneDrive/Documentos/Java_Oracle/pizzitas/target/classes/assets/textures/mesero.png
08:49:06.550 [FXGL Background Thread 1 ] WARN  GameWorld            - Entity is already attached to world
08:49:06.552 [FXGL Background Thread 1 ] WARN  GameWorld            - Entity is already attached to world
08:49:06.554 [FXGL Background Thread 1 ] WARN  GameWorld            - Entity is already attached to world
08:49:06.555 [FXGL Background Thread 1 ] WARN  GameWorld            - Entity is already attached to world
08:49:06.556 [FXGL Background Thread 1 ] WARN  GameWorld            - Entity is already attached to world
08:49:06.558 [FXGL Background Thread 1 ] WARN  GameWorld            - Entity is already attached to world
08:49:06.559 [FXGL Background Thread 1 ] WARN  GameWorld            - Entity is already attached to world
08:49:06.562 [FXGL Background Thread 1 ] DEBUG FXGLAssetLoaderServi - Loading from file system: file:/C:/Users/larih/OneDrive/Documentos/Java_Oracle/pizzitas/target/classes/assets/textures/bg.jpg
08:49:06.589 [FXGL Background Thread 1 ] INFO  FXGLApplication      - Game initialization took: 0.230 sec
08:49:06.610 [JavaFX Application Thread] DEBUG Input                - Clearing active input actions
08:49:06.621 [JavaFX Application Thread] DEBUG GameApplicationServi - Removing overlay from FXGLLoadingScene and adding to GameScene
08:49:06.622 [JavaFX Application Thread] DEBUG PrimaryStageWindow   - FXGLLoadingScene -> GameScene
08:49:07.141 [FXGL Background Thread 2 ] INFO  UpdaterService       - Your current version:  17.1
08:49:07.142 [FXGL Background Thread 2 ] INFO  UpdaterService       - Latest stable version: 17.3
08:49:09.231 [FXGL Background Thread 3 ] DEBUG Engine               - Logging environment variables
08:49:09.233 [FXGL Background Thread 3 ] DEBUG Engine               - achievements: []
08:49:09.234 [FXGL Background Thread 3 ] DEBUG Engine               - actualHeight: 450.0
08:49:09.234 [FXGL Background Thread 3 ] DEBUG Engine               - actualHeightProperty: ReadOnlyDoubleProperty [value: 450.0]
08:49:09.235 [FXGL Background Thread 3 ] DEBUG Engine               - actualWidth: 800.0
08:49:09.235 [FXGL Background Thread 3 ] DEBUG Engine               - actualWidthProperty: ReadOnlyDoubleProperty [value: 800.0]
08:49:09.235 [FXGL Background Thread 3 ] DEBUG Engine               - appIcon: fxgl_icon.png
08:49:09.235 [FXGL Background Thread 3 ] DEBUG Engine               - applicationMode: DEVELOPER
08:49:09.236 [FXGL Background Thread 3 ] DEBUG Engine               - cSSList: [fxgl_dark.css]
08:49:09.236 [FXGL Background Thread 3 ] DEBUG Engine               - collisionDetectionStrategy: BRUTE_FORCE
08:49:09.236 [FXGL Background Thread 3 ] DEBUG Engine               - configClass: Optional.empty
08:49:09.237 [FXGL Background Thread 3 ] DEBUG Engine               - credits: []
08:49:09.238 [FXGL Background Thread 3 ] DEBUG Engine               - defaultCursor: CursorInfo(imageName=fxgl_default_cursor.png, hotspotX=7.0, hotspotY=6.0)
08:49:09.238 [FXGL Background Thread 3 ] DEBUG Engine               - devBBoxColorProperty: ObjectProperty [value: 0xff0000ff]
08:49:09.239 [FXGL Background Thread 3 ] DEBUG Engine               - devEnableDebugCameraProperty: BooleanProperty [value: false]
08:49:09.239 [FXGL Background Thread 3 ] DEBUG Engine               - devSensorColorProperty: ObjectProperty [value: 0xffff00ff]
08:49:09.240 [FXGL Background Thread 3 ] DEBUG Engine               - devShowBBoxProperty: BooleanProperty [value: false]
08:49:09.240 [FXGL Background Thread 3 ] DEBUG Engine               - devShowPositionProperty: BooleanProperty [value: false]
08:49:09.240 [FXGL Background Thread 3 ] DEBUG Engine               - enabledMenuItems: []
08:49:09.241 [FXGL Background Thread 3 ] DEBUG Engine               - engineServices: [class com.almasb.fxgl.app.services.FXGLAssetLoaderService, class com.almasb.fxgl.app.FXGLApplication$GameApplicationService, class com.almasb.fxgl.app.services.FXGLDialogService, class com.almasb.fxgl.app.services.IOTaskExecutorService, class com.almasb.fxgl.io.FileSystemService, class com.almasb.fxgl.localization.LocalizationService, class com.almasb.fxgl.app.services.SystemBundleService, class com.almasb.fxgl.profile.SaveLoadService, class com.almasb.fxgl.ui.FXGLUIFactoryServiceProvider, class com.almasb.fxgl.ui.FXGLDialogFactoryServiceProvider, class com.almasb.fxgl.audio.AudioPlayer, class com.almasb.fxgl.notification.impl.NotificationServiceProvider, class com.almasb.fxgl.achievement.AchievementService, class com.almasb.fxgl.cutscene.CutsceneService, class com.almasb.fxgl.minigames.MiniGameService, class com.almasb.fxgl.net.NetService, class com.almasb.fxgl.app.services.UpdaterService, class com.almasb.fxgl.dev.DevService]
08:49:09.241 [FXGL Background Thread 3 ] DEBUG Engine               - fontGame: Abel-Regular.ttf
08:49:09.241 [FXGL Background Thread 3 ] DEBUG Engine               - fontMono: TerminalLandMono-Regular.otf
08:49:09.241 [FXGL Background Thread 3 ] DEBUG Engine               - fontText: Courier-Prime.ttf
08:49:09.242 [FXGL Background Thread 3 ] DEBUG Engine               - fontUI: VarelaRound-Regular.ttf
08:49:09.242 [FXGL Background Thread 3 ] DEBUG Engine               - fullScreen: BooleanProperty [value: false]
08:49:09.242 [FXGL Background Thread 3 ] DEBUG Engine               - gameDifficulty: MEDIUM
08:49:09.242 [FXGL Background Thread 3 ] DEBUG Engine               - gameDifficultyProperty: ObjectProperty [value: MEDIUM]
08:49:09.243 [FXGL Background Thread 3 ] DEBUG Engine               - globalMusicVolume: 0.5
08:49:09.243 [FXGL Background Thread 3 ] DEBUG Engine               - globalMusicVolumeProperty: DoubleProperty [value: 0.5]
08:49:09.243 [FXGL Background Thread 3 ] DEBUG Engine               - globalSoundVolume: 0.5
08:49:09.244 [FXGL Background Thread 3 ] DEBUG Engine               - globalSoundVolumeProperty: DoubleProperty [value: 0.5]
08:49:09.244 [FXGL Background Thread 3 ] DEBUG Engine               - height: 450
08:49:09.244 [FXGL Background Thread 3 ] DEBUG Engine               - is3D: false
08:49:09.244 [FXGL Background Thread 3 ] DEBUG Engine               - isAndroid: false
08:49:09.245 [FXGL Background Thread 3 ] DEBUG Engine               - isBrowser: false
08:49:09.245 [FXGL Background Thread 3 ] DEBUG Engine               - isClickFeedbackEnabled: false
08:49:09.245 [FXGL Background Thread 3 ] DEBUG Engine               - isCloseConfirmation: false
08:49:09.245 [FXGL Background Thread 3 ] DEBUG Engine               - isDesktop: true
08:49:09.246 [FXGL Background Thread 3 ] DEBUG Engine               - isDeveloperMenuEnabled: false
08:49:09.246 [FXGL Background Thread 3 ] DEBUG Engine               - isEmbedded: false
08:49:09.246 [FXGL Background Thread 3 ] DEBUG Engine               - isEntityPreloadEnabled: true
08:49:09.246 [FXGL Background Thread 3 ] DEBUG Engine               - isExperimentalTiledLargeMap: false
08:49:09.247 [FXGL Background Thread 3 ] DEBUG Engine               - isFileSystemWriteAllowed: true
08:49:09.247 [FXGL Background Thread 3 ] DEBUG Engine               - isFullScreenAllowed: false
08:49:09.247 [FXGL Background Thread 3 ] DEBUG Engine               - isFullScreenFromStart: false
08:49:09.247 [FXGL Background Thread 3 ] DEBUG Engine               - isGameMenuEnabled: true
08:49:09.248 [FXGL Background Thread 3 ] DEBUG Engine               - isIOS: false
08:49:09.248 [FXGL Background Thread 3 ] DEBUG Engine               - isIntroEnabled: false
08:49:09.248 [FXGL Background Thread 3 ] DEBUG Engine               - isLinux: false
08:49:09.248 [FXGL Background Thread 3 ] DEBUG Engine               - isMac: false
08:49:09.249 [FXGL Background Thread 3 ] DEBUG Engine               - isMainMenuEnabled: false
08:49:09.249 [FXGL Background Thread 3 ] DEBUG Engine               - isManualResizeEnabled: false
08:49:09.250 [FXGL Background Thread 3 ] DEBUG Engine               - isMobile: false
08:49:09.250 [FXGL Background Thread 3 ] DEBUG Engine               - isNative: false
08:49:09.250 [FXGL Background Thread 3 ] DEBUG Engine               - isPauseMusicWhenMinimized: true
08:49:09.250 [FXGL Background Thread 3 ] DEBUG Engine               - isPreserveResizeRatio: false
08:49:09.250 [FXGL Background Thread 3 ] DEBUG Engine               - isProfilingEnabled: false
08:49:09.250 [FXGL Background Thread 3 ] DEBUG Engine               - isScaleAffectedOnResize: true
08:49:09.251 [FXGL Background Thread 3 ] DEBUG Engine               - isSingleStep: false
08:49:09.251 [FXGL Background Thread 3 ] DEBUG Engine               - isUserProfileEnabled: false
08:49:09.251 [FXGL Background Thread 3 ] DEBUG Engine               - isWindows: true
08:49:09.251 [FXGL Background Thread 3 ] DEBUG Engine               - language: ObjectProperty [value: ENGLISH]
08:49:09.251 [FXGL Background Thread 3 ] DEBUG Engine               - menuKey: ESCAPE
08:49:09.251 [FXGL Background Thread 3 ] DEBUG Engine               - mouseSensitivity: 0.2
08:49:09.251 [FXGL Background Thread 3 ] DEBUG Engine               - notificationViewClass: class com.almasb.fxgl.notification.view.XboxNotificationView
08:49:09.252 [FXGL Background Thread 3 ] DEBUG Engine               - pixelsPerMeter: 50.0
08:49:09.252 [FXGL Background Thread 3 ] DEBUG Engine               - platform: WINDOWS
08:49:09.252 [FXGL Background Thread 3 ] DEBUG Engine               - prefHeightProperty: ReadOnlyDoubleProperty [value: 450.0]
08:49:09.252 [FXGL Background Thread 3 ] DEBUG Engine               - prefWidthProperty: ReadOnlyDoubleProperty [value: 800.0]
08:49:09.252 [FXGL Background Thread 3 ] DEBUG Engine               - profileDir: profiles/
08:49:09.252 [FXGL Background Thread 3 ] DEBUG Engine               - profileName: StringProperty [value: DEFAULT]
08:49:09.253 [FXGL Background Thread 3 ] DEBUG Engine               - randomSeed: -1
08:49:09.253 [FXGL Background Thread 3 ] DEBUG Engine               - runtimeInfo: RuntimeInfo(platform=WINDOWS, version=17.1, build=24.03.2022 17.34)
08:49:09.253 [FXGL Background Thread 3 ] DEBUG Engine               - saveFileExt: sav
08:49:09.254 [FXGL Background Thread 3 ] DEBUG Engine               - scaledHeightProp$fxgl: DoubleProperty [bound, value: 450.0]
08:49:09.254 [FXGL Background Thread 3 ] DEBUG Engine               - scaledWidthProp$fxgl: DoubleProperty [bound, value: 800.0]
08:49:09.254 [FXGL Background Thread 3 ] DEBUG Engine               - sceneFactory: com.almasb.fxgl.app.scene.SceneFactory@1ce1c1e0
08:49:09.254 [FXGL Background Thread 3 ] DEBUG Engine               - secondsIn24h: 60
08:49:09.254 [FXGL Background Thread 3 ] DEBUG Engine               - soundMenuBack: menu/back.wav
08:49:09.254 [FXGL Background Thread 3 ] DEBUG Engine               - soundMenuPress: menu/press.wav
08:49:09.255 [FXGL Background Thread 3 ] DEBUG Engine               - soundMenuSelect: menu/select.wav
08:49:09.255 [FXGL Background Thread 3 ] DEBUG Engine               - soundNotification: core/notification.wav
08:49:09.255 [FXGL Background Thread 3 ] DEBUG Engine               - stageStyle: DECORATED
08:49:09.255 [FXGL Background Thread 3 ] DEBUG Engine               - supportedLanguages: [ENGLISH, FRENCH, GERMAN, HUNGARIAN, RUSSIAN]
08:49:09.255 [FXGL Background Thread 3 ] DEBUG Engine               - ticksPerSecond: -1
08:49:09.255 [FXGL Background Thread 3 ] DEBUG Engine               - title: Pizzería
08:49:09.255 [FXGL Background Thread 3 ] DEBUG Engine               - urlGithub: https://github.com/AlmasB/FXGL
08:49:09.255 [FXGL Background Thread 3 ] DEBUG Engine               - urlLeaderboard: http://fxgl-top.herokuapp.com/
08:49:09.255 [FXGL Background Thread 3 ] DEBUG Engine               - urlPOM: https://raw.githubusercontent.com/AlmasB/FXGL/release/README.md
08:49:09.255 [FXGL Background Thread 3 ] DEBUG Engine               - userAppClass: class com.example.pizzitas.Main
08:49:09.255 [FXGL Background Thread 3 ] DEBUG Engine               - version: 0.0
08:49:09.255 [FXGL Background Thread 3 ] DEBUG Engine               - versionCheckDays: 7
08:49:09.255 [FXGL Background Thread 3 ] DEBUG Engine               - width: 800
08:49:09.256 [FXGL Background Thread 3 ] DEBUG Engine               - Logging services
08:49:09.256 [FXGL Background Thread 3 ] DEBUG Engine               - class com.almasb.fxgl.app.services.FXGLAssetLoaderService
08:49:09.256 [FXGL Background Thread 3 ] DEBUG Engine               - class com.almasb.fxgl.app.FXGLApplication$GameApplicationService
08:49:09.256 [FXGL Background Thread 3 ] DEBUG Engine               - class com.almasb.fxgl.app.services.FXGLDialogService
08:49:09.256 [FXGL Background Thread 3 ] DEBUG Engine               - class com.almasb.fxgl.app.services.IOTaskExecutorService
08:49:09.256 [FXGL Background Thread 3 ] DEBUG Engine               - class com.almasb.fxgl.io.FileSystemService
08:49:09.256 [FXGL Background Thread 3 ] DEBUG Engine               - class com.almasb.fxgl.localization.LocalizationService
08:49:09.256 [FXGL Background Thread 3 ] DEBUG Engine               - class com.almasb.fxgl.app.services.SystemBundleService
08:49:09.256 [FXGL Background Thread 3 ] DEBUG Engine               - class com.almasb.fxgl.profile.SaveLoadService
08:49:09.256 [FXGL Background Thread 3 ] DEBUG Engine               - class com.almasb.fxgl.ui.FXGLUIFactoryServiceProvider
08:49:09.256 [FXGL Background Thread 3 ] DEBUG Engine               - class com.almasb.fxgl.ui.FXGLDialogFactoryServiceProvider
08:49:09.256 [FXGL Background Thread 3 ] DEBUG Engine               - class com.almasb.fxgl.audio.AudioPlayer
08:49:09.256 [FXGL Background Thread 3 ] DEBUG Engine               - class com.almasb.fxgl.notification.impl.NotificationServiceProvider
08:49:09.256 [FXGL Background Thread 3 ] DEBUG Engine               - class com.almasb.fxgl.achievement.AchievementService
08:49:09.256 [FXGL Background Thread 3 ] DEBUG Engine               - class com.almasb.fxgl.cutscene.CutsceneService
08:49:09.256 [FXGL Background Thread 3 ] DEBUG Engine               - class com.almasb.fxgl.minigames.MiniGameService
08:49:09.257 [FXGL Background Thread 3 ] DEBUG Engine               - class com.almasb.fxgl.net.NetService
08:49:09.257 [FXGL Background Thread 3 ] DEBUG Engine               - class com.almasb.fxgl.app.services.UpdaterService
08:49:09.257 [FXGL Background Thread 3 ] DEBUG Engine               - class com.almasb.fxgl.dev.DevService
08:49:11.606 [JavaFX Application Thread] DEBUG FXGLAssetLoaderServi - Loading from file system: file:/C:/Users/larih/OneDrive/Documentos/Java_Oracle/pizzitas/target/classes/assets/textures/nino.png
08:49:11.610 [JavaFX Application Thread] WARN  GameWorld            - Entity is already attached to world
08:49:11.612 [JavaFX Application Thread] DEBUG FXGLAssetLoaderServi - Loading from file system: file:/C:/Users/larih/OneDrive/Documentos/Java_Oracle/pizzitas/target/classes/assets/textures/pizza.png
08:49:11.616 [JavaFX Application Thread] WARN  GameWorld            - Entity is already attached to world
08:49:12.997 [JavaFX Application Thread] WARN  GameWorld            - Entity is already attached to world
08:49:12.999 [JavaFX Application Thread] WARN  GameWorld            - Entity is already attached to world
08:49:14.260 [JavaFX Application Thread] WARN  GameWorld            - Entity is already attached to world
08:49:14.262 [JavaFX Application Thread] WARN  GameWorld            - Entity is already attached to world
08:49:14.531 [JavaFX Application Thread] WARN  GameWorld            - Entity is already attached to world
08:49:14.533 [JavaFX Application Thread] WARN  GameWorld            - Entity is already attached to world
08:49:15.284 [JavaFX Application Thread] WARN  GameWorld            - Entity is already attached to world
08:49:15.286 [JavaFX Application Thread] WARN  GameWorld            - Entity is already attached to world
08:49:16.931 [JavaFX Application Thread] WARN  GameWorld            - Entity is already attached to world
08:49:16.934 [JavaFX Application Thread] WARN  GameWorld            - Entity is already attached to world
08:49:17.843 [JavaFX Application Thread] WARN  GameWorld            - Entity is already attached to world
08:49:17.844 [JavaFX Application Thread] WARN  GameWorld            - Entity is already attached to world
08:49:18.611 [JavaFX Application Thread] WARN  GameWorld            - Entity is already attached to world
08:49:18.613 [JavaFX Application Thread] WARN  GameWorld            - Entity is already attached to world
08:49:20.004 [JavaFX Application Thread] WARN  GameWorld            - Entity is already attached to world
08:49:20.005 [JavaFX Application Thread] WARN  GameWorld            - Entity is already attached to world
08:49:20.131 [JavaFX Application Thread] WARN  GameWorld            - Entity is already attached to world
08:49:20.134 [JavaFX Application Thread] WARN  GameWorld            - Entity is already attached to world
08:49:21.716 [JavaFX Application Thread] WARN  GameWorld            - Entity is already attached to world
08:49:21.719 [JavaFX Application Thread] WARN  GameWorld            - Entity is already attached to world
08:49:22.228 [JavaFX Application Thread] WARN  GameWorld            - Entity is already attached to world
08:49:22.230 [JavaFX Application Thread] WARN  GameWorld            - Entity is already attached to world
08:49:23.443 [JavaFX Application Thread] WARN  GameWorld            - Entity is already attached to world
08:49:23.446 [JavaFX Application Thread] WARN  GameWorld            - Entity is already attached to world
08:49:23.950 [JavaFX Application Thread] DEBUG FXGLApplication      - Exiting FXGL
08:49:23.951 [JavaFX Application Thread] DEBUG LoopRunner           - Stopping loop
08:49:23.951 [JavaFX Application Thread] DEBUG SystemBundleService  - Saving FXGL system data
08:49:23.956 [JavaFX Application Thread] DEBUG FileSystemAccess     - Writing to: C:\Users\larih\OneDrive\Documentos\Java_Oracle\pizzitas\system\fxgl.bundle
08:49:23.960 [JavaFX Application Thread] DEBUG Async                - Shutting down background threads
08:49:23.961 [JavaFX Application Thread] DEBUG PrimaryStageWindow   - Closing main window
08:49:24.011 [JavaFX Application Thread] DEBUG Logger               - Closing Logger
