08:48:00.324 [main                     ] DEBUG Logger               - Configured Logger
08:48:00.366 [main                     ] DEBUG GameApplication      - Logging settings
Title: Pizzería
Version: 0.0
Width: 800
Height: 450
Fullscreen: false
Intro: false
Profiling: false
Single step:false
App Mode: DEVELOPER
Menu Key: ESCAPE
Stage Style: DECORATED
Scene Factory: class com.almasb.fxgl.app.scene.SceneFactory

08:48:00.781 [JavaFX Application Thread] DEBUG FXGLApplication      - Initializing FXGL
08:48:00.788 [JavaFX Application Thread] INFO  Engine               - FXGL-17.1 (24.03.2022 17.34) on WINDOWS (J:17.0.9 FX:17.0.2-ea)
08:48:00.788 [JavaFX Application Thread] DEBUG Engine               - JRE Vendor Name: Amazon.com Inc.
08:48:00.789 [JavaFX Application Thread] DEBUG Engine               - Running on OS: Windows 11 version 10.0
08:48:00.789 [JavaFX Application Thread] DEBUG Engine               - Architecture: amd64
08:48:00.789 [JavaFX Application Thread] INFO  Engine               - Source code and latest versions at: https://github.com/AlmasB/FXGL
08:48:00.789 [JavaFX Application Thread] INFO  Engine               -       Ask questions and discuss at: https://github.com/AlmasB/FXGL/discussions
08:48:00.789 [JavaFX Application Thread] INFO  Engine               -              Join the FXGL chat at: https://gitter.im/AlmasB/FXGL
08:48:00.896 [JavaFX Application Thread] DEBUG PrimaryStageWindow   - Creating a JavaFX scene
08:48:00.952 [JavaFX Application Thread] DEBUG PrimaryStageWindow   - Target settings size: 800.0 x 450.0
08:48:00.952 [JavaFX Application Thread] DEBUG PrimaryStageWindow   - Scaled scene size:    800.0 x 450.0
08:48:00.952 [JavaFX Application Thread] DEBUG PrimaryStageWindow   - Scaled ratio: (1.0, 1.0)
08:48:00.954 [JavaFX Application Thread] DEBUG PrimaryStageWindow   - Set initial scene to FXGLStartupScene
08:48:00.960 [JavaFX Application Thread] DEBUG PrimaryStageWindow   - Opening main window
08:48:01.098 [JavaFX Application Thread] DEBUG PrimaryStageWindow   - Window border size: (16.0, 39.0)
08:48:01.099 [JavaFX Application Thread] DEBUG PrimaryStageWindow   - Scaled size: 800.0 x 450.0
08:48:01.099 [JavaFX Application Thread] DEBUG PrimaryStageWindow   - Scaled ratio: (1.0, 1.0)
08:48:01.100 [JavaFX Application Thread] DEBUG PrimaryStageWindow   - Scene size: 800.0 x 450.0
08:48:01.100 [JavaFX Application Thread] DEBUG PrimaryStageWindow   - Stage size: 816.0 x 489.0
08:48:01.114 [FXGL Background Thread 1 ] DEBUG Engine               - Initializing environment variables
08:48:01.164 [FXGL Background Thread 1 ] DEBUG FXGLAssetLoaderServi - User app class for loading assets: class com.example.pizzitas.Main
08:48:01.164 [FXGL Background Thread 1 ] DEBUG GameApplicationServi - Applying CSS: fxgl_dark.css
08:48:01.165 [FXGL Background Thread 1 ] DEBUG FXGLAssetLoaderServi - Loading from file system: jar:file:///C:/Users/larih/.m2/repository/com/github/almasb/fxgl/17.1/fxgl-17.1.jar!/fxglassets/ui/css/fxgl_dark.css
08:48:01.224 [FXGL Background Thread 1 ] DEBUG GameApplicationServi - Initializing application scenes
08:48:01.290 [FXGL Background Thread 1 ] DEBUG GameWorld            - Game world initialized
08:48:01.388 [FXGL Background Thread 1 ] DEBUG PhysicsWorld         - Physics world initialized: appHeight=450, physics.ppm=50.0
08:48:01.388 [FXGL Background Thread 1 ] DEBUG PhysicsWorld         - Using strategy: BRUTE_FORCE
08:48:01.396 [FXGL Background Thread 1 ] DEBUG GameScene            - Game scene initialized: 800x450
08:48:01.416 [FXGL Background Thread 1 ] WARN  FXGL.DefaultMenu     - FXGLDefaultMenu is not designed for resolutions < 800x600
08:48:01.416 [FXGL Background Thread 1 ] DEBUG FXGL.DefaultMenu     - createMenuBodyGameMenu()
08:48:01.434 [FXGL Background Thread 1 ] DEBUG FXGL.DefaultMenu     - createOptionsMenu()
08:48:01.451 [FXGL Background Thread 1 ] DEBUG FXGLAssetLoaderServi - Loading from file system: jar:file:///C:/Users/larih/.m2/repository/com/github/almasb/fxgl/17.1/fxgl-17.1.jar!/fxglassets/textures/particles/smoke.png
08:48:01.583 [FXGL Background Thread 1 ] DEBUG FXGLAssetLoaderServi - Loading from file system: jar:file:///C:/Users/larih/.m2/repository/com/github/almasb/fxgl/17.1/fxgl-17.1.jar!/fxglassets/textures/particles/trace_horizontal.png
08:48:01.623 [FXGL Background Thread 1 ] DEBUG GameApplicationServi - Application scenes initialized
08:48:01.639 [FXGL Background Thread 1 ] DEBUG SystemBundleService  - Loading FXGL system data
08:48:01.647 [FXGL Background Thread 1 ] DEBUG FileSystemAccess     - Reading from: C:\Users\larih\OneDrive\Documentos\Java_Oracle\pizzitas\system\fxgl.bundle
08:48:01.661 [FXGL Background Thread 1 ] DEBUG SystemBundleService  - Bundle FXGL: {}
08:48:01.662 [FXGL Background Thread 1 ] DEBUG UpdaterService       - Checking for updates
08:48:01.672 [FXGL Background Thread 1 ] DEBUG FXGLApplication      - Loading default localization
08:48:01.673 [FXGL Background Thread 1 ] DEBUG FXGLAssetLoaderServi - Loading from file system: jar:file:///C:/Users/larih/.m2/repository/com/github/almasb/fxgl/17.1/fxgl-17.1.jar!/fxglassets/languages/english.lang
08:48:01.675 [FXGL Background Thread 4 ] DEBUG FXGLApplication      - Loading fonts
08:48:01.677 [FXGL Background Thread 4 ] DEBUG FXGLAssetLoaderServi - Loading from file system: jar:file:///C:/Users/larih/.m2/repository/com/github/almasb/fxgl/17.1/fxgl-17.1.jar!/fxglassets/ui/fonts/VarelaRound-Regular.ttf
08:48:01.705 [FXGL Background Thread 1 ] INFO  FXGLApplication      - FXGL initialization took: 0.589 sec
08:48:01.708 [JavaFX Application Thread] DEBUG FXGLAssetLoaderServi - Loading from file system: jar:file:///C:/Users/larih/.m2/repository/com/github/almasb/fxgl/17.1/fxgl-17.1.jar!/fxglassets/textures/fxgl_icon.png
08:48:01.752 [JavaFX Application Thread] DEBUG FXGLAssetLoaderServi - Loading from file system: jar:file:///C:/Users/larih/.m2/repository/com/github/almasb/fxgl/17.1/fxgl-17.1.jar!/fxglassets/textures/fxgl_default_cursor.png
08:48:01.781 [JavaFX Application Thread] DEBUG Input                - Registered new binding: Screenshot - CTRL+8
08:48:01.782 [JavaFX Application Thread] DEBUG Input                - Registered new binding: System info dump - CTRL+9
08:48:01.783 [JavaFX Application Thread] DEBUG Input                - Registered new binding: Restart - CTRL+R
08:48:01.787 [JavaFX Application Thread] DEBUG Input                - Registered new binding: Toggle Debug Camera - CTRL+7
08:48:01.793 [JavaFX Application Thread] DEBUG LoopRunner           - Starting loop
08:48:01.793 [JavaFX Application Thread] DEBUG LoopRunner           - Initializing JavaFX AnimationTimerLoop
08:48:01.796 [JavaFX Application Thread] DEBUG GameApplicationServi - Starting new game
08:48:01.797 [JavaFX Application Thread] DEBUG Input                - Clearing active input actions
08:48:01.816 [FXGL Background Thread 4 ] DEBUG FXGLAssetLoaderServi - Loading from file system: jar:file:///C:/Users/larih/.m2/repository/com/github/almasb/fxgl/17.1/fxgl-17.1.jar!/fxglassets/ui/fonts/Abel-Regular.ttf
08:48:01.822 [JavaFX Application Thread] DEBUG GameApplicationServi - Removing overlay from FXGLStartupScene and adding to FXGLLoadingScene
08:48:01.823 [JavaFX Application Thread] DEBUG PrimaryStageWindow   - FXGLStartupScene -> FXGLLoadingScene
08:48:01.824 [JavaFX Application Thread] DEBUG GameApplicationServi - Clearing previous game
08:48:01.824 [JavaFX Application Thread] DEBUG GameScene            - Clearing game scene
08:48:01.824 [JavaFX Application Thread] DEBUG GameWorld            - Clearing game world
08:48:01.824 [JavaFX Application Thread] DEBUG PhysicsWorld         - Clearing physics world
08:48:01.827 [FXGL Background Thread 1 ] DEBUG FXGLApplication      - Initializing game
08:48:01.838 [FXGL Background Thread 4 ] DEBUG FXGLAssetLoaderServi - Loading from file system: jar:file:///C:/Users/larih/.m2/repository/com/github/almasb/fxgl/17.1/fxgl-17.1.jar!/fxglassets/ui/fonts/TerminalLandMono-Regular.otf
08:48:01.857 [FXGL Background Thread 4 ] DEBUG FXGLAssetLoaderServi - Loading from file system: jar:file:///C:/Users/larih/.m2/repository/com/github/almasb/fxgl/17.1/fxgl-17.1.jar!/fxglassets/ui/fonts/Courier-Prime.ttf
08:48:01.891 [JavaFX Application Thread] DEBUG FXGLApplication      - Registering font factories with UI factory
08:48:01.934 [FXGL Background Thread 1 ] DEBUG FXGLAssetLoaderServi - Loading from file system: file:/C:/Users/larih/OneDrive/Documentos/Java_Oracle/pizzitas/target/classes/assets/textures/recepcionista.png
08:48:01.951 [FXGL Background Thread 1 ] DEBUG FXGLAssetLoaderServi - Loading from file system: file:/C:/Users/larih/OneDrive/Documentos/Java_Oracle/pizzitas/target/classes/assets/textures/mesero.png
08:48:01.958 [FXGL Background Thread 1 ] WARN  GameWorld            - Entity is already attached to world
08:48:01.959 [FXGL Background Thread 1 ] WARN  GameWorld            - Entity is already attached to world
08:48:01.961 [FXGL Background Thread 1 ] WARN  GameWorld            - Entity is already attached to world
08:48:01.962 [FXGL Background Thread 1 ] WARN  GameWorld            - Entity is already attached to world
08:48:01.964 [FXGL Background Thread 1 ] WARN  GameWorld            - Entity is already attached to world
08:48:01.965 [FXGL Background Thread 1 ] WARN  GameWorld            - Entity is already attached to world
08:48:01.967 [FXGL Background Thread 1 ] WARN  GameWorld            - Entity is already attached to world
08:48:01.970 [FXGL Background Thread 1 ] DEBUG FXGLAssetLoaderServi - Loading from file system: file:/C:/Users/larih/OneDrive/Documentos/Java_Oracle/pizzitas/target/classes/assets/textures/bg.jpg
08:48:01.995 [FXGL Background Thread 1 ] INFO  FXGLApplication      - Game initialization took: 0.168 sec
08:48:02.009 [JavaFX Application Thread] DEBUG Input                - Clearing active input actions
08:48:02.023 [JavaFX Application Thread] DEBUG GameApplicationServi - Removing overlay from FXGLLoadingScene and adding to GameScene
08:48:02.024 [JavaFX Application Thread] DEBUG PrimaryStageWindow   - FXGLLoadingScene -> GameScene
08:48:02.390 [FXGL Background Thread 2 ] INFO  UpdaterService       - Your current version:  17.1
08:48:02.391 [FXGL Background Thread 2 ] INFO  UpdaterService       - Latest stable version: 17.3
08:48:04.670 [FXGL Background Thread 3 ] DEBUG Engine               - Logging environment variables
08:48:04.672 [FXGL Background Thread 3 ] DEBUG Engine               - achievements: []
08:48:04.672 [FXGL Background Thread 3 ] DEBUG Engine               - actualHeight: 450.0
08:48:04.672 [FXGL Background Thread 3 ] DEBUG Engine               - actualHeightProperty: ReadOnlyDoubleProperty [value: 450.0]
08:48:04.673 [FXGL Background Thread 3 ] DEBUG Engine               - actualWidth: 800.0
08:48:04.673 [FXGL Background Thread 3 ] DEBUG Engine               - actualWidthProperty: ReadOnlyDoubleProperty [value: 800.0]
08:48:04.673 [FXGL Background Thread 3 ] DEBUG Engine               - appIcon: fxgl_icon.png
08:48:04.673 [FXGL Background Thread 3 ] DEBUG Engine               - applicationMode: DEVELOPER
08:48:04.673 [FXGL Background Thread 3 ] DEBUG Engine               - cSSList: [fxgl_dark.css]
08:48:04.674 [FXGL Background Thread 3 ] DEBUG Engine               - collisionDetectionStrategy: BRUTE_FORCE
08:48:04.674 [FXGL Background Thread 3 ] DEBUG Engine               - configClass: Optional.empty
08:48:04.674 [FXGL Background Thread 3 ] DEBUG Engine               - credits: []
08:48:04.675 [FXGL Background Thread 3 ] DEBUG Engine               - defaultCursor: CursorInfo(imageName=fxgl_default_cursor.png, hotspotX=7.0, hotspotY=6.0)
08:48:04.675 [FXGL Background Thread 3 ] DEBUG Engine               - devBBoxColorProperty: ObjectProperty [value: 0xff0000ff]
08:48:04.675 [FXGL Background Thread 3 ] DEBUG Engine               - devEnableDebugCameraProperty: BooleanProperty [value: false]
08:48:04.676 [FXGL Background Thread 3 ] DEBUG Engine               - devSensorColorProperty: ObjectProperty [value: 0xffff00ff]
08:48:04.676 [FXGL Background Thread 3 ] DEBUG Engine               - devShowBBoxProperty: BooleanProperty [value: false]
08:48:04.676 [FXGL Background Thread 3 ] DEBUG Engine               - devShowPositionProperty: BooleanProperty [value: false]
08:48:04.676 [FXGL Background Thread 3 ] DEBUG Engine               - enabledMenuItems: []
08:48:04.677 [FXGL Background Thread 3 ] DEBUG Engine               - engineServices: [class com.almasb.fxgl.app.services.FXGLAssetLoaderService, class com.almasb.fxgl.app.FXGLApplication$GameApplicationService, class com.almasb.fxgl.app.services.FXGLDialogService, class com.almasb.fxgl.app.services.IOTaskExecutorService, class com.almasb.fxgl.io.FileSystemService, class com.almasb.fxgl.localization.LocalizationService, class com.almasb.fxgl.app.services.SystemBundleService, class com.almasb.fxgl.profile.SaveLoadService, class com.almasb.fxgl.ui.FXGLUIFactoryServiceProvider, class com.almasb.fxgl.ui.FXGLDialogFactoryServiceProvider, class com.almasb.fxgl.audio.AudioPlayer, class com.almasb.fxgl.notification.impl.NotificationServiceProvider, class com.almasb.fxgl.achievement.AchievementService, class com.almasb.fxgl.cutscene.CutsceneService, class com.almasb.fxgl.minigames.MiniGameService, class com.almasb.fxgl.net.NetService, class com.almasb.fxgl.app.services.UpdaterService, class com.almasb.fxgl.dev.DevService]
08:48:04.677 [FXGL Background Thread 3 ] DEBUG Engine               - fontGame: Abel-Regular.ttf
08:48:04.677 [FXGL Background Thread 3 ] DEBUG Engine               - fontMono: TerminalLandMono-Regular.otf
08:48:04.677 [FXGL Background Thread 3 ] DEBUG Engine               - fontText: Courier-Prime.ttf
08:48:04.677 [FXGL Background Thread 3 ] DEBUG Engine               - fontUI: VarelaRound-Regular.ttf
08:48:04.678 [FXGL Background Thread 3 ] DEBUG Engine               - fullScreen: BooleanProperty [value: false]
08:48:04.678 [FXGL Background Thread 3 ] DEBUG Engine               - gameDifficulty: MEDIUM
08:48:04.678 [FXGL Background Thread 3 ] DEBUG Engine               - gameDifficultyProperty: ObjectProperty [value: MEDIUM]
08:48:04.678 [FXGL Background Thread 3 ] DEBUG Engine               - globalMusicVolume: 0.5
08:48:04.678 [FXGL Background Thread 3 ] DEBUG Engine               - globalMusicVolumeProperty: DoubleProperty [value: 0.5]
08:48:04.679 [FXGL Background Thread 3 ] DEBUG Engine               - globalSoundVolume: 0.5
08:48:04.679 [FXGL Background Thread 3 ] DEBUG Engine               - globalSoundVolumeProperty: DoubleProperty [value: 0.5]
08:48:04.679 [FXGL Background Thread 3 ] DEBUG Engine               - height: 450
08:48:04.679 [FXGL Background Thread 3 ] DEBUG Engine               - is3D: false
08:48:04.679 [FXGL Background Thread 3 ] DEBUG Engine               - isAndroid: false
08:48:04.680 [FXGL Background Thread 3 ] DEBUG Engine               - isBrowser: false
08:48:04.680 [FXGL Background Thread 3 ] DEBUG Engine               - isClickFeedbackEnabled: false
08:48:04.680 [FXGL Background Thread 3 ] DEBUG Engine               - isCloseConfirmation: false
08:48:04.680 [FXGL Background Thread 3 ] DEBUG Engine               - isDesktop: true
08:48:04.681 [FXGL Background Thread 3 ] DEBUG Engine               - isDeveloperMenuEnabled: false
08:48:04.681 [FXGL Background Thread 3 ] DEBUG Engine               - isEmbedded: false
08:48:04.681 [FXGL Background Thread 3 ] DEBUG Engine               - isEntityPreloadEnabled: true
08:48:04.681 [FXGL Background Thread 3 ] DEBUG Engine               - isExperimentalTiledLargeMap: false
08:48:04.681 [FXGL Background Thread 3 ] DEBUG Engine               - isFileSystemWriteAllowed: true
08:48:04.682 [FXGL Background Thread 3 ] DEBUG Engine               - isFullScreenAllowed: false
08:48:04.682 [FXGL Background Thread 3 ] DEBUG Engine               - isFullScreenFromStart: false
08:48:04.682 [FXGL Background Thread 3 ] DEBUG Engine               - isGameMenuEnabled: true
08:48:04.682 [FXGL Background Thread 3 ] DEBUG Engine               - isIOS: false
08:48:04.682 [FXGL Background Thread 3 ] DEBUG Engine               - isIntroEnabled: false
08:48:04.683 [FXGL Background Thread 3 ] DEBUG Engine               - isLinux: false
08:48:04.683 [FXGL Background Thread 3 ] DEBUG Engine               - isMac: false
08:48:04.683 [FXGL Background Thread 3 ] DEBUG Engine               - isMainMenuEnabled: false
08:48:04.683 [FXGL Background Thread 3 ] DEBUG Engine               - isManualResizeEnabled: false
08:48:04.683 [FXGL Background Thread 3 ] DEBUG Engine               - isMobile: false
08:48:04.683 [FXGL Background Thread 3 ] DEBUG Engine               - isNative: false
08:48:04.684 [FXGL Background Thread 3 ] DEBUG Engine               - isPauseMusicWhenMinimized: true
08:48:04.684 [FXGL Background Thread 3 ] DEBUG Engine               - isPreserveResizeRatio: false
08:48:04.684 [FXGL Background Thread 3 ] DEBUG Engine               - isProfilingEnabled: false
08:48:04.684 [FXGL Background Thread 3 ] DEBUG Engine               - isScaleAffectedOnResize: true
08:48:04.684 [FXGL Background Thread 3 ] DEBUG Engine               - isSingleStep: false
08:48:04.684 [FXGL Background Thread 3 ] DEBUG Engine               - isUserProfileEnabled: false
08:48:04.685 [FXGL Background Thread 3 ] DEBUG Engine               - isWindows: true
08:48:04.685 [FXGL Background Thread 3 ] DEBUG Engine               - language: ObjectProperty [value: ENGLISH]
08:48:04.685 [FXGL Background Thread 3 ] DEBUG Engine               - menuKey: ESCAPE
08:48:04.685 [FXGL Background Thread 3 ] DEBUG Engine               - mouseSensitivity: 0.2
08:48:04.685 [FXGL Background Thread 3 ] DEBUG Engine               - notificationViewClass: class com.almasb.fxgl.notification.view.XboxNotificationView
08:48:04.685 [FXGL Background Thread 3 ] DEBUG Engine               - pixelsPerMeter: 50.0
08:48:04.685 [FXGL Background Thread 3 ] DEBUG Engine               - platform: WINDOWS
08:48:04.686 [FXGL Background Thread 3 ] DEBUG Engine               - prefHeightProperty: ReadOnlyDoubleProperty [value: 450.0]
08:48:04.686 [FXGL Background Thread 3 ] DEBUG Engine               - prefWidthProperty: ReadOnlyDoubleProperty [value: 800.0]
08:48:04.686 [FXGL Background Thread 3 ] DEBUG Engine               - profileDir: profiles/
08:48:04.686 [FXGL Background Thread 3 ] DEBUG Engine               - profileName: StringProperty [value: DEFAULT]
08:48:04.686 [FXGL Background Thread 3 ] DEBUG Engine               - randomSeed: -1
08:48:04.687 [FXGL Background Thread 3 ] DEBUG Engine               - runtimeInfo: RuntimeInfo(platform=WINDOWS, version=17.1, build=24.03.2022 17.34)
08:48:04.687 [FXGL Background Thread 3 ] DEBUG Engine               - saveFileExt: sav
08:48:04.687 [FXGL Background Thread 3 ] DEBUG Engine               - scaledHeightProp$fxgl: DoubleProperty [bound, value: 450.0]
08:48:04.687 [FXGL Background Thread 3 ] DEBUG Engine               - scaledWidthProp$fxgl: DoubleProperty [bound, value: 800.0]
08:48:04.687 [FXGL Background Thread 3 ] DEBUG Engine               - sceneFactory: com.almasb.fxgl.app.scene.SceneFactory@495ad5f8
08:48:04.687 [FXGL Background Thread 3 ] DEBUG Engine               - secondsIn24h: 60
08:48:04.687 [FXGL Background Thread 3 ] DEBUG Engine               - soundMenuBack: menu/back.wav
08:48:04.688 [FXGL Background Thread 3 ] DEBUG Engine               - soundMenuPress: menu/press.wav
08:48:04.688 [FXGL Background Thread 3 ] DEBUG Engine               - soundMenuSelect: menu/select.wav
08:48:04.688 [FXGL Background Thread 3 ] DEBUG Engine               - soundNotification: core/notification.wav
08:48:04.688 [FXGL Background Thread 3 ] DEBUG Engine               - stageStyle: DECORATED
08:48:04.688 [FXGL Background Thread 3 ] DEBUG Engine               - supportedLanguages: [ENGLISH, FRENCH, GERMAN, HUNGARIAN, RUSSIAN]
08:48:04.688 [FXGL Background Thread 3 ] DEBUG Engine               - ticksPerSecond: -1
08:48:04.689 [FXGL Background Thread 3 ] DEBUG Engine               - title: Pizzería
08:48:04.689 [FXGL Background Thread 3 ] DEBUG Engine               - urlGithub: https://github.com/AlmasB/FXGL
08:48:04.689 [FXGL Background Thread 3 ] DEBUG Engine               - urlLeaderboard: http://fxgl-top.herokuapp.com/
08:48:04.689 [FXGL Background Thread 3 ] DEBUG Engine               - urlPOM: https://raw.githubusercontent.com/AlmasB/FXGL/release/README.md
08:48:04.689 [FXGL Background Thread 3 ] DEBUG Engine               - userAppClass: class com.example.pizzitas.Main
08:48:04.689 [FXGL Background Thread 3 ] DEBUG Engine               - version: 0.0
08:48:04.689 [FXGL Background Thread 3 ] DEBUG Engine               - versionCheckDays: 7
08:48:04.690 [FXGL Background Thread 3 ] DEBUG Engine               - width: 800
08:48:04.690 [FXGL Background Thread 3 ] DEBUG Engine               - Logging services
08:48:04.690 [FXGL Background Thread 3 ] DEBUG Engine               - class com.almasb.fxgl.app.services.FXGLAssetLoaderService
08:48:04.690 [FXGL Background Thread 3 ] DEBUG Engine               - class com.almasb.fxgl.app.FXGLApplication$GameApplicationService
08:48:04.690 [FXGL Background Thread 3 ] DEBUG Engine               - class com.almasb.fxgl.app.services.FXGLDialogService
08:48:04.690 [FXGL Background Thread 3 ] DEBUG Engine               - class com.almasb.fxgl.app.services.IOTaskExecutorService
08:48:04.690 [FXGL Background Thread 3 ] DEBUG Engine               - class com.almasb.fxgl.io.FileSystemService
08:48:04.691 [FXGL Background Thread 3 ] DEBUG Engine               - class com.almasb.fxgl.localization.LocalizationService
08:48:04.691 [FXGL Background Thread 3 ] DEBUG Engine               - class com.almasb.fxgl.app.services.SystemBundleService
08:48:04.691 [FXGL Background Thread 3 ] DEBUG Engine               - class com.almasb.fxgl.profile.SaveLoadService
08:48:04.691 [FXGL Background Thread 3 ] DEBUG Engine               - class com.almasb.fxgl.ui.FXGLUIFactoryServiceProvider
08:48:04.691 [FXGL Background Thread 3 ] DEBUG Engine               - class com.almasb.fxgl.ui.FXGLDialogFactoryServiceProvider
08:48:04.691 [FXGL Background Thread 3 ] DEBUG Engine               - class com.almasb.fxgl.audio.AudioPlayer
08:48:04.691 [FXGL Background Thread 3 ] DEBUG Engine               - class com.almasb.fxgl.notification.impl.NotificationServiceProvider
08:48:04.691 [FXGL Background Thread 3 ] DEBUG Engine               - class com.almasb.fxgl.achievement.AchievementService
08:48:04.691 [FXGL Background Thread 3 ] DEBUG Engine               - class com.almasb.fxgl.cutscene.CutsceneService
08:48:04.692 [FXGL Background Thread 3 ] DEBUG Engine               - class com.almasb.fxgl.minigames.MiniGameService
08:48:04.692 [FXGL Background Thread 3 ] DEBUG Engine               - class com.almasb.fxgl.net.NetService
08:48:04.692 [FXGL Background Thread 3 ] DEBUG Engine               - class com.almasb.fxgl.app.services.UpdaterService
08:48:04.692 [FXGL Background Thread 3 ] DEBUG Engine               - class com.almasb.fxgl.dev.DevService
08:48:07.759 [JavaFX Application Thread] DEBUG FXGLAssetLoaderServi - Loading from file system: file:/C:/Users/larih/OneDrive/Documentos/Java_Oracle/pizzitas/target/classes/assets/textures/nino.png
08:48:07.763 [JavaFX Application Thread] WARN  GameWorld            - Entity is already attached to world
08:48:07.766 [JavaFX Application Thread] DEBUG FXGLAssetLoaderServi - Loading from file system: file:/C:/Users/larih/OneDrive/Documentos/Java_Oracle/pizzitas/target/classes/assets/textures/pizza.png
08:48:07.769 [JavaFX Application Thread] WARN  GameWorld            - Entity is already attached to world
08:48:08.271 [JavaFX Application Thread] WARN  GameWorld            - Entity is already attached to world
08:48:08.274 [JavaFX Application Thread] WARN  GameWorld            - Entity is already attached to world
08:48:08.862 [JavaFX Application Thread] WARN  GameWorld            - Entity is already attached to world
08:48:08.864 [JavaFX Application Thread] WARN  GameWorld            - Entity is already attached to world
08:48:10.719 [JavaFX Application Thread] WARN  GameWorld            - Entity is already attached to world
08:48:10.721 [JavaFX Application Thread] WARN  GameWorld            - Entity is already attached to world
08:48:11.102 [JavaFX Application Thread] WARN  GameWorld            - Entity is already attached to world
08:48:11.105 [JavaFX Application Thread] WARN  GameWorld            - Entity is already attached to world
08:48:12.127 [JavaFX Application Thread] WARN  GameWorld            - Entity is already attached to world
08:48:12.130 [JavaFX Application Thread] WARN  GameWorld            - Entity is already attached to world
08:48:13.471 [JavaFX Application Thread] WARN  GameWorld            - Entity is already attached to world
08:48:13.473 [JavaFX Application Thread] WARN  GameWorld            - Entity is already attached to world
08:48:14.479 [JavaFX Application Thread] WARN  GameWorld            - Entity is already attached to world
08:48:14.482 [JavaFX Application Thread] WARN  GameWorld            - Entity is already attached to world
08:48:15.344 [JavaFX Application Thread] WARN  GameWorld            - Entity is already attached to world
08:48:15.347 [JavaFX Application Thread] WARN  GameWorld            - Entity is already attached to world
08:48:15.840 [JavaFX Application Thread] WARN  GameWorld            - Entity is already attached to world
08:48:15.843 [JavaFX Application Thread] WARN  GameWorld            - Entity is already attached to world
08:48:16.671 [JavaFX Application Thread] WARN  GameWorld            - Entity is already attached to world
08:48:16.674 [JavaFX Application Thread] WARN  GameWorld            - Entity is already attached to world
08:48:17.759 [JavaFX Application Thread] WARN  GameWorld            - Entity is already attached to world
08:48:17.760 [JavaFX Application Thread] WARN  GameWorld            - Entity is already attached to world
08:48:19.359 [JavaFX Application Thread] WARN  GameWorld            - Entity is already attached to world
08:48:19.362 [JavaFX Application Thread] WARN  GameWorld            - Entity is already attached to world
08:48:19.663 [JavaFX Application Thread] WARN  GameWorld            - Entity is already attached to world
08:48:19.666 [JavaFX Application Thread] WARN  GameWorld            - Entity is already attached to world
08:48:20.703 [JavaFX Application Thread] WARN  GameWorld            - Entity is already attached to world
08:48:20.705 [JavaFX Application Thread] WARN  GameWorld            - Entity is already attached to world
08:48:22.399 [JavaFX Application Thread] WARN  GameWorld            - Entity is already attached to world
08:48:22.403 [JavaFX Application Thread] WARN  GameWorld            - Entity is already attached to world
08:48:23.038 [JavaFX Application Thread] WARN  GameWorld            - Entity is already attached to world
08:48:23.041 [JavaFX Application Thread] WARN  GameWorld            - Entity is already attached to world
08:48:24.110 [JavaFX Application Thread] WARN  GameWorld            - Entity is already attached to world
08:48:24.115 [JavaFX Application Thread] WARN  GameWorld            - Entity is already attached to world
08:48:24.752 [JavaFX Application Thread] DEBUG FXGLApplication      - Exiting FXGL
08:48:24.753 [JavaFX Application Thread] DEBUG LoopRunner           - Stopping loop
08:48:24.753 [JavaFX Application Thread] DEBUG SystemBundleService  - Saving FXGL system data
08:48:24.758 [JavaFX Application Thread] DEBUG FileSystemAccess     - Writing to: C:\Users\larih\OneDrive\Documentos\Java_Oracle\pizzitas\system\fxgl.bundle
08:48:24.763 [JavaFX Application Thread] DEBUG Async                - Shutting down background threads
08:48:24.764 [JavaFX Application Thread] DEBUG PrimaryStageWindow   - Closing main window
08:48:24.832 [JavaFX Application Thread] DEBUG Logger               - Closing Logger
