21:09:55.822 [main                     ] DEBUG Logger               - Configured Logger
21:09:55.867 [main                     ] DEBUG GameApplication      - Logging settings
Title: Pizzería
Version: 0.1
Width: 800
Height: 450
Fullscreen: false
Intro: false
Profiling: false
Single step:false
App Mode: DEVELOPER
Menu Key: ESCAPE
Stage Style: DECORATED
Scene Factory: class com.almasb.fxgl.app.scene.SceneFactory

21:09:56.391 [JavaFX Application Thread] DEBUG FXGLApplication      - Initializing FXGL
21:09:56.405 [JavaFX Application Thread] INFO  Engine               - FXGL-17.1 (24.03.2022 17.34) on WINDOWS (J:17.0.9 FX:17.0.2-ea)
21:09:56.406 [JavaFX Application Thread] DEBUG Engine               - JRE Vendor Name: Amazon.com Inc.
21:09:56.407 [JavaFX Application Thread] DEBUG Engine               - Running on OS: Windows 11 version 10.0
21:09:56.407 [JavaFX Application Thread] DEBUG Engine               - Architecture: amd64
21:09:56.407 [JavaFX Application Thread] INFO  Engine               - Source code and latest versions at: https://github.com/AlmasB/FXGL
21:09:56.407 [JavaFX Application Thread] INFO  Engine               -       Ask questions and discuss at: https://github.com/AlmasB/FXGL/discussions
21:09:56.408 [JavaFX Application Thread] INFO  Engine               -              Join the FXGL chat at: https://gitter.im/AlmasB/FXGL
21:09:56.545 [JavaFX Application Thread] DEBUG PrimaryStageWindow   - Creating a JavaFX scene
21:09:56.615 [JavaFX Application Thread] DEBUG PrimaryStageWindow   - Target settings size: 800.0 x 450.0
21:09:56.616 [JavaFX Application Thread] DEBUG PrimaryStageWindow   - Scaled scene size:    800.0 x 450.0
21:09:56.616 [JavaFX Application Thread] DEBUG PrimaryStageWindow   - Scaled ratio: (1.0, 1.0)
21:09:56.619 [JavaFX Application Thread] DEBUG PrimaryStageWindow   - Set initial scene to FXGLStartupScene
21:09:56.631 [JavaFX Application Thread] DEBUG PrimaryStageWindow   - Opening main window
21:09:56.769 [JavaFX Application Thread] DEBUG PrimaryStageWindow   - Window border size: (16.0, 39.0)
21:09:56.769 [JavaFX Application Thread] DEBUG PrimaryStageWindow   - Scaled size: 800.0 x 450.0
21:09:56.770 [JavaFX Application Thread] DEBUG PrimaryStageWindow   - Scaled ratio: (1.0, 1.0)
21:09:56.770 [JavaFX Application Thread] DEBUG PrimaryStageWindow   - Scene size: 800.0 x 450.0
21:09:56.770 [JavaFX Application Thread] DEBUG PrimaryStageWindow   - Stage size: 816.0 x 489.0
21:09:56.782 [FXGL Background Thread 1 ] DEBUG Engine               - Initializing environment variables
21:09:56.847 [FXGL Background Thread 1 ] DEBUG FXGLAssetLoaderServi - User app class for loading assets: class com.example.pizzitas.Main
21:09:56.848 [FXGL Background Thread 1 ] DEBUG GameApplicationServi - Applying CSS: fxgl_dark.css
21:09:56.850 [FXGL Background Thread 1 ] DEBUG FXGLAssetLoaderServi - Loading from file system: jar:file:///C:/Users/larih/.m2/repository/com/github/almasb/fxgl/17.1/fxgl-17.1.jar!/fxglassets/ui/css/fxgl_dark.css
21:09:56.921 [FXGL Background Thread 1 ] DEBUG GameApplicationServi - Initializing application scenes
21:09:56.993 [FXGL Background Thread 1 ] DEBUG GameWorld            - Game world initialized
21:09:57.097 [FXGL Background Thread 1 ] DEBUG PhysicsWorld         - Physics world initialized: appHeight=450, physics.ppm=50.0
21:09:57.097 [FXGL Background Thread 1 ] DEBUG PhysicsWorld         - Using strategy: BRUTE_FORCE
21:09:57.103 [FXGL Background Thread 1 ] DEBUG GameScene            - Game scene initialized: 800x450
21:09:57.119 [FXGL Background Thread 1 ] WARN  FXGL.DefaultMenu     - FXGLDefaultMenu is not designed for resolutions < 800x600
21:09:57.120 [FXGL Background Thread 1 ] DEBUG FXGL.DefaultMenu     - createMenuBodyGameMenu()
21:09:57.140 [FXGL Background Thread 1 ] DEBUG FXGL.DefaultMenu     - createOptionsMenu()
21:09:57.153 [FXGL Background Thread 1 ] DEBUG FXGLAssetLoaderServi - Loading from file system: jar:file:///C:/Users/larih/.m2/repository/com/github/almasb/fxgl/17.1/fxgl-17.1.jar!/fxglassets/textures/particles/smoke.png
21:09:57.278 [FXGL Background Thread 1 ] DEBUG FXGLAssetLoaderServi - Loading from file system: jar:file:///C:/Users/larih/.m2/repository/com/github/almasb/fxgl/17.1/fxgl-17.1.jar!/fxglassets/textures/particles/trace_horizontal.png
21:09:57.324 [FXGL Background Thread 1 ] DEBUG GameApplicationServi - Application scenes initialized
21:09:57.345 [FXGL Background Thread 1 ] DEBUG SystemBundleService  - Loading FXGL system data
21:09:57.353 [FXGL Background Thread 1 ] DEBUG FileSystemAccess     - Reading from: C:\Users\larih\OneDrive\Documentos\Java_Oracle\pizzitas\system\fxgl.bundle
21:09:57.364 [FXGL Background Thread 1 ] DEBUG SystemBundleService  - Bundle FXGL: {}
21:09:57.364 [FXGL Background Thread 1 ] DEBUG UpdaterService       - Checking for updates
21:09:57.371 [FXGL Background Thread 4 ] DEBUG FXGLApplication      - Loading fonts
21:09:57.371 [FXGL Background Thread 1 ] DEBUG FXGLApplication      - Loading default localization
21:09:57.372 [FXGL Background Thread 4 ] DEBUG FXGLAssetLoaderServi - Loading from file system: jar:file:///C:/Users/larih/.m2/repository/com/github/almasb/fxgl/17.1/fxgl-17.1.jar!/fxglassets/ui/fonts/VarelaRound-Regular.ttf
21:09:57.372 [FXGL Background Thread 1 ] DEBUG FXGLAssetLoaderServi - Loading from file system: jar:file:///C:/Users/larih/.m2/repository/com/github/almasb/fxgl/17.1/fxgl-17.1.jar!/fxglassets/languages/english.lang
21:09:57.415 [FXGL Background Thread 1 ] INFO  FXGLApplication      - FXGL initialization took: 0.632 sec
21:09:57.416 [JavaFX Application Thread] DEBUG FXGLAssetLoaderServi - Loading from file system: jar:file:///C:/Users/larih/.m2/repository/com/github/almasb/fxgl/17.1/fxgl-17.1.jar!/fxglassets/textures/fxgl_icon.png
21:09:57.447 [JavaFX Application Thread] DEBUG FXGLAssetLoaderServi - Loading from file system: jar:file:///C:/Users/larih/.m2/repository/com/github/almasb/fxgl/17.1/fxgl-17.1.jar!/fxglassets/textures/fxgl_default_cursor.png
21:09:57.472 [JavaFX Application Thread] DEBUG Input                - Registered new binding: Screenshot - CTRL+8
21:09:57.473 [JavaFX Application Thread] DEBUG Input                - Registered new binding: System info dump - CTRL+9
21:09:57.474 [JavaFX Application Thread] DEBUG Input                - Registered new binding: Restart - CTRL+R
21:09:57.475 [JavaFX Application Thread] DEBUG Input                - Registered new binding: Toggle Debug Camera - CTRL+7
21:09:57.478 [JavaFX Application Thread] DEBUG LoopRunner           - Starting loop
21:09:57.479 [JavaFX Application Thread] DEBUG LoopRunner           - Initializing JavaFX AnimationTimerLoop
21:09:57.485 [FXGL Background Thread 4 ] DEBUG FXGLAssetLoaderServi - Loading from file system: jar:file:///C:/Users/larih/.m2/repository/com/github/almasb/fxgl/17.1/fxgl-17.1.jar!/fxglassets/ui/fonts/Abel-Regular.ttf
21:09:57.485 [JavaFX Application Thread] DEBUG GameApplicationServi - Starting new game
21:09:57.486 [JavaFX Application Thread] DEBUG Input                - Clearing active input actions
21:09:57.497 [FXGL Background Thread 4 ] DEBUG FXGLAssetLoaderServi - Loading from file system: jar:file:///C:/Users/larih/.m2/repository/com/github/almasb/fxgl/17.1/fxgl-17.1.jar!/fxglassets/ui/fonts/TerminalLandMono-Regular.otf
21:09:57.505 [JavaFX Application Thread] DEBUG GameApplicationServi - Removing overlay from FXGLStartupScene and adding to FXGLLoadingScene
21:09:57.506 [JavaFX Application Thread] DEBUG PrimaryStageWindow   - FXGLStartupScene -> FXGLLoadingScene
21:09:57.506 [JavaFX Application Thread] DEBUG GameApplicationServi - Clearing previous game
21:09:57.506 [JavaFX Application Thread] DEBUG GameScene            - Clearing game scene
21:09:57.507 [JavaFX Application Thread] DEBUG GameWorld            - Clearing game world
21:09:57.507 [JavaFX Application Thread] DEBUG PhysicsWorld         - Clearing physics world
21:09:57.511 [FXGL Background Thread 1 ] DEBUG FXGLApplication      - Initializing game
21:09:57.511 [FXGL Background Thread 4 ] DEBUG FXGLAssetLoaderServi - Loading from file system: jar:file:///C:/Users/larih/.m2/repository/com/github/almasb/fxgl/17.1/fxgl-17.1.jar!/fxglassets/ui/fonts/Courier-Prime.ttf
21:09:57.591 [JavaFX Application Thread] DEBUG FXGLApplication      - Registering font factories with UI factory
21:09:57.660 [FXGL Background Thread 1 ] WARN  FXGLAssetLoaderServi - Asset "/assets/textures/recepcionista.png" was not found!
21:09:57.660 [FXGL Background Thread 1 ] WARN  FXGLAssetLoaderServi - Failed to load IMAGE
21:09:57.816 [FXGL Background Thread 1 ] WARN  FXGLAssetLoaderServi - Asset "/assets/textures/bg.jpg" was not found!
21:09:57.816 [FXGL Background Thread 1 ] WARN  FXGLAssetLoaderServi - Failed to load IMAGE
21:09:57.817 [FXGL Background Thread 1 ] INFO  FXGLApplication      - Game initialization took: 0.307 sec
21:09:57.822 [JavaFX Application Thread] DEBUG Input                - Clearing active input actions
21:09:57.831 [JavaFX Application Thread] DEBUG GameApplicationServi - Removing overlay from FXGLLoadingScene and adding to GameScene
21:09:57.832 [JavaFX Application Thread] DEBUG PrimaryStageWindow   - FXGLLoadingScene -> GameScene
21:09:58.254 [FXGL Background Thread 2 ] INFO  UpdaterService       - Your current version:  17.1
21:09:58.254 [FXGL Background Thread 2 ] INFO  UpdaterService       - Latest stable version: 17.3
21:10:00.369 [FXGL Background Thread 3 ] DEBUG Engine               - Logging environment variables
21:10:00.370 [FXGL Background Thread 3 ] DEBUG Engine               - achievements: []
21:10:00.370 [FXGL Background Thread 3 ] DEBUG Engine               - actualHeight: 450.0
21:10:00.371 [FXGL Background Thread 3 ] DEBUG Engine               - actualHeightProperty: ReadOnlyDoubleProperty [value: 450.0]
21:10:00.371 [FXGL Background Thread 3 ] DEBUG Engine               - actualWidth: 800.0
21:10:00.371 [FXGL Background Thread 3 ] DEBUG Engine               - actualWidthProperty: ReadOnlyDoubleProperty [value: 800.0]
21:10:00.371 [FXGL Background Thread 3 ] DEBUG Engine               - appIcon: fxgl_icon.png
21:10:00.371 [FXGL Background Thread 3 ] DEBUG Engine               - applicationMode: DEVELOPER
21:10:00.371 [FXGL Background Thread 3 ] DEBUG Engine               - cSSList: [fxgl_dark.css]
21:10:00.371 [FXGL Background Thread 3 ] DEBUG Engine               - collisionDetectionStrategy: BRUTE_FORCE
21:10:00.372 [FXGL Background Thread 3 ] DEBUG Engine               - configClass: Optional.empty
21:10:00.372 [FXGL Background Thread 3 ] DEBUG Engine               - credits: []
21:10:00.372 [FXGL Background Thread 3 ] DEBUG Engine               - defaultCursor: CursorInfo(imageName=fxgl_default_cursor.png, hotspotX=7.0, hotspotY=6.0)
21:10:00.373 [FXGL Background Thread 3 ] DEBUG Engine               - devBBoxColorProperty: ObjectProperty [value: 0xff0000ff]
21:10:00.373 [FXGL Background Thread 3 ] DEBUG Engine               - devEnableDebugCameraProperty: BooleanProperty [value: false]
21:10:00.373 [FXGL Background Thread 3 ] DEBUG Engine               - devSensorColorProperty: ObjectProperty [value: 0xffff00ff]
21:10:00.373 [FXGL Background Thread 3 ] DEBUG Engine               - devShowBBoxProperty: BooleanProperty [value: false]
21:10:00.373 [FXGL Background Thread 3 ] DEBUG Engine               - devShowPositionProperty: BooleanProperty [value: false]
21:10:00.373 [FXGL Background Thread 3 ] DEBUG Engine               - enabledMenuItems: []
21:10:00.374 [FXGL Background Thread 3 ] DEBUG Engine               - engineServices: [class com.almasb.fxgl.app.services.FXGLAssetLoaderService, class com.almasb.fxgl.app.FXGLApplication$GameApplicationService, class com.almasb.fxgl.app.services.FXGLDialogService, class com.almasb.fxgl.app.services.IOTaskExecutorService, class com.almasb.fxgl.io.FileSystemService, class com.almasb.fxgl.localization.LocalizationService, class com.almasb.fxgl.app.services.SystemBundleService, class com.almasb.fxgl.profile.SaveLoadService, class com.almasb.fxgl.ui.FXGLUIFactoryServiceProvider, class com.almasb.fxgl.ui.FXGLDialogFactoryServiceProvider, class com.almasb.fxgl.audio.AudioPlayer, class com.almasb.fxgl.notification.impl.NotificationServiceProvider, class com.almasb.fxgl.achievement.AchievementService, class com.almasb.fxgl.cutscene.CutsceneService, class com.almasb.fxgl.minigames.MiniGameService, class com.almasb.fxgl.net.NetService, class com.almasb.fxgl.app.services.UpdaterService, class com.almasb.fxgl.dev.DevService]
21:10:00.374 [FXGL Background Thread 3 ] DEBUG Engine               - fontGame: Abel-Regular.ttf
21:10:00.374 [FXGL Background Thread 3 ] DEBUG Engine               - fontMono: TerminalLandMono-Regular.otf
21:10:00.374 [FXGL Background Thread 3 ] DEBUG Engine               - fontText: Courier-Prime.ttf
21:10:00.374 [FXGL Background Thread 3 ] DEBUG Engine               - fontUI: VarelaRound-Regular.ttf
21:10:00.374 [FXGL Background Thread 3 ] DEBUG Engine               - fullScreen: BooleanProperty [value: false]
21:10:00.374 [FXGL Background Thread 3 ] DEBUG Engine               - gameDifficulty: MEDIUM
21:10:00.374 [FXGL Background Thread 3 ] DEBUG Engine               - gameDifficultyProperty: ObjectProperty [value: MEDIUM]
21:10:00.375 [FXGL Background Thread 3 ] DEBUG Engine               - globalMusicVolume: 0.5
21:10:00.375 [FXGL Background Thread 3 ] DEBUG Engine               - globalMusicVolumeProperty: DoubleProperty [value: 0.5]
21:10:00.375 [FXGL Background Thread 3 ] DEBUG Engine               - globalSoundVolume: 0.5
21:10:00.375 [FXGL Background Thread 3 ] DEBUG Engine               - globalSoundVolumeProperty: DoubleProperty [value: 0.5]
21:10:00.375 [FXGL Background Thread 3 ] DEBUG Engine               - height: 450
21:10:00.375 [FXGL Background Thread 3 ] DEBUG Engine               - is3D: false
21:10:00.375 [FXGL Background Thread 3 ] DEBUG Engine               - isAndroid: false
21:10:00.375 [FXGL Background Thread 3 ] DEBUG Engine               - isBrowser: false
21:10:00.375 [FXGL Background Thread 3 ] DEBUG Engine               - isClickFeedbackEnabled: false
21:10:00.376 [FXGL Background Thread 3 ] DEBUG Engine               - isCloseConfirmation: false
21:10:00.376 [FXGL Background Thread 3 ] DEBUG Engine               - isDesktop: true
21:10:00.376 [FXGL Background Thread 3 ] DEBUG Engine               - isDeveloperMenuEnabled: false
21:10:00.376 [FXGL Background Thread 3 ] DEBUG Engine               - isEmbedded: false
21:10:00.376 [FXGL Background Thread 3 ] DEBUG Engine               - isEntityPreloadEnabled: true
21:10:00.376 [FXGL Background Thread 3 ] DEBUG Engine               - isExperimentalTiledLargeMap: false
21:10:00.376 [FXGL Background Thread 3 ] DEBUG Engine               - isFileSystemWriteAllowed: true
21:10:00.377 [FXGL Background Thread 3 ] DEBUG Engine               - isFullScreenAllowed: false
21:10:00.377 [FXGL Background Thread 3 ] DEBUG Engine               - isFullScreenFromStart: false
21:10:00.377 [FXGL Background Thread 3 ] DEBUG Engine               - isGameMenuEnabled: true
21:10:00.377 [FXGL Background Thread 3 ] DEBUG Engine               - isIOS: false
21:10:00.377 [FXGL Background Thread 3 ] DEBUG Engine               - isIntroEnabled: false
21:10:00.377 [FXGL Background Thread 3 ] DEBUG Engine               - isLinux: false
21:10:00.378 [FXGL Background Thread 3 ] DEBUG Engine               - isMac: false
21:10:00.378 [FXGL Background Thread 3 ] DEBUG Engine               - isMainMenuEnabled: false
21:10:00.378 [FXGL Background Thread 3 ] DEBUG Engine               - isManualResizeEnabled: false
21:10:00.378 [FXGL Background Thread 3 ] DEBUG Engine               - isMobile: false
21:10:00.378 [FXGL Background Thread 3 ] DEBUG Engine               - isNative: false
21:10:00.378 [FXGL Background Thread 3 ] DEBUG Engine               - isPauseMusicWhenMinimized: true
21:10:00.378 [FXGL Background Thread 3 ] DEBUG Engine               - isPreserveResizeRatio: false
21:10:00.378 [FXGL Background Thread 3 ] DEBUG Engine               - isProfilingEnabled: false
21:10:00.378 [FXGL Background Thread 3 ] DEBUG Engine               - isScaleAffectedOnResize: true
21:10:00.378 [FXGL Background Thread 3 ] DEBUG Engine               - isSingleStep: false
21:10:00.379 [FXGL Background Thread 3 ] DEBUG Engine               - isUserProfileEnabled: false
21:10:00.379 [FXGL Background Thread 3 ] DEBUG Engine               - isWindows: true
21:10:00.379 [FXGL Background Thread 3 ] DEBUG Engine               - language: ObjectProperty [value: ENGLISH]
21:10:00.379 [FXGL Background Thread 3 ] DEBUG Engine               - menuKey: ESCAPE
21:10:00.379 [FXGL Background Thread 3 ] DEBUG Engine               - mouseSensitivity: 0.2
21:10:00.379 [FXGL Background Thread 3 ] DEBUG Engine               - notificationViewClass: class com.almasb.fxgl.notification.view.XboxNotificationView
21:10:00.379 [FXGL Background Thread 3 ] DEBUG Engine               - pixelsPerMeter: 50.0
21:10:00.379 [FXGL Background Thread 3 ] DEBUG Engine               - platform: WINDOWS
21:10:00.379 [FXGL Background Thread 3 ] DEBUG Engine               - prefHeightProperty: ReadOnlyDoubleProperty [value: 450.0]
21:10:00.379 [FXGL Background Thread 3 ] DEBUG Engine               - prefWidthProperty: ReadOnlyDoubleProperty [value: 800.0]
21:10:00.379 [FXGL Background Thread 3 ] DEBUG Engine               - profileDir: profiles/
21:10:00.380 [FXGL Background Thread 3 ] DEBUG Engine               - profileName: StringProperty [value: DEFAULT]
21:10:00.380 [FXGL Background Thread 3 ] DEBUG Engine               - randomSeed: -1
21:10:00.380 [FXGL Background Thread 3 ] DEBUG Engine               - runtimeInfo: RuntimeInfo(platform=WINDOWS, version=17.1, build=24.03.2022 17.34)
21:10:00.380 [FXGL Background Thread 3 ] DEBUG Engine               - saveFileExt: sav
21:10:00.380 [FXGL Background Thread 3 ] DEBUG Engine               - scaledHeightProp$fxgl: DoubleProperty [bound, value: 450.0]
21:10:00.380 [FXGL Background Thread 3 ] DEBUG Engine               - scaledWidthProp$fxgl: DoubleProperty [bound, value: 800.0]
21:10:00.380 [FXGL Background Thread 3 ] DEBUG Engine               - sceneFactory: com.almasb.fxgl.app.scene.SceneFactory@6f04da
21:10:00.381 [FXGL Background Thread 3 ] DEBUG Engine               - secondsIn24h: 60
21:10:00.381 [FXGL Background Thread 3 ] DEBUG Engine               - soundMenuBack: menu/back.wav
21:10:00.381 [FXGL Background Thread 3 ] DEBUG Engine               - soundMenuPress: menu/press.wav
21:10:00.381 [FXGL Background Thread 3 ] DEBUG Engine               - soundMenuSelect: menu/select.wav
21:10:00.381 [FXGL Background Thread 3 ] DEBUG Engine               - soundNotification: core/notification.wav
21:10:00.381 [FXGL Background Thread 3 ] DEBUG Engine               - stageStyle: DECORATED
21:10:00.381 [FXGL Background Thread 3 ] DEBUG Engine               - supportedLanguages: [ENGLISH, FRENCH, GERMAN, HUNGARIAN, RUSSIAN]
21:10:00.381 [FXGL Background Thread 3 ] DEBUG Engine               - ticksPerSecond: -1
21:10:00.381 [FXGL Background Thread 3 ] DEBUG Engine               - title: Pizzería
21:10:00.381 [FXGL Background Thread 3 ] DEBUG Engine               - urlGithub: https://github.com/AlmasB/FXGL
21:10:00.381 [FXGL Background Thread 3 ] DEBUG Engine               - urlLeaderboard: http://fxgl-top.herokuapp.com/
21:10:00.381 [FXGL Background Thread 3 ] DEBUG Engine               - urlPOM: https://raw.githubusercontent.com/AlmasB/FXGL/release/README.md
21:10:00.381 [FXGL Background Thread 3 ] DEBUG Engine               - userAppClass: class com.example.pizzitas.Main
21:10:00.382 [FXGL Background Thread 3 ] DEBUG Engine               - version: 0.1
21:10:00.382 [FXGL Background Thread 3 ] DEBUG Engine               - versionCheckDays: 7
21:10:00.382 [FXGL Background Thread 3 ] DEBUG Engine               - width: 800
21:10:00.382 [FXGL Background Thread 3 ] DEBUG Engine               - Logging services
21:10:00.382 [FXGL Background Thread 3 ] DEBUG Engine               - class com.almasb.fxgl.app.services.FXGLAssetLoaderService
21:10:00.382 [FXGL Background Thread 3 ] DEBUG Engine               - class com.almasb.fxgl.app.FXGLApplication$GameApplicationService
21:10:00.382 [FXGL Background Thread 3 ] DEBUG Engine               - class com.almasb.fxgl.app.services.FXGLDialogService
21:10:00.382 [FXGL Background Thread 3 ] DEBUG Engine               - class com.almasb.fxgl.app.services.IOTaskExecutorService
21:10:00.382 [FXGL Background Thread 3 ] DEBUG Engine               - class com.almasb.fxgl.io.FileSystemService
21:10:00.382 [FXGL Background Thread 3 ] DEBUG Engine               - class com.almasb.fxgl.localization.LocalizationService
21:10:00.382 [FXGL Background Thread 3 ] DEBUG Engine               - class com.almasb.fxgl.app.services.SystemBundleService
21:10:00.383 [FXGL Background Thread 3 ] DEBUG Engine               - class com.almasb.fxgl.profile.SaveLoadService
21:10:00.383 [FXGL Background Thread 3 ] DEBUG Engine               - class com.almasb.fxgl.ui.FXGLUIFactoryServiceProvider
21:10:00.383 [FXGL Background Thread 3 ] DEBUG Engine               - class com.almasb.fxgl.ui.FXGLDialogFactoryServiceProvider
21:10:00.383 [FXGL Background Thread 3 ] DEBUG Engine               - class com.almasb.fxgl.audio.AudioPlayer
21:10:00.383 [FXGL Background Thread 3 ] DEBUG Engine               - class com.almasb.fxgl.notification.impl.NotificationServiceProvider
21:10:00.383 [FXGL Background Thread 3 ] DEBUG Engine               - class com.almasb.fxgl.achievement.AchievementService
21:10:00.383 [FXGL Background Thread 3 ] DEBUG Engine               - class com.almasb.fxgl.cutscene.CutsceneService
21:10:00.383 [FXGL Background Thread 3 ] DEBUG Engine               - class com.almasb.fxgl.minigames.MiniGameService
21:10:00.383 [FXGL Background Thread 3 ] DEBUG Engine               - class com.almasb.fxgl.net.NetService
21:10:00.383 [FXGL Background Thread 3 ] DEBUG Engine               - class com.almasb.fxgl.app.services.UpdaterService
21:10:00.383 [FXGL Background Thread 3 ] DEBUG Engine               - class com.almasb.fxgl.dev.DevService
21:10:01.158 [JavaFX Application Thread] DEBUG FXGLApplication      - Exiting FXGL
21:10:01.159 [JavaFX Application Thread] DEBUG LoopRunner           - Stopping loop
21:10:01.159 [JavaFX Application Thread] DEBUG SystemBundleService  - Saving FXGL system data
21:10:01.164 [JavaFX Application Thread] DEBUG FileSystemAccess     - Writing to: C:\Users\larih\OneDrive\Documentos\Java_Oracle\pizzitas\system\fxgl.bundle
21:10:01.168 [JavaFX Application Thread] DEBUG Async                - Shutting down background threads
21:10:01.169 [JavaFX Application Thread] DEBUG PrimaryStageWindow   - Closing main window
21:10:01.237 [JavaFX Application Thread] DEBUG Logger               - Closing Logger
