08:46:17.551 [main                     ] DEBUG Logger               - Configured Logger
08:46:17.593 [main                     ] DEBUG GameApplication      - Logging settings
Title: Pizzería
Version: 0.0
Width: 800
Height: 450
Fullscreen: false
Intro: false
Profiling: false
Single step:false
App Mode: DEVELOPER
Menu Key: ESCAPE
Stage Style: DECORATED
Scene Factory: class com.almasb.fxgl.app.scene.SceneFactory

08:46:18.064 [JavaFX Application Thread] DEBUG FXGLApplication      - Initializing FXGL
08:46:18.073 [JavaFX Application Thread] INFO  Engine               - FXGL-17.1 (24.03.2022 17.34) on WINDOWS (J:17.0.9 FX:17.0.2-ea)
08:46:18.073 [JavaFX Application Thread] DEBUG Engine               - JRE Vendor Name: Amazon.com Inc.
08:46:18.074 [JavaFX Application Thread] DEBUG Engine               - Running on OS: Windows 11 version 10.0
08:46:18.074 [JavaFX Application Thread] DEBUG Engine               - Architecture: amd64
08:46:18.074 [JavaFX Application Thread] INFO  Engine               - Source code and latest versions at: https://github.com/AlmasB/FXGL
08:46:18.075 [JavaFX Application Thread] INFO  Engine               -       Ask questions and discuss at: https://github.com/AlmasB/FXGL/discussions
08:46:18.075 [JavaFX Application Thread] INFO  Engine               -              Join the FXGL chat at: https://gitter.im/AlmasB/FXGL
08:46:18.194 [JavaFX Application Thread] DEBUG PrimaryStageWindow   - Creating a JavaFX scene
08:46:18.253 [JavaFX Application Thread] DEBUG PrimaryStageWindow   - Target settings size: 800.0 x 450.0
08:46:18.253 [JavaFX Application Thread] DEBUG PrimaryStageWindow   - Scaled scene size:    800.0 x 450.0
08:46:18.254 [JavaFX Application Thread] DEBUG PrimaryStageWindow   - Scaled ratio: (1.0, 1.0)
08:46:18.256 [JavaFX Application Thread] DEBUG PrimaryStageWindow   - Set initial scene to FXGLStartupScene
08:46:18.264 [JavaFX Application Thread] DEBUG PrimaryStageWindow   - Opening main window
08:46:18.395 [JavaFX Application Thread] DEBUG PrimaryStageWindow   - Window border size: (16.0, 39.0)
08:46:18.396 [JavaFX Application Thread] DEBUG PrimaryStageWindow   - Scaled size: 800.0 x 450.0
08:46:18.398 [JavaFX Application Thread] DEBUG PrimaryStageWindow   - Scaled ratio: (1.0, 1.0)
08:46:18.398 [JavaFX Application Thread] DEBUG PrimaryStageWindow   - Scene size: 800.0 x 450.0
08:46:18.399 [JavaFX Application Thread] DEBUG PrimaryStageWindow   - Stage size: 816.0 x 489.0
08:46:18.413 [FXGL Background Thread 1 ] DEBUG Engine               - Initializing environment variables
08:46:18.464 [FXGL Background Thread 1 ] DEBUG FXGLAssetLoaderServi - User app class for loading assets: class com.example.pizzitas.Main
08:46:18.465 [FXGL Background Thread 1 ] DEBUG GameApplicationServi - Applying CSS: fxgl_dark.css
08:46:18.466 [FXGL Background Thread 1 ] DEBUG FXGLAssetLoaderServi - Loading from file system: jar:file:///C:/Users/larih/.m2/repository/com/github/almasb/fxgl/17.1/fxgl-17.1.jar!/fxglassets/ui/css/fxgl_dark.css
08:46:18.540 [FXGL Background Thread 1 ] DEBUG GameApplicationServi - Initializing application scenes
08:46:18.610 [FXGL Background Thread 1 ] DEBUG GameWorld            - Game world initialized
08:46:18.712 [FXGL Background Thread 1 ] DEBUG PhysicsWorld         - Physics world initialized: appHeight=450, physics.ppm=50.0
08:46:18.713 [FXGL Background Thread 1 ] DEBUG PhysicsWorld         - Using strategy: BRUTE_FORCE
08:46:18.717 [FXGL Background Thread 1 ] DEBUG GameScene            - Game scene initialized: 800x450
08:46:18.736 [FXGL Background Thread 1 ] WARN  FXGL.DefaultMenu     - FXGLDefaultMenu is not designed for resolutions < 800x600
08:46:18.736 [FXGL Background Thread 1 ] DEBUG FXGL.DefaultMenu     - createMenuBodyGameMenu()
08:46:18.757 [FXGL Background Thread 1 ] DEBUG FXGL.DefaultMenu     - createOptionsMenu()
08:46:18.773 [FXGL Background Thread 1 ] DEBUG FXGLAssetLoaderServi - Loading from file system: jar:file:///C:/Users/larih/.m2/repository/com/github/almasb/fxgl/17.1/fxgl-17.1.jar!/fxglassets/textures/particles/smoke.png
08:46:18.892 [FXGL Background Thread 1 ] DEBUG FXGLAssetLoaderServi - Loading from file system: jar:file:///C:/Users/larih/.m2/repository/com/github/almasb/fxgl/17.1/fxgl-17.1.jar!/fxglassets/textures/particles/trace_horizontal.png
08:46:18.941 [FXGL Background Thread 1 ] DEBUG GameApplicationServi - Application scenes initialized
08:46:18.956 [FXGL Background Thread 1 ] DEBUG SystemBundleService  - Loading FXGL system data
08:46:18.963 [FXGL Background Thread 1 ] DEBUG FileSystemAccess     - Reading from: C:\Users\larih\OneDrive\Documentos\Java_Oracle\pizzitas\system\fxgl.bundle
08:46:18.970 [FXGL Background Thread 1 ] DEBUG SystemBundleService  - Bundle FXGL: {}
08:46:18.970 [FXGL Background Thread 1 ] DEBUG UpdaterService       - Checking for updates
08:46:18.980 [FXGL Background Thread 4 ] DEBUG FXGLApplication      - Loading fonts
08:46:18.981 [FXGL Background Thread 4 ] DEBUG FXGLAssetLoaderServi - Loading from file system: jar:file:///C:/Users/larih/.m2/repository/com/github/almasb/fxgl/17.1/fxgl-17.1.jar!/fxglassets/ui/fonts/VarelaRound-Regular.ttf
08:46:18.981 [FXGL Background Thread 1 ] DEBUG FXGLApplication      - Loading default localization
08:46:18.982 [FXGL Background Thread 1 ] DEBUG FXGLAssetLoaderServi - Loading from file system: jar:file:///C:/Users/larih/.m2/repository/com/github/almasb/fxgl/17.1/fxgl-17.1.jar!/fxglassets/languages/english.lang
08:46:19.013 [FXGL Background Thread 1 ] INFO  FXGLApplication      - FXGL initialization took: 0.600 sec
08:46:19.015 [JavaFX Application Thread] DEBUG FXGLAssetLoaderServi - Loading from file system: jar:file:///C:/Users/larih/.m2/repository/com/github/almasb/fxgl/17.1/fxgl-17.1.jar!/fxglassets/textures/fxgl_icon.png
08:46:19.049 [JavaFX Application Thread] DEBUG FXGLAssetLoaderServi - Loading from file system: jar:file:///C:/Users/larih/.m2/repository/com/github/almasb/fxgl/17.1/fxgl-17.1.jar!/fxglassets/textures/fxgl_default_cursor.png
08:46:19.073 [JavaFX Application Thread] DEBUG Input                - Registered new binding: Screenshot - CTRL+8
08:46:19.074 [JavaFX Application Thread] DEBUG Input                - Registered new binding: System info dump - CTRL+9
08:46:19.075 [JavaFX Application Thread] DEBUG Input                - Registered new binding: Restart - CTRL+R
08:46:19.077 [JavaFX Application Thread] DEBUG Input                - Registered new binding: Toggle Debug Camera - CTRL+7
08:46:19.081 [JavaFX Application Thread] DEBUG LoopRunner           - Starting loop
08:46:19.082 [JavaFX Application Thread] DEBUG LoopRunner           - Initializing JavaFX AnimationTimerLoop
08:46:19.083 [JavaFX Application Thread] DEBUG GameApplicationServi - Starting new game
08:46:19.084 [JavaFX Application Thread] DEBUG Input                - Clearing active input actions
08:46:19.099 [FXGL Background Thread 4 ] DEBUG FXGLAssetLoaderServi - Loading from file system: jar:file:///C:/Users/larih/.m2/repository/com/github/almasb/fxgl/17.1/fxgl-17.1.jar!/fxglassets/ui/fonts/Abel-Regular.ttf
08:46:19.101 [JavaFX Application Thread] DEBUG GameApplicationServi - Removing overlay from FXGLStartupScene and adding to FXGLLoadingScene
08:46:19.101 [JavaFX Application Thread] DEBUG PrimaryStageWindow   - FXGLStartupScene -> FXGLLoadingScene
08:46:19.101 [JavaFX Application Thread] DEBUG GameApplicationServi - Clearing previous game
08:46:19.102 [JavaFX Application Thread] DEBUG GameScene            - Clearing game scene
08:46:19.102 [JavaFX Application Thread] DEBUG GameWorld            - Clearing game world
08:46:19.102 [JavaFX Application Thread] DEBUG PhysicsWorld         - Clearing physics world
08:46:19.104 [FXGL Background Thread 1 ] DEBUG FXGLApplication      - Initializing game
08:46:19.119 [FXGL Background Thread 4 ] DEBUG FXGLAssetLoaderServi - Loading from file system: jar:file:///C:/Users/larih/.m2/repository/com/github/almasb/fxgl/17.1/fxgl-17.1.jar!/fxglassets/ui/fonts/TerminalLandMono-Regular.otf
08:46:19.138 [FXGL Background Thread 4 ] DEBUG FXGLAssetLoaderServi - Loading from file system: jar:file:///C:/Users/larih/.m2/repository/com/github/almasb/fxgl/17.1/fxgl-17.1.jar!/fxglassets/ui/fonts/Courier-Prime.ttf
08:46:19.178 [JavaFX Application Thread] DEBUG FXGLApplication      - Registering font factories with UI factory
08:46:19.241 [FXGL Background Thread 1 ] DEBUG FXGLAssetLoaderServi - Loading from file system: file:/C:/Users/larih/OneDrive/Documentos/Java_Oracle/pizzitas/target/classes/assets/textures/recepcionista.png
08:46:19.269 [FXGL Background Thread 1 ] DEBUG FXGLAssetLoaderServi - Loading from file system: file:/C:/Users/larih/OneDrive/Documentos/Java_Oracle/pizzitas/target/classes/assets/textures/mesero.png
08:46:19.276 [FXGL Background Thread 1 ] WARN  GameWorld            - Entity is already attached to world
08:46:19.278 [FXGL Background Thread 1 ] WARN  GameWorld            - Entity is already attached to world
08:46:19.279 [FXGL Background Thread 1 ] WARN  GameWorld            - Entity is already attached to world
08:46:19.280 [FXGL Background Thread 1 ] WARN  GameWorld            - Entity is already attached to world
08:46:19.282 [FXGL Background Thread 1 ] WARN  GameWorld            - Entity is already attached to world
08:46:19.283 [FXGL Background Thread 1 ] WARN  GameWorld            - Entity is already attached to world
08:46:19.285 [FXGL Background Thread 1 ] WARN  GameWorld            - Entity is already attached to world
08:46:19.293 [FXGL Background Thread 1 ] DEBUG FXGLAssetLoaderServi - Loading from file system: file:/C:/Users/larih/OneDrive/Documentos/Java_Oracle/pizzitas/target/classes/assets/textures/bg.jpg
08:46:19.323 [FXGL Background Thread 1 ] INFO  FXGLApplication      - Game initialization took: 0.219 sec
08:46:19.361 [JavaFX Application Thread] DEBUG Input                - Clearing active input actions
08:46:19.373 [JavaFX Application Thread] DEBUG GameApplicationServi - Removing overlay from FXGLLoadingScene and adding to GameScene
08:46:19.374 [JavaFX Application Thread] DEBUG PrimaryStageWindow   - FXGLLoadingScene -> GameScene
08:46:19.816 [FXGL Background Thread 2 ] INFO  UpdaterService       - Your current version:  17.1
08:46:19.817 [FXGL Background Thread 2 ] INFO  UpdaterService       - Latest stable version: 17.3
08:46:21.977 [FXGL Background Thread 3 ] DEBUG Engine               - Logging environment variables
08:46:21.979 [FXGL Background Thread 3 ] DEBUG Engine               - achievements: []
08:46:21.980 [FXGL Background Thread 3 ] DEBUG Engine               - actualHeight: 450.0
08:46:21.980 [FXGL Background Thread 3 ] DEBUG Engine               - actualHeightProperty: ReadOnlyDoubleProperty [value: 450.0]
08:46:21.980 [FXGL Background Thread 3 ] DEBUG Engine               - actualWidth: 800.0
08:46:21.981 [FXGL Background Thread 3 ] DEBUG Engine               - actualWidthProperty: ReadOnlyDoubleProperty [value: 800.0]
08:46:21.981 [FXGL Background Thread 3 ] DEBUG Engine               - appIcon: fxgl_icon.png
08:46:21.981 [FXGL Background Thread 3 ] DEBUG Engine               - applicationMode: DEVELOPER
08:46:21.981 [FXGL Background Thread 3 ] DEBUG Engine               - cSSList: [fxgl_dark.css]
08:46:21.982 [FXGL Background Thread 3 ] DEBUG Engine               - collisionDetectionStrategy: BRUTE_FORCE
08:46:21.982 [FXGL Background Thread 3 ] DEBUG Engine               - configClass: Optional.empty
08:46:21.982 [FXGL Background Thread 3 ] DEBUG Engine               - credits: []
08:46:21.984 [FXGL Background Thread 3 ] DEBUG Engine               - defaultCursor: CursorInfo(imageName=fxgl_default_cursor.png, hotspotX=7.0, hotspotY=6.0)
08:46:21.984 [FXGL Background Thread 3 ] DEBUG Engine               - devBBoxColorProperty: ObjectProperty [value: 0xff0000ff]
08:46:21.985 [FXGL Background Thread 3 ] DEBUG Engine               - devEnableDebugCameraProperty: BooleanProperty [value: false]
08:46:21.985 [FXGL Background Thread 3 ] DEBUG Engine               - devSensorColorProperty: ObjectProperty [value: 0xffff00ff]
08:46:21.985 [FXGL Background Thread 3 ] DEBUG Engine               - devShowBBoxProperty: BooleanProperty [value: false]
08:46:21.985 [FXGL Background Thread 3 ] DEBUG Engine               - devShowPositionProperty: BooleanProperty [value: false]
08:46:21.985 [FXGL Background Thread 3 ] DEBUG Engine               - enabledMenuItems: []
08:46:21.986 [FXGL Background Thread 3 ] DEBUG Engine               - engineServices: [class com.almasb.fxgl.app.services.FXGLAssetLoaderService, class com.almasb.fxgl.app.FXGLApplication$GameApplicationService, class com.almasb.fxgl.app.services.FXGLDialogService, class com.almasb.fxgl.app.services.IOTaskExecutorService, class com.almasb.fxgl.io.FileSystemService, class com.almasb.fxgl.localization.LocalizationService, class com.almasb.fxgl.app.services.SystemBundleService, class com.almasb.fxgl.profile.SaveLoadService, class com.almasb.fxgl.ui.FXGLUIFactoryServiceProvider, class com.almasb.fxgl.ui.FXGLDialogFactoryServiceProvider, class com.almasb.fxgl.audio.AudioPlayer, class com.almasb.fxgl.notification.impl.NotificationServiceProvider, class com.almasb.fxgl.achievement.AchievementService, class com.almasb.fxgl.cutscene.CutsceneService, class com.almasb.fxgl.minigames.MiniGameService, class com.almasb.fxgl.net.NetService, class com.almasb.fxgl.app.services.UpdaterService, class com.almasb.fxgl.dev.DevService]
08:46:21.986 [FXGL Background Thread 3 ] DEBUG Engine               - fontGame: Abel-Regular.ttf
08:46:21.986 [FXGL Background Thread 3 ] DEBUG Engine               - fontMono: TerminalLandMono-Regular.otf
08:46:21.986 [FXGL Background Thread 3 ] DEBUG Engine               - fontText: Courier-Prime.ttf
08:46:21.986 [FXGL Background Thread 3 ] DEBUG Engine               - fontUI: VarelaRound-Regular.ttf
08:46:21.987 [FXGL Background Thread 3 ] DEBUG Engine               - fullScreen: BooleanProperty [value: false]
08:46:21.987 [FXGL Background Thread 3 ] DEBUG Engine               - gameDifficulty: MEDIUM
08:46:21.987 [FXGL Background Thread 3 ] DEBUG Engine               - gameDifficultyProperty: ObjectProperty [value: MEDIUM]
08:46:21.987 [FXGL Background Thread 3 ] DEBUG Engine               - globalMusicVolume: 0.5
08:46:21.988 [FXGL Background Thread 3 ] DEBUG Engine               - globalMusicVolumeProperty: DoubleProperty [value: 0.5]
08:46:21.988 [FXGL Background Thread 3 ] DEBUG Engine               - globalSoundVolume: 0.5
08:46:21.988 [FXGL Background Thread 3 ] DEBUG Engine               - globalSoundVolumeProperty: DoubleProperty [value: 0.5]
08:46:21.988 [FXGL Background Thread 3 ] DEBUG Engine               - height: 450
08:46:21.988 [FXGL Background Thread 3 ] DEBUG Engine               - is3D: false
08:46:21.988 [FXGL Background Thread 3 ] DEBUG Engine               - isAndroid: false
08:46:21.989 [FXGL Background Thread 3 ] DEBUG Engine               - isBrowser: false
08:46:21.989 [FXGL Background Thread 3 ] DEBUG Engine               - isClickFeedbackEnabled: false
08:46:21.989 [FXGL Background Thread 3 ] DEBUG Engine               - isCloseConfirmation: false
08:46:21.989 [FXGL Background Thread 3 ] DEBUG Engine               - isDesktop: true
08:46:21.989 [FXGL Background Thread 3 ] DEBUG Engine               - isDeveloperMenuEnabled: false
08:46:21.989 [FXGL Background Thread 3 ] DEBUG Engine               - isEmbedded: false
08:46:21.990 [FXGL Background Thread 3 ] DEBUG Engine               - isEntityPreloadEnabled: true
08:46:21.990 [FXGL Background Thread 3 ] DEBUG Engine               - isExperimentalTiledLargeMap: false
08:46:21.990 [FXGL Background Thread 3 ] DEBUG Engine               - isFileSystemWriteAllowed: true
08:46:21.990 [FXGL Background Thread 3 ] DEBUG Engine               - isFullScreenAllowed: false
08:46:21.990 [FXGL Background Thread 3 ] DEBUG Engine               - isFullScreenFromStart: false
08:46:21.991 [FXGL Background Thread 3 ] DEBUG Engine               - isGameMenuEnabled: true
08:46:21.991 [FXGL Background Thread 3 ] DEBUG Engine               - isIOS: false
08:46:21.991 [FXGL Background Thread 3 ] DEBUG Engine               - isIntroEnabled: false
08:46:21.991 [FXGL Background Thread 3 ] DEBUG Engine               - isLinux: false
08:46:21.991 [FXGL Background Thread 3 ] DEBUG Engine               - isMac: false
08:46:21.992 [FXGL Background Thread 3 ] DEBUG Engine               - isMainMenuEnabled: false
08:46:21.992 [FXGL Background Thread 3 ] DEBUG Engine               - isManualResizeEnabled: false
08:46:21.992 [FXGL Background Thread 3 ] DEBUG Engine               - isMobile: false
08:46:21.992 [FXGL Background Thread 3 ] DEBUG Engine               - isNative: false
08:46:21.992 [FXGL Background Thread 3 ] DEBUG Engine               - isPauseMusicWhenMinimized: true
08:46:21.992 [FXGL Background Thread 3 ] DEBUG Engine               - isPreserveResizeRatio: false
08:46:21.993 [FXGL Background Thread 3 ] DEBUG Engine               - isProfilingEnabled: false
08:46:21.993 [FXGL Background Thread 3 ] DEBUG Engine               - isScaleAffectedOnResize: true
08:46:21.993 [FXGL Background Thread 3 ] DEBUG Engine               - isSingleStep: false
08:46:21.993 [FXGL Background Thread 3 ] DEBUG Engine               - isUserProfileEnabled: false
08:46:21.993 [FXGL Background Thread 3 ] DEBUG Engine               - isWindows: true
08:46:21.993 [FXGL Background Thread 3 ] DEBUG Engine               - language: ObjectProperty [value: ENGLISH]
08:46:21.993 [FXGL Background Thread 3 ] DEBUG Engine               - menuKey: ESCAPE
08:46:21.994 [FXGL Background Thread 3 ] DEBUG Engine               - mouseSensitivity: 0.2
08:46:21.994 [FXGL Background Thread 3 ] DEBUG Engine               - notificationViewClass: class com.almasb.fxgl.notification.view.XboxNotificationView
08:46:21.994 [FXGL Background Thread 3 ] DEBUG Engine               - pixelsPerMeter: 50.0
08:46:21.994 [FXGL Background Thread 3 ] DEBUG Engine               - platform: WINDOWS
08:46:21.994 [FXGL Background Thread 3 ] DEBUG Engine               - prefHeightProperty: ReadOnlyDoubleProperty [value: 450.0]
08:46:21.994 [FXGL Background Thread 3 ] DEBUG Engine               - prefWidthProperty: ReadOnlyDoubleProperty [value: 800.0]
08:46:21.994 [FXGL Background Thread 3 ] DEBUG Engine               - profileDir: profiles/
08:46:21.995 [FXGL Background Thread 3 ] DEBUG Engine               - profileName: StringProperty [value: DEFAULT]
08:46:21.995 [FXGL Background Thread 3 ] DEBUG Engine               - randomSeed: -1
08:46:21.995 [FXGL Background Thread 3 ] DEBUG Engine               - runtimeInfo: RuntimeInfo(platform=WINDOWS, version=17.1, build=24.03.2022 17.34)
08:46:21.996 [FXGL Background Thread 3 ] DEBUG Engine               - saveFileExt: sav
08:46:21.996 [FXGL Background Thread 3 ] DEBUG Engine               - scaledHeightProp$fxgl: DoubleProperty [bound, value: 450.0]
08:46:21.996 [FXGL Background Thread 3 ] DEBUG Engine               - scaledWidthProp$fxgl: DoubleProperty [bound, value: 800.0]
08:46:21.996 [FXGL Background Thread 3 ] DEBUG Engine               - sceneFactory: com.almasb.fxgl.app.scene.SceneFactory@381635cf
08:46:21.996 [FXGL Background Thread 3 ] DEBUG Engine               - secondsIn24h: 60
08:46:21.996 [FXGL Background Thread 3 ] DEBUG Engine               - soundMenuBack: menu/back.wav
08:46:21.996 [FXGL Background Thread 3 ] DEBUG Engine               - soundMenuPress: menu/press.wav
08:46:21.997 [FXGL Background Thread 3 ] DEBUG Engine               - soundMenuSelect: menu/select.wav
08:46:21.997 [FXGL Background Thread 3 ] DEBUG Engine               - soundNotification: core/notification.wav
08:46:21.997 [FXGL Background Thread 3 ] DEBUG Engine               - stageStyle: DECORATED
08:46:21.997 [FXGL Background Thread 3 ] DEBUG Engine               - supportedLanguages: [ENGLISH, FRENCH, GERMAN, HUNGARIAN, RUSSIAN]
08:46:21.997 [FXGL Background Thread 3 ] DEBUG Engine               - ticksPerSecond: -1
08:46:21.997 [FXGL Background Thread 3 ] DEBUG Engine               - title: Pizzería
08:46:21.997 [FXGL Background Thread 3 ] DEBUG Engine               - urlGithub: https://github.com/AlmasB/FXGL
08:46:21.998 [FXGL Background Thread 3 ] DEBUG Engine               - urlLeaderboard: http://fxgl-top.herokuapp.com/
08:46:21.998 [FXGL Background Thread 3 ] DEBUG Engine               - urlPOM: https://raw.githubusercontent.com/AlmasB/FXGL/release/README.md
08:46:21.998 [FXGL Background Thread 3 ] DEBUG Engine               - userAppClass: class com.example.pizzitas.Main
08:46:21.998 [FXGL Background Thread 3 ] DEBUG Engine               - version: 0.0
08:46:21.998 [FXGL Background Thread 3 ] DEBUG Engine               - versionCheckDays: 7
08:46:21.998 [FXGL Background Thread 3 ] DEBUG Engine               - width: 800
08:46:21.998 [FXGL Background Thread 3 ] DEBUG Engine               - Logging services
08:46:21.999 [FXGL Background Thread 3 ] DEBUG Engine               - class com.almasb.fxgl.app.services.FXGLAssetLoaderService
08:46:21.999 [FXGL Background Thread 3 ] DEBUG Engine               - class com.almasb.fxgl.app.FXGLApplication$GameApplicationService
08:46:21.999 [FXGL Background Thread 3 ] DEBUG Engine               - class com.almasb.fxgl.app.services.FXGLDialogService
08:46:21.999 [FXGL Background Thread 3 ] DEBUG Engine               - class com.almasb.fxgl.app.services.IOTaskExecutorService
08:46:21.999 [FXGL Background Thread 3 ] DEBUG Engine               - class com.almasb.fxgl.io.FileSystemService
08:46:21.999 [FXGL Background Thread 3 ] DEBUG Engine               - class com.almasb.fxgl.localization.LocalizationService
08:46:21.999 [FXGL Background Thread 3 ] DEBUG Engine               - class com.almasb.fxgl.app.services.SystemBundleService
08:46:21.999 [FXGL Background Thread 3 ] DEBUG Engine               - class com.almasb.fxgl.profile.SaveLoadService
08:46:21.999 [FXGL Background Thread 3 ] DEBUG Engine               - class com.almasb.fxgl.ui.FXGLUIFactoryServiceProvider
08:46:22.000 [FXGL Background Thread 3 ] DEBUG Engine               - class com.almasb.fxgl.ui.FXGLDialogFactoryServiceProvider
08:46:22.000 [FXGL Background Thread 3 ] DEBUG Engine               - class com.almasb.fxgl.audio.AudioPlayer
08:46:22.000 [FXGL Background Thread 3 ] DEBUG Engine               - class com.almasb.fxgl.notification.impl.NotificationServiceProvider
08:46:22.000 [FXGL Background Thread 3 ] DEBUG Engine               - class com.almasb.fxgl.achievement.AchievementService
08:46:22.000 [FXGL Background Thread 3 ] DEBUG Engine               - class com.almasb.fxgl.cutscene.CutsceneService
08:46:22.000 [FXGL Background Thread 3 ] DEBUG Engine               - class com.almasb.fxgl.minigames.MiniGameService
08:46:22.000 [FXGL Background Thread 3 ] DEBUG Engine               - class com.almasb.fxgl.net.NetService
08:46:22.000 [FXGL Background Thread 3 ] DEBUG Engine               - class com.almasb.fxgl.app.services.UpdaterService
08:46:22.000 [FXGL Background Thread 3 ] DEBUG Engine               - class com.almasb.fxgl.dev.DevService
08:46:24.064 [JavaFX Application Thread] DEBUG FXGLAssetLoaderServi - Loading from file system: file:/C:/Users/larih/OneDrive/Documentos/Java_Oracle/pizzitas/target/classes/assets/textures/nino.png
08:46:24.069 [JavaFX Application Thread] WARN  GameWorld            - Entity is already attached to world
08:46:24.071 [JavaFX Application Thread] DEBUG FXGLAssetLoaderServi - Loading from file system: file:/C:/Users/larih/OneDrive/Documentos/Java_Oracle/pizzitas/target/classes/assets/textures/pizza.png
08:46:24.074 [JavaFX Application Thread] WARN  GameWorld            - Entity is already attached to world
08:46:25.173 [JavaFX Application Thread] WARN  GameWorld            - Entity is already attached to world
08:46:25.176 [JavaFX Application Thread] WARN  GameWorld            - Entity is already attached to world
08:46:26.186 [JavaFX Application Thread] WARN  GameWorld            - Entity is already attached to world
08:46:26.189 [JavaFX Application Thread] WARN  GameWorld            - Entity is already attached to world
08:46:27.382 [JavaFX Application Thread] WARN  GameWorld            - Entity is already attached to world
08:46:27.385 [JavaFX Application Thread] WARN  GameWorld            - Entity is already attached to world
08:46:28.166 [JavaFX Application Thread] WARN  GameWorld            - Entity is already attached to world
08:46:28.168 [JavaFX Application Thread] WARN  GameWorld            - Entity is already attached to world
08:46:28.986 [JavaFX Application Thread] WARN  GameWorld            - Entity is already attached to world
08:46:28.990 [JavaFX Application Thread] WARN  GameWorld            - Entity is already attached to world
08:46:30.843 [JavaFX Application Thread] WARN  GameWorld            - Entity is already attached to world
08:46:30.845 [JavaFX Application Thread] WARN  GameWorld            - Entity is already attached to world
08:46:31.281 [JavaFX Application Thread] WARN  GameWorld            - Entity is already attached to world
08:46:31.283 [JavaFX Application Thread] WARN  GameWorld            - Entity is already attached to world
08:46:32.355 [JavaFX Application Thread] WARN  GameWorld            - Entity is already attached to world
08:46:32.357 [JavaFX Application Thread] WARN  GameWorld            - Entity is already attached to world
08:46:33.537 [JavaFX Application Thread] WARN  GameWorld            - Entity is already attached to world
08:46:33.539 [JavaFX Application Thread] WARN  GameWorld            - Entity is already attached to world
08:46:33.989 [JavaFX Application Thread] WARN  GameWorld            - Entity is already attached to world
08:46:33.992 [JavaFX Application Thread] WARN  GameWorld            - Entity is already attached to world
08:46:35.794 [JavaFX Application Thread] WARN  GameWorld            - Entity is already attached to world
08:46:35.797 [JavaFX Application Thread] WARN  GameWorld            - Entity is already attached to world
08:46:36.449 [JavaFX Application Thread] WARN  GameWorld            - Entity is already attached to world
08:46:36.451 [JavaFX Application Thread] WARN  GameWorld            - Entity is already attached to world
08:46:37.153 [JavaFX Application Thread] WARN  GameWorld            - Entity is already attached to world
08:46:37.156 [JavaFX Application Thread] WARN  GameWorld            - Entity is already attached to world
08:46:38.165 [JavaFX Application Thread] WARN  GameWorld            - Entity is already attached to world
08:46:38.168 [JavaFX Application Thread] WARN  GameWorld            - Entity is already attached to world
08:46:39.234 [JavaFX Application Thread] WARN  GameWorld            - Entity is already attached to world
08:46:39.237 [JavaFX Application Thread] WARN  GameWorld            - Entity is already attached to world
08:46:40.307 [JavaFX Application Thread] WARN  GameWorld            - Entity is already attached to world
08:46:40.310 [JavaFX Application Thread] WARN  GameWorld            - Entity is already attached to world
08:46:41.202 [JavaFX Application Thread] WARN  GameWorld            - Entity is already attached to world
08:46:41.205 [JavaFX Application Thread] WARN  GameWorld            - Entity is already attached to world
08:46:41.859 [JavaFX Application Thread] WARN  GameWorld            - Entity is already attached to world
08:46:41.861 [JavaFX Application Thread] WARN  GameWorld            - Entity is already attached to world
08:46:43.059 [JavaFX Application Thread] WARN  GameWorld            - Entity is already attached to world
08:46:43.061 [JavaFX Application Thread] WARN  GameWorld            - Entity is already attached to world
08:46:44.147 [JavaFX Application Thread] WARN  GameWorld            - Entity is already attached to world
08:46:44.149 [JavaFX Application Thread] WARN  GameWorld            - Entity is already attached to world
08:46:45.409 [JavaFX Application Thread] WARN  GameWorld            - Entity is already attached to world
08:46:45.410 [JavaFX Application Thread] WARN  GameWorld            - Entity is already attached to world
08:46:45.955 [JavaFX Application Thread] WARN  GameWorld            - Entity is already attached to world
08:46:45.957 [JavaFX Application Thread] WARN  GameWorld            - Entity is already attached to world
08:46:46.850 [JavaFX Application Thread] WARN  GameWorld            - Entity is already attached to world
08:46:46.857 [JavaFX Application Thread] WARN  GameWorld            - Entity is already attached to world
08:46:48.578 [JavaFX Application Thread] WARN  GameWorld            - Entity is already attached to world
08:46:48.580 [JavaFX Application Thread] WARN  GameWorld            - Entity is already attached to world
08:46:49.025 [JavaFX Application Thread] WARN  GameWorld            - Entity is already attached to world
08:46:49.027 [JavaFX Application Thread] WARN  GameWorld            - Entity is already attached to world
08:46:50.225 [JavaFX Application Thread] WARN  GameWorld            - Entity is already attached to world
08:46:50.227 [JavaFX Application Thread] WARN  GameWorld            - Entity is already attached to world
08:46:51.233 [JavaFX Application Thread] WARN  GameWorld            - Entity is already attached to world
08:46:51.236 [JavaFX Application Thread] WARN  GameWorld            - Entity is already attached to world
08:46:51.938 [JavaFX Application Thread] WARN  GameWorld            - Entity is already attached to world
08:46:51.940 [JavaFX Application Thread] WARN  GameWorld            - Entity is already attached to world
08:46:53.409 [JavaFX Application Thread] WARN  GameWorld            - Entity is already attached to world
08:46:53.410 [JavaFX Application Thread] WARN  GameWorld            - Entity is already attached to world
08:47:05.126 [JavaFX Application Thread] DEBUG FXGLApplication      - Exiting FXGL
08:47:05.126 [JavaFX Application Thread] DEBUG LoopRunner           - Stopping loop
08:47:05.126 [JavaFX Application Thread] DEBUG SystemBundleService  - Saving FXGL system data
08:47:05.130 [JavaFX Application Thread] DEBUG FileSystemAccess     - Writing to: C:\Users\larih\OneDrive\Documentos\Java_Oracle\pizzitas\system\fxgl.bundle
08:47:05.134 [JavaFX Application Thread] DEBUG Async                - Shutting down background threads
08:47:05.134 [JavaFX Application Thread] DEBUG PrimaryStageWindow   - Closing main window
08:47:05.160 [JavaFX Application Thread] DEBUG Logger               - Closing Logger
