19:32:50.445 [main                     ] DEBUG Logger               - Configured Logger
19:32:50.479 [main                     ] DEBUG GameApplication      - Logging settings
Title: Pizzería
Version: 0.1
Width: 800
Height: 450
Fullscreen: false
Intro: false
Profiling: false
Single step:false
App Mode: DEVELOPER
Menu Key: ESCAPE
Stage Style: DECORATED
Scene Factory: class com.almasb.fxgl.app.scene.SceneFactory

19:32:50.766 [JavaFX Application Thread] DEBUG FXGLApplication      - Initializing FXGL
19:32:50.771 [JavaFX Application Thread] INFO  Engine               - FXGL-17.1 (24.03.2022 17.34) on WINDOWS (J:17.0.9 FX:17.0.2-ea)
19:32:50.771 [JavaFX Application Thread] DEBUG Engine               - JRE Vendor Name: Amazon.com Inc.
19:32:50.771 [JavaFX Application Thread] DEBUG Engine               - Running on OS: Windows 11 version 10.0
19:32:50.771 [JavaFX Application Thread] DEBUG Engine               - Architecture: amd64
19:32:50.771 [JavaFX Application Thread] INFO  Engine               - Source code and latest versions at: https://github.com/AlmasB/FXGL
19:32:50.772 [JavaFX Application Thread] INFO  Engine               -       Ask questions and discuss at: https://github.com/AlmasB/FXGL/discussions
19:32:50.772 [JavaFX Application Thread] INFO  Engine               -              Join the FXGL chat at: https://gitter.im/AlmasB/FXGL
19:32:50.849 [JavaFX Application Thread] DEBUG PrimaryStageWindow   - Creating a JavaFX scene
19:32:50.894 [JavaFX Application Thread] DEBUG PrimaryStageWindow   - Target settings size: 800.0 x 450.0
19:32:50.894 [JavaFX Application Thread] DEBUG PrimaryStageWindow   - Scaled scene size:    800.0 x 450.0
19:32:50.895 [JavaFX Application Thread] DEBUG PrimaryStageWindow   - Scaled ratio: (1.0, 1.0)
19:32:50.896 [JavaFX Application Thread] DEBUG PrimaryStageWindow   - Set initial scene to FXGLStartupScene
19:32:50.907 [JavaFX Application Thread] DEBUG PrimaryStageWindow   - Opening main window
19:32:50.993 [JavaFX Application Thread] DEBUG PrimaryStageWindow   - Window border size: (16.0, 39.0)
19:32:50.993 [JavaFX Application Thread] DEBUG PrimaryStageWindow   - Scaled size: 800.0 x 450.0
19:32:50.993 [JavaFX Application Thread] DEBUG PrimaryStageWindow   - Scaled ratio: (1.0, 1.0)
19:32:50.994 [JavaFX Application Thread] DEBUG PrimaryStageWindow   - Scene size: 800.0 x 450.0
19:32:50.994 [JavaFX Application Thread] DEBUG PrimaryStageWindow   - Stage size: 816.0 x 489.0
19:32:51.003 [FXGL Background Thread 1 ] DEBUG Engine               - Initializing environment variables
19:32:51.044 [FXGL Background Thread 1 ] DEBUG FXGLAssetLoaderServi - User app class for loading assets: class com.example.pizzitas.Main
19:32:51.044 [FXGL Background Thread 1 ] DEBUG GameApplicationServi - Applying CSS: fxgl_dark.css
19:32:51.045 [FXGL Background Thread 1 ] DEBUG FXGLAssetLoaderServi - Loading from file system: jar:file:///C:/Users/larih/.m2/repository/com/github/almasb/fxgl/17.1/fxgl-17.1.jar!/fxglassets/ui/css/fxgl_dark.css
19:32:51.101 [FXGL Background Thread 1 ] DEBUG GameApplicationServi - Initializing application scenes
19:32:51.160 [FXGL Background Thread 1 ] DEBUG GameWorld            - Game world initialized
19:32:51.227 [FXGL Background Thread 1 ] DEBUG PhysicsWorld         - Physics world initialized: appHeight=450, physics.ppm=50.0
19:32:51.227 [FXGL Background Thread 1 ] DEBUG PhysicsWorld         - Using strategy: BRUTE_FORCE
19:32:51.232 [FXGL Background Thread 1 ] DEBUG GameScene            - Game scene initialized: 800x450
19:32:51.245 [FXGL Background Thread 1 ] WARN  FXGL.DefaultMenu     - FXGLDefaultMenu is not designed for resolutions < 800x600
19:32:51.245 [FXGL Background Thread 1 ] DEBUG FXGL.DefaultMenu     - createMenuBodyGameMenu()
19:32:51.259 [FXGL Background Thread 1 ] DEBUG FXGL.DefaultMenu     - createOptionsMenu()
19:32:51.267 [FXGL Background Thread 1 ] DEBUG FXGLAssetLoaderServi - Loading from file system: jar:file:///C:/Users/larih/.m2/repository/com/github/almasb/fxgl/17.1/fxgl-17.1.jar!/fxglassets/textures/particles/smoke.png
19:32:51.357 [FXGL Background Thread 1 ] DEBUG FXGLAssetLoaderServi - Loading from file system: jar:file:///C:/Users/larih/.m2/repository/com/github/almasb/fxgl/17.1/fxgl-17.1.jar!/fxglassets/textures/particles/trace_horizontal.png
19:32:51.391 [FXGL Background Thread 1 ] DEBUG GameApplicationServi - Application scenes initialized
19:32:51.408 [FXGL Background Thread 1 ] DEBUG SystemBundleService  - Loading FXGL system data
19:32:51.415 [FXGL Background Thread 1 ] DEBUG FileSystemAccess     - Reading from: C:\Users\larih\OneDrive\Documentos\Java_Oracle\pizzitas\system\fxgl.bundle
19:32:51.424 [FXGL Background Thread 1 ] DEBUG SystemBundleService  - Bundle FXGL: {}
19:32:51.425 [FXGL Background Thread 1 ] DEBUG UpdaterService       - Checking for updates
19:32:51.431 [FXGL Background Thread 4 ] DEBUG FXGLApplication      - Loading fonts
19:32:51.432 [FXGL Background Thread 1 ] DEBUG FXGLApplication      - Loading default localization
19:32:51.432 [FXGL Background Thread 4 ] DEBUG FXGLAssetLoaderServi - Loading from file system: jar:file:///C:/Users/larih/.m2/repository/com/github/almasb/fxgl/17.1/fxgl-17.1.jar!/fxglassets/ui/fonts/VarelaRound-Regular.ttf
19:32:51.433 [FXGL Background Thread 1 ] DEBUG FXGLAssetLoaderServi - Loading from file system: jar:file:///C:/Users/larih/.m2/repository/com/github/almasb/fxgl/17.1/fxgl-17.1.jar!/fxglassets/languages/english.lang
19:32:51.452 [FXGL Background Thread 1 ] INFO  FXGLApplication      - FXGL initialization took: 0.448 sec
19:32:51.453 [JavaFX Application Thread] DEBUG FXGLAssetLoaderServi - Loading from file system: jar:file:///C:/Users/larih/.m2/repository/com/github/almasb/fxgl/17.1/fxgl-17.1.jar!/fxglassets/textures/fxgl_icon.png
19:32:51.474 [JavaFX Application Thread] DEBUG FXGLAssetLoaderServi - Loading from file system: jar:file:///C:/Users/larih/.m2/repository/com/github/almasb/fxgl/17.1/fxgl-17.1.jar!/fxglassets/textures/fxgl_default_cursor.png
19:32:51.487 [JavaFX Application Thread] DEBUG Input                - Registered new binding: Screenshot - CTRL+8
19:32:51.488 [JavaFX Application Thread] DEBUG Input                - Registered new binding: System info dump - CTRL+9
19:32:51.488 [JavaFX Application Thread] DEBUG Input                - Registered new binding: Restart - CTRL+R
19:32:51.489 [JavaFX Application Thread] DEBUG Input                - Registered new binding: Toggle Debug Camera - CTRL+7
19:32:51.492 [JavaFX Application Thread] DEBUG LoopRunner           - Starting loop
19:32:51.492 [JavaFX Application Thread] DEBUG LoopRunner           - Initializing JavaFX AnimationTimerLoop
19:32:51.494 [JavaFX Application Thread] DEBUG GameApplicationServi - Starting new game
19:32:51.494 [JavaFX Application Thread] DEBUG Input                - Clearing active input actions
19:32:51.507 [JavaFX Application Thread] DEBUG GameApplicationServi - Removing overlay from FXGLStartupScene and adding to FXGLLoadingScene
19:32:51.508 [JavaFX Application Thread] DEBUG PrimaryStageWindow   - FXGLStartupScene -> FXGLLoadingScene
19:32:51.508 [JavaFX Application Thread] DEBUG GameApplicationServi - Clearing previous game
19:32:51.508 [JavaFX Application Thread] DEBUG GameScene            - Clearing game scene
19:32:51.508 [JavaFX Application Thread] DEBUG GameWorld            - Clearing game world
19:32:51.508 [JavaFX Application Thread] DEBUG PhysicsWorld         - Clearing physics world
19:32:51.511 [FXGL Background Thread 1 ] DEBUG FXGLApplication      - Initializing game
19:32:51.533 [FXGL Background Thread 4 ] DEBUG FXGLAssetLoaderServi - Loading from file system: jar:file:///C:/Users/larih/.m2/repository/com/github/almasb/fxgl/17.1/fxgl-17.1.jar!/fxglassets/ui/fonts/Abel-Regular.ttf
19:32:51.545 [FXGL Background Thread 4 ] DEBUG FXGLAssetLoaderServi - Loading from file system: jar:file:///C:/Users/larih/.m2/repository/com/github/almasb/fxgl/17.1/fxgl-17.1.jar!/fxglassets/ui/fonts/TerminalLandMono-Regular.otf
19:32:51.562 [FXGL Background Thread 4 ] DEBUG FXGLAssetLoaderServi - Loading from file system: jar:file:///C:/Users/larih/.m2/repository/com/github/almasb/fxgl/17.1/fxgl-17.1.jar!/fxglassets/ui/fonts/Courier-Prime.ttf
19:32:51.578 [JavaFX Application Thread] DEBUG FXGLApplication      - Registering font factories with UI factory
19:32:51.583 [FXGL Background Thread 1 ] WARN  FXGLAssetLoaderServi - Asset "/assets/textures/recepcionista.png" was not found!
19:32:51.583 [FXGL Background Thread 1 ] WARN  FXGLAssetLoaderServi - Failed to load IMAGE
19:32:51.732 [FXGL Background Thread 1 ] WARN  FXGLAssetLoaderServi - Asset "/assets/textures/bg.jpg" was not found!
19:32:51.732 [FXGL Background Thread 1 ] WARN  FXGLAssetLoaderServi - Failed to load IMAGE
19:32:51.734 [FXGL Background Thread 1 ] INFO  FXGLApplication      - Game initialization took: 0.223 sec
19:32:51.737 [JavaFX Application Thread] DEBUG Input                - Clearing active input actions
19:32:51.747 [JavaFX Application Thread] DEBUG GameApplicationServi - Removing overlay from FXGLLoadingScene and adding to GameScene
19:32:51.747 [JavaFX Application Thread] DEBUG PrimaryStageWindow   - FXGLLoadingScene -> GameScene
19:32:52.156 [FXGL Background Thread 2 ] INFO  UpdaterService       - Your current version:  17.1
19:32:52.157 [FXGL Background Thread 2 ] INFO  UpdaterService       - Latest stable version: 17.3
19:32:54.429 [FXGL Background Thread 3 ] DEBUG Engine               - Logging environment variables
19:32:54.429 [FXGL Background Thread 3 ] DEBUG Engine               - achievements: []
19:32:54.429 [FXGL Background Thread 3 ] DEBUG Engine               - actualHeight: 450.0
19:32:54.429 [FXGL Background Thread 3 ] DEBUG Engine               - actualHeightProperty: ReadOnlyDoubleProperty [value: 450.0]
19:32:54.429 [FXGL Background Thread 3 ] DEBUG Engine               - actualWidth: 800.0
19:32:54.430 [FXGL Background Thread 3 ] DEBUG Engine               - actualWidthProperty: ReadOnlyDoubleProperty [value: 800.0]
19:32:54.430 [FXGL Background Thread 3 ] DEBUG Engine               - appIcon: fxgl_icon.png
19:32:54.430 [FXGL Background Thread 3 ] DEBUG Engine               - applicationMode: DEVELOPER
19:32:54.430 [FXGL Background Thread 3 ] DEBUG Engine               - cSSList: [fxgl_dark.css]
19:32:54.430 [FXGL Background Thread 3 ] DEBUG Engine               - collisionDetectionStrategy: BRUTE_FORCE
19:32:54.430 [FXGL Background Thread 3 ] DEBUG Engine               - configClass: Optional.empty
19:32:54.430 [FXGL Background Thread 3 ] DEBUG Engine               - credits: []
19:32:54.430 [FXGL Background Thread 3 ] DEBUG Engine               - defaultCursor: CursorInfo(imageName=fxgl_default_cursor.png, hotspotX=7.0, hotspotY=6.0)
19:32:54.430 [FXGL Background Thread 3 ] DEBUG Engine               - devBBoxColorProperty: ObjectProperty [value: 0xff0000ff]
19:32:54.430 [FXGL Background Thread 3 ] DEBUG Engine               - devEnableDebugCameraProperty: BooleanProperty [value: false]
19:32:54.430 [FXGL Background Thread 3 ] DEBUG Engine               - devSensorColorProperty: ObjectProperty [value: 0xffff00ff]
19:32:54.430 [FXGL Background Thread 3 ] DEBUG Engine               - devShowBBoxProperty: BooleanProperty [value: false]
19:32:54.431 [FXGL Background Thread 3 ] DEBUG Engine               - devShowPositionProperty: BooleanProperty [value: false]
19:32:54.431 [FXGL Background Thread 3 ] DEBUG Engine               - enabledMenuItems: []
19:32:54.431 [FXGL Background Thread 3 ] DEBUG Engine               - engineServices: [class com.almasb.fxgl.app.services.FXGLAssetLoaderService, class com.almasb.fxgl.app.FXGLApplication$GameApplicationService, class com.almasb.fxgl.app.services.FXGLDialogService, class com.almasb.fxgl.app.services.IOTaskExecutorService, class com.almasb.fxgl.io.FileSystemService, class com.almasb.fxgl.localization.LocalizationService, class com.almasb.fxgl.app.services.SystemBundleService, class com.almasb.fxgl.profile.SaveLoadService, class com.almasb.fxgl.ui.FXGLUIFactoryServiceProvider, class com.almasb.fxgl.ui.FXGLDialogFactoryServiceProvider, class com.almasb.fxgl.audio.AudioPlayer, class com.almasb.fxgl.notification.impl.NotificationServiceProvider, class com.almasb.fxgl.achievement.AchievementService, class com.almasb.fxgl.cutscene.CutsceneService, class com.almasb.fxgl.minigames.MiniGameService, class com.almasb.fxgl.net.NetService, class com.almasb.fxgl.app.services.UpdaterService, class com.almasb.fxgl.dev.DevService]
19:32:54.431 [FXGL Background Thread 3 ] DEBUG Engine               - fontGame: Abel-Regular.ttf
19:32:54.431 [FXGL Background Thread 3 ] DEBUG Engine               - fontMono: TerminalLandMono-Regular.otf
19:32:54.431 [FXGL Background Thread 3 ] DEBUG Engine               - fontText: Courier-Prime.ttf
19:32:54.431 [FXGL Background Thread 3 ] DEBUG Engine               - fontUI: VarelaRound-Regular.ttf
19:32:54.431 [FXGL Background Thread 3 ] DEBUG Engine               - fullScreen: BooleanProperty [value: false]
19:32:54.431 [FXGL Background Thread 3 ] DEBUG Engine               - gameDifficulty: MEDIUM
19:32:54.431 [FXGL Background Thread 3 ] DEBUG Engine               - gameDifficultyProperty: ObjectProperty [value: MEDIUM]
19:32:54.431 [FXGL Background Thread 3 ] DEBUG Engine               - globalMusicVolume: 0.5
19:32:54.431 [FXGL Background Thread 3 ] DEBUG Engine               - globalMusicVolumeProperty: DoubleProperty [value: 0.5]
19:32:54.431 [FXGL Background Thread 3 ] DEBUG Engine               - globalSoundVolume: 0.5
19:32:54.431 [FXGL Background Thread 3 ] DEBUG Engine               - globalSoundVolumeProperty: DoubleProperty [value: 0.5]
19:32:54.431 [FXGL Background Thread 3 ] DEBUG Engine               - height: 450
19:32:54.431 [FXGL Background Thread 3 ] DEBUG Engine               - is3D: false
19:32:54.431 [FXGL Background Thread 3 ] DEBUG Engine               - isAndroid: false
19:32:54.431 [FXGL Background Thread 3 ] DEBUG Engine               - isBrowser: false
19:32:54.431 [FXGL Background Thread 3 ] DEBUG Engine               - isClickFeedbackEnabled: false
19:32:54.431 [FXGL Background Thread 3 ] DEBUG Engine               - isCloseConfirmation: false
19:32:54.431 [FXGL Background Thread 3 ] DEBUG Engine               - isDesktop: true
19:32:54.432 [FXGL Background Thread 3 ] DEBUG Engine               - isDeveloperMenuEnabled: false
19:32:54.432 [FXGL Background Thread 3 ] DEBUG Engine               - isEmbedded: false
19:32:54.432 [FXGL Background Thread 3 ] DEBUG Engine               - isEntityPreloadEnabled: true
19:32:54.432 [FXGL Background Thread 3 ] DEBUG Engine               - isExperimentalTiledLargeMap: false
19:32:54.432 [FXGL Background Thread 3 ] DEBUG Engine               - isFileSystemWriteAllowed: true
19:32:54.432 [FXGL Background Thread 3 ] DEBUG Engine               - isFullScreenAllowed: false
19:32:54.432 [FXGL Background Thread 3 ] DEBUG Engine               - isFullScreenFromStart: false
19:32:54.432 [FXGL Background Thread 3 ] DEBUG Engine               - isGameMenuEnabled: true
19:32:54.432 [FXGL Background Thread 3 ] DEBUG Engine               - isIOS: false
19:32:54.432 [FXGL Background Thread 3 ] DEBUG Engine               - isIntroEnabled: false
19:32:54.432 [FXGL Background Thread 3 ] DEBUG Engine               - isLinux: false
19:32:54.432 [FXGL Background Thread 3 ] DEBUG Engine               - isMac: false
19:32:54.432 [FXGL Background Thread 3 ] DEBUG Engine               - isMainMenuEnabled: false
19:32:54.432 [FXGL Background Thread 3 ] DEBUG Engine               - isManualResizeEnabled: false
19:32:54.432 [FXGL Background Thread 3 ] DEBUG Engine               - isMobile: false
19:32:54.432 [FXGL Background Thread 3 ] DEBUG Engine               - isNative: false
19:32:54.432 [FXGL Background Thread 3 ] DEBUG Engine               - isPauseMusicWhenMinimized: true
19:32:54.432 [FXGL Background Thread 3 ] DEBUG Engine               - isPreserveResizeRatio: false
19:32:54.432 [FXGL Background Thread 3 ] DEBUG Engine               - isProfilingEnabled: false
19:32:54.432 [FXGL Background Thread 3 ] DEBUG Engine               - isScaleAffectedOnResize: true
19:32:54.432 [FXGL Background Thread 3 ] DEBUG Engine               - isSingleStep: false
19:32:54.432 [FXGL Background Thread 3 ] DEBUG Engine               - isUserProfileEnabled: false
19:32:54.432 [FXGL Background Thread 3 ] DEBUG Engine               - isWindows: true
19:32:54.433 [FXGL Background Thread 3 ] DEBUG Engine               - language: ObjectProperty [value: ENGLISH]
19:32:54.433 [FXGL Background Thread 3 ] DEBUG Engine               - menuKey: ESCAPE
19:32:54.433 [FXGL Background Thread 3 ] DEBUG Engine               - mouseSensitivity: 0.2
19:32:54.433 [FXGL Background Thread 3 ] DEBUG Engine               - notificationViewClass: class com.almasb.fxgl.notification.view.XboxNotificationView
19:32:54.433 [FXGL Background Thread 3 ] DEBUG Engine               - pixelsPerMeter: 50.0
19:32:54.433 [FXGL Background Thread 3 ] DEBUG Engine               - platform: WINDOWS
19:32:54.433 [FXGL Background Thread 3 ] DEBUG Engine               - prefHeightProperty: ReadOnlyDoubleProperty [value: 450.0]
19:32:54.433 [FXGL Background Thread 3 ] DEBUG Engine               - prefWidthProperty: ReadOnlyDoubleProperty [value: 800.0]
19:32:54.433 [FXGL Background Thread 3 ] DEBUG Engine               - profileDir: profiles/
19:32:54.433 [FXGL Background Thread 3 ] DEBUG Engine               - profileName: StringProperty [value: DEFAULT]
19:32:54.433 [FXGL Background Thread 3 ] DEBUG Engine               - randomSeed: -1
19:32:54.433 [FXGL Background Thread 3 ] DEBUG Engine               - runtimeInfo: RuntimeInfo(platform=WINDOWS, version=17.1, build=24.03.2022 17.34)
19:32:54.433 [FXGL Background Thread 3 ] DEBUG Engine               - saveFileExt: sav
19:32:54.433 [FXGL Background Thread 3 ] DEBUG Engine               - scaledHeightProp$fxgl: DoubleProperty [bound, value: 450.0]
19:32:54.433 [FXGL Background Thread 3 ] DEBUG Engine               - scaledWidthProp$fxgl: DoubleProperty [bound, value: 800.0]
19:32:54.433 [FXGL Background Thread 3 ] DEBUG Engine               - sceneFactory: com.almasb.fxgl.app.scene.SceneFactory@6b87c0af
19:32:54.433 [FXGL Background Thread 3 ] DEBUG Engine               - secondsIn24h: 60
19:32:54.433 [FXGL Background Thread 3 ] DEBUG Engine               - soundMenuBack: menu/back.wav
19:32:54.433 [FXGL Background Thread 3 ] DEBUG Engine               - soundMenuPress: menu/press.wav
19:32:54.433 [FXGL Background Thread 3 ] DEBUG Engine               - soundMenuSelect: menu/select.wav
19:32:54.433 [FXGL Background Thread 3 ] DEBUG Engine               - soundNotification: core/notification.wav
19:32:54.433 [FXGL Background Thread 3 ] DEBUG Engine               - stageStyle: DECORATED
19:32:54.433 [FXGL Background Thread 3 ] DEBUG Engine               - supportedLanguages: [ENGLISH, FRENCH, GERMAN, HUNGARIAN, RUSSIAN]
19:32:54.433 [FXGL Background Thread 3 ] DEBUG Engine               - ticksPerSecond: -1
19:32:54.433 [FXGL Background Thread 3 ] DEBUG Engine               - title: Pizzería
19:32:54.433 [FXGL Background Thread 3 ] DEBUG Engine               - urlGithub: https://github.com/AlmasB/FXGL
19:32:54.433 [FXGL Background Thread 3 ] DEBUG Engine               - urlLeaderboard: http://fxgl-top.herokuapp.com/
19:32:54.433 [FXGL Background Thread 3 ] DEBUG Engine               - urlPOM: https://raw.githubusercontent.com/AlmasB/FXGL/release/README.md
19:32:54.433 [FXGL Background Thread 3 ] DEBUG Engine               - userAppClass: class com.example.pizzitas.Main
19:32:54.434 [FXGL Background Thread 3 ] DEBUG Engine               - version: 0.1
19:32:54.434 [FXGL Background Thread 3 ] DEBUG Engine               - versionCheckDays: 7
19:32:54.434 [FXGL Background Thread 3 ] DEBUG Engine               - width: 800
19:32:54.434 [FXGL Background Thread 3 ] DEBUG Engine               - Logging services
19:32:54.434 [FXGL Background Thread 3 ] DEBUG Engine               - class com.almasb.fxgl.app.services.FXGLAssetLoaderService
19:32:54.434 [FXGL Background Thread 3 ] DEBUG Engine               - class com.almasb.fxgl.app.FXGLApplication$GameApplicationService
19:32:54.434 [FXGL Background Thread 3 ] DEBUG Engine               - class com.almasb.fxgl.app.services.FXGLDialogService
19:32:54.434 [FXGL Background Thread 3 ] DEBUG Engine               - class com.almasb.fxgl.app.services.IOTaskExecutorService
19:32:54.434 [FXGL Background Thread 3 ] DEBUG Engine               - class com.almasb.fxgl.io.FileSystemService
19:32:54.434 [FXGL Background Thread 3 ] DEBUG Engine               - class com.almasb.fxgl.localization.LocalizationService
19:32:54.434 [FXGL Background Thread 3 ] DEBUG Engine               - class com.almasb.fxgl.app.services.SystemBundleService
19:32:54.434 [FXGL Background Thread 3 ] DEBUG Engine               - class com.almasb.fxgl.profile.SaveLoadService
19:32:54.434 [FXGL Background Thread 3 ] DEBUG Engine               - class com.almasb.fxgl.ui.FXGLUIFactoryServiceProvider
19:32:54.434 [FXGL Background Thread 3 ] DEBUG Engine               - class com.almasb.fxgl.ui.FXGLDialogFactoryServiceProvider
19:32:54.434 [FXGL Background Thread 3 ] DEBUG Engine               - class com.almasb.fxgl.audio.AudioPlayer
19:32:54.434 [FXGL Background Thread 3 ] DEBUG Engine               - class com.almasb.fxgl.notification.impl.NotificationServiceProvider
19:32:54.434 [FXGL Background Thread 3 ] DEBUG Engine               - class com.almasb.fxgl.achievement.AchievementService
19:32:54.434 [FXGL Background Thread 3 ] DEBUG Engine               - class com.almasb.fxgl.cutscene.CutsceneService
19:32:54.434 [FXGL Background Thread 3 ] DEBUG Engine               - class com.almasb.fxgl.minigames.MiniGameService
19:32:54.435 [FXGL Background Thread 3 ] DEBUG Engine               - class com.almasb.fxgl.net.NetService
19:32:54.435 [FXGL Background Thread 3 ] DEBUG Engine               - class com.almasb.fxgl.app.services.UpdaterService
19:32:54.435 [FXGL Background Thread 3 ] DEBUG Engine               - class com.almasb.fxgl.dev.DevService
19:32:54.754 [JavaFX Application Thread] WARN  FXGLAssetLoaderServi - Asset "/assets/textures/nino.png" was not found!
19:32:54.754 [JavaFX Application Thread] WARN  FXGLAssetLoaderServi - Failed to load IMAGE
19:32:54.757 [JavaFX Application Thread] WARN  GameWorld            - Entity is already attached to world
19:32:56.880 [JavaFX Application Thread] WARN  FXGLAssetLoaderServi - Asset "/assets/textures/nino.png" was not found!
19:32:56.881 [JavaFX Application Thread] WARN  FXGLAssetLoaderServi - Failed to load IMAGE
19:32:56.881 [JavaFX Application Thread] WARN  GameWorld            - Entity is already attached to world
19:32:59.073 [JavaFX Application Thread] WARN  FXGLAssetLoaderServi - Asset "/assets/textures/nino.png" was not found!
19:32:59.073 [JavaFX Application Thread] WARN  FXGLAssetLoaderServi - Failed to load IMAGE
19:32:59.073 [JavaFX Application Thread] WARN  GameWorld            - Entity is already attached to world
19:33:00.113 [JavaFX Application Thread] WARN  FXGLAssetLoaderServi - Asset "/assets/textures/nino.png" was not found!
19:33:00.113 [JavaFX Application Thread] WARN  FXGLAssetLoaderServi - Failed to load IMAGE
19:33:00.113 [JavaFX Application Thread] WARN  GameWorld            - Entity is already attached to world
19:33:00.401 [JavaFX Application Thread] WARN  FXGLAssetLoaderServi - Asset "/assets/textures/nino.png" was not found!
19:33:00.401 [JavaFX Application Thread] WARN  FXGLAssetLoaderServi - Failed to load IMAGE
19:33:00.402 [JavaFX Application Thread] WARN  GameWorld            - Entity is already attached to world
19:33:00.545 [JavaFX Application Thread] WARN  FXGLAssetLoaderServi - Asset "/assets/textures/nino.png" was not found!
19:33:00.545 [JavaFX Application Thread] WARN  FXGLAssetLoaderServi - Failed to load IMAGE
19:33:00.546 [JavaFX Application Thread] WARN  GameWorld            - Entity is already attached to world
19:33:01.729 [JavaFX Application Thread] WARN  FXGLAssetLoaderServi - Asset "/assets/textures/nino.png" was not found!
19:33:01.729 [JavaFX Application Thread] WARN  FXGLAssetLoaderServi - Failed to load IMAGE
19:33:01.730 [JavaFX Application Thread] WARN  GameWorld            - Entity is already attached to world
19:33:03.905 [JavaFX Application Thread] WARN  FXGLAssetLoaderServi - Asset "/assets/textures/nino.png" was not found!
19:33:03.906 [JavaFX Application Thread] WARN  FXGLAssetLoaderServi - Failed to load IMAGE
19:33:03.906 [JavaFX Application Thread] WARN  GameWorld            - Entity is already attached to world
19:33:04.448 [JavaFX Application Thread] WARN  FXGLAssetLoaderServi - Asset "/assets/textures/nino.png" was not found!
19:33:04.448 [JavaFX Application Thread] WARN  FXGLAssetLoaderServi - Failed to load IMAGE
19:33:04.449 [JavaFX Application Thread] WARN  GameWorld            - Entity is already attached to world
19:33:04.465 [JavaFX Application Thread] WARN  FXGLAssetLoaderServi - Asset "/assets/textures/nino.png" was not found!
19:33:04.465 [JavaFX Application Thread] WARN  FXGLAssetLoaderServi - Failed to load IMAGE
19:33:04.465 [JavaFX Application Thread] WARN  GameWorld            - Entity is already attached to world
19:33:04.993 [JavaFX Application Thread] WARN  FXGLAssetLoaderServi - Asset "/assets/textures/nino.png" was not found!
19:33:04.993 [JavaFX Application Thread] WARN  FXGLAssetLoaderServi - Failed to load IMAGE
19:33:04.993 [JavaFX Application Thread] WARN  GameWorld            - Entity is already attached to world
19:33:05.246 [JavaFX Application Thread] DEBUG FXGLApplication      - Exiting FXGL
19:33:05.246 [JavaFX Application Thread] DEBUG LoopRunner           - Stopping loop
19:33:05.246 [JavaFX Application Thread] DEBUG SystemBundleService  - Saving FXGL system data
19:33:05.249 [JavaFX Application Thread] DEBUG FileSystemAccess     - Writing to: C:\Users\larih\OneDrive\Documentos\Java_Oracle\pizzitas\system\fxgl.bundle
19:33:05.250 [JavaFX Application Thread] DEBUG Async                - Shutting down background threads
19:33:05.250 [JavaFX Application Thread] DEBUG PrimaryStageWindow   - Closing main window
19:33:05.261 [JavaFX Application Thread] DEBUG Logger               - Closing Logger
