19:35:22.938 [main                     ] DEBUG Logger               - Configured Logger
19:35:22.960 [main                     ] DEBUG GameApplication      - Logging settings
Title: Pizzería
Version: 0.1
Width: 800
Height: 450
Fullscreen: false
Intro: false
Profiling: false
Single step:false
App Mode: DEVELOPER
Menu Key: ESCAPE
Stage Style: DECORATED
Scene Factory: class com.almasb.fxgl.app.scene.SceneFactory

19:35:23.207 [JavaFX Application Thread] DEBUG FXGLApplication      - Initializing FXGL
19:35:23.212 [JavaFX Application Thread] INFO  Engine               - FXGL-17.1 (24.03.2022 17.34) on WINDOWS (J:17.0.9 FX:17.0.2-ea)
19:35:23.212 [JavaFX Application Thread] DEBUG Engine               - JRE Vendor Name: Amazon.com Inc.
19:35:23.213 [JavaFX Application Thread] DEBUG Engine               - Running on OS: Windows 11 version 10.0
19:35:23.213 [JavaFX Application Thread] DEBUG Engine               - Architecture: amd64
19:35:23.213 [JavaFX Application Thread] INFO  Engine               - Source code and latest versions at: https://github.com/AlmasB/FXGL
19:35:23.213 [JavaFX Application Thread] INFO  Engine               -       Ask questions and discuss at: https://github.com/AlmasB/FXGL/discussions
19:35:23.213 [JavaFX Application Thread] INFO  Engine               -              Join the FXGL chat at: https://gitter.im/AlmasB/FXGL
19:35:23.276 [JavaFX Application Thread] DEBUG PrimaryStageWindow   - Creating a JavaFX scene
19:35:23.308 [JavaFX Application Thread] DEBUG PrimaryStageWindow   - Target settings size: 800.0 x 450.0
19:35:23.308 [JavaFX Application Thread] DEBUG PrimaryStageWindow   - Scaled scene size:    800.0 x 450.0
19:35:23.308 [JavaFX Application Thread] DEBUG PrimaryStageWindow   - Scaled ratio: (1.0, 1.0)
19:35:23.309 [JavaFX Application Thread] DEBUG PrimaryStageWindow   - Set initial scene to FXGLStartupScene
19:35:23.314 [JavaFX Application Thread] DEBUG PrimaryStageWindow   - Opening main window
19:35:23.383 [JavaFX Application Thread] DEBUG PrimaryStageWindow   - Window border size: (16.0, 39.0)
19:35:23.383 [JavaFX Application Thread] DEBUG PrimaryStageWindow   - Scaled size: 800.0 x 450.0
19:35:23.383 [JavaFX Application Thread] DEBUG PrimaryStageWindow   - Scaled ratio: (1.0, 1.0)
19:35:23.383 [JavaFX Application Thread] DEBUG PrimaryStageWindow   - Scene size: 800.0 x 450.0
19:35:23.383 [JavaFX Application Thread] DEBUG PrimaryStageWindow   - Stage size: 816.0 x 489.0
19:35:23.389 [FXGL Background Thread 1 ] DEBUG Engine               - Initializing environment variables
19:35:23.420 [FXGL Background Thread 1 ] DEBUG FXGLAssetLoaderServi - User app class for loading assets: class com.example.pizzitas.Main
19:35:23.420 [FXGL Background Thread 1 ] DEBUG GameApplicationServi - Applying CSS: fxgl_dark.css
19:35:23.422 [FXGL Background Thread 1 ] DEBUG FXGLAssetLoaderServi - Loading from file system: jar:file:///C:/Users/larih/.m2/repository/com/github/almasb/fxgl/17.1/fxgl-17.1.jar!/fxglassets/ui/css/fxgl_dark.css
19:35:23.462 [FXGL Background Thread 1 ] DEBUG GameApplicationServi - Initializing application scenes
19:35:23.499 [FXGL Background Thread 1 ] DEBUG GameWorld            - Game world initialized
19:35:23.552 [FXGL Background Thread 1 ] DEBUG PhysicsWorld         - Physics world initialized: appHeight=450, physics.ppm=50.0
19:35:23.552 [FXGL Background Thread 1 ] DEBUG PhysicsWorld         - Using strategy: BRUTE_FORCE
19:35:23.557 [FXGL Background Thread 1 ] DEBUG GameScene            - Game scene initialized: 800x450
19:35:23.567 [FXGL Background Thread 1 ] WARN  FXGL.DefaultMenu     - FXGLDefaultMenu is not designed for resolutions < 800x600
19:35:23.567 [FXGL Background Thread 1 ] DEBUG FXGL.DefaultMenu     - createMenuBodyGameMenu()
19:35:23.577 [FXGL Background Thread 1 ] DEBUG FXGL.DefaultMenu     - createOptionsMenu()
19:35:23.585 [FXGL Background Thread 1 ] DEBUG FXGLAssetLoaderServi - Loading from file system: jar:file:///C:/Users/larih/.m2/repository/com/github/almasb/fxgl/17.1/fxgl-17.1.jar!/fxglassets/textures/particles/smoke.png
19:35:23.654 [FXGL Background Thread 1 ] DEBUG FXGLAssetLoaderServi - Loading from file system: jar:file:///C:/Users/larih/.m2/repository/com/github/almasb/fxgl/17.1/fxgl-17.1.jar!/fxglassets/textures/particles/trace_horizontal.png
19:35:23.697 [FXGL Background Thread 1 ] DEBUG GameApplicationServi - Application scenes initialized
19:35:23.708 [FXGL Background Thread 1 ] DEBUG SystemBundleService  - Loading FXGL system data
19:35:23.713 [FXGL Background Thread 1 ] DEBUG FileSystemAccess     - Reading from: C:\Users\larih\OneDrive\Documentos\Java_Oracle\pizzitas\system\fxgl.bundle
19:35:23.719 [FXGL Background Thread 1 ] DEBUG SystemBundleService  - Bundle FXGL: {}
19:35:23.720 [FXGL Background Thread 1 ] DEBUG UpdaterService       - Checking for updates
19:35:23.725 [FXGL Background Thread 4 ] DEBUG FXGLApplication      - Loading fonts
19:35:23.726 [FXGL Background Thread 1 ] DEBUG FXGLApplication      - Loading default localization
19:35:23.726 [FXGL Background Thread 4 ] DEBUG FXGLAssetLoaderServi - Loading from file system: jar:file:///C:/Users/larih/.m2/repository/com/github/almasb/fxgl/17.1/fxgl-17.1.jar!/fxglassets/ui/fonts/VarelaRound-Regular.ttf
19:35:23.726 [FXGL Background Thread 1 ] DEBUG FXGLAssetLoaderServi - Loading from file system: jar:file:///C:/Users/larih/.m2/repository/com/github/almasb/fxgl/17.1/fxgl-17.1.jar!/fxglassets/languages/english.lang
19:35:23.747 [FXGL Background Thread 1 ] INFO  FXGLApplication      - FXGL initialization took: 0.357 sec
19:35:23.748 [JavaFX Application Thread] DEBUG FXGLAssetLoaderServi - Loading from file system: jar:file:///C:/Users/larih/.m2/repository/com/github/almasb/fxgl/17.1/fxgl-17.1.jar!/fxglassets/textures/fxgl_icon.png
19:35:23.762 [JavaFX Application Thread] DEBUG FXGLAssetLoaderServi - Loading from file system: jar:file:///C:/Users/larih/.m2/repository/com/github/almasb/fxgl/17.1/fxgl-17.1.jar!/fxglassets/textures/fxgl_default_cursor.png
19:35:23.775 [JavaFX Application Thread] DEBUG Input                - Registered new binding: Screenshot - CTRL+8
19:35:23.776 [JavaFX Application Thread] DEBUG Input                - Registered new binding: System info dump - CTRL+9
19:35:23.776 [JavaFX Application Thread] DEBUG Input                - Registered new binding: Restart - CTRL+R
19:35:23.777 [JavaFX Application Thread] DEBUG Input                - Registered new binding: Toggle Debug Camera - CTRL+7
19:35:23.779 [JavaFX Application Thread] DEBUG LoopRunner           - Starting loop
19:35:23.779 [JavaFX Application Thread] DEBUG LoopRunner           - Initializing JavaFX AnimationTimerLoop
19:35:23.781 [JavaFX Application Thread] DEBUG GameApplicationServi - Starting new game
19:35:23.782 [JavaFX Application Thread] DEBUG Input                - Clearing active input actions
19:35:23.791 [JavaFX Application Thread] DEBUG GameApplicationServi - Removing overlay from FXGLStartupScene and adding to FXGLLoadingScene
19:35:23.791 [JavaFX Application Thread] DEBUG PrimaryStageWindow   - FXGLStartupScene -> FXGLLoadingScene
19:35:23.792 [JavaFX Application Thread] DEBUG GameApplicationServi - Clearing previous game
19:35:23.792 [JavaFX Application Thread] DEBUG GameScene            - Clearing game scene
19:35:23.792 [JavaFX Application Thread] DEBUG GameWorld            - Clearing game world
19:35:23.792 [JavaFX Application Thread] DEBUG PhysicsWorld         - Clearing physics world
19:35:23.793 [FXGL Background Thread 1 ] DEBUG FXGLApplication      - Initializing game
19:35:23.817 [FXGL Background Thread 4 ] DEBUG FXGLAssetLoaderServi - Loading from file system: jar:file:///C:/Users/larih/.m2/repository/com/github/almasb/fxgl/17.1/fxgl-17.1.jar!/fxglassets/ui/fonts/Abel-Regular.ttf
19:35:23.831 [FXGL Background Thread 4 ] DEBUG FXGLAssetLoaderServi - Loading from file system: jar:file:///C:/Users/larih/.m2/repository/com/github/almasb/fxgl/17.1/fxgl-17.1.jar!/fxglassets/ui/fonts/TerminalLandMono-Regular.otf
19:35:23.845 [FXGL Background Thread 4 ] DEBUG FXGLAssetLoaderServi - Loading from file system: jar:file:///C:/Users/larih/.m2/repository/com/github/almasb/fxgl/17.1/fxgl-17.1.jar!/fxglassets/ui/fonts/Courier-Prime.ttf
19:35:23.853 [FXGL Background Thread 1 ] WARN  FXGLAssetLoaderServi - Asset "/assets/textures/recepcionista.png" was not found!
19:35:23.853 [FXGL Background Thread 1 ] WARN  FXGLAssetLoaderServi - Failed to load IMAGE
19:35:23.958 [JavaFX Application Thread] DEBUG FXGLApplication      - Registering font factories with UI factory
19:35:23.966 [FXGL Background Thread 1 ] WARN  FXGLAssetLoaderServi - Asset "/assets/textures/assets.textures/bg.jpg" was not found!
19:35:23.966 [FXGL Background Thread 1 ] WARN  FXGLAssetLoaderServi - Failed to load IMAGE
19:35:23.967 [FXGL Background Thread 1 ] INFO  FXGLApplication      - Game initialization took: 0.173 sec
19:35:23.974 [JavaFX Application Thread] DEBUG Input                - Clearing active input actions
19:35:23.981 [JavaFX Application Thread] DEBUG GameApplicationServi - Removing overlay from FXGLLoadingScene and adding to GameScene
19:35:23.982 [JavaFX Application Thread] DEBUG PrimaryStageWindow   - FXGLLoadingScene -> GameScene
19:35:24.305 [FXGL Background Thread 2 ] INFO  UpdaterService       - Your current version:  17.1
19:35:24.306 [FXGL Background Thread 2 ] INFO  UpdaterService       - Latest stable version: 17.3
19:35:26.724 [FXGL Background Thread 3 ] DEBUG Engine               - Logging environment variables
19:35:26.724 [FXGL Background Thread 3 ] DEBUG Engine               - achievements: []
19:35:26.724 [FXGL Background Thread 3 ] DEBUG Engine               - actualHeight: 450.0
19:35:26.724 [FXGL Background Thread 3 ] DEBUG Engine               - actualHeightProperty: ReadOnlyDoubleProperty [value: 450.0]
19:35:26.724 [FXGL Background Thread 3 ] DEBUG Engine               - actualWidth: 800.0
19:35:26.724 [FXGL Background Thread 3 ] DEBUG Engine               - actualWidthProperty: ReadOnlyDoubleProperty [value: 800.0]
19:35:26.725 [FXGL Background Thread 3 ] DEBUG Engine               - appIcon: fxgl_icon.png
19:35:26.725 [FXGL Background Thread 3 ] DEBUG Engine               - applicationMode: DEVELOPER
19:35:26.725 [FXGL Background Thread 3 ] DEBUG Engine               - cSSList: [fxgl_dark.css]
19:35:26.725 [FXGL Background Thread 3 ] DEBUG Engine               - collisionDetectionStrategy: BRUTE_FORCE
19:35:26.725 [FXGL Background Thread 3 ] DEBUG Engine               - configClass: Optional.empty
19:35:26.725 [FXGL Background Thread 3 ] DEBUG Engine               - credits: []
19:35:26.725 [FXGL Background Thread 3 ] DEBUG Engine               - defaultCursor: CursorInfo(imageName=fxgl_default_cursor.png, hotspotX=7.0, hotspotY=6.0)
19:35:26.725 [FXGL Background Thread 3 ] DEBUG Engine               - devBBoxColorProperty: ObjectProperty [value: 0xff0000ff]
19:35:26.725 [FXGL Background Thread 3 ] DEBUG Engine               - devEnableDebugCameraProperty: BooleanProperty [value: false]
19:35:26.725 [FXGL Background Thread 3 ] DEBUG Engine               - devSensorColorProperty: ObjectProperty [value: 0xffff00ff]
19:35:26.725 [FXGL Background Thread 3 ] DEBUG Engine               - devShowBBoxProperty: BooleanProperty [value: false]
19:35:26.725 [FXGL Background Thread 3 ] DEBUG Engine               - devShowPositionProperty: BooleanProperty [value: false]
19:35:26.725 [FXGL Background Thread 3 ] DEBUG Engine               - enabledMenuItems: []
19:35:26.725 [FXGL Background Thread 3 ] DEBUG Engine               - engineServices: [class com.almasb.fxgl.app.services.FXGLAssetLoaderService, class com.almasb.fxgl.app.FXGLApplication$GameApplicationService, class com.almasb.fxgl.app.services.FXGLDialogService, class com.almasb.fxgl.app.services.IOTaskExecutorService, class com.almasb.fxgl.io.FileSystemService, class com.almasb.fxgl.localization.LocalizationService, class com.almasb.fxgl.app.services.SystemBundleService, class com.almasb.fxgl.profile.SaveLoadService, class com.almasb.fxgl.ui.FXGLUIFactoryServiceProvider, class com.almasb.fxgl.ui.FXGLDialogFactoryServiceProvider, class com.almasb.fxgl.audio.AudioPlayer, class com.almasb.fxgl.notification.impl.NotificationServiceProvider, class com.almasb.fxgl.achievement.AchievementService, class com.almasb.fxgl.cutscene.CutsceneService, class com.almasb.fxgl.minigames.MiniGameService, class com.almasb.fxgl.net.NetService, class com.almasb.fxgl.app.services.UpdaterService, class com.almasb.fxgl.dev.DevService]
19:35:26.726 [FXGL Background Thread 3 ] DEBUG Engine               - fontGame: Abel-Regular.ttf
19:35:26.726 [FXGL Background Thread 3 ] DEBUG Engine               - fontMono: TerminalLandMono-Regular.otf
19:35:26.726 [FXGL Background Thread 3 ] DEBUG Engine               - fontText: Courier-Prime.ttf
19:35:26.726 [FXGL Background Thread 3 ] DEBUG Engine               - fontUI: VarelaRound-Regular.ttf
19:35:26.726 [FXGL Background Thread 3 ] DEBUG Engine               - fullScreen: BooleanProperty [value: false]
19:35:26.726 [FXGL Background Thread 3 ] DEBUG Engine               - gameDifficulty: MEDIUM
19:35:26.726 [FXGL Background Thread 3 ] DEBUG Engine               - gameDifficultyProperty: ObjectProperty [value: MEDIUM]
19:35:26.726 [FXGL Background Thread 3 ] DEBUG Engine               - globalMusicVolume: 0.5
19:35:26.726 [FXGL Background Thread 3 ] DEBUG Engine               - globalMusicVolumeProperty: DoubleProperty [value: 0.5]
19:35:26.726 [FXGL Background Thread 3 ] DEBUG Engine               - globalSoundVolume: 0.5
19:35:26.726 [FXGL Background Thread 3 ] DEBUG Engine               - globalSoundVolumeProperty: DoubleProperty [value: 0.5]
19:35:26.726 [FXGL Background Thread 3 ] DEBUG Engine               - height: 450
19:35:26.726 [FXGL Background Thread 3 ] DEBUG Engine               - is3D: false
19:35:26.726 [FXGL Background Thread 3 ] DEBUG Engine               - isAndroid: false
19:35:26.726 [FXGL Background Thread 3 ] DEBUG Engine               - isBrowser: false
19:35:26.726 [FXGL Background Thread 3 ] DEBUG Engine               - isClickFeedbackEnabled: false
19:35:26.726 [FXGL Background Thread 3 ] DEBUG Engine               - isCloseConfirmation: false
19:35:26.726 [FXGL Background Thread 3 ] DEBUG Engine               - isDesktop: true
19:35:26.726 [FXGL Background Thread 3 ] DEBUG Engine               - isDeveloperMenuEnabled: false
19:35:26.726 [FXGL Background Thread 3 ] DEBUG Engine               - isEmbedded: false
19:35:26.726 [FXGL Background Thread 3 ] DEBUG Engine               - isEntityPreloadEnabled: true
19:35:26.727 [FXGL Background Thread 3 ] DEBUG Engine               - isExperimentalTiledLargeMap: false
19:35:26.727 [FXGL Background Thread 3 ] DEBUG Engine               - isFileSystemWriteAllowed: true
19:35:26.727 [FXGL Background Thread 3 ] DEBUG Engine               - isFullScreenAllowed: false
19:35:26.727 [FXGL Background Thread 3 ] DEBUG Engine               - isFullScreenFromStart: false
19:35:26.727 [FXGL Background Thread 3 ] DEBUG Engine               - isGameMenuEnabled: true
19:35:26.727 [FXGL Background Thread 3 ] DEBUG Engine               - isIOS: false
19:35:26.727 [FXGL Background Thread 3 ] DEBUG Engine               - isIntroEnabled: false
19:35:26.727 [FXGL Background Thread 3 ] DEBUG Engine               - isLinux: false
19:35:26.727 [FXGL Background Thread 3 ] DEBUG Engine               - isMac: false
19:35:26.727 [FXGL Background Thread 3 ] DEBUG Engine               - isMainMenuEnabled: false
19:35:26.727 [FXGL Background Thread 3 ] DEBUG Engine               - isManualResizeEnabled: false
19:35:26.727 [FXGL Background Thread 3 ] DEBUG Engine               - isMobile: false
19:35:26.727 [FXGL Background Thread 3 ] DEBUG Engine               - isNative: false
19:35:26.727 [FXGL Background Thread 3 ] DEBUG Engine               - isPauseMusicWhenMinimized: true
19:35:26.727 [FXGL Background Thread 3 ] DEBUG Engine               - isPreserveResizeRatio: false
19:35:26.727 [FXGL Background Thread 3 ] DEBUG Engine               - isProfilingEnabled: false
19:35:26.727 [FXGL Background Thread 3 ] DEBUG Engine               - isScaleAffectedOnResize: true
19:35:26.727 [FXGL Background Thread 3 ] DEBUG Engine               - isSingleStep: false
19:35:26.727 [FXGL Background Thread 3 ] DEBUG Engine               - isUserProfileEnabled: false
19:35:26.727 [FXGL Background Thread 3 ] DEBUG Engine               - isWindows: true
19:35:26.727 [FXGL Background Thread 3 ] DEBUG Engine               - language: ObjectProperty [value: ENGLISH]
19:35:26.727 [FXGL Background Thread 3 ] DEBUG Engine               - menuKey: ESCAPE
19:35:26.727 [FXGL Background Thread 3 ] DEBUG Engine               - mouseSensitivity: 0.2
19:35:26.727 [FXGL Background Thread 3 ] DEBUG Engine               - notificationViewClass: class com.almasb.fxgl.notification.view.XboxNotificationView
19:35:26.728 [FXGL Background Thread 3 ] DEBUG Engine               - pixelsPerMeter: 50.0
19:35:26.728 [FXGL Background Thread 3 ] DEBUG Engine               - platform: WINDOWS
19:35:26.728 [FXGL Background Thread 3 ] DEBUG Engine               - prefHeightProperty: ReadOnlyDoubleProperty [value: 450.0]
19:35:26.728 [FXGL Background Thread 3 ] DEBUG Engine               - prefWidthProperty: ReadOnlyDoubleProperty [value: 800.0]
19:35:26.728 [FXGL Background Thread 3 ] DEBUG Engine               - profileDir: profiles/
19:35:26.728 [FXGL Background Thread 3 ] DEBUG Engine               - profileName: StringProperty [value: DEFAULT]
19:35:26.728 [FXGL Background Thread 3 ] DEBUG Engine               - randomSeed: -1
19:35:26.728 [FXGL Background Thread 3 ] DEBUG Engine               - runtimeInfo: RuntimeInfo(platform=WINDOWS, version=17.1, build=24.03.2022 17.34)
19:35:26.728 [FXGL Background Thread 3 ] DEBUG Engine               - saveFileExt: sav
19:35:26.728 [FXGL Background Thread 3 ] DEBUG Engine               - scaledHeightProp$fxgl: DoubleProperty [bound, value: 450.0]
19:35:26.728 [FXGL Background Thread 3 ] DEBUG Engine               - scaledWidthProp$fxgl: DoubleProperty [bound, value: 800.0]
19:35:26.728 [FXGL Background Thread 3 ] DEBUG Engine               - sceneFactory: com.almasb.fxgl.app.scene.SceneFactory@6b929031
19:35:26.728 [FXGL Background Thread 3 ] DEBUG Engine               - secondsIn24h: 60
19:35:26.728 [FXGL Background Thread 3 ] DEBUG Engine               - soundMenuBack: menu/back.wav
19:35:26.728 [FXGL Background Thread 3 ] DEBUG Engine               - soundMenuPress: menu/press.wav
19:35:26.728 [FXGL Background Thread 3 ] DEBUG Engine               - soundMenuSelect: menu/select.wav
19:35:26.728 [FXGL Background Thread 3 ] DEBUG Engine               - soundNotification: core/notification.wav
19:35:26.729 [FXGL Background Thread 3 ] DEBUG Engine               - stageStyle: DECORATED
19:35:26.729 [FXGL Background Thread 3 ] DEBUG Engine               - supportedLanguages: [ENGLISH, FRENCH, GERMAN, HUNGARIAN, RUSSIAN]
19:35:26.729 [FXGL Background Thread 3 ] DEBUG Engine               - ticksPerSecond: -1
19:35:26.729 [FXGL Background Thread 3 ] DEBUG Engine               - title: Pizzería
19:35:26.729 [FXGL Background Thread 3 ] DEBUG Engine               - urlGithub: https://github.com/AlmasB/FXGL
19:35:26.729 [FXGL Background Thread 3 ] DEBUG Engine               - urlLeaderboard: http://fxgl-top.herokuapp.com/
19:35:26.729 [FXGL Background Thread 3 ] DEBUG Engine               - urlPOM: https://raw.githubusercontent.com/AlmasB/FXGL/release/README.md
19:35:26.729 [FXGL Background Thread 3 ] DEBUG Engine               - userAppClass: class com.example.pizzitas.Main
19:35:26.729 [FXGL Background Thread 3 ] DEBUG Engine               - version: 0.1
19:35:26.729 [FXGL Background Thread 3 ] DEBUG Engine               - versionCheckDays: 7
19:35:26.729 [FXGL Background Thread 3 ] DEBUG Engine               - width: 800
19:35:26.729 [FXGL Background Thread 3 ] DEBUG Engine               - Logging services
19:35:26.729 [FXGL Background Thread 3 ] DEBUG Engine               - class com.almasb.fxgl.app.services.FXGLAssetLoaderService
19:35:26.729 [FXGL Background Thread 3 ] DEBUG Engine               - class com.almasb.fxgl.app.FXGLApplication$GameApplicationService
19:35:26.729 [FXGL Background Thread 3 ] DEBUG Engine               - class com.almasb.fxgl.app.services.FXGLDialogService
19:35:26.729 [FXGL Background Thread 3 ] DEBUG Engine               - class com.almasb.fxgl.app.services.IOTaskExecutorService
19:35:26.729 [FXGL Background Thread 3 ] DEBUG Engine               - class com.almasb.fxgl.io.FileSystemService
19:35:26.729 [FXGL Background Thread 3 ] DEBUG Engine               - class com.almasb.fxgl.localization.LocalizationService
19:35:26.729 [FXGL Background Thread 3 ] DEBUG Engine               - class com.almasb.fxgl.app.services.SystemBundleService
19:35:26.729 [FXGL Background Thread 3 ] DEBUG Engine               - class com.almasb.fxgl.profile.SaveLoadService
19:35:26.729 [FXGL Background Thread 3 ] DEBUG Engine               - class com.almasb.fxgl.ui.FXGLUIFactoryServiceProvider
19:35:26.729 [FXGL Background Thread 3 ] DEBUG Engine               - class com.almasb.fxgl.ui.FXGLDialogFactoryServiceProvider
19:35:26.729 [FXGL Background Thread 3 ] DEBUG Engine               - class com.almasb.fxgl.audio.AudioPlayer
19:35:26.729 [FXGL Background Thread 3 ] DEBUG Engine               - class com.almasb.fxgl.notification.impl.NotificationServiceProvider
19:35:26.729 [FXGL Background Thread 3 ] DEBUG Engine               - class com.almasb.fxgl.achievement.AchievementService
19:35:26.729 [FXGL Background Thread 3 ] DEBUG Engine               - class com.almasb.fxgl.cutscene.CutsceneService
19:35:26.730 [FXGL Background Thread 3 ] DEBUG Engine               - class com.almasb.fxgl.minigames.MiniGameService
19:35:26.730 [FXGL Background Thread 3 ] DEBUG Engine               - class com.almasb.fxgl.net.NetService
19:35:26.730 [FXGL Background Thread 3 ] DEBUG Engine               - class com.almasb.fxgl.app.services.UpdaterService
19:35:26.730 [FXGL Background Thread 3 ] DEBUG Engine               - class com.almasb.fxgl.dev.DevService
19:35:27.808 [JavaFX Application Thread] WARN  FXGLAssetLoaderServi - Asset "/assets/textures/nino.png" was not found!
19:35:27.808 [JavaFX Application Thread] WARN  FXGLAssetLoaderServi - Failed to load IMAGE
19:35:27.810 [JavaFX Application Thread] WARN  GameWorld            - Entity is already attached to world
19:35:28.320 [JavaFX Application Thread] WARN  FXGLAssetLoaderServi - Asset "/assets/textures/nino.png" was not found!
19:35:28.321 [JavaFX Application Thread] WARN  FXGLAssetLoaderServi - Failed to load IMAGE
19:35:28.321 [JavaFX Application Thread] WARN  GameWorld            - Entity is already attached to world
19:35:30.800 [JavaFX Application Thread] WARN  FXGLAssetLoaderServi - Asset "/assets/textures/nino.png" was not found!
19:35:30.800 [JavaFX Application Thread] WARN  FXGLAssetLoaderServi - Failed to load IMAGE
19:35:30.801 [JavaFX Application Thread] WARN  GameWorld            - Entity is already attached to world
19:35:31.600 [JavaFX Application Thread] WARN  FXGLAssetLoaderServi - Asset "/assets/textures/nino.png" was not found!
19:35:31.600 [JavaFX Application Thread] WARN  FXGLAssetLoaderServi - Failed to load IMAGE
19:35:31.601 [JavaFX Application Thread] WARN  GameWorld            - Entity is already attached to world
19:35:31.823 [JavaFX Application Thread] WARN  FXGLAssetLoaderServi - Asset "/assets/textures/nino.png" was not found!
19:35:31.823 [JavaFX Application Thread] WARN  FXGLAssetLoaderServi - Failed to load IMAGE
19:35:31.824 [JavaFX Application Thread] WARN  GameWorld            - Entity is already attached to world
19:35:32.431 [JavaFX Application Thread] WARN  FXGLAssetLoaderServi - Asset "/assets/textures/nino.png" was not found!
19:35:32.431 [JavaFX Application Thread] WARN  FXGLAssetLoaderServi - Failed to load IMAGE
19:35:32.432 [JavaFX Application Thread] WARN  GameWorld            - Entity is already attached to world
19:35:33.840 [JavaFX Application Thread] WARN  FXGLAssetLoaderServi - Asset "/assets/textures/nino.png" was not found!
19:35:33.840 [JavaFX Application Thread] WARN  FXGLAssetLoaderServi - Failed to load IMAGE
19:35:33.841 [JavaFX Application Thread] WARN  GameWorld            - Entity is already attached to world
19:35:33.871 [JavaFX Application Thread] WARN  FXGLAssetLoaderServi - Asset "/assets/textures/nino.png" was not found!
19:35:33.871 [JavaFX Application Thread] WARN  FXGLAssetLoaderServi - Failed to load IMAGE
19:35:33.872 [JavaFX Application Thread] WARN  GameWorld            - Entity is already attached to world
19:35:35.680 [JavaFX Application Thread] WARN  FXGLAssetLoaderServi - Asset "/assets/textures/nino.png" was not found!
19:35:35.680 [JavaFX Application Thread] WARN  FXGLAssetLoaderServi - Failed to load IMAGE
19:35:35.681 [JavaFX Application Thread] WARN  GameWorld            - Entity is already attached to world
19:35:36.351 [JavaFX Application Thread] WARN  FXGLAssetLoaderServi - Asset "/assets/textures/nino.png" was not found!
19:35:36.351 [JavaFX Application Thread] WARN  FXGLAssetLoaderServi - Failed to load IMAGE
19:35:36.352 [JavaFX Application Thread] WARN  GameWorld            - Entity is already attached to world
19:35:38.048 [JavaFX Application Thread] WARN  FXGLAssetLoaderServi - Asset "/assets/textures/nino.png" was not found!
19:35:38.048 [JavaFX Application Thread] WARN  FXGLAssetLoaderServi - Failed to load IMAGE
19:35:38.049 [JavaFX Application Thread] WARN  GameWorld            - Entity is already attached to world
19:35:38.399 [JavaFX Application Thread] WARN  FXGLAssetLoaderServi - Asset "/assets/textures/nino.png" was not found!
19:35:38.401 [JavaFX Application Thread] WARN  FXGLAssetLoaderServi - Failed to load IMAGE
19:35:38.401 [JavaFX Application Thread] WARN  GameWorld            - Entity is already attached to world
19:35:40.175 [JavaFX Application Thread] WARN  FXGLAssetLoaderServi - Asset "/assets/textures/nino.png" was not found!
19:35:40.175 [JavaFX Application Thread] WARN  FXGLAssetLoaderServi - Failed to load IMAGE
19:35:40.177 [JavaFX Application Thread] WARN  GameWorld            - Entity is already attached to world
19:35:41.184 [JavaFX Application Thread] WARN  FXGLAssetLoaderServi - Asset "/assets/textures/nino.png" was not found!
19:35:41.184 [JavaFX Application Thread] WARN  FXGLAssetLoaderServi - Failed to load IMAGE
19:35:41.184 [JavaFX Application Thread] WARN  GameWorld            - Entity is already attached to world
19:35:42.176 [JavaFX Application Thread] DEBUG FXGLApplication      - Exiting FXGL
19:35:42.176 [JavaFX Application Thread] DEBUG LoopRunner           - Stopping loop
19:35:42.176 [JavaFX Application Thread] DEBUG SystemBundleService  - Saving FXGL system data
19:35:42.178 [JavaFX Application Thread] DEBUG FileSystemAccess     - Writing to: C:\Users\larih\OneDrive\Documentos\Java_Oracle\pizzitas\system\fxgl.bundle
19:35:42.179 [JavaFX Application Thread] DEBUG Async                - Shutting down background threads
19:35:42.180 [JavaFX Application Thread] DEBUG PrimaryStageWindow   - Closing main window
19:35:42.192 [JavaFX Application Thread] DEBUG Logger               - Closing Logger
